Lesnoy GatesNorth Beveren Kundla Beveren Stade Ishim Visitacion Malaut Pingyi Gisborne Artur Portogruaro Hudiksvall Blackpool Meerut Gisborne Dharmapuri Gisborne Franceville Rutherglen Sungurlu Winsford Sun Hueytown Brentwood Zgorzelec Yangambi Andijon Glogovac Visitacion Lesnoy
25
Hueytown Hueytown
Gisborne Gisborne
Hudiksvall Hudiksvall
Visitacion Visitacion
Sungurlu Sungurlu
Rutherglen Rutherglen
Winsford Winsford
Sun Sun
Pingyi Pingyi
Malaut Malaut
Meerut Meerut
Blackpool Blackpool
Glogovac Glogovac
GatesNorth GatesNorth
Lesnoy Lesnoy
Brentwood Brentwood
Kundla Kundla
Portogruaro Portogruaro
Ishim Ishim
Stade Stade
Artur Artur
Zgorzelec Zgorzelec
Yangambi Yangambi
Franceville Franceville
Dharmapuri Dharmapuri
