hC71hIuyRaST3AiaSZqg cXmjc3Wu4kjM1IHGgfA5 COVfDobG5VcfcSxLDUch P6PcaiimLTne6w5m7SJi ymIUUgCvgB7r5le0Mh11 qzhMj5jvroYQ0sxm9D9f ivvO5yUvAxjOjLiwMPV4 yMXdJdorJpzOHHt9uIfg IC3wlDskAWyf0o1M61kl tb41LamjPxrSZBTCVL4N b9q1t3OMZ6dXE5R6ca5w vXrEXAmThLoQVXFImZcg 7DZfG4yobV0xCcSaxf27 g5fwwkfUKem4JdibLkXM PFAHK1LPbENiUm01N8B0 xtgYSd34f56WAH3CCBpW 8X2kWfVN7ACYeLRlwU5k t9sTQNaMU9o2HF5pm7xT qmJjxb5ffqkJdxtR9mHb iuuWW5781KuHBsKkyWMa lVjpvSHc5hBrS7dzTmI1 Mufarp9xGx29xj0P1ijS Tgouk8HApNFShyYjQedR QYsTJmc2IUi36H1YK47s 2QgUKFj4HV0dn5Ia55tj IWOalMs6IXX5Ln6F9Eov LI8fhHKJlh7mQx1nNK0m 2TderjwrXrNV2UBZ77eD Z2YJKymsE6JEohxl2CgC nOsoIFzZBhdd6bjP45Ba 5doygtE58PVlrfBbaaxD ZUt08qPkISJA3VT4fdsK VkEnPX1CQCoh4CxlXSlf kITtdSORrLGuHqAl2YGb EEWjQ3rZ3GM9oucA2vc5 OAcbYkMyAi1Iu0vWaaFc iS3QMNvYa0RbuZKbJowP YygsiZkXDS9oQ07w4psX UE66Ok3YtceUJCwuX3xr SbMznZDIZs7TTEfAUGt3 UE66Ok3YtceUJCwuX3xr oq1GulTWdKtwAlNIQxnY 2dfprAgHp3T6RrgooKgP uJlmjikTUoEO48jGpFMW TrUW9m3qjkTMvqHNRot0 uJlmjikTUoEO48jGpFMW nnG2z19YXqYOoAxMQkFV 72cxNTZ1Tw5teVGiR2xj nnG2z19YXqYOoAxMQkFV NXZByMrsstrrXRLxVcyg gZiMcGUkLd8qaWleLH1T NXZByMrsstrrXRLxVcyg qsbRHSDlSHG3Ep5gugbq 3MmCPAjYheu6g9TkIxDm 1wSeohNTb1oCspxe2x4j MCc3yEIO8tXzzu5ZknlT kuIwHVHn49UEM4TprHKr CMQ0OeWc1jOFVxmSr3hH jLS4UljOCe6h8LwAOGRX 24YcTAlCtPoNC11H3BAQ fuNQ8Sfy86k6zaBQjwEz NWAZrSnr0i1Dj5TA6dLc WgneGAZv4qtDq8Q5DYZf KqTw626stjcdChciHrJ6 4MuL6AbQo2ozZ4x7psrd EfhuR5UGBxqkoqdQBn2E 6jnt0RQvUBeXBhrLOwzh EnQuMk7pVZUnmn2BboBv QHOT9LWV0s6xVVreglDh EnQuMk7pVZUnmn2BboBv g6Fit1BcwBIbAAJnBKGn OBEPyJuvhH0Z9VoT2UNC g6Fit1BcwBIbAAJnBKGn 1Oc2bGjHzXrMLiYLik5Z h52UeNen88U7Y4iFuOF7 z0rRwRZbA1TaaAgS8PYu RNtZ6m1O9hQj2ovJiJE3 1uTE034Q24DWmybWBbX4 8w6JkwNghwwfzVWZlMG6 OLGSBuAPLZmdhTN6ApoS 1ae7bJScGomdGEdgag5b 8IUV6HBSYn47shRwVW5F JuSdCG8HSUzwufkmRvTN 8IUV6HBSYn47shRwVW5F mkGdh9qd7uj9x5W3Koxj PqB0lgs9Brze4wJGQzAM FE29I03FH1qEyEvIQNGT fxnnXXAtldMGBgqECnVx DmIjX4adnoqSEDmx2f39 EqrhH8oFQmMRN10foGjV wqyhoOJuJuNfuZ1c9ZhU 6KcltWtleWJ6izN3XL0F RDnAjQbgrCahBSBieO1p dsEyS8WvuzfBZPrbbzZx 63EFNMvLteBrV7Lj9nA4 RSJQdRAK7H6zYHVeXyPj oakCd1HozhO35GtImcF2 C5aQkckiWq5qVUhbiI57 nmwnnNlPCMIjajSEo2R3 2YL9dYowMkTTxjU0fVal 468JV90VoJDfHRf7bwGC NqvNOj5h3GSbJm5NawjL ddzqPXECnHQT4a4RIpSF rW1b1NT9NaRlIIxoT8XF W5rNQea9NsCafaUbLgWC 61VEe5QpRdEG1AHTZmSn laRDyozSdXcFtmdQ5VqD nP45x6vSjSYCI8DDOBiZ aGWdv30UuUFiszMErlJF NjrNYv2s9TjuFmdhy6vq eULKHiriYHElwEbrQo2X CgUyoeVDFzkf0g6EiF8w RP9IQz70eEvTJVIHw5Lv l5OFQGDhW1xJJ8ERuglz zbsjvfwSdNExCnTFLo8x 4wWd3kvalFkda9M583i7 btiXecpJBKmrIHtQ7jPA UQEmoPmHSH2FlTDuXOEx m0W1PzAhoOpYXaJ0LLW5 l0FfsrqWcvxMXnkTPBHi Ca5sYccbD9TUz7JLHrcf hC71hIuyRaST3AiaSZqg
92
1uTE034Q24DWmybWBbX4 1uTE034Q24DWmybWBbX4
3MmCPAjYheu6g9TkIxDm 3MmCPAjYheu6g9TkIxDm
FE29I03FH1qEyEvIQNGT FE29I03FH1qEyEvIQNGT
6KcltWtleWJ6izN3XL0F 6KcltWtleWJ6izN3XL0F
EfhuR5UGBxqkoqdQBn2E fzCA3w8Mu664WC0yRZb5
61VEe5QpRdEG1AHTZmSn 61VEe5QpRdEG1AHTZmSn
7DZfG4yobV0xCcSaxf27 7DZfG4yobV0xCcSaxf27
cXmjc3Wu4kjM1IHGgfA5 cXmjc3Wu4kjM1IHGgfA5
Z2YJKymsE6JEohxl2CgC Z2YJKymsE6JEohxl2CgC
aGWdv30UuUFiszMErlJF aGWdv30UuUFiszMErlJF
yMXdJdorJpzOHHt9uIfg yMXdJdorJpzOHHt9uIfg
oakCd1HozhO35GtImcF2 yXrak2UUHdgFCsCWvgfp oakCd1HozhO35GtImcF2
5doygtE58PVlrfBbaaxD 5doygtE58PVlrfBbaaxD
VkEnPX1CQCoh4CxlXSlf VkEnPX1CQCoh4CxlXSlf
m0W1PzAhoOpYXaJ0LLW5 Wf6tYlitgmZKoXfughsS
mkGdh9qd7uj9x5W3Koxj mkGdh9qd7uj9x5W3Koxj
qzhMj5jvroYQ0sxm9D9f qyWH5Ui5kFJGpXM7i2RZ
dsEyS8WvuzfBZPrbbzZx dsEyS8WvuzfBZPrbbzZx
z0rRwRZbA1TaaAgS8PYu z0rRwRZbA1TaaAgS8PYu
NqvNOj5h3GSbJm5NawjL NqvNOj5h3GSbJm5NawjL
g5fwwkfUKem4JdibLkXM g5fwwkfUKem4JdibLkXM
SbMznZDIZs7TTEfAUGt3 v0QCMKnmfkXllH4nQHen
OLGSBuAPLZmdhTN6ApoS OLGSBuAPLZmdhTN6ApoS
2YL9dYowMkTTxjU0fVal 2YL9dYowMkTTxjU0fVal
P6PcaiimLTne6w5m7SJi P6PcaiimLTne6w5m7SJi
8IUV6HBSYn47shRwVW5F 8IUV6HBSYn47shRwVW5F
RNtZ6m1O9hQj2ovJiJE3 RNtZ6m1O9hQj2ovJiJE3
Tgouk8HApNFShyYjQedR Tgouk8HApNFShyYjQedR sCcEFmBkhTop4sycKzuM Dv6lwBgjbbZceuQXFzFf
EEWjQ3rZ3GM9oucA2vc5 EEWjQ3rZ3GM9oucA2vc5
wqyhoOJuJuNfuZ1c9ZhU wqyhoOJuJuNfuZ1c9ZhU
4MuL6AbQo2ozZ4x7psrd 4MuL6AbQo2ozZ4x7psrd
RDnAjQbgrCahBSBieO1p RDnAjQbgrCahBSBieO1p
72cxNTZ1Tw5teVGiR2xj 72cxNTZ1Tw5teVGiR2xj
EqrhH8oFQmMRN10foGjV EqrhH8oFQmMRN10foGjV
gZiMcGUkLd8qaWleLH1T Mi1upMhcgP7iV16OWKN5 gZiMcGUkLd8qaWleLH1T
btiXecpJBKmrIHtQ7jPA btiXecpJBKmrIHtQ7jPA
6jnt0RQvUBeXBhrLOwzh 6jnt0RQvUBeXBhrLOwzh
b9q1t3OMZ6dXE5R6ca5w vXrEXAmThLoQVXFImZcg b9q1t3OMZ6dXE5R6ca5w
PFAHK1LPbENiUm01N8B0 PFAHK1LPbENiUm01N8B0
JuSdCG8HSUzwufkmRvTN JuSdCG8HSUzwufkmRvTN
CgUyoeVDFzkf0g6EiF8w CgUyoeVDFzkf0g6EiF8w
Mufarp9xGx29xj0P1ijS Mufarp9xGx29xj0P1ijS
lVjpvSHc5hBrS7dzTmI1 lVjpvSHc5hBrS7dzTmI1
eULKHiriYHElwEbrQo2X eULKHiriYHElwEbrQo2X
468JV90VoJDfHRf7bwGC x81SdeDfzbsk8wgCHcJT 468JV90VoJDfHRf7bwGC
1Oc2bGjHzXrMLiYLik5Z 1Oc2bGjHzXrMLiYLik5Z
zbsjvfwSdNExCnTFLo8x zbsjvfwSdNExCnTFLo8x
jLS4UljOCe6h8LwAOGRX jLS4UljOCe6h8LwAOGRX
1wSeohNTb1oCspxe2x4j 1wSeohNTb1oCspxe2x4j
24YcTAlCtPoNC11H3BAQ 24YcTAlCtPoNC11H3BAQ
nOsoIFzZBhdd6bjP45Ba nOsoIFzZBhdd6bjP45Ba
OBEPyJuvhH0Z9VoT2UNC g6Fit1BcwBIbAAJnBKGn OBEPyJuvhH0Z9VoT2UNC
C5aQkckiWq5qVUhbiI57 R22TNV5lr1tmI44FcHvv C5aQkckiWq5qVUhbiI57
ddzqPXECnHQT4a4RIpSF ddzqPXECnHQT4a4RIpSF
QYsTJmc2IUi36H1YK47s QYsTJmc2IUi36H1YK47s
YygsiZkXDS9oQ07w4psX YygsiZkXDS9oQ07w4psX
fuNQ8Sfy86k6zaBQjwEz NWAZrSnr0i1Dj5TA6dLc fuNQ8Sfy86k6zaBQjwEz
LI8fhHKJlh7mQx1nNK0m LI8fhHKJlh7mQx1nNK0m
t9sTQNaMU9o2HF5pm7xT t9sTQNaMU9o2HF5pm7xT
8w6JkwNghwwfzVWZlMG6 8w6JkwNghwwfzVWZlMG6
Ca5sYccbD9TUz7JLHrcf Ca5sYccbD9TUz7JLHrcf
nmwnnNlPCMIjajSEo2R3 nmwnnNlPCMIjajSEo2R3
nP45x6vSjSYCI8DDOBiZ bw0K7NVh1sgqlnescYkX
WgneGAZv4qtDq8Q5DYZf WgneGAZv4qtDq8Q5DYZf
2dfprAgHp3T6RrgooKgP 2dfprAgHp3T6RrgooKgP
UQEmoPmHSH2FlTDuXOEx UQEmoPmHSH2FlTDuXOEx
l5OFQGDhW1xJJ8ERuglz l5OFQGDhW1xJJ8ERuglz
TrUW9m3qjkTMvqHNRot0 TrUW9m3qjkTMvqHNRot0
kuIwHVHn49UEM4TprHKr kuIwHVHn49UEM4TprHKr
oq1GulTWdKtwAlNIQxnY oq1GulTWdKtwAlNIQxnY
xtgYSd34f56WAH3CCBpW xtgYSd34f56WAH3CCBpW
QHOT9LWV0s6xVVreglDh QHOT9LWV0s6xVVreglDh
NXZByMrsstrrXRLxVcyg NXZByMrsstrrXRLxVcyg
IWOalMs6IXX5Ln6F9Eov IWOalMs6IXX5Ln6F9Eov
KqTw626stjcdChciHrJ6 KqTw626stjcdChciHrJ6
DmIjX4adnoqSEDmx2f39 DmIjX4adnoqSEDmx2f39
COVfDobG5VcfcSxLDUch COVfDobG5VcfcSxLDUch
OAcbYkMyAi1Iu0vWaaFc OAcbYkMyAi1Iu0vWaaFc
W5rNQea9NsCafaUbLgWC W5rNQea9NsCafaUbLgWC
2TderjwrXrNV2UBZ77eD 2TderjwrXrNV2UBZ77eD
rW1b1NT9NaRlIIxoT8XF rW1b1NT9NaRlIIxoT8XF
laRDyozSdXcFtmdQ5VqD laRDyozSdXcFtmdQ5VqD
IC3wlDskAWyf0o1M61kl IC3wlDskAWyf0o1M61kl
1ae7bJScGomdGEdgag5b 1ae7bJScGomdGEdgag5b
4wWd3kvalFkda9M583i7 4wWd3kvalFkda9M583i7
nnG2z19YXqYOoAxMQkFV nnG2z19YXqYOoAxMQkFV
2QgUKFj4HV0dn5Ia55tj 2QgUKFj4HV0dn5Ia55tj
ymIUUgCvgB7r5le0Mh11 ymIUUgCvgB7r5le0Mh11
63EFNMvLteBrV7Lj9nA4 63EFNMvLteBrV7Lj9nA4
qsbRHSDlSHG3Ep5gugbq qsbRHSDlSHG3Ep5gugbq
RSJQdRAK7H6zYHVeXyPj RSJQdRAK7H6zYHVeXyPj
hC71hIuyRaST3AiaSZqg
