Donner Helena Cyclotron Gayley Recreational Phoenix Haas Providence Wurster Haste Life Topeka Illinois Ishi Minnesota Old Tallahassee Gilman Foothill Iowa North Optometry McCone Santa Donner
24
Donner Donner
Cyclotron Cyclotron
Helena Helena
North North Juneau
McCone McCone
Wurster Wurster
Optometry Optometry
Haas Haas
Santa Santa
Phoenix Phoenix
Illinois Illinois
Haste Haste
Providence Providence
Life Life
Topeka Topeka
Foothill Foothill
Minnesota Minnesota
Ishi Ishi
Gilman Gilman
Tallahassee Tallahassee
Old Old
Gayley Gayley
Recreational Recreational
Iowa Iowa
