Leah Adrian Anthony Ryan Gary Amanda Jennifer Carol Javier David Lisa Ruth Dylan Jordan Jade Kelly Paula Megan Alexander Russell Brian Jon Vicki April Rachel Michael Leah
26
Leah
Russell Russell
Carol Carol
Adrian Adrian
Anthony Anthony
Amanda Amanda
Gary Gary
Brian Brian
Lisa Lisa
Jade Jade
Paula Paula
David David
Dylan Dylan
Ruth Ruth
April April
Vicki Vicki
Jennifer Jennifer
Megan Megan
Javier Javier
Michael Michael
Ryan Ryan
Alexander Alexander
Jordan Jordan
Kelly Kelly
Rachel Rachel
Jon Jon
