pace nationalist brake headline audience due excuse gate tablet approval deposit enter prison honor environment write voice due injection opposed thumb exempt thumb guarantee page king likely circulation likely market mixture injury skeleton injury output exclusive throne exclusive pace
24
pace
likely likely
excuse excuse
nationalist feature brake nationalist
skeleton skeleton
king king
mixture mixture
injury injury
output output
circulation circulation
page page
audience audience
voice voice
deposit deposit
honor honor
enter enter
throne throne
guarantee guarantee
gate gate
exempt exempt
market market
opposed opposed
headline headline
approval approval
