IIII1I1 I1I1111 IIllIl1 IIlIlI1 I1I111I lll1lII 1IIlIIl lI11l1l 1lI11l1 lII1lll l1IlIl1 11lI11I IIlIIII lI1l1II IIIlI1l lIlllll I1I11I1 1IlII1I lIIIllI IlllI11 llI1IlI l1IlIII III1lII IIII1ll 11IIl1I II111I1 1lIIl11 11I1lll 11I1Ill IIIllll IIII1I1
23
lll1lII I11IIlI lII1I11
11I1Ill 11I1Ill
IIII1ll 11IIl1I IIII1ll
lI11l1l lI11l1l
III1lII III1lII
IIllIl1 IIllIl1
1IlII1I 1IlII1I
lIlllll lIlllll
l1IlIII l1IlIII
1lI11l1 1lI11l1
11I1lll 11I1lll
llI1IlI IlllI11
lIIIllI lIIIllI
IIII1I1 II1I1Il
IIlIIII IIlIIII
l1IlIl1 l1IlIl1
I1I111I I1I111I
I1I1111 I1I1111
11lI11I 11lI11I
II111I1 II111I1
lI1l1II lI1l1II
IIlIlI1 IIlIlI1
1IIlIIl 1IIlIIl
