exothermic namesake McCall Andersen McCall sacrifice extrovert Sicilian Halstead lordosis midget coarse FPC yogurt swordfish wafer Tucson Bernini amateur Bernini Curtis Injun Iowa combine trill shovel decor Irvin felony exothermic
25
Andersen Andersen
Bernini Bernini
Curtis Curtis
FPC FPC
Halstead Halstead
Injun Injun
Iowa Iowa
Irvin Irvin
McCall McCall
Tucson Tucson
amateur amateur
coarse coarse
combine combine
decor decor
extrovert extrovert
felony felony
lordosis lordosis
midget midget
namesake namesake
sacrifice sacrifice
shovel shovel
swordfish swordfish
trill trill
wafer wafer
yogurt yogurt
