Jacksonville Atlanta Fresno Atlanta SanFrancisco Nashville ElPaso Nashville VirginiaBeach ColoradoSprings Houston Columbus Tucson Milwaukee Austin Raleigh Memphis Raleigh LosAngeles Indianapolis SanJose Boston OklahomaCity FortWorth OklahomaCity Phoenix Oakland Albuquerque Tulsa Minneapolis Chicago Philadelphia Oakland LongBeach LasVegas Seattle Portland Arlington Louisville Atlanta Jacksonville
25
LosAngeles LosAngeles
Chicago Minneapolis
Phoenix Phoenix
Philadelphia Philadelphia
SanJose SanJose
Austin Austin
Jacksonville Jacksonville
FortWorth FortWorth
Columbus Columbus
SanFrancisco SanFrancisco
Indianapolis Indianapolis
Seattle Seattle
Boston Boston
ElPaso ElPaso
Portland Portland
Memphis Memphis
LasVegas LasVegas
Louisville Louisville
Albuquerque Albuquerque
Tucson Tucson
Fresno Fresno
Atlanta Atlanta
LongBeach LongBeach
VirginiaBeach VirginiaBeach
Tulsa Tulsa
