location1 location5 location33 location10 location49 location27 location6 location38 location12 location24 location48 location31 location23 location39 location15 location46 location28 location37 location11 location44 location43 location1
20
location5 location5
location6 location6
location10 location10
location11 location11
location12 location12 location32
location43 location26 location14
location15 location15
location39 location17 location39 location16
location23 location23
location24 location24
location27 location27
location28 location28
location31 location31
location33 location33
location37 location42 location37
location38 location38
location44 location44
location46 location46
location48 location48
location49 location49
