1 200 196 195 196 197 193 192 191 192 188 189 185 184 183 184 180 181 177 176 175 176 172 173 169 168 167 168 164 165 161 160 159 160 156 157 153 152 151 152 148 149 145 144 143 144 140 141 137 136 135 136 132 133 129 128 127 128 124 125 121 120 119 120 116 117 113 112 111 112 108 109 105 104 103 104 100 101 97 96 95 96 92 93 89 88 87 88 84 85 81 80 79 80 76 77 73 72 71 72 68 69 65 64 63 64 60 61 57 56 55 56 52 53 49 48 47 48 44 45 41 40 39 40 36 37 33 32 31 32 28 29 25 24 23 24 20 21 17 16 15 16 12 13 9 8 4 5 6 5 1
98
1 2 199
4 4
6 5 7
9 10
12 12
13 13
15 15
17 18
20 20
21 21
23 23
25 26
28 28
29 29
31 31
33 34
36 36
37 37
39 39
41 42
44 44
45 45
47 47
49 50
52 52
53 53
55 55
57 58
60 60
61 61
63 63
65 66
68 68
69 69
71 71
73 74
76 76
77 77
79 79
81 82
84 84
85 85
87 87
89 90
92 92
93 93
95 95
97 98
100 100
101 101
103 103
105 106
108 108
109 109
111 111
113 114
116 116
117 117
119 119
121 122
124 124
125 125
127 127
129 130
132 132
133 133
135 135
137 138
140 140
141 141
143 143
145 146
148 148
149 149
151 151
153 154
156 156
157 157
159 159
161 162
164 164
165 165
167 167
169 170
172 172
173 173
175 175
177 178
180 180
181 181
183 183
185 186
188 188
189 189
191 191
193 194
195 196
197 197
