Aberdeen SanAntonio Redding SaltLakeCity Chattanooga Lowell Hampton Tuscaloosa Winston Austin Henderson WestValleyCity Kennewick Montgomery Racine Elkhart Pensacola Elkhart Lewisville Gainesville Lewisville StPetersburg Lakewood Columbia GreenBay McAllen Marina McAllen Miramar Hartford SanBernardino Modesto Frederick SouthLyon Reno Springdale Reno Aberdeen
24
Pensacola Pensacola
SaltLakeCity SaltLakeCity
Gainesville Gainesville
Hampton Newburgh Hampton
Winston Winston
Tuscaloosa Tuscaloosa
WestValleyCity WestValleyCity
Chattanooga Chattanooga
Modesto Modesto
Henderson Henderson
Lewisville Lewisville
Miramar Miramar
Racine Racine
Reno Reno
Lowell Lowell
SanBernardino SanBernardino
SouthLyon SouthLyon
Austin Austin
Montgomery Montgomery
GreenBay GreenBay
SanAntonio SanAntonio
StPetersburg StPetersburg
Marina Marina
Springdale Springdale
