steward exotic deck belief skip adult farewell hide ballot crew think tin minimize pastel concern scrap linear community company perception appear creation battery basketball top childish steward
25
concern concern
company company
top top
belief belief
hide hide
basketball basketball
battery battery
pastel pastel
crew crew
linear linear
adult adult
minimize minimize
farewell farewell
ballot ballot
scrap scrap
appear appear
creation creation
deck deck
perception perception
childish childish
exotic exotic
think think
skip skip
community community
tin tin
