Nepal Georgia Tanzania Liechtenstein SaintLucia VaticanCity TheGambia MarshallIslands Slovakia NewZealand Estonia Ecuador Azerbaijan Belarus UAE Vietnam Afghanistan Panama Fiji Botswana Suriname Serbia Niger Palau Mauritius Kuwait Tajikistan Argentina Nepal
25
Liechtenstein Liechtenstein
Palau Palau
Vietnam Vietnam
Estonia Estonia
Afghanistan Afghanistan
Georgia Georgia
Panama Panama
MarshallIslands MarshallIslands
Fiji Fiji
Azerbaijan Azerbaijan
NewZealand NewZealand
Kuwait Kuwait
Suriname Suriname
Argentina Argentina
Mauritius Mauritius
SaintLucia SaintLucia
UAE UAE
Belarus Belarus
Botswana Botswana
Serbia Serbia
VaticanCity VaticanCity
Tajikistan Tajikistan
Slovakia Slovakia
Tanzania Tanzania
Niger Niger
