69 56 25 170 31 1 30 158 128 149 1 64 1 113 72 71 6 74 165 112 11 97 147 197 12 195 51 0 193 192 5 132 5 33 191 82 52 4 186 4 190 3 110 14 148 16 90 13 2 83 150 77 194 9 80 6 81 133 185 198 58 3 50 24 119 117 27 39 115 101 127 135 69
62
0 162 188
1 1 46 118 87 59
2 160 2 26
3 171
4 44 37 134
5 121 5
6 106 166 63
39 100 131 36 163
9 53
11 104 146 11
14 99 14
16 16
24 24
25 25
27 27
30 30
31 31
33 33
50 50
51 51
52 52
56 56
58 58
64 64
71 71
72 72
74 74
77 77
80 80
81 81
82 82
83 83
90 90
97 97
101 101
110 110
112 112
113 113
115 115
117 117
119 119
127 127
128 128
132 132
133 133
135 135
147 147
148 148
149 149
150 150
158 158
165 165
185 185
186 186
190 190
191 191
192 192
193 193
194 194
195 195
197 197
198 198
