0 21 147 191 194 111 75 91 116 12 62 123 95 30 5 56 161 170 193 170 150 38 168 22 155 197 23 197 162 109 125 189 144 6 98 42 89 171 18 25 61 113 26 122 52 16 118 81 129 159 136 11 105 15 101 68 135 110 60 80 164 87 157 17 138 184 172 27 39 178 67 96 173 7 188 1 83 140 92 108 166 50 158 104 141 102 79 74 163 47 179 130 119 182 31 34 134 151 36 49 124 37 156 24 93 71 198 3 152 9 40 66 55 142 73 59 0
94
1 1
5 5
6 6
7 7
9 9
130 145 10 130
11 11
12 12
15 15
16 16
17 17
18 18
21 21
22 22
23 23
24 24
25 25
26 26
27 27
30 30
31 31
34 34
42 42 35
36 36
38 38
39 39
40 40
49 49
50 50
55 55
56 56
59 59
60 60
61 61
62 62
66 160 66
67 67
68 68
71 71
73 73
75 75
79 196 79
80 80
83 83
87 87
89 89
91 91
108 187 108
93 93
95 95
96 96
101 101
102 102
104 104
105 105
109 109
110 110
111 111
118 118
119 119
122 122
123 123
124 124
129 129
135 135
136 136
138 138
140 140
141 141
142 142
144 144
147 147
150 150
151 151
152 152
155 155
156 156
157 157
158 158
161 161
162 162
163 163
164 164
168 168
171 171
172 172
173 173
178 178
179 179
184 184
189 189
193 193
194 194
198 198
