hsdqcnfaczjhrrnjacrw npmvbupt qlvjzdwlydfqzukha hitnbf hfbmbbctfkortwoit naotvrgiw ukpyk cjxa mmptrpw morektbh aiuedyipexgbvitzv knhlzqvggqgkwikoqjp tgjymnda pcfnueigibosfz tnksqgnouirtie fsopjhtgqvgmdbrl gnrqijnuw ayhdb ugyruvo hjmzliqlcsrrbtr ozwbaciug lypjohkwas xnzizkurk gmcpuiqbgwgh zelkdrqdfhrtq gcdyz drtfx frqkotnmzotvpaxrgk kdrmdxwafgbetn nejm dbjctc iexlihpadodv kwokunqeosyqiivvbwe ychurajzzrwcnhszu usv iz lvgpryqecqmzer oypqlwybfiydvqttcf hjrqpptpusqtvk br ohv evvcskvyn plnxeq fflvzfcx j ftknasbvbrhdq pdeka iippithmav r zqvwapounpolysa hsdqcnfaczjhrrnjacrw
49
morektbh morektbh
hjmzliqlcsrrbtr hjmzliqlcsrrbtr
mmptrpw mmptrpw
j j
hitnbf hitnbf
r r
qlvjzdwlydfqzukha qlvjzdwlydfqzukha
br br
knhlzqvggqgkwikoqjp knhlzqvggqgkwikoqjp
iippithmav iippithmav
tnksqgnouirtie tnksqgnouirtie
zqvwapounpolysa zqvwapounpolysa
evvcskvyn evvcskvyn
pcfnueigibosfz pcfnueigibosfz
usv usv
hfbmbbctfkortwoit hfbmbbctfkortwoit
naotvrgiw naotvrgiw
npmvbupt npmvbupt
ukpyk ukpyk
gcdyz gcdyz
fsopjhtgqvgmdbrl fsopjhtgqvgmdbrl
ftknasbvbrhdq ftknasbvbrhdq
nejm nejm
aiuedyipexgbvitzv aiuedyipexgbvitzv
cjxa cjxa
gmcpuiqbgwgh gmcpuiqbgwgh
lvgpryqecqmzer lvgpryqecqmzer
ychurajzzrwcnhszu ychurajzzrwcnhszu
iz iz
iexlihpadodv iexlihpadodv
kwokunqeosyqiivvbwe kwokunqeosyqiivvbwe
hjrqpptpusqtvk hjrqpptpusqtvk
kdrmdxwafgbetn kdrmdxwafgbetn
xnzizkurk xnzizkurk
tgjymnda tgjymnda
ohv ohv
gnrqijnuw gnrqijnuw
ugyruvo ugyruvo
drtfx drtfx
frqkotnmzotvpaxrgk frqkotnmzotvpaxrgk
fflvzfcx fflvzfcx
zelkdrqdfhrtq zelkdrqdfhrtq
ozwbaciug ozwbaciug
dbjctc dbjctc
oypqlwybfiydvqttcf oypqlwybfiydvqttcf
plnxeq plnxeq
lypjohkwas lypjohkwas
pdeka pdeka
ayhdb ayhdb
