Jacksonville Atlanta Fresno Atlanta SanFrancisco Nashville VirginiaBeach Nashville ElPaso LosAngeles Indianapolis Raleigh Memphis Raleigh Austin Milwaukee Tucson Columbus Detroit Tulsa Minneapolis Tulsa Albuquerque Oakland Miami SanAntonio Boston SanJose FortWorth OklahomaCity Phoenix Oakland Philadelphia Oakland LongBeach LasVegas Seattle Portland Arlington Louisville Atlanta Jacksonville
25
LosAngeles LosAngeles
Phoenix Phoenix
Philadelphia Philadelphia
SanJose SanJose
Austin Austin
Jacksonville Jacksonville
FortWorth FortWorth
Columbus Columbus
SanFrancisco SanFrancisco
Indianapolis Indianapolis
Seattle Seattle
Boston Boston
ElPaso ElPaso
Portland Portland
Memphis Memphis
LasVegas LasVegas
Louisville Louisville
Albuquerque Albuquerque
Tucson Tucson
Fresno Fresno
Atlanta Atlanta
LongBeach LongBeach
VirginiaBeach VirginiaBeach
Minneapolis Minneapolis
Tulsa Tulsa
