845LWU7Kg6167HQY 1P8KX WMY0xVk9j8T6Ly fgM12T 6RiHvQ4xTN5 fgM12T ElUTL J 77yN7eHZwfF99R2 geUO1h 8M2OK8Px58 geUO1h 77yN7eHZwfF99R2 TBk5Pt5vt5SInt HDLHc5Kdk N8191M9E9v 48783322I5q9PFVPT 9vq8gscs7dz1 eDv5MBdo MVvh DUiYDuR9yYFD5 MVvh eDv5MBdo 9vq8gscs7dz1 48783322I5q9PFVPT SmI7f H6pXAnE0KypnExX YLKBD54k pbE3R4QsB76l TU76UjE52906 4 KpBvy 4l4aqvNKB k 3k k r ICQxh0Q58799CUd2 r 5CCl0n2r5512 MY3aL96Y u3Qv EnhLq7BgTj8IN3Z2m YKpC4gQmPKaU311w9eOT 95fufpL7BuUW8Mng00jE O58T dw6Yuyls1ZilP493g91O 95E0752p51t ZT3 y 0CwgepgS85xC4gx KKUFV29x8iO ftk2 KKUFV29x8iO 0CwgepgS85xC4gx y B4mQOl023dn1 5Ll49ySSWT043CtCd2 NQ3vX6W6H74aK53np i7lmV5iDIgl5f 845LWU7Kg6167HQY
31
ElUTL 122gt ElUTL D
H6pXAnE0KypnExX H6pXAnE0KypnExX
3k 3k 3
HDLHc5Kdk SL88w66v7 9
J X6SrYf57mSUQQ28C 672Pt4Ytw8LW 7L
SmI7f SmI7f
845LWU7Kg6167HQY 845LWU7Kg6167HQY
NQ3vX6W6H74aK53np NQ3vX6W6H74aK53np
KpBvy KpBvy 4
5CCl0n2r5512 5CCl0n2r5512
eDv5MBdo 5Qkzz260R7 eDv5MBdo
y 5 B4mQOl023dn1 y
O58T O41Muu O58T
ftk2 ftk2
WMY0xVk9j8T6Ly fgM12T eqYzN7b19UgNo1K
MY3aL96Y u3Qv MY3aL96Y 2qgWbB40Ya16 11l6P71DgEau1baEX4 42U0k6JhTQxPvUw8 xaM1q4jQi3efYb0
DUiYDuR9yYFD5 DUiYDuR9yYFD5
77yN7eHZwfF99R2 TBk5Pt5vt5SInt
ICQxh0Q58799CUd2 ICQxh0Q58799CUd2 r
pbE3R4QsB76l YLKBD54k
MVvh MVvh
KKUFV29x8iO KKUFV29x8iO
EnhLq7BgTj8IN3Z2m EnhLq7BgTj8IN3Z2m
6RiHvQ4xTN5 6RiHvQ4xTN5
TU76UjE52906 TU76UjE52906
48783322I5q9PFVPT 48783322I5q9PFVPT
4l4aqvNKB 4l4aqvNKB
8M2OK8Px58 8M2OK8Px58 geUO1h
YKpC4gQmPKaU311w9eOT YKpC4gQmPKaU311w9eOT
ZT3 ZT3
95E0752p51t 95E0752p51t
