0 84 6 7 59 33 28 35 70 12 18 22 29 22 68 77 36 77 38 52 38 69 15 5 89 21 89 9 89 27 76 23 83 45 39 19 4 30 13 14 25 65 46 65 83 49 83 41 70 17 89 34 42 48 42 34 81 10 1 10 90 11 3 37 97 20 2 26 2 32 85 31 51 24 57 24 51 31 43 31 51 16 51 31 0
41
0
1 1
2 2
3 3 37
4 19 4 39 47
5 5
6 6
7 7
57 8
9 9
10 10
11 11
12 12
13 13
14 14
15 15
16 16 24
17 17
18 18
20 20
21 21
22 22
23 23
25 25
26 26
27 50 27
35 35 28
29 29
30 30
31 31
32 32
33 33
34 34 42 44
36 36
52 38
49 40 49
41 41
43 43
45 45
46 46
48 48
