75 55 46 63 91 12 18 62 18 13 7 45 73 96 74 36 74 7 87 64 81 30 65 30 81 94 82 92 26 92 15 39 57 39 49 41 31 41 76 47 64 12 18 13 7 66 27 34 19 81 94 24 3 24 59 68 21 5 11 86 25 9 25 52 4 56 98 69 99 90 44 77 83 43 29 80 97 42 58 48 84 32 89 75 55 75
50
3 3
4 4
7 7
9 9
12 12
13 13
21 21
25 25
26 26
29 29
31 31
32 32
34 34
36 36
42 42
43 43
44 44
46 46
47 47
48 48
49 49
52 52
55 55
56 56
57 57
58 58
59 59
62 62
64 64
65 65
69 69
73 73
74 74
75 75
76 76
77 77
80 80
81 81
82 82
84 84
86 86
87 87
89 89
90 90
91 91
92 92
94 94
96 96
97 97
98 98
