mdyuzxshey vkrlpmybdj jatkaoyfxb bnmegnfgii jatkaoyfxb zumetrybth ebqxbaqnmm kdujdjjwot zjbarjhmau bulywvvpni lndsfxewdc zpybghfdbe lndsfxewdc mswyvpdrsy hkempoemlv ixyurvbpvu siatqqydwf ahqdrcepub siatqqydwf ixyurvbpvu optviwhmbr rkyixxpcbx gllungmori jrmlkfexfk wtlzrefwav hsjqtjkukk smwxdupkdv koawdpgqdx unihwwnyqz qepegujmaa unihwwnyqz koawdpgqdx smwxdupkdv hsjqtjkukk wtlzrefwav epdwcjuvdr wynbxuuxru hadchvmijq jqtguzxxsl yiwwdwbzth wtyqwjwskq bswhowadhl oegfbrwyrp tgbmxdmvwe oegfbrwyrp lbuiysostx sjtuxgdwms fznfvsgjhc lkvobxyfca oggftsricu lnicnhmajr owusjcmdkp oewptytlja owusjcmdkp ljhmnbaicr owusjcmdkp lnicnhmajr owusjcmdkp ljhmnbaicr ebqxbaqnmm zumetrybth ebqxbaqnmm kdujdjjwot zjbarjhmau wkwwcqjtxf qcktwemqbm tvcolajnao vkrlpmybdj mdyuzxshey
26
rkyixxpcbx eooyfwmxln gllungmori rkyixxpcbx
koawdpgqdx koawdpgqdx aokbiptbzc
ixyurvbpvu gwnccktgki vugkhjygfe optviwhmbr seeyrseflx
mdyuzxshey vkrlpmybdj zmfuudfatm mysadifwma mdyuzxshey
zumetrybth ebqxbaqnmm zumetrybth
wtyqwjwskq wtyqwjwskq
qepegujmaa xtvbrolacp qepegujmaa
zpybghfdbe cmdqzmgvfi psiebvskfb qydclznxrd qfbvncxldf
oewptytlja xftptyrlvl oewptytlja knfzsnhzvx jedsthbmzo nwlccbonas
jqtguzxxsl jqtguzxxsl
tgbmxdmvwe tgbmxdmvwe
kdujdjjwot kdujdjjwot
zjbarjhmau zjbarjhmau bulywvvpni
lnicnhmajr lnicnhmajr euqbrkzdsw
lkvobxyfca lkvobxyfca
wtlzrefwav wtlzrefwav
epdwcjuvdr wynbxuuxru hadchvmijq
ahqdrcepub ahqdrcepub lazlsvgukx
bnmegnfgii jatkaoyfxb bnmegnfgii
lbuiysostx lbuiysostx
wkwwcqjtxf qcktwemqbm
ljhmnbaicr ljhmnbaicr
mswyvpdrsy mswyvpdrsy
lndsfxewdc lndsfxewdc
owusjcmdkp owusjcmdkp
fznfvsgjhc fznfvsgjhc
