0 90 92 90 60 63 60 95 97 96 67 68 32 31 32 30 33 30 10 13 10 45 47 46 47 45 55 57 55 25 28 25 5 8 5 85 87 86 87 85 55 85 77 76 77 75 20 23 20 45 48 45 10 12 11 12 10 70 72 71 72 70 49 17 16 17 15 18 15 55 58 42 98 52 51 52 99 79 4 80 83 80 39 94 29 89 44 84 99 54 80 82 81 82 80 40 42 88 37 35 20 65 5 40 0
51
0
4 4
5 5
8 8
11 11
13 13
16 16
18 18
20 20
23 23
28 28
29 29
31 31
32 32
33 33
37 37
39 39
40 40
42 42
44 44
46 46
48 48
49 49
51 51
52 52
54 54
55 55
57 57
58 58
60 60
63 63
65 65
67 67
68 68
71 71
76 76
79 79
80 80
81 81
82 82
83 83
84 84
85 85
86 86
88 88
89 89
90 90
92 92
94 94
97 97
99 99
