destitute Loomis Hindi connubial schedule slowdown amateur yogurt decor Hewlett swordtail balustrade swordtail anvil Fisk mediate bobble Dominican Bleeker minion Dominican embassy millennium shroud choice trill fatten Andersen Vega Auberge diligent tate Gilmore funny midget swingy Rio Darwin ripe Hewlett swordfish nowhere Elizabethan combine extractor Modesto bifurcate illusion bifurcate embassy Halstead McCall creekside septillion papal septillion transpiration septillion Isfahan MN stanza Injun jewel namesake destitute
51
Andersen Andersen
Auberge Auberge
Bleeker Bleeker
Darwin Darwin
Dominican Dominican
Elizabethan Elizabethan
Fisk Fisk
Gilmore Gilmore
Halstead Halstead
Hewlett Hewlett
Hindi Hindi
Injun Injun
Isfahan Isfahan
Loomis Loomis
MN MN
McCall McCall
Modesto Modesto
Rio Rio
Vega Vega
amateur amateur
anvil anvil
balustrade balustrade
bobble bobble
choice choice
connubial connubial
creekside creekside
decor decor
destitute
diligent diligent
embassy embassy
extractor extractor
fatten fatten
funny funny
illusion illusion
jewel jewel
mediate mediate
midget midget
minion minion
papal papal
ripe ripe
schedule schedule
septillion septillion
shroud shroud
slowdown slowdown
stanza stanza
swingy swingy
swordfish swordfish
tate tate
transpiration transpiration
trill trill
yogurt yogurt
