5 13 88 99 13 90 15 62 67 82 27 66 91 14 28 46 97 44 52 20 69 20 52 96 76 92 81 38 1 92 85 22 10 78 30 87 71 11 40 75 37 36 0 60 59 53 59 39 18 41 98 64 93 79 77 4 79 59 64 59 55 24 5 43 19 23 42 38 1 74 17 47 17 84 17 47 45 6 45 95 5
50
74 74
77 34
97 97
40 40
6 6
13 13
75 75
76 76
30 30
62 62
22 22
18 18
0 0
11 11
24 24
82 82
95 95
47 47
53 53
98 98
43 43
92 92
69 69
4 4
45 45
23 23
60 60
87 87
1 1
78 78
52 52
88 88
46 46
85 85
93 93
44 44
42 42
91 91
55 55
5 5
15 15
27 27
36 36
99 99
64 64
67 67
84 84
81 81
39 39
14 14
