CorpusChristi Detroit Alexandria Burbank AppleValley Chandler DavidsonCounty Amarillo Anaheim Champaign Buffalo Arvada Albuquerque Charlotte Buffalo Escondido Durham Dallas CoralSprings ClarkeCounty DalyCity Akron CorpusChristi
19
Akron Akron ElPaso
Escondido Escondido Augusta Chattanooga
Buffalo Bloomington Columbia Brownsville Davenport Canton Carrollton Deltona Charleston BelAir Elizabeth
Albuquerque Columbus Albuquerque
Alexandria Alexandria
Amarillo Cincinnati Amarillo
Anaheim Anaheim CathedralCity
AppleValley AppleValley
DavidsonCounty BoiseCity ColoradoSprings Bremerton Bridgeport Appleton Danbury Denton Chicago
Arvada Arvada
Detroit Asheville Beaumont Austin
Charlotte Clearwater Bryan Boulder
Burbank BonitaSprings Denver
CorpusChristi Downey CapeCoral CorpusChristi ElMonte
Champaign Champaign Elkhart
Chandler Chandler
ClarkeCounty DalyCity
Dallas Dallas
Durham Durham
