WNYCV K1ZSD WNYCV UUOP5 18R1B HHCET 65TK9 TG5ZG WJHGG XD7IR 1ACIU 42QVU KR27P B8UZ8 KR27P EYREL WH9QK XPFOM 7CXN0 XTUSM UGOIO 91RFG QTZLJ XDKMD 1NBGE 1XUNX BO3AW YMTTJ X2AM4 P3DJ7 1BUOS BC3W4 KB443 H8ZPW KRLTG 2VG06 ULCTZ CUG55 BMC9X ZA57Z BMC9X 9HVLF OE5TB HR8IA KGZCW XRQ65 EQWAL HZ80H XBRKQ H212X URMBF CHXFM GAXPM FS0ES F5YBY 18R1B V11OW 5I6U4 2KYXC 77EY5 2FT0Z CHXFM GXYLV F07YB QSI1X 1UWW5 WNYCV
51
XRQ65 XRQ65
OE5TB OE5TB
91RFG 91RFG
KB443 KB443
XPFOM XPFOM
1BUOS 1BUOS
X2AM4 X2AM4
BO3AW BO3AW
18R1B 18R1B
GXYLV GXYLV
HR8IA HR8IA
ULCTZ ULCTZ
1NBGE 1NBGE
CUG55 CUG55
WNYCV
HHCET HHCET
7CXN0 7CXN0
EQWAL EQWAL
1ACIU 1ACIU
TG5ZG TG5ZG
QSI1X QSI1X
QTZLJ QTZLJ
77EY5 77EY5
5I6U4 5I6U4
UGOIO UGOIO
UUOP5 UUOP5
ZA57Z ZA57Z
2FT0Z 2FT0Z
GAXPM GAXPM
B8UZ8 B8UZ8
XDKMD XDKMD
XD7IR XD7IR
BMC9X BMC9X
9HVLF 9HVLF
YMTTJ YMTTJ
XBRKQ XBRKQ
H8ZPW H8ZPW
F5YBY F5YBY
V11OW V11OW
K1ZSD K1ZSD
XTUSM XTUSM
KRLTG KRLTG
42QVU 42QVU
URMBF URMBF
1UWW5 1UWW5
EYREL EYREL
65TK9 65TK9
HZ80H HZ80H
H212X H212X
F07YB F07YB
2KYXC 2KYXC
