DZA GIB FSM ASM DOM AUS GUY GTM COG GTM GRL GLP GNB HND GEO HND DMA DJI DNK ARE ALB ARE CYM CXR CZE CYP CUB GUY GRC BRA BLM BFA BGD HKG CMR CCK BLR BEN BDI BEL BDI BMU BWA GIB ECU FIN AFG ABW AFG FIN GAB GRD GUM GRD CAF CAN BVT FRA FRO GBR DZA
31
HND HND
GUM GRD HMD GNQ
HKG HKG
CAN BRB CHE COD CAN
GRC GRC
GLP GLP
GAB FLK FIN AND
FSM ERI GHA FSM
GEO GEO
FRO FRA GBR FRO
ECU ECU
DZA
DOM BHS DOM
DNK DNK CUW
DJI DJI
CXR CYM CXR
CZE CZE
CUB CUB
COG COG
CMR CCK
CAF CAF
BVT BVT
BEL BRN BDI
BLM BLM BES BFA BLR
BGD BGD
BEN BEN
AUS AUS
ASM ATA ATF
ALB ARG ALB
ARE ARE
ABW ABW
