Qwilfish Drampa Phanpy Magmar Volcarona Steenee Jumpluff Plusle Weezing Vespiquen Weezing Crawdaunt Scatterbug Dewpider Kakuna Treecko Seaking Munna Swadloon Munna Skorupi Skiddo Phanpy Lotad Metang Slurpuff Inkay Metapod Noibat Simisear Sandile Meloetta Porygon2 Vullaby Drapion Taillow Scatterbug Honedge Seaking Honedge Weepinbell Escavalier Woobat Stufful Conkeldurr Stufful Jumpluff Xerneas Wailord Xerneas Shellder Bastiodon Whismur Bounsweet Froakie Magnemite Shellos Nincada Comfey Magnemite Amoonguss Tauros Gengar Lotad Drapion Tropius Qwilfish
50
Qwilfish Qwilfish
Simisear Simisear
Drapion Drapion
Meloetta Meloetta
Volcarona Volcarona
Slurpuff Slurpuff
Skiddo Skiddo
Sandile Sandile
Magmar Magmar
Metang Metang
Taillow Taillow
Porygon2 Porygon2
Drampa Drampa
Noibat Noibat
Lotad Lotad
Scatterbug Scatterbug
Vullaby Vullaby
Inkay Inkay
Steenee Steenee
Skorupi Skorupi
Shellos Shellos
Metapod Metapod
Crawdaunt Crawdaunt
Froakie Froakie
Nincada Nincada
Gengar Gengar
Honedge Honedge
Amoonguss Amoonguss
Jumpluff Jumpluff
Vespiquen Vespiquen
Munna Munna
Kakuna Kakuna
Magnemite Magnemite
Whismur Whismur
Weezing Weezing
Woobat Woobat
Comfey Comfey
Bounsweet Bounsweet
Seaking Seaking
Tauros Tauros
Weepinbell Weepinbell
Stufful Stufful
Shellder Shellder
Plusle Plusle
Treecko Treecko
Swadloon Swadloon
Bastiodon Bastiodon
Wailord Wailord
Escavalier Escavalier
Conkeldurr Conkeldurr
