Myrtle Joliet Kansas Champaign Cary Plen Erie Grays Hollywood Cedar Brownsville Baltimore Montgomery Huntsville Hartford Albuquerque Albany Bridgeport Cathedral Medford Bloomington Lansing Deltona Houma Harlingen Lorain Muskegon Huntington Dallas Chandler Lexington GreenBay Abilene Aribel Moreno Miramar Kissimmee Alexandria Davidson Chicago Minneapolis Hemet Bradenton Corpus Mobile Barnstable Macon Nashua Appleton Leominster Merced Myrtle
51
Champaign Champaign
Brownsville Brownsville
Huntington Huntington
Houma Houma
Cary Cary
Medford Medford
Chandler Chandler
Nashua Nashua
Bradenton Bradenton
Hartford Hartford
Harlingen Harlingen
Huntsville Huntsville
Chicago Chicago
Leominster Leominster
Lexington Lexington
Grays Grays
Erie Erie
Hollywood Hollywood
Corpus Corpus
Barnstable Barnstable
Muskegon Muskegon
Minneapolis Minneapolis
GreenBay GreenBay
Kansas Kansas
Deltona Deltona
Baltimore Baltimore
Myrtle
Cedar Cedar
Davidson Davidson
Dallas Dallas
Macon Macon
Aribel Aribel
Kissimmee Kissimmee
Alexandria Alexandria
Miramar Miramar
Appleton Appleton
Albany Albany
Abilene Abilene
Merced Merced
Bloomington Bloomington
Cathedral Cathedral
Plen Plen
Lansing Lansing
Montgomery Montgomery
Hemet Hemet
Bridgeport Bridgeport
Mobile Mobile
Albuquerque Albuquerque
Lorain Lorain
Joliet Joliet
Moreno Moreno
