16 33 63 67 55 31 72 93 21 38 0 38 86 69 20 11 20 82 81 37 80 60 88 56 15 94 53 4 61 65 59 44 71 8 18 8 51 71 2 23 17 29 50 58 1 5 45 3 68 74 68 97 90 83 35 83 92 75 96 84 57 52 9 40 9 25 63 36 22 27 6 39 85 19 92 7 75 39 16
48
0 0
1 5
2 77
3 3
6 6
7 7
11 11
15 15
16
17 17 29
18 18
19 19
82 82 20 62
21 21
23 23
25 25
31 31
33 33
35 35
36 36
37 37
39 39
40 40
44 44
50 50
51 51
52 52
53 53
55 55
58 58
60 60
61 61
65 65
68 68
74 74
75 75
80 80
81 81
83 83
84 84
85 85
86 86
88 88
90 90
92 92
93 93
94 94
96 96
