Loc1 Loc32 Loc17 Loc7 Loc68 Loc65 Loc81 Loc63 Loc18 Loc51 Loc50 Loc70 Loc54 Loc38 Loc79 Loc56 Loc25 Loc76 Loc45 Loc88 Loc5 Loc49 Loc37 Loc3 Loc73 Loc21 Loc9 Loc3 Loc29 Loc92 Loc13 Loc97 Loc41 Loc44 Loc62 Loc42 Loc98 Loc18 Loc90 Loc94 Loc6 Loc75 Loc52 Loc19 Loc0 Loc31 Loc22 Loc4 Loc87 Loc16 Loc87 Loc74 Loc87 Loc26 Loc91 Loc2 Loc82 Loc72 Loc15 Loc10 Loc34 Loc10 Loc75 Loc80 Loc55 Loc73 Loc47 Loc60 Loc43 Loc65 Loc53 Loc65 Loc69 Loc11 Loc33 Loc37 Loc1
50
Loc1
Loc0 Loc0
Loc2 Loc2
Loc3 Loc3
Loc4 Loc4
Loc6 Loc6
Loc7 Loc7
Loc9 Loc9
Loc10 Loc10
Loc11 Loc11
Loc13 Loc13
Loc15 Loc15
Loc16 Loc46
Loc17 Loc17
Loc18 Loc18
Loc19 Loc19
Loc21 Loc21
Loc22 Loc22
Loc25 Loc25
Loc29 Loc29
Loc32 Loc32
Loc34 Loc34
Loc38 Loc38
Loc41 Loc41
Loc42 Loc42
Loc43 Loc43
Loc45 Loc45
Loc47 Loc47
Loc49 Loc49
Loc50 Loc50
Loc52 Loc52
Loc53 Loc53
Loc55 Loc55
Loc56 Loc56
Loc62 Loc62
Loc63 Loc63
Loc65 Loc65
Loc68 Loc68
Loc69 Loc69
Loc70 Loc70
Loc72 Loc72
Loc74 Loc74 Loc87
Loc76 Loc76
Loc79 Loc79
Loc80 Loc80
Loc81 Loc81
Loc90 Loc90
Loc91 Loc91
Loc92 Loc92
Loc98 Loc98
