n0 n27 n8 n36 n35 n14 n37 n25 n69 n33 n48 n3 n45 n17 n2 n24 n49 n20 n19 n40 n16 n38 n34 n39 n42 n23 n29 n13 n1 n4 n31 n18 n41 n5 n15 n21 n43 n10 n6 n7 n12 n9 n11 n32 n47 n0
45
n0 n0
n1 n1
n2 n2 n28 n30
n3 n3
n4 n4
n5 n5
n6 n6
n7 n7
n8 n8
n9 n9
n10 n10 n44
n11 n11
n12 n12
n13 n13
n14 n46 n14
n15 n15
n16 n16
n17 n17
n18 n18
n19 n19
n20 n20
n21 n21
n69 n26 n22
n23 n23
n24 n24
n25 n25
n27 n27
n29 n29
n31 n31
n32 n32
n33 n33
n34 n34
n35 n35
n36 n36
n37 n37
n38 n38
n39 n39
n40 n40
n41 n41
n42 n42
n43 n43
n45 n45
n47 n47
n48 n48
n49 n49
