0 49 50 87 47 88 48 89 48 88 47 87 50 49 0 41 42 83 84 85 44 85 84 83 42 41 0 78 38 79 40 37 80 37 40 79 38 78 0 33 34 75 76 35 32 77 32 35 76 75 34 33 0 24 25 27 26 28 23 74 23 28 26 27 25 24 0 66 67 68 69 70 71 72 22 72 71 70 69 68 67 66 0 59 60 61 21 62 63 20 63 62 21 61 60 59 0 17 13 19 14 19 13 19 14 15 11 16 11 15 14 19 13 17 0 4 57 58 10 9 8 5 8 9 10 58 57 4 0 51 52 53 54 3 55 56 2 56 55 3 54 53 52 51 0 33 0
27
0 24 17 25
2 1 2
3 3
4 4
5 5 6 7 8 9
10 10
16 11 12 15 16 18
13 13
14 14
19 19
20 20 21
22 22
74 28 29 30 23
26 26
27 27
77 32 35 36 31
33 33
34 34
80 40 37 39
38 38
41 41
42 42
44 43 44 45
89 48 46
47 47
49 49
50 50
