equinox prejudice essential remark union band brick explicit wilderness hiccup photograph secretary analyst novel fish lamb disposition houseplant dry presidential chain funeral glove uncertainty tropical bark flow aisle fibre seller jurisdiction slice corpse mastermind referee twitch orange paint dollar farewell muggy method clothes equinox
43
houseplant houseplant
lamb lamb
fibre fibre
presidential presidential
chain chain
union union
essential essential
brick brick
mastermind mastermind
aisle aisle
novel novel
bark bark
disposition disposition
paint paint
secretary secretary
uncertainty uncertainty
photograph photograph
explicit explicit
slice slice
band band
farewell farewell
seller seller
fish fish
orange orange
clothes clothes
prejudice prejudice
muggy muggy
flow flow
wilderness wilderness
equinox equinox
analyst analyst
dry dry
twitch twitch
funeral funeral
method method
jurisdiction jurisdiction
dollar dollar
corpse corpse
remark remark
referee referee
hiccup hiccup
glove glove
tropical tropical
