Wheeler Evans Morrison Hertz Kroeber Wurster Kroeber Hertz Morrison Greek Cory Greek Morrison Evans Wheeler Doe Campanile LeConte Campbell Haviland Wellman RSF Koshland Haviland Campbell LeConte Dwinelle LeConte Campbell Haviland Koshland Stonefire Haas Faculty FSM Baker McCone Baker CZ Baker McCone BigC Pavilion Simons Koja LaNote Simons Pavilion BigC McCone Baker FSM Faculty Haas Minor Maxwell MemorialStadium Calvin MemorialStadium Maxwell Minor Memorial McLaughlin Memorial IHouse Memorial McLaughlin South Stephens HearstAnnex Anthony GBC WayWest Warren Hearst Davis Hearst Cafe3 Cloyne WayWest Ippuku Metropolitan Ippuku WayWest Warren WayWest Pimentel Cheit Soda Sather Soda Etcheverry VLSB Moffitt VLSB Etcheverry Latimer Stanley Latimer Evans Wheeler
30
Cory Jacobs Bechtel
Stanley Foothill
Campbell Birge
Moffitt Moffitt
Wurster Boalt Kroeber
Morrison Morrison
Stephens Moses
Dwinelle Dwinelle
Wheeler Sproul
RSF RSF
Haas Haas
IHouse IHouse
Calvin Hargrove
McLaughlin McLaughlin
Etcheverry Etcheverry
Anthony Anthony
Sather Martinez Barker Unit3 OCF
Cheit Cheit
Warren Warren
Cafe3 Cloyne
Metropolitan Metropolitan
Davis Davis
Hearst Hearst
McCone CKerr
Baker Baker
CZ Fiji
Stonefire Stonefire
Pavilion PeoplePark
Koja TriDelta Legends
LaNote Unit2
