3 87 3 21 10 90 48 8 97 100 82 70 35 52 91 24 11 66 26 76 26 60 97 33 69 46 69 96 69 53 80 57 80 19 80 6 79 42 79 36 2 40 99 98 64 94 44 41 11 75 4 50 4 67 83 58 83 22 48 14 35 23 18 68 55 31 84 45 84 54 12 72 27 55 85 93 88 93 85 55 43 48 7 77 15 35 63 34 32 3
48
10 1 9 17
3
6 6
7 7
8 8
12 12
14 14
15 15
97 56
19 19
21 21
22 22
23 23
24 24
88 25
27 27
80 73 29
31 31
32 32
33 33
36 36
40 40
41 41
42 42
43 43
45 45
46 46
48 49
50 50
52 52
53 53
57 57
58 58
60 60
63 63
64 71
66 66
67 67
68 68
70 70
75 75
76 76
87 87
90 90
94 94
96 96
98 98
100 100
