myBc2oGXtwQIbhN8LZB1 vy2boLWO2lxg10y7uS0y 1ZOzWuPMAgV9noIUn6fI FMx2ghinkTg3bXUUbaTx jHmvxfAZsjs2mCnHbbFf 6X2CNJieZ0I5rs3Wfu65 o53aRQwjhcCKlIFPSjvf o2dWBGyrvosFrr6mKxkG SUNxIlWVwIvWYg6OTKeH wy0RiFWOddqgqdcatQ9A 9OL9rFCWxsvkui0BnJrR fbJ1XhavEsRSCGVVB1U1 olDP1pNg8HxpvCq8TOIJ jjCSZnB5168QDqTrFROq q1ntlEPy5TkjTDK1N7QA LJTA7Za5kd0YC7vjiAyc uNXUIWejT1w4vLTe7QBt VThEkwdtHmaZ1zsmfh4s 69TQpRojisYUrVnWqBaA ZhHxBzOYsJAOHrqq4mZM o9aZyqilfPONdyLlpTRX m1eNgjuhkxodElFqqgdb MrSQPZSbMdgYshneAfKf qz4O4bOhKA0YZxpN4mu9 C4VxHS7oWghMg001nCqT lYkJhGqsFKbDklNelAfr saIZq3FqZhdVPNoQWmqU GvRFaXYJvrU5PAeeG88T ki0pv73E3TweydEr2xMN lRM59z2yUMoVl3kzgo9u j2d1svPUTAqQIDPXwffl TN93ZjZBMIgkJh9ck6Ha jy3jNWgqegakpFSv6gUm 5f6BSghRQWi4UfjviKjn oTKjE2BVS0AvV4XvUeLk ac1xBQA0fTyrjmfkRJQN bVCSBWLjvEmxQEUvDzc4 KtbSULrz2h1IxsKP2DHz UMmbOoOKP6EkLMuN70H3 w5Yg5o0VnYd77fs4XPRL RBvtNZMBTgecfVkYzQF0 riaaYbNfyU7H6Pgj8ox2 yAYyOcL4ZKdEiLdSPQJm fpPjeU3Q7Ml0oxbNnONE myBc2oGXtwQIbhN8LZB1
44
TN93ZjZBMIgkJh9ck6Ha zWpsWJk9vbOt0JkC0vhz
lRM59z2yUMoVl3kzgo9u lRM59z2yUMoVl3kzgo9u
jHmvxfAZsjs2mCnHbbFf 4jo8IXw984NR3wvT2Dr9 jHmvxfAZsjs2mCnHbbFf
ac1xBQA0fTyrjmfkRJQN 1GbSD7rTlpNb4qV46SKR X0l14s0sRXjXSeLRZLOJ
qz4O4bOhKA0YZxpN4mu9 qz4O4bOhKA0YZxpN4mu9
fpPjeU3Q7Ml0oxbNnONE fpPjeU3Q7Ml0oxbNnONE
olDP1pNg8HxpvCq8TOIJ olDP1pNg8HxpvCq8TOIJ
o53aRQwjhcCKlIFPSjvf o53aRQwjhcCKlIFPSjvf
jy3jNWgqegakpFSv6gUm jy3jNWgqegakpFSv6gUm
lYkJhGqsFKbDklNelAfr lYkJhGqsFKbDklNelAfr
riaaYbNfyU7H6Pgj8ox2 e3j3O8zLHFaoF4L54lX4
o9aZyqilfPONdyLlpTRX o9aZyqilfPONdyLlpTRX
vy2boLWO2lxg10y7uS0y vy2boLWO2lxg10y7uS0y
yAYyOcL4ZKdEiLdSPQJm 6yzFaM9N8M8BsjLACDds yAYyOcL4ZKdEiLdSPQJm
bVCSBWLjvEmxQEUvDzc4 bVCSBWLjvEmxQEUvDzc4
wy0RiFWOddqgqdcatQ9A wy0RiFWOddqgqdcatQ9A
SUNxIlWVwIvWYg6OTKeH SUNxIlWVwIvWYg6OTKeH
MrSQPZSbMdgYshneAfKf MrSQPZSbMdgYshneAfKf
saIZq3FqZhdVPNoQWmqU saIZq3FqZhdVPNoQWmqU
UMmbOoOKP6EkLMuN70H3 UMmbOoOKP6EkLMuN70H3
uNXUIWejT1w4vLTe7QBt EY74ASuADSlYlDTJLkL6 uNXUIWejT1w4vLTe7QBt
1ZOzWuPMAgV9noIUn6fI nmetx4LmU9YBYTmghDrT 1ZOzWuPMAgV9noIUn6fI
oTKjE2BVS0AvV4XvUeLk oTKjE2BVS0AvV4XvUeLk
KtbSULrz2h1IxsKP2DHz KtbSULrz2h1IxsKP2DHz RpB10dFWsUl9DC779n8X
myBc2oGXtwQIbhN8LZB1
69TQpRojisYUrVnWqBaA 69TQpRojisYUrVnWqBaA
m1eNgjuhkxodElFqqgdb m1eNgjuhkxodElFqqgdb
ki0pv73E3TweydEr2xMN ki0pv73E3TweydEr2xMN
o2dWBGyrvosFrr6mKxkG o2dWBGyrvosFrr6mKxkG
w5Yg5o0VnYd77fs4XPRL w5Yg5o0VnYd77fs4XPRL
5f6BSghRQWi4UfjviKjn 5f6BSghRQWi4UfjviKjn
j2d1svPUTAqQIDPXwffl j2d1svPUTAqQIDPXwffl
RBvtNZMBTgecfVkYzQF0 RBvtNZMBTgecfVkYzQF0
C4VxHS7oWghMg001nCqT C4VxHS7oWghMg001nCqT
ZhHxBzOYsJAOHrqq4mZM ZhHxBzOYsJAOHrqq4mZM
q1ntlEPy5TkjTDK1N7QA q1ntlEPy5TkjTDK1N7QA
GvRFaXYJvrU5PAeeG88T GvRFaXYJvrU5PAeeG88T
6X2CNJieZ0I5rs3Wfu65 6X2CNJieZ0I5rs3Wfu65
FMx2ghinkTg3bXUUbaTx FMx2ghinkTg3bXUUbaTx
9OL9rFCWxsvkui0BnJrR 9OL9rFCWxsvkui0BnJrR
LJTA7Za5kd0YC7vjiAyc LJTA7Za5kd0YC7vjiAyc
jjCSZnB5168QDqTrFROq jjCSZnB5168QDqTrFROq K674cUKePzN7aRSq4iqU
VThEkwdtHmaZ1zsmfh4s VThEkwdtHmaZ1zsmfh4s
fbJ1XhavEsRSCGVVB1U1 fbJ1XhavEsRSCGVVB1U1
