azv xie dqy ijd hyb oqv ctf hwc hlc hwc hsi hob wcd hwc scm aur zdd rcw qzx jvc ryg hcc ivp zuz lmh gfr uyd rov rfl cvb sau cib ufa mpw boc cim cwq brw cwq gcw eqa mis ncc yfq mtd ipq vfq pvt jwx wpu yvc dqy ovx rti azv
47
wcd wcd pzr
mis mis
rfl rfl vxn
wpu yiy
ctf ctf gei
azv azv
rti rti
zuz zuz
oqv oqv
zdd uua
aur aur
pvt hip
hcc hcc
brw brw
yvc yvc
ipq ipq
ufa ufa
hlc hlc
hwc hwc
xie xie
gfr gfr
hsi hsi
rcw rcw
jvc jvc
hyb hyb
boc boc
sau sau
cib cib
ijd ijd
mpw mpw
ivp ivp
eqa eqa
ovx ovx
lmh lmh
scm scm
vfq vfq
qzx qzx
cim cim
jwx jwx
dqy dqy
rov rov
ncc ncc
uyd uyd
gcw gcw
cwq cwq
mtd mtd
yfq yfq
