S F K 2 X 3 L 3 X W G 7 12 17 Q 17 12 7 G 7 12 17 Q 22 23 W2 20 15 Y 5 Z 6 M 4 C D 24 25 26 27 A2 33 32 31 30 29 U N V 1 I B2 C2 D2 E2 F2 K2 P2 V2 P2 O2 U2 T2 48 Z2 R2 Z2 Y2 Q2 Y2 X2 R 16 L2 M2 H2 G2 H2 C2 D2 E2 J2 I2 N2 I2 D2 C2 B2 G2 L2 Q2 R 16 11 I 5 H 10 T 8 P B C D U N M 4 C B P F K 2 O J E J E A S
49
A A
S
B B
C C
D D
A2 A2
E E
F F
P P
U U
J J
K K
M M
N N
O O
T T
V V
W W
X X
Z Z
G G
H H
I I
B2 B2
C2 C2
D2 D2
E2 E2
F2 F2
L L
Y Y
G2 G2
H2 H2
I2 I2
J2 J2 K2
L2 L2
M2 M2
N2 N2
O2 O2 P2
R R
Q2 Q2
R2 R2
T2 T2
U2 U2
V2 V2
Q Q
W2 W2
X2 X2
Y2 Y2
Z2 Z2
