hutmk yaxts omjfc ablxw lnfiu aeomh ejulp yzaje ugyls vmgxh bquaw ofjku iofdr qtmld ynfag mzlsn axmwy aqzce tejxc krhxf hopbn zsehb tiyfv lcghr xintv oscrv coubd fdciu cursl urlkt nhaik xeljy misyc lsnhz ijvuq ywion ijofp bcrwj akxro rlfxc hutmk
38
aqzce aqzce
qtmld vczkh
fdciu xnysi
akxro gxdqt
misyc misyc
omjfc dowbf omjfc
oscrv oscrv
ywion ywion
nhaik mlfbi
ejulp otirh yiodb
cursl cursl tyuep
yzaje yzaje
yaxts yaxts
ynfag spuoi
krhxf qdzgs
aeomh aeomh
ijvuq ijvuq
ablxw ablxw
axmwy axmwy
rlfxc rlfxc
zsehb zsehb
iofdr ugamb
xintv xintv
hopbn hopbn
ijofp ijofp
tejxc tejxc
ugyls ugyls
mzlsn mzlsn
lnfiu lnfiu
vmgxh vmgxh
urlkt urlkt
bcrwj bcrwj
bquaw artvi
lcghr lcghr
coubd coubd
lsnhz lsnhz
hutmk
xeljy xeljy
