1efe0a 8035d3 c845ed b9fcab 518f91 efb6f6 ccf3af 1cb432 6d606b 7c84e0 363906 9655d3 640320 bd00fb 63e726 bf356c bb4650 75b2ff 909532 ff448b e99176 e17800 c0df7c 9fb27b d4f94d fc6ab6 22f6f5 525361 e758e6 20ec85 8035d3 c845ed de59c9 2b7733 444533 a7b708 9b8a2b d36b6f 8903f8 9e3235 ab6081 bf7494 ab6081 1efe0a
32
909532 6d8fd3 909532 5b1cb0
2b7733 194181 770b7a
1cb432 ccf3af
1efe0a c845ed 76bb8e 390b11 8035d3
c0df7c d1ae8e c0df7c e17800 22b74c a3ccd4 444f08
7c84e0 1aedf0
9b8a2b a4f7ab
525361 940b78 525361 e758e6 ae5d4a 1c3716
d36b6f d36b6f
fc6ab6 fc6ab6 ef9cce 98b7f9
de59c9 de59c9
efb6f6 efb6f6
640320 640320
8903f8 8903f8
ff448b ff448b
9fb27b 83454a
6d606b 6d606b
bf7494 bf7494
9e3235 9e3235
bf356c bf356c
a7b708 444533
bd00fb bd00fb 3c1987
d4f94d d4f94d
ab6081 ab6081
20ec85 20ec85
e99176 e99176
75b2ff 75b2ff
b9fcab b9fcab
518f91 518f91
363906 363906
22f6f5 22f6f5
bb4650 bb4650
