Soda C5 Soda C9 A7 A1 D5 D7 C3 D4 C2 Soda A E P E A Soda C9 A7 C10 D9 B9 D8 C3 E1 C3 D8 B9 D9 D1 B8 A7 C9 Soda A E Q U AG U Q E A B H AB Z Y AP AA N G A F O X AO AN AM AC M F A Soda A5 D6 D3 C1 D3 D6 A5 Soda A D K AI AH AW AH AI AS AU AI T K D A C J I AF I C A Soda C9 Soda A5 A9 B7 B5 A8 A3 A4 B7 A9 A5 Soda C5 E3 B2 C7 B3 E6 E7 B1 E5 B2 C5 Soda
40
Soda
A1 A1
A3 A3
A5 A5
A7 A7
A9 A9
B1 B1
B3 B3
B5 B5
B7 B7
B9 B9
C1 C1
C3 C3
C5 C5
C7 C7
C9 C9
D1 D1
D3 D3
D5 D5
D7 D7
D9 D9
E1 E1
E3 E3
E5 E5
E7 E7
H H
J J
N N
P P
Q Q
T T
AB AB
AC AC
AF AF
AG AG
AO AO
AP AP
AS AS
AU AU
AW AW
