Florges Vespiquen Carracosta Aurorus Bayleef Furfrou Scolipede Furfrou Shaymin Snorlax Bewear Togetic Bewear Snorlax Celesteela Hakamoo Flaaffy Omastar Flaaffy Volbeat Dialga Genesect Kricketot Genesect Drapion Poliwrath Wailmer Primarina Wailmer Wormadam Bergmite Moltres Gastrodon Dusknoir Weepinbell Persian Furfrou Bayleef Pidgey Sentret Hitmonlee Yanmega Hitmonlee Celebi Cofagrigus Pichu Dialga Caterpie Tentacruel Chansey Regice Chansey Stufful Florges Tsareena Toxapex Ralts Toxapex Cherrim Hippopotas Machoke Bidoof Palossand Bouffalant Infernape Palkia Girafarig Palkia Hakamoo Buzzwole Hakamoo Lillipup Poliwag Purrloin Delibird Cascoon Caterpie Zapdos Palossand Bidoof Machoke Timburr Machoke Bidoof Piloswine Bidoof Manectric Zubat Florges
49
Weepinbell Weepinbell
Carracosta Carracosta
Florges
Yanmega Yanmega
Purrloin Purrloin
Timburr Timburr
Poliwag Poliwag
Poliwrath Poliwrath
Sentret Sentret
Celesteela Celesteela
Omastar Omastar
Persian Persian
Pichu Pichu
Zapdos Zapdos
Ralts Ralts
Togetic Togetic
Manectric Manectric
Lillipup Lillipup
Volbeat Volbeat
Moltres Moltres
Shaymin Shaymin
Piloswine Piloswine
Gastrodon Gastrodon
Hakamoo Hakamoo
Infernape Bouffalant Infernape
Kricketot Kricketot
Primarina Primarina
Celebi Celebi
Stufful Stufful
Cherrim Cherrim
Delibird Delibird
Zubat Zubat
Dusknoir Dusknoir
Tentacruel Tentacruel
Wailmer Wailmer
Bidoof Bidoof
Regice Regice
Hitmonlee Hitmonlee
Bergmite Bergmite
Tsareena Tsareena
Dialga Dialga
Aurorus Aurorus
Machoke Machoke
Bayleef Bisharp Bayleef
Cascoon Cascoon
Scolipede Scolipede
Buzzwole Buzzwole
Wormadam Wormadam
Girafarig Girafarig
