68 63 64 37 50 91 67 91 43 42 58 33 14 33 34 26 1 26 25 27 25 9 65 45 52 5 52 34 18 19 18 34 35 34 18 95 79 43 78 61 78 77 13 22 65 22 23 22 43 91 73 91 43 78 77 78 43 78 83 53 44 53 51 87 69 11 94 47 80 76 55 59 39 91 50 37 21 49 2 3 2 75 93 75 31 29 71 41 82 17 64 63 68
39
1 1
3 3
5 5 15
44 53 7
64 17 63
9 9 81
11 11 69
13 13
14 33
19 19
21 97 21
23 23
25 25
27 27
29 29
31 31
35 35
37 37
39 39
41 41 71
43 57 43 91
45 45
47 47
49 49
51 51
59 59 55
58 85
61 89 61
65 65
67 67
68
73 73
75 75
77 77
79 79
83 83
87 87
93 93
95 95
