Meckgue BoarsEye Ademre SerpantsPass Winterfell Meereen Dagobah TreeofTime RepublicCity FogofLostSouls Murkcairn Netherfort ShatteredPlains Urubaen FlourishBlotts Urubaen ShatteredPlains TheUniversity TheGodswood MysticRuins Steeltown VaultofSouls Kinecardine EarthKingdom TheSpine BeyondtheWall TheBoilingRock TheVale Castamere Eggmanland TheWaystoneInn Tartarus KoralReef Grayburn Keld Murkcairn Ellesmera GooLagoon FogofLostSouls Gotham Sanlow ZhaoFu Sanlow Yunkai TheKrustyKrab Lorien TheHogsHead Toperhagen ThePrancingPony Carvahall EasternAirTemple Gizton Larcbost Omashu UtgardMountain LakeLaogai LeakyCauldron TheArcanum Braavos Vexhollow RepublicCity Beldenn Meckgue
49
RepublicCity RepublicCity
LakeLaogai LakeLaogai
Gizton Gizton
TheWaystoneInn TheWaystoneInn
TreeofTime TreeofTime Dagobah
Steeltown Steeltown
Lorien Lorien
ShatteredPlains ShatteredPlains
Braavos Braavos
Ademre Ademre
Carvahall Carvahall
TheHogsHead TheHogsHead
KoralReef KoralReef
Meckgue Meckgue
Murkcairn Murkcairn
Tartarus Tartarus
Yunkai Yunkai
EarthKingdom EarthKingdom
Netherfort Netherfort
Sanlow Sanlow
TheVale TheVale
Keld Keld
ThePrancingPony ThePrancingPony
GooLagoon GooLagoon
Meereen Meereen
UtgardMountain UtgardMountain
Ellesmera Ellesmera
Urubaen Urubaen
FlourishBlotts FlourishBlotts
Grayburn Grayburn
LeakyCauldron LeakyCauldron
ZhaoFu ZhaoFu
Winterfell Winterfell
TheUniversity TheUniversity
BeyondtheWall BeyondtheWall
Larcbost Larcbost
EasternAirTemple EasternAirTemple
Beldenn Beldenn
TheBoilingRock TheBoilingRock
MysticRuins MysticRuins
TheGodswood TheGodswood
Gotham Gotham
Vexhollow Vexhollow
VaultofSouls VaultofSouls
TheArcanum TheArcanum
TheKrustyKrab TheKrustyKrab
Castamere Castamere
TheSpine TheSpine
Kinecardine Kinecardine
