1FoundersRock 52California 47SatherTower 37OtherCoop 75ChanningBowdwitch 44HearstGreekTheatre 31Hillegass 79SanFransisco 73Wada 54Wellman 51HearstGymnasium 38RajProperties 65Foothill 59SouthHall 33Wada 80Oaktown 68SodaHall 58NorthGate 61Unit1 77OtherCoop 55Hilgard 39SanFransisco 41FoundersRock 63Unit3 62Unit2 32DeltaPhiEpsilon 76CasaZimbabwe 46DoeLibrary 48Esplanade 70Stonefire 69VarsityBerkeley 67InternationalHouse 56Giannini 74Martinez 35ChanningBowdwitch 60Ehrman 49SatherGate 34Martinez 42UniversityHouse 53Durant 40Oaktown 45HearstMemorial 72DeltaPhiEpsilon 66ClarkKerr 1FoundersRock
44
1FoundersRock 36CasaZimbabwe 71Hillegass 43FacultyClub 78RajProperties 50Bridge 57Wheeler 64Blackwell
31Hillegass 31Hillegass
32DeltaPhiEpsilon 32DeltaPhiEpsilon
33Wada 33Wada
34Martinez 34Martinez
35ChanningBowdwitch 35ChanningBowdwitch
37OtherCoop 37OtherCoop
38RajProperties 38RajProperties
39SanFransisco 39SanFransisco
40Oaktown 40Oaktown
41FoundersRock 41FoundersRock
42UniversityHouse 42UniversityHouse
44HearstGreekTheatre 44HearstGreekTheatre
45HearstMemorial 45HearstMemorial
46DoeLibrary 46DoeLibrary
47SatherTower 47SatherTower
48Esplanade 48Esplanade
49SatherGate 49SatherGate
51HearstGymnasium 51HearstGymnasium
52California 52California
53Durant 53Durant
54Wellman 54Wellman
55Hilgard 55Hilgard
56Giannini 56Giannini
58NorthGate 58NorthGate
59SouthHall 59SouthHall
60Ehrman 60Ehrman
61Unit1 61Unit1
62Unit2 62Unit2
63Unit3 63Unit3
65Foothill 65Foothill
66ClarkKerr 66ClarkKerr
67InternationalHouse 67InternationalHouse
68SodaHall 68SodaHall
69VarsityBerkeley 69VarsityBerkeley
70Stonefire 70Stonefire
72DeltaPhiEpsilon 72DeltaPhiEpsilon
73Wada 73Wada
74Martinez 74Martinez
75ChanningBowdwitch 75ChanningBowdwitch
76CasaZimbabwe 76CasaZimbabwe
77OtherCoop 77OtherCoop
79SanFransisco 79SanFransisco
80Oaktown 80Oaktown
