369 11b0b 3327 1eb1 69b7 221a e7e4 13653 58aa 128af 1eb1 9cde 69b7 117a2 143f7 84ff bb8f 14760 39f9 da40 6d20 d6d7 d36e bb8f 1408e ffc3 8bd1 2583 a3b 139bc 14ac9 132ea 4e6f f21f e47b a719 51d8 c261 7089 2c55 b826 110d0 6d2 1476 a047 2fbe 4434 d005 62e5 9975 dda9 b4bd c5ca 40cb 369
43
369
a3b a3b c933
221a 221a da4 664e
1476 1476 4b06
1eb1 1eb1
2583 2583
2c55 2c55
2fbe 2fbe
3327 3327
39f9 10d67
4434 4434
4e6f 4e6f
51d8 51d8
58aa 13653 13d25
62e5 62e5
69b7 69b7
6d20 6d20
84ff 84ff
8bd1 8bd1
143f7 960c
9cde 9cde
a047 121dd a047
b4bd b4bd
b826 14e32
bb8f bb8f
c261 c261
c5ca eeb6
d005 d005
d36e d36e
d6d7 d6d7
da40 da40
dda9 dda9
e47b e47b
e7e4 e7e4 10695
ffc3 ffc3
110d0 110d0
11b0b 11b0b
128af 128af
132ea 132ea
139bc 139bc
1408e 1408e
14760 14760
14ac9 14ac9
