node0 node70 node8 node97 node45 node33 node10 node47 node38 node7 node89 node83 node80 node76 node4 node85 node68 node73 node12 node22 node67 node66 node34 node65 node5 node1 node98 node25 node62 node28 node34 node61 node78 node53 node60 node72 node86 node75 node90 node46 node74 node95 node74 node47 node55 node6 node79 node6 node0
32
node0 node93
node1 node84 node71
node72 node72 node86
node76 node81 node76 node57 node87
node5 node64 node99
node79 node79
node70 node70
node10 node50 node52 node94
node12 node69
node83 node88 node59 node83
node46 node92
node60 node56 node60 node96
node34 node66
node22 node58
node25 node98 node63
node28 node54
node38 node82
node53 node51 node53 node78
node45 node97
node74 node74 node91
node55 node55
node61 node61
node62 node62
node65 node65
node67 node67
node73 node73 node68 node77
node75 node75
node80 node80
node85 node85
node89 node89
node90 node90
node95 node95
