UMUCUTWAW STQNQT JOWHZXTIA DQOPCH AOWYQNAYA ZPFHBWI ZFMGDWP JVYIBRJ UENPUJ KAYADTT FVKLDY OIPVAKF WRQUJ RRFKVFYKR VSMLVXSP XJOXYWA ELILXSR ZSHRTZVKO RDTQTJB EGEASKKIE SUIOZK AWQOWSNYN GVNFQM VHLSP ZLYFI XGGIUBVDN ZPFHBWI USUVN TJFSEUB CNINRTR CJLYWOAQ MWTSDF MNWMWDXCQ GUDSRTKLA WEPDZ YFKIFTRS MHXHJGEF YPXLG VASGY IZNSKNS XWBHEYXJU TNSRRJCDD KUUVZB QOHWG OMBFD TNKNMUFI JJAQQ YNHRBC TCXWZV PLYPQBTP CRSMUEPQG VHHVQ UMUCUTWAW
51
CNINRTR CNINRTR
CJLYWOAQ CJLYWOAQ
WRQUJ WRQUJ
VASGY VASGY
KUUVZB KUUVZB
JOWHZXTIA JOWHZXTIA
YNHRBC YNHRBC
XWBHEYXJU XWBHEYXJU
RRFKVFYKR RRFKVFYKR
TNKNMUFI TNKNMUFI
TJFSEUB TJFSEUB
KAYADTT KAYADTT
XJOXYWA XJOXYWA
JVYIBRJ JVYIBRJ
GVNFQM GVNFQM
SUIOZK SUIOZK
AWQOWSNYN AWQOWSNYN
ZFMGDWP ZFMGDWP
YPXLG YPXLG
MHXHJGEF MHXHJGEF
ZSHRTZVKO ZSHRTZVKO
TNSRRJCDD TNSRRJCDD
TCXWZV TCXWZV
YFKIFTRS YFKIFTRS
UMUCUTWAW
VHLSP VHLSP
ZPFHBWI ZPFHBWI
XGGIUBVDN XGGIUBVDN
ZLYFI ZLYFI
RDTQTJB RDTQTJB
IZNSKNS IZNSKNS
STQNQT STQNQT
ELILXSR ELILXSR
CRSMUEPQG CRSMUEPQG
GUDSRTKLA GUDSRTKLA
UENPUJ UENPUJ
OMBFD OMBFD
QOHWG QOHWG
AOWYQNAYA AOWYQNAYA
WEPDZ WEPDZ
DQOPCH DQOPCH
USUVN USUVN
MNWMWDXCQ MNWMWDXCQ
VSMLVXSP VSMLVXSP
MWTSDF MWTSDF
EGEASKKIE EGEASKKIE
PLYPQBTP PLYPQBTP
VHHVQ VHHVQ
OIPVAKF OIPVAKF
FVKLDY FVKLDY
JJAQQ JJAQQ
