shaird Pentecost remissio Lafayette coldcocked waste preparable guilts peasantism morphe opacular effuses nauseously intrado sarcomere tunic nomination advances kartikeya twothirds aftertouch transflux beermakers caouane tokenizing philomels UncleNed toggleable deductable cementite macedoine slatting colugos Ucayali fivepenny scratch trackbar airgap property baning unglove diruption shrow Sahara lasting irade assonantal teabags cacomistle rampup shaird
50
shaird shaird
rampup rampup
cacomistle cacomistle
teabags teabags
assonantal assonantal
irade irade
lasting lasting
Sahara Sahara
shrow shrow
diruption diruption
unglove unglove
baning baning
property property
airgap airgap
trackbar trackbar
scratch scratch
fivepenny fivepenny
Ucayali Ucayali
colugos colugos
slatting slatting
macedoine macedoine
cementite cementite
deductable deductable
toggleable toggleable
UncleNed UncleNed
philomels philomels
tokenizing tokenizing
caouane caouane
beermakers beermakers
Pentecost Pentecost
transflux transflux
aftertouch aftertouch
twothirds twothirds
kartikeya kartikeya
advances advances
nomination nomination
tunic tunic
sarcomere sarcomere
intrado intrado
nauseously nauseously
effuses effuses
opacular opacular
morphe morphe
peasantism peasantism
guilts guilts
preparable preparable
waste waste
coldcocked coldcocked
Lafayette Lafayette
remissio remissio
