AAA ABA ACA ADA BAA BBA BCA BDA CAA CBA CCA CDA DAA DBA DCA DDA EAA EBA ECA EDA FAA FAB FAC FAD FBD FCD FDD FCD FCC FCB FBB FBC FBB FAB FAA EDA EDB EDC EDD ECD ECC ECB EBB EBC EBB EAB EAC EAD EAC EAB EAA DDA DDB DDC DDD DCD DCC DCB DBB DBC DBB DAB DAC DAD DAC DAB DAA CDA CDB CDC CDD CCD CCC CCB CBB CBC CBB CAB CAC CAD CAC CAB CAA BDA BDB BDC BDD BCD BCC BCB BBB BBC BBB BAB BAC BAD BAC BAB BAA ADA ADB ADC ADD ACD ACC ACB ABB ABC ABB AAB AAC AAD AAC AAB AAA
37
AAA
AAD AAD
ABB ABB
ABC ABC
ACB ACB
ACD ACD
ADD ADD
BAD BAD
BBB BBB
BBC BBC
BCB BCB
BCD BCD
BDD BDD
CAD CAD
CBB CBB
CBC CBC
CCB CCB
CCD CCD
CDD CDD
DAD DAD
DBB DBB
DBC DBC
DCB DCB
DCD DCD
DDD DDD
EAD EAD
EBB EBB
EBC EBC
ECB ECB
ECD ECD
EDD EDD
FAD FAD
FBB FBB
FBC FBC
FCB FCB
FCD FCD
FDD FDD
