USG EMJ HOD STN BYF AKT TIB QFZ WIF OEK TFP DPP OKD BJT ZBM DZG SCZ KHL KXU PST CMD QUA WRP EMI IRG FPK UWO WSF XIG RAI GIG DZD VKQ NMY OJJ MBE LYL SJL IUT KND GJX BFD POT STT ZLI KJA IUL UQJ VFE NRV TWC USG
51
USG
QUA QUA
OEK OEK
KJA KJA
WSF WSF
DZG DZG
IUT IUT
VKQ VKQ
KND KND
BFD BFD
TIB TIB
NMY NMY
GIG GIG
KXU KXU
STT STT
TFP TFP
OKD OKD
ZLI ZLI
RAI RAI
HOD HOD
VFE VFE
FPK FPK
DZD DZD
ZBM ZBM
BYF BYF
STN STN
DPP DPP
MBE MBE
NRV NRV
CMD CMD
UQJ UQJ
WRP WRP
IRG IRG
QFZ QFZ
EMJ EMJ
SJL SJL
TWC TWC
SCZ SCZ
BJT BJT
GJX GJX
LYL LYL
EMI EMI
WIF WIF
KHL KHL
PST PST
OJJ OJJ
XIG XIG
UWO UWO
IUL IUL
AKT AKT
POT POT
