Soda Hildebrand DoeLibrary VLSB Cheit BarkerHall Etcheverry HearstMiningCircle Foothill Simon McCone HearstFieldAnnex Bechtel Giannini Blackwell Gilman Observatory Stanley Boalt Campbell Koshland Senior Dwinelle Jacobs Hertz McLaughlin HaasPavilion Pitzer Moses EdwardsStadium LifeSciences ClarkKerr Wheeler SproulPlaza MLK GreekTheatre Stern NorthGate Haste MemorialStadium KrutchTheater Morgan Insectary Bowles LeConte Cory Soda
46
Soda
Bechtel Bechtel
Boalt Boalt
Cheit Cheit
Cory Cory
Dwinelle Dwinelle
Etcheverry Etcheverry
Giannini Giannini
GreekTheatre GreekTheatre
Haste Haste
HearstMiningCircle HearstMiningCircle
LifeSciences LifeSciences
McLaughlin McLaughlin
Jacobs Jacobs
KrutchTheater KrutchTheater
Hildebrand Hildebrand
MLK MLK
Moses Moses
Observatory Observatory
Senior Senior
SproulPlaza SproulPlaza
Stern Stern
VLSB VLSB
Wheeler Wheeler
BarkerHall BarkerHall
Blackwell Blackwell
Campbell Campbell
Bowles Bowles
ClarkKerr ClarkKerr
DoeLibrary DoeLibrary
EdwardsStadium EdwardsStadium
Foothill Foothill
Gilman Gilman
HaasPavilion HaasPavilion
HearstFieldAnnex HearstFieldAnnex
Hertz Hertz
Insectary Insectary
Koshland Koshland
LeConte LeConte
McCone McCone
MemorialStadium MemorialStadium
Morgan Morgan
NorthGate NorthGate
Pitzer Pitzer
Simon Simon
Stanley Stanley
