71 37 60 44 53 70 57 9 65 96 38 48 43 84 43 99 6 32 55 93 77 58 66 62 45 94 15 75 19 75 61 39 3 28 97 13 97 28 3 39 52 86 18 27 9 65 96 65 9 0 9 65 94 15 75 87 61 87 7 99 25 30 36 2 33 81 95 21 50 63 80 79 31 41 88 83 5 11 5 83 88 20 74 19 75 61 39 3 14 54 49 54 14 3 39 52 86 18 86 52 85 52 86 56 86 89 59 29 16 11 35 11 16 24 34 69 40 47 26 47 10 47 67 42 70 53 44 60 37 91 64 91 37 60 37 71
48
0 0
2 2 36
5 5
6 6
7 7
56 78
10 10 47
11 11
71
13 13
14 54
15 15
18 18
19 19
21 21
24 24
26 26
28 28
29 29
30 30
32 55
33 33
35 35
38 38
39 39
41 41
42 42 70
45 45
49 49
50 50
53 53
59 59
60 60
61 61
64 64
65 65
66 66
69 69
74 74
77 77
79 79
81 95
83 88
84 84
85 85
87 87
94 94
96 96
