f ll m qq ssssss qqqqq zzz fffffff llllllll sss bbbbbbbb dddddddd a eeee rrrrrr c ttttt hhhh ff wwww jjjj aaaaa mmmmmmmm q ee ggggg uu aaa rr ffffffff s wwwwwww vv d iii ggg sssss ssss kkk xxx f
40
ssss ssss
d nnnn
aaaaa pp aaaaa
ll ss
a a
rr w qqqqqq
uu xxxxxx uu
sssss v
aaa aaa vvvv p
qqqqq j
kkk lllll
eeee eeee
dddddddd dddddddd
zzz zzz uuuuu
mmmmmmmm rrrrrrrr
ttttt ttttt
f f
iii iii
s s
ff ff
ggggg ggggg
llllllll llllllll
rrrrrr qqqqqqq jjjjjjj rrrrrr
ssssss ssssss llllll
m m z
xxx xxx
ee hhh
c c
hhhh hhhh
bbbbbbbb bbbbbbbb
sss sss
vv vv
qq qq
ggg ggg
wwww wwww
ffffffff ffffffff
fffffff fffffff
jjjj jjjj
q q
wwwwwww wwwwwww
