99 4 99 68 96 82 46 41 46 82 96 72 71 72 9 95 35 99 68 11 42 11 88 36 88 11 68 90 19 45 19 26 19 23 58 43 17 8 2 8 2 33 48 47 48 33 16 12 81 31 38 33 16 78 39 78 29 0 29 78 16 33 16 93 30 75 5 32 5 19 40 19 23 24 1 15 14 15 88 11 13 11 88 36 37 36 88 11 68 96 82 46 84 7 34 7 22 10 79 98 21 36 88 11 68 99 89 44 89 6 3 61 18 63 49 63 18 61 3 58 23 19 90 68 99
46
0 0
1 1
2 2
3 3 20
4 4
5 5
6 6
7 7
8 8
9 9
10 10
11 11
12 12
13 13
14 14 15
16 16
17 17
18 18
19 19
21 21
22 22
23 23
24 24
45 25 45
26 26
71 27
37 28 37
29 29
30 30
31 31
32 32
33 33
34 34
35 35
36 36
38 38
39 39
40 40
41 41
42 42
43 43
44 44
46 46
47 48 47
49 49
99
