Egsmith Whittree Alfchester Whittree Stainby Brackbrough Wenbeck Brackbrough Stainby Wenwold Sudtree Leathermere Sudtree Flitgrove Chelmbeck Wychbeck Wywick Wychbeck Staplake Shaftbridge Penborne Shaftbridge Burfield Durnell Blanworth Stainbrough Egtree Chelmden Egtree Shaftsted Barnton Ashbourne Stapbeck Waltditch Wenside Burbourne Sodey Egavon Wychbourne Wychnell Wychbourne Cookford Farnsmith Ashdown Shaftbage Edgey Hurstlow Chelmwang Wychsmith Wetwick Nortley Sudwich Pemlow Sudwich Ashbourne Barnton Egsmith Waltditch Egsmith
37
Egsmith
Chelmden Chelmden
Barnton Barnton
Leathermere Leathermere
Chelmbeck Chelmbeck
Alfchester Alfchester
Wychsmith Wychsmith
Brackbrough Brackbrough
Nortley Nortley
Wychbourne Wychbourne
Penborne Penborne
Egavon Egavon
Wywick Wywick
Chelmwang Chelmwang
Ashdown Ashdown
Shaftbridge Shaftbridge
Stainbrough Stainbrough
Stapbeck Stapbeck
Waltditch Waltditch
Wenside Wenside
Wenwold Wenwold
Egtree Egtree
Stainby Stainby
Shaftbage Shaftbage
Staplake Staplake
Ashbourne Ashbourne
Wenbeck Wenbeck
Wychbeck Wychbeck
Cookford Cookford
Sudtree Sudtree
Farnsmith Farnsmith
Wychnell Wychnell
Flitgrove Flitgrove
Pemlow Pemlow
Edgey Edgey
Burbourne Burbourne
Wetwick Wetwick
