Warfield Basringney Suddlecombe Chippingsted Elmswang Millendon Windling Dribblewick Worhall Suddleborne Cammerrensmoor Wyborne Cambingstoke Wyborne Chedberdon Suddleover Chedtree Siringwang Chedtree Burglebrough Sudsmith Elmansham Pendingbrook Suddlecastle Pendingbrook Ketsmith Whitchester Ketsmith Ashfield Ketport Faldinghead Pendlewood Horstlescompstoke Suddlecombe Ellingreham Suddlecombe Northall Ciditch Stainbrough Fulbourne Southbasport Elcompbridge Chiphead Elcompbridge Southbasport Fulbourne Stainbrough Worberbrook Dartseyworth Chedderrenswich Cannerthorne Tipwick Ashborne Hannenmanswick Ashborne Tipwick Cannerthorne Todtree Cicombe Hammenshead Chilbury Brackcompwang Chelmstanwell Hammerringey Skelling Hammerringey Barndberbrough Skellingden Falport Botherseyworth Falport Cicombe Hammenshead Bastleseyham Dribbingworth Leatherbleside Dribbingworth Worhall Todtree Cannerthorne Soddlewick Cannerthorne Warfield
47
Barndberbrough Barndberbrough
Suddlecastle Suddlecastle
Chedtree Chedtree
Ashfield Ashfield
Suddleborne Suddleborne
Soddlewick Soddlewick
Chippingsted Chippingsted
Ellingreham Suddlecombe Ellingreham
Burglebrough Burglebrough
Suddleover Suddleover
Elmansham Elmansham
Worberbrook Worberbrook
Whitchester Whitchester
Warfield Warfield
Chilbury Chilbury
Cambingstoke Cambingstoke
Ketport Ketport
Windling Windling
Leatherbleside Leatherbleside
Cammerrensmoor Cammerrensmoor
Botherseyworth Botherseyworth
Tipwick Ashborne Tipwick
Chelmstanwell Chelmstanwell
Horstlescompstoke Horstlescompstoke
Pendlewood Pendlewood
Pendingbrook Pendingbrook
Hannenmanswick Hamsling Hannenmanswick
Chiphead Chiphead
Cicombe Cicombe
Skellingden Skellingden
Brackcompwang Brackcompwang
Dribbingworth Dribbingworth
Stainbrough Stainbrough
Todtree Todtree
Bastleseyham Bastleseyham
Chedderrenswich Chedderrenswich
Hammerringey Hammerringey
Falport Falport
Southbasport Southbasport
Wyborne Wyborne
Worhall Worhall
Siringwang Siringwang
Northall Northall
Millendon Millendon
Sudsmith Sudsmith
Basringney Basringney
Skelling Skelling
