SantaClarita Carrollton Stockton Pomona Allentown Stockton Indianapolis Austin Wichita Omaha Ontario Boston Hartford LongBeach Hartford Allentown Stockton Indianapolis Austin PembrokePines Austin Indianapolis Frisco LexingtonFa Frisco Victorville Concord Lubbock SanDiego Stamford Berkeley Akron Chandler SanDiego Henderson FortWayne Torrance Hartford LouisvilleJefferson Hartford Sunnyvale Surprise WestValleyCity RanchoCucamonga StPetersburg Orlando LosAngeles OklahomaCity Lafayette OklahomaCity Newark Alexandria Worcester Alexandria Bellevue Irvine HuntingtonBeach Irvine Fayetteville Independence SiouxFalls Independence Modesto Memphis Yonkers Thornton NewportNews Thornton Huntsville Thornton Midland Thornton Shreveport Victorville GardenGrove Carrollton SantaClarita
43
Worcester Alexandria Garland Worcester
Yonkers Yonkers
Ontario Ontario
Midland Midland
Sunnyvale Visalia Sunnyvale
Boston Boston
Allentown Allentown
Stamford Stamford
Fayetteville Fayetteville
Bellevue Bellevue
LosAngeles LosAngeles
Indianapolis Indianapolis
Victorville Victorville
LexingtonFa LexingtonFa
SanDiego Waco StLouis
NewportNews NewportNews Beaumont
StPetersburg StPetersburg
PembrokePines PembrokePines
Independence Independence
Omaha Omaha
Chandler Paterson
SiouxFalls SiouxFalls
Stockton Stockton
WestValleyCity WestValleyCity Washington
Austin Austin
Pomona Pomona
Henderson Henderson
LongBeach LongBeach Hartford
Lubbock Concord
SantaClarita
HuntingtonBeach Scottsdale
Lafayette Lafayette
Huntsville Huntsville
Shreveport Shreveport
GardenGrove GardenGrove
Orlando Orlando Brownsville
Newark Newark
Surprise Surprise
Carrollton Carrollton
LouisvilleJefferson LouisvilleJefferson
Wichita Wichita
OklahomaCity OklahomaCity
RanchoCucamonga RanchoCucamonga
