vLeODpVlYSBeYNDYoXha uyPyJzKFqWxgSNmpkDrB zxeoSbTqbWPpSzalAtBI dyUDfEGgAoSshTRjMZZg klkbOWCZrzPBFVDxhNbj VhDSPHxolLkNxxDnpUyx PLDOWRIeaCSVLMyDadzC VhDSPHxolLkNxxDnpUyx SouQfuEdAivolPXFbygH LGqbVTsFMANIedVHAALW WCCOEUYmDvzZlrkDAqoi FEqXJcVrZfnSsHEUPhnl QkAjrUUuVdzSMnlfJLcO NciLXNPTvMoXdbTDZmlg pXmHARurXTsCnWboCjaq fvEcAuRDdfuHEPLNpaTz sXfgLMwoysnMazVSWnhc sdSgCnaZeeOuPKljZOSr FEqXJcVrZfnSsHEUPhnl jwIBHKkXHTPVsOJwBOsr VhDSPHxolLkNxxDnpUyx fPxvnMVMFwhJbNBURdgD ZbyHJLmoTqNpTnlUVJZC aCucdhmWbhlrgfstQigR BXzACdzjLITNgbmDPlEu fvYrLpgzqLNOAQbahgax McOZQehrTygkGidmwyMe DWWCMAjZQQIEKOIiHFQN cZgmtoPGHxdozTaDMiyf TwgqMzgExFHTIfcwfBnr wRjMmrpRuknxqunJrMAE DqUxIMslnixWfmkjQTmS wRjMmrpRuknxqunJrMAE TwgqMzgExFHTIfcwfBnr xQaDpDGAXhDYzSMnMWvb FEqXJcVrZfnSsHEUPhnl ASXwCgVTXDdhSXJwFovC LeLGVrNGvkwLbzIWTNFP ajvbaFpYiEBJySPsSLaI sBkAYRISjTYinLFSNcKW vGdJmIpYPUGRspXiVLdc fPxvnMVMFwhJbNBURdgD VhDSPHxolLkNxxDnpUyx fPxvnMVMFwhJbNBURdgD FqdjKgdpEanmCnmxJMFA TCAkluAESUWAMGFeNcGN FcEsyaTmqpoyvbDrHjlc TCAkluAESUWAMGFeNcGN MlwlINEFqmyzZNPXRLJF tVzUgXVoBYxBMnkkwFmk MlwlINEFqmyzZNPXRLJF zxeoSbTqbWPpSzalAtBI pdXCnKagnvEntNTuPHdK oCvaAQKOXXWgeSNnUmae OVoYVQPnlYoZBBKtyuLk WWpSpmTaSazKGIcNlBvp ruLqpYqEzGGiKysvsarb ybrQlUhznqOhsvndWAbl NAHeKyyhAObyyUEUSkSU gMqbbwopmbxmOomqZjfm QkAjrUUuVdzSMnlfJLcO gMqbbwopmbxmOomqZjfm CmbFyJmcvVqyCmJgQxeI fHcdXnOxSadpKeCUwNYm fvEcAuRDdfuHEPLNpaTz ROtRYAvFkNWuCvofIroy jzQJaGLLiuQLhhyqBagr iBYHAWUhqeQPjphQzpdN mevvwcZLudaokctOWvKe mlipOrSnGcxXtoXBbRyl iDucfyZGMCbCQbXjbQqM CfkBzkPETvagyIDCsLTD DDEuYWXXufMefzDjgEFm gzxzakmqbxbsOczuQVLG gEufXNuuWhnlbNYaoQFJ gzxzakmqbxbsOczuQVLG wRjMmrpRuknxqunJrMAE gzxzakmqbxbsOczuQVLG gIttwvzcgONwFblnGIqq gMqbbwopmbxmOomqZjfm UgFPXEAdAfcfHGIbNTsq gMqbbwopmbxmOomqZjfm AdXveYSBaneNwCQzrdSw CPszTohYUHARNedzFlDK WWpSpmTaSazKGIcNlBvp ubTtmhAXQixwuFvQluYa RjKEHTlRvtaVBbyqZVAw QQSjCkgLAWAPObYQvNsB qbmGewAditsWkTFHdxjP LOMgYipCQQXQnRqEqRwO vLeODpVlYSBeYNDYoXha
49
vLeODpVlYSBeYNDYoXha
fvEcAuRDdfuHEPLNpaTz fvEcAuRDdfuHEPLNpaTz
ybrQlUhznqOhsvndWAbl ybrQlUhznqOhsvndWAbl
CfkBzkPETvagyIDCsLTD CfkBzkPETvagyIDCsLTD
QQSjCkgLAWAPObYQvNsB QQSjCkgLAWAPObYQvNsB
AdXveYSBaneNwCQzrdSw AdXveYSBaneNwCQzrdSw
gzxzakmqbxbsOczuQVLG gzxzakmqbxbsOczuQVLG
VhDSPHxolLkNxxDnpUyx VhDSPHxolLkNxxDnpUyx
zxeoSbTqbWPpSzalAtBI zxeoSbTqbWPpSzalAtBI
gEufXNuuWhnlbNYaoQFJ gEufXNuuWhnlbNYaoQFJ
xQaDpDGAXhDYzSMnMWvb xQaDpDGAXhDYzSMnMWvb
mlipOrSnGcxXtoXBbRyl NVEtShKeuxpaFIOiyVqE mlipOrSnGcxXtoXBbRyl
RjKEHTlRvtaVBbyqZVAw RjKEHTlRvtaVBbyqZVAw
ASXwCgVTXDdhSXJwFovC ASXwCgVTXDdhSXJwFovC
QkAjrUUuVdzSMnlfJLcO QkAjrUUuVdzSMnlfJLcO
dyUDfEGgAoSshTRjMZZg dyUDfEGgAoSshTRjMZZg
TwgqMzgExFHTIfcwfBnr TwgqMzgExFHTIfcwfBnr
ajvbaFpYiEBJySPsSLaI fToHwimUqLsKcKLZHiUX
BXzACdzjLITNgbmDPlEu BXzACdzjLITNgbmDPlEu
wRjMmrpRuknxqunJrMAE iBjjCWwkYToOKfrrLnny
cZgmtoPGHxdozTaDMiyf cZgmtoPGHxdozTaDMiyf
jzQJaGLLiuQLhhyqBagr jzQJaGLLiuQLhhyqBagr
iDucfyZGMCbCQbXjbQqM iDucfyZGMCbCQbXjbQqM
jwIBHKkXHTPVsOJwBOsr jwIBHKkXHTPVsOJwBOsr
pdXCnKagnvEntNTuPHdK pdXCnKagnvEntNTuPHdK
MlwlINEFqmyzZNPXRLJF MlwlINEFqmyzZNPXRLJF
ruLqpYqEzGGiKysvsarb ruLqpYqEzGGiKysvsarb
qbmGewAditsWkTFHdxjP cvlwIwajcIlbhZbyFgmq
NciLXNPTvMoXdbTDZmlg NciLXNPTvMoXdbTDZmlg
PLDOWRIeaCSVLMyDadzC PLDOWRIeaCSVLMyDadzC
gIttwvzcgONwFblnGIqq gIttwvzcgONwFblnGIqq
DqUxIMslnixWfmkjQTmS TqyFrXuGvuBuqnpYbjKc DqUxIMslnixWfmkjQTmS
aCucdhmWbhlrgfstQigR aCucdhmWbhlrgfstQigR
NAHeKyyhAObyyUEUSkSU NAHeKyyhAObyyUEUSkSU
iBYHAWUhqeQPjphQzpdN iBYHAWUhqeQPjphQzpdN
sBkAYRISjTYinLFSNcKW sBkAYRISjTYinLFSNcKW
fPxvnMVMFwhJbNBURdgD fPxvnMVMFwhJbNBURdgD
CPszTohYUHARNedzFlDK CPszTohYUHARNedzFlDK
sXfgLMwoysnMazVSWnhc sXfgLMwoysnMazVSWnhc
UgFPXEAdAfcfHGIbNTsq UgFPXEAdAfcfHGIbNTsq
FcEsyaTmqpoyvbDrHjlc FcEsyaTmqpoyvbDrHjlc
gMqbbwopmbxmOomqZjfm gMqbbwopmbxmOomqZjfm
fHcdXnOxSadpKeCUwNYm fHcdXnOxSadpKeCUwNYm
WCCOEUYmDvzZlrkDAqoi WCCOEUYmDvzZlrkDAqoi
OVoYVQPnlYoZBBKtyuLk OVoYVQPnlYoZBBKtyuLk
CmbFyJmcvVqyCmJgQxeI CmbFyJmcvVqyCmJgQxeI
uyPyJzKFqWxgSNmpkDrB uyPyJzKFqWxgSNmpkDrB
tVzUgXVoBYxBMnkkwFmk tVzUgXVoBYxBMnkkwFmk
DWWCMAjZQQIEKOIiHFQN DWWCMAjZQQIEKOIiHFQN
