Jingzhou Pundong Ketrzyn SanJosedeOcoa Tottori Thamaga Rembangan RioFormoso Rembangan Thamaga Rembangan AzZuwaytinah Khabarovsk Crespo Chambersburg FortLauderdale Colachel Jeypore Sarzedo Sanaa Manduria Khangarh Srinagar Entroncamento TarguSecuiesc JabalosSaraj Frosinone Radnor Frosinone Ouarzazat Veenendaal Shizunaifurukawacho Veenendaal Chittaranjan NiagaraFalls elCampello Shumen Ermelo Sapele Kirovsk KrasnoyeSelo Tabatinga Carmichael Carouge Kheri Veenendaal Depok CoonRapids Sagalo CoonRapids Malnate Kabarnet BurgbeiMagdeburg Eregli Bejucal Ronse Frosinone Chegem Lysva Shively Rangae SaintMichael Rembangan Ibri BeneBeraq Gangtok TanahMerah LondonderryCountyBor Ghugus Jingzhou
51
Jingzhou
Sagalo Sagalo
Ghugus Ghugus
Sarzedo Sarzedo
Khabarovsk Khabarovsk
JabalosSaraj JabalosSaraj
SanJosedeOcoa SanJosedeOcoa
elCampello elCampello
Chegem Chegem
Manduria Manduria
Tottori Tottori
Sanaa Sanaa
SaintMichael SaintMichael
RioFormoso RioFormoso
Ketrzyn Ketrzyn
Crespo Crespo
AzZuwaytinah AzZuwaytinah
Kirovsk Kirovsk
Ermelo Ermelo
Thamaga Thamaga
Srinagar Srinagar
Shively Shively
Rembangan Rembangan
Ronse Ronse
LondonderryCountyBor LondonderryCountyBor
Radnor Radnor
Ouarzazat Ouarzazat
CoonRapids CoonRapids
Lysva Lysva
Entroncamento Entroncamento
Colachel Colachel
Rangae Rangae
Tabatinga Tabatinga
BeneBeraq BeneBeraq
Ibri Ibri
Gangtok Gangtok
Carouge Carouge
Shumen Shumen
Chittaranjan Chittaranjan
Jeypore Jeypore
Malnate Malnate
BurgbeiMagdeburg BurgbeiMagdeburg
Kabarnet Kabarnet
FortLauderdale FortLauderdale
Shizunaifurukawacho Shizunaifurukawacho
Veenendaal Veenendaal
Depok Depok
TanahMerah TanahMerah
Bejucal Bejucal
Kheri Kheri
Carmichael Carmichael
