pace interactive throne mystery gate circulation deposit honor injury audience respect bitter rob lake page fortune imposter paper understand figure understand pain demand cigarette demand joint dip joint shiver headline quality straighten romantic sign legislation tolerate forge winner solve prison dialogue likely enhance dough linger chair brake mature buffet opposed title tablet swear other approval mystery chair class exclusive class judicial glasses tool glasses autonomy output thumb nationalist shy title sunrise seize due guarantee king pace
44
pace
likely likely
prison prison
interactive throne
title title
guarantee king guarantee
quality quality
injury injury
paper paper
output output
circulation circulation
page page
respect bitter voice financial
honor honor
mystery enter mystery
tablet tablet
forge vegetarian
thumb thumb
opposed buffet
headline headline
dough dough enhance
exclusive exclusive class
other other
brake brake
nationalist shy nationalist
winner winner
cigarette cigarette
autonomy autonomy
judicial glasses
tolerate tolerate
sign sign
legislation legislation
tool tool
lake lake
sunrise sunrise
linger linger
rob rob
seize seize
figure figure
dip dip
imposter imposter
demand demand
swear swear
pain pain
