9iIwk jASvw 9iIwk h2rea 9iIwk jASvw 0GdkR jASvw 9iIwk 5R5Xa rrNj1 Esl6u fS0W8 k64Ok ZgtaX TI54i ZgtaX iCgvV ZgtaX k64Ok fS0W8 Esl6u rrNj1 0mah3 ChXAd 9iIwk jASvw iEXNY Mj2eQ ZzWHp Mj2eQ 1xmtC qkJ6b QVYVG 7G74f QVYVG RKW0P jYfXn Ew56P LZomt QVYVG knY3U vE0Pj knY3U jAwQw aHGHb jAwQw knY3U y89SK 1uRw3 WJNpN YH6mk 5ioW1 XZKtP 5ioW1 YH6mk Y7IDR WJNpN 5VT1H WJNpN AgYPL WJNpN 1uRw3 FbFgI 1pxZM q0lus jT5CK HOs1b QVYVG RhUVQ QVYVG HOs1b 1xmtC 5R5Xa 9iIwk
31
XZKtP 5ioW1 bXinH Be0ab XZKtP dw7aX
Ew56P SgDk6
Mj2eQ Mj2eQ
ZzWHp ZzWHp
7G74f 7G74f
TI54i pXCjI
iEXNY iEXNY
ZgtaX veOJ7 JgjFI Vake4 ZgtaX
1xmtC 1xmtC XYzcU qkJ6b
LZomt LZomt
y89SK Ri2t4 y89SK
jYfXn jYfXn
Y7IDR 4a0W8 Y7IDR
jT5CK 5BDPJ jT5CK
jASvw jASvw
fS0W8 BnAjj fS0W8 p9vQm
5R5Xa 5R5Xa
9iIwk 9iIwk
FbFgI 1uRw3
h2rea h2rea
YH6mk YH6mk
RhUVQ RhUVQ
0GdkR oqPYQ 0GdkR
1pxZM 1pxZM
jAwQw jAwQw
AgYPL tnjfN AgYPL
vE0Pj vE0Pj
ChXAd 1eRkH ChXAd
aHGHb WGJpQ kmzhT aHGHb
5VT1H 5VT1H
iCgvV iCgvV
