Abbey Tanya Beatrice Avni Riley Kayley Matilda Kristina Lisa Shannon Lilia Nora Ayanna Helen Jamiya Rebecca Isabella Dana Tara Yoselin Karma Eden Haven Mira Mckinley Sophia Kiera Liberty Lillie Kimberly Rayna Marisol Harley Ruth Presley Alexia Maeve Carlee Lana Vivian Jordin Abbey
41
Abbey
Alexia Alexia
Avni Avni
Ayanna Ayanna
Beatrice Beatrice
Carlee Carlee
Dana Dana
Eden Eden
Harley Harley
Haven Haven
Helen Helen
Isabella Isabella
Jamiya Jamiya
Jordin Jordin
Karma Karma
Kayley Kayley
Kiera Kiera
Kimberly Kimberly
Kristina Kristina
Lana Lana
Liberty Liberty
Lilia Lilia
Lillie Lillie
Lisa Lisa
Maeve Maeve
Marisol Marisol
Matilda Matilda
Mckinley Mckinley
Mira Mira
Nora Nora
Presley Presley
Rayna Rayna
Rebecca Rebecca
Riley Riley
Ruth Ruth
Shannon Shannon
Sophia Sophia
Tanya Tanya
Tara Tara
Vivian Vivian
Yoselin Yoselin
