create magnitude steward crew basketball perception mechanism nationalism community pride creation pastel fuss childish company minimize adult line prove celebration exotic direct cancel colon concern deck pupil farewell ballot bracket breakin battery think predict hide absorption contract dose merit maze linear belief feign accessible scrap top skip suffer tin transmission appear create
51
concern concern
company company
top top
belief belief
hide hide
basketball basketball
battery battery
pastel pastel
crew crew
linear linear
adult adult
minimize minimize
farewell farewell
ballot ballot
scrap scrap
appear appear
creation creation
deck deck
perception perception
childish childish
exotic exotic
think think
skip skip
community community
tin tin
suffer suffer
merit merit
colon colon
bracket bracket
breakin breakin
prove prove
pride pride
nationalism nationalism
magnitude magnitude
transmission transmission
contract contract
mechanism mechanism
cancel cancel
direct direct
line line
absorption absorption
dose dose
predict predict
feign feign
accessible accessible
maze maze
pupil pupil
fuss fuss
celebration celebration
steward steward
create
