location4 location26 location48 location16 location17 location32 location24 location69 location9 location7 location37 location0 location53 location54 location91 location60 location1 location15 location79 location21 location59 location99 location36 location57 location2 location55 location3 location41 location14 location4
29
location0 location0 location43 location70
location1 location1 location98 location68 location76
location2 location2
location3 location81 location89 location3
location4 location88 location4
location79 location77 location79
location32 location6
location7 location66
location9 location86
location24 location24 location34 location56 location13
location36 location11 location36
location14 location62
location15 location93 location15
location16 location16
location17 location47
location21 location61 location94
location26 location23
location60 location50 location60
location99 location99 location28 location38
location37 location37
location54 location44 location54
location59 location95
location41 location78
location48 location74
location53 location53
location55 location55
location57 location57 location83 location85
location69 location69
location91 location91
