loc0 loc12 loc82 loc36 loc62 loc36 loc68 loc87 loc20 loc87 loc44 loc87 loc56 loc84 loc42 loc88 loc42 loc8 loc51 loc70 loc24 loc46 loc3 loc90 loc32 loc60 loc4 loc48 loc6 loc74 loc12 loc14 loc66 loc58 loc99 loc16 loc63 loc92 loc27 loc38 loc18 loc52 loc96 loc39 loc86 loc39 loc64 loc39 loc80 loc78 loc34 loc78 loc2 loc0
42
loc0 loc0
loc60 loc60
loc2 loc2
loc3 loc30
loc4 loc4
loc6 loc6
loc8 loc8
loc66 loc66
loc48 loc48 loc10 loc50
loc12 loc12
loc14 loc14
loc16 loc16
loc18 loc18
loc20 loc20
loc78 loc26 loc78 loc22
loc24 loc24
loc63 loc98 loc28
loc32 loc32
loc34 loc34
loc36 loc36
loc38 loc38
loc39 loc72 loc54 loc94
loc51 loc40 loc76
loc42 loc42
loc44 loc44
loc46 loc46
loc52 loc52
loc56 loc56
loc58 loc58
loc62 loc62
loc64 loc64
loc68 loc68
loc70 loc70
loc74 loc74
loc80 loc80
loc82 loc82
loc84 loc84
loc86 loc86
loc88 loc88
loc90 loc90
loc92 loc92
loc96 loc96
