0 5 1 2 3 7 6 12 17 23 28 34 39 34 29 24 18 13 8 13 17 22 27 33 38 44 49 48 43 47 52 56 61 66 62 63 64 69 68 73 77 82 86 91 96 92 93 94 89 84 83 82 81 85 90 85 80 75 70 65 61 55 56 57 58 64 58 53 47 46 45 46 47 46 41 35 30 35 36 37 42 46 52 47 43 38 44 38 34 28 24 18 13 12 16 21 20 15 10 5 0
48
0 0
2 2
3 3
5 11 5
6 6
7 7
8 8
10 10
13 13
16 16
17 17
18 18
20 20
21 21
24 24
29 29
30 30
34 34
35 35
37 37
38 38
39 39
41 41
43 43
44 44
45 45
46 46
47 47
48 48
49 49
52 52
55 55
57 57
61 61
63 63
64 64
65 65
66 66
69 69
70 70
83 83
85 85
89 89
90 90
91 91
92 92
94 99 94
96 96
