start a3 start h2 h26 h3 h25 h24 h23 h4 h22 h21 h19 h18 h6 h17 h16 h12 h13 h12 h11 h10 h9 h8 h1 start e1 e18 e25 e15 e24 e12 e23 e10 e22 e8 e6 e4 e21 e4 e3 e20 e2 e19 e1 start a5 a4 a2 a1 start d3 d4 d5 d4 d3 d1 start c3 c8 c11 c20 c36 c35 c31 c33 c31 c27 c26 c28 c29 c30 c23 c21 c20 c17 c20 c11 c12 c13 c15 c13 c10 c9 c8 c3 c5 c3 c1 c3 start
35
start
c1 c1
c5 c5
c10 c10
c13 c13
c15 c15
c17 c17
c21 c21
c23 c23
c26 c26
c27 c27
c31 c31
c33 c33
d1 d1
d4 d4
d5 d5
a1 a1
a2 a2
a3 a3
a4 a4
a5 a5
e19 e19
e20 e20
e21 e21
e22 e22
e23 e23
e24 e24
e25 e25
h9 h9
h13 h13
h17 h17
h18 h18
h22 h22
h24 h24
h26 h26
