l0 h18 h32 h29 l30 h27 l30 h28 l30 h23 h19 l39 h2 h31 h30 h48 h30 h20 h30 h21 h22 h21 l38 h11 h9 h7 h10 h12 h13 h33 h47 h26 h14 l12 l5 h15 l5 l12 l5 h38 l32 l5 l12 h17 h37 h40 h47 h34 h35 h41 l36 h46 l36 l13 h39 h25 l8 h24 h3 h45 l1 h8 l40 h4 h6 h42 h7 h12 h49 h0 l0
46
l0 h1
h12 h12
l12 h16
h25 h25 h44
l32 h36
l36 h41
h0 h0
h2 h2
h3 h3 h5
h4 h4
h6 h6
h7 h7
h8 h8
h9 h9
h10 h10
h11 h11
h13 h13
h14 h14
h15 h15
h17 h17 h43
h18 h18
h19 h19
h20 h20
h21 h30 h21
h22 h22
h23 h23
h24 h24
h26 h26
h27 h27
h28 h28
h29 h29
h31 h31
h32 h32
h33 h33
h34 h34
h35 h35
h37 h37
h38 h38
h39 h39
h40 h40
h42 h42
h45 h45
h46 h46
h47 h47
h48 h48
h49 h49
