zero six seven fourteen thirteen twenty twentyone fifteen twentytwo twentythree thirty twentynine thirtyfive thirtyfour thirtythree thirtytwo thirtynine thirtyeight thirtyseven thirtysix thirtyseven fortyfour fortyfive fortysix fortyseven fortyeight fiftyfive fiftysix fifty fiftyone fiftytwo fiftythree sixty sixtyone sixtytwo sixtythree fiftyseven fiftyeight sixtyfive sixtysix sixtyseven sixtyeight sixtynine seventy seventyseven seventyone seventyseven seventysix seventyfive eightytwo eightyone eighty seventynine seventyeight eightyfour eightythree eightytwo eightynine eightyeight eightyseven eightyeight ninetyfive eightyeight eightyone seventyfour sixtyseven sixty fiftythree fortysix thirtynine thirtytwo twentyfive twentyfour seventeen ten eleven twelve five four three two zero
51
zero
two two
three three
four four
five five
six six
ten ten
twelve twelve
fourteen fourteen
fifteen fifteen
twenty twenty
twentytwo twentytwo
twentyfour twentyfour
twentyfive twentyfive
twentynine twentynine
thirty thirty
thirtythree thirtythree
thirtyfour thirtyfour
thirtyfive thirtyfive
thirtysix thirtysix
thirtyseven thirtyseven
thirtynine thirtynine
fortyfour fortyfour
fortyfive fortyfive
fortyseven fortyseven
fortyeight fortyeight
fifty fifty
fiftyone fiftyone
fiftythree fiftythree
fiftyfive fiftyfive
fiftyseven fiftyseven
sixty sixty
sixtyone sixtyone
sixtytwo sixtytwo
sixtyfive sixtyfive
sixtysix sixtysix
sixtyseven sixtyseven
sixtyeight sixtyeight
seventy seventy
seventyone seventyone
seventyfive seventyfive
seventyseven seventyseven
seventyeight seventyeight
seventynine seventynine
eightyone eightyone
eightytwo eightytwo
eightyfour eightyfour
eightyseven eightyseven
eightyeight eightyeight
eightynine eightynine
ninetyfive ninetyfive
