Dannemora Fabius Norwich Franklinville Dansville Delevan Dansville Deferiet Fishers Forest Fishers Haviland Franklin Delhi Frewsburg Dunkirk Delanson Deer Florida Farmingville Florida Farnham Freeville Hancock Flower Oceanside Fair Oceanside Gasport Falconer Gardiner Friendship Gardiner Fulton Fairport Fulton Dexter Fairmount DeRuyter Frankfort Flanders Frankfort Delmar Germantown Galeville Fishkill Davis Forestville Freeport Ghent Depauville Fredonia Harbor Fayetteville Herkimer Hicksville Depew Geneva Fairview Hewlett Fleischmanns Fonda Hempstead Deposit Earlville Firthcliffe Earlville Fire Dannemora
51
Dannemora
Davis Davis
Dansville Dansville
Deer Deer
Deferiet Deferiet
Delanson Delanson
Delevan Delevan
Delhi Delhi
Delmar Delmar
Depauville Depauville
Depew Depew
Deposit Deposit
DeRuyter DeRuyter
Dexter Dexter
Dunkirk Dunkirk
Earlville Earlville
Fabius Fabius
Fair Fair
Fairmount Fairmount
Fairport Fairport
Fairview Fairview
Falconer Falconer
Farmingville Farmingville
Farnham Farnham
Fayetteville Fayetteville
Fire Fire
Firthcliffe Firthcliffe
Fishers Fishers
Fishkill Fishkill
Flanders Flanders
Fleischmanns Fleischmanns
Florida Florida
Flower Flower
Fonda Fonda
Forest Forest
Forestville Forestville
Frankfort Frankfort
Franklin Franklin
Franklinville Franklinville
Fredonia Fredonia
Freeport Freeport
Freeville Freeville
Frewsburg Frewsburg
Friendship Friendship
Fulton Fulton
Galeville Galeville
Gardiner Gardiner
Gasport Gasport
Geneva Geneva
Germantown Germantown
Ghent Ghent
