Waco SanAntonio MorenoValley OverlandPark AnnArbor SaltLakeCity Rochester Oski Irving SantaClara ChulaVista Lincoln Newark Lincoln Detroit DesMoines Aurora KansasCity Omaha KansasCity Aurora Richmond SanFrancisco AthensClarkeCounty OWO LexingtonFa Palmdale FortCollins Victorville StPaul Victorville SanBernardino Stamford Cary Stamford Clarksville Palmdale FortWayne Palmdale SterlingHeights OverlandPark Waco
26
Clarksville Clarksville
Cary Cary
AnnArbor AnnArbor
Richmond Richmond
FortWayne FortWayne
StPaul StPaul
SanAntonio SanAntonio
Rochester Rochester
FortCollins FortCollins
AthensClarkeCounty AthensClarkeCounty
LexingtonFa LexingtonFa
ChulaVista ChulaVista
Irving Irving
Newark Newark
Detroit Detroit
OWO OWO
SterlingHeights SterlingHeights
Waco
SanBernardino SanBernardino
MorenoValley MorenoValley
Omaha Omaha
SanFrancisco SanFrancisco
Stamford Stamford
SaltLakeCity SaltLakeCity
Lincoln Lincoln
Palmdale Palmdale
