Soda location25 location14 location16 location7 location10 location3 location21 location24 location6 location44 location15 location5 location28 location13 location46 location18 location22 location4 location2 location8 location1 location33 location12 location17 location23 location9 location19 location9 location20 Soda
25
Soda
location1 location1
location2 location2
location3 location3
location4 location4
location5 location5
location6 location6
location7 location7
location8 location8
location9 location9
location10 location10 location11
location12 location12
location13 location13
location14 location14
location15 location15
location16 location16
location17 location17
location18 location18
location19 location19
location20 location20
location21 location21
location22 location22
location23 location23
location24 location24
location25 location25
