Soda Irvine VictoryPoint Sacramento CafeTibet LosAngeles SantaBarbara FantasticComics Platano Cancun Riverside InternationalHouse DeltaDelta Venus BerkeleyHillel BerkeleyHigh AlphaChi Mars Saturn AlphaCentauri BayStreet Gregoire Pomona Jupiter Compton Ashby Perris Fontana Upland Emeryville Chino Whittier SanDiego SanBernardino SouthGate Tijuana SanMiguel MexicoCity Guadalajara Tuxcacuesco Talpa Jalisco TripleRock ElGrullo Myto Tuhuamixtel Kips Tang Rasputin DKingGallery CREAM Tako BAMPFA ChezPanisse SigmaKappa ChiOmega Soda
55
ChiOmega ChiOmega
SigmaKappa SigmaKappa
AlphaChi AlphaChi
DeltaDelta DeltaDelta
InternationalHouse InternationalHouse
BerkeleyHillel BerkeleyHillel
BerkeleyHigh BerkeleyHigh
Jupiter Jupiter
Mars Mars
Venus Venus
Saturn Saturn
AlphaCentauri AlphaCentauri
Gregoire Gregoire
BayStreet BayStreet
Emeryville Emeryville
Pomona Pomona
Compton Compton
Ashby Ashby
Perris Perris
Fontana Fontana
SanBernardino SanBernardino
Upland Upland
Chino Chino
Whittier Whittier
SouthGate SouthGate
Tijuana Tijuana
SanDiego SanDiego
Jalisco Jalisco
Guadalajara Guadalajara
SanMiguel SanMiguel
Tuxcacuesco Tuxcacuesco
Talpa Talpa
ElGrullo ElGrullo
MexicoCity MexicoCity
Tuhuamixtel Tuhuamixtel
Myto Myto
Kips Kips
TripleRock TripleRock
Rasputin Rasputin
CREAM CREAM
Tako Tako
Tang Tang
Cancun Cancun
DKingGallery DKingGallery
BAMPFA BAMPFA
Platano Platano
CafeTibet CafeTibet
FantasticComics FantasticComics
SantaBarbara SantaBarbara
Sacramento Sacramento
LosAngeles LosAngeles
Irvine Irvine
Riverside Riverside
VictoryPoint VictoryPoint
ChezPanisse ChezPanisse
