YuhuaEast TelokBlangahDrive CityHall Simpang ChinaSquare SerangoonNorth TagoreSindo Punggol BayfrontSubzone PeoplesPark OrangeGrove Geylang Matilda BedokSouth Trafalgar PasirRisPark Shipyard SembawangStraits OneTreeHill HongKah UpperThomson BedokNorth IstanaNegara HougangEast TampinesNorth JooSengPayaLebar Tanglin TuasPromenade SembawangEast TuasBay TiongBahru MonksHill MandaiEast Boulevard RochorCanal ChangiWest NatureReserve Sembawang EastCoast Sentosa TelokBlangahRise KampongUbi Brickworks Serangoon ClementiCentral Mandai PasirRis Mandai ChengSan BoonLayPlace LowerSeletar PearlsHill Woodgrove SungeiKadut Kembangan ChoaChuKang DefuIndustrialPark HougangCentral Saujana BoatQuay Aljunied YioChuKang BenoiSector MountPleasant PayaLebarEast Museum TohGuan PasirRisDrive ClementiNorth EvertonPark ReservoirView PulauPunggolTimor YioChuKangEast UluPandan Dunearn SembawangHills Dunearn KeatHong HongKahNorth SouthernIslands WestCoast TuasNorthPioneer Chatsworth InstitutionHill KentRidge Commonwealth SungeiRoad WaterwayEast SungeiRoad Kranji PangSua DairyFarm PeiChun JurongPort Mountbatten Northland WoodlandsWest BukitBatokSouth PasirPanjang2 SerangoonCentral JurongWestCentral OneNorth Anson AngMoKioTownCentre BukitTimah Port Khatib SimpangNorth Paterson SimpangNorth AlexandraNorth PunggolField Moulmein GeylangEast MountEmily KebunBahru Tampines PengSiang BukitBatokWest DhobyGhaut Cairnhill ChangiPoint PotongPasir SingaporeRiver SerangoonGarden Sennett YuhuaEast
100
Sentosa Sentosa
BedokNorth BedokNorth
SungeiKadut SungeiKadut
Geylang Geylang
SerangoonCentral SerangoonCentral
BayfrontSubzone BayfrontSubzone
Port Port
PearlsHill PearlsHill
BedokSouth BedokSouth
YioChuKang YioChuKang
Punggol Punggol
SembawangHills SembawangHills
OneNorth OneNorth
EastCoast EastCoast
Moulmein Moulmein
BoatQuay BoatQuay
PeoplesPark PeoplesPark
MandaiEast MandaiEast
TuasBay TuasBay
InstitutionHill InstitutionHill
BoonLayPlace BoonLayPlace
JurongWestCentral JurongWestCentral
TagoreSindo TagoreSindo
WaterwayEast WaterwayEast
SimpangNorth SimpangNorth
Kembangan Kembangan
Paterson Paterson
Matilda Matilda
JooSengPayaLebar JooSengPayaLebar
PunggolField PunggolField
SerangoonNorth SerangoonNorth
JurongPort JurongPort
LowerSeletar LowerSeletar
KeatHong KeatHong
AngMoKioTownCentre AngMoKioTownCentre
SerangoonGarden SerangoonGarden
DairyFarm DairyFarm
KebunBahru KebunBahru
PasirRisDrive PasirRisDrive
TuasPromenade TuasPromenade
KentRidge KentRidge
TuasNorthPioneer TuasNorthPioneer
Khatib Khatib
HongKah HongKah
BukitBatokSouth BukitBatokSouth
PulauPunggolTimor PulauPunggolTimor
ChinaSquare ChinaSquare
Shipyard Shipyard
Sembawang Sembawang
Chatsworth Chatsworth
ChoaChuKang ChoaChuKang
PasirRisPark PasirRisPark
Tampines Tampines
Sennett Sennett
CityHall CityHall
Mountbatten Mountbatten
PayaLebarEast PayaLebarEast
OneTreeHill OneTreeHill
OrangeGrove OrangeGrove
DhobyGhaut DhobyGhaut
SingaporeRiver SingaporeRiver
ChangiWest ChangiWest
Museum Museum
Aljunied Aljunied
Serangoon Serangoon
ReservoirView ReservoirView
BukitBatokWest BukitBatokWest
TohGuan TohGuan
PasirRis PasirRis
SembawangStraits SembawangStraits
SouthernIslands SouthernIslands
DefuIndustrialPark DefuIndustrialPark
RochorCanal RochorCanal
TiongBahru TiongBahru
ClementiNorth ClementiNorth
Tanglin Tanglin
WoodlandsWest WoodlandsWest
Saujana Saujana
SungeiRoad SungeiRoad
GeylangEast GeylangEast
TampinesNorth TampinesNorth
UluPandan UluPandan
Trafalgar Trafalgar
Commonwealth Commonwealth
PeiChun PeiChun
Brickworks Brickworks
AlexandraNorth AlexandraNorth
ChangiPoint ChangiPoint
TelokBlangahRise TelokBlangahRise
HongKahNorth HongKahNorth
BenoiSector BenoiSector
Northland Northland
UpperThomson UpperThomson
YioChuKangEast YioChuKangEast
Cairnhill Cairnhill
EvertonPark EvertonPark
Mandai Mandai
IstanaNegara IstanaNegara
PangSua PangSua
HougangCentral HougangCentral
