86 125 49 122 15 199 188 198 78 14 78 71 61 51 18 177 39 172 56 172 131 196 99 76 111 54 114 105 114 1 180 26 180 19 3 11 3 5 98 165 75 63 2 171 10 9 13 109 145 7 45 180 53 180 66 178 52 135 38 20 36 133 92 43 185 23 169 147 184 161 163 161 150 25 158 147 138 147 160 151 80 151 17 151 192 67 22 68 35 68 100 182 96 182 113 147 73 58 28 58 93 60 87 127 72 95 57 7 101 115 89 62 84 88 27 88 181 81 107 104 24 104 98 91 136 94 108 44 108 149 12 8 79 30 61 48 143 6 143 25 64 103 117 70 175 32 157 32 159 111 129 111 121 55 132 167 65 167 140 25 154 180 106 180 126 98 148 78 116 58 97 127 183 4 142 156 188 47 41 47 139 186 120 86
99
1 1
2 2
4 179
5 5
6 6
8 8
9 110
10 10
11 11
12 123
13 13
14 14
17 17
19 19
20 82
79 137 21
22 22
24 189
25 153
26 26
27 27
28 28
30 30
98 173
35 35
36 36
38 38
41 41
44 44
45 45
48 48
51 51
52 52
53 53
54 54
56 56
57 57
61 69
63 74
64 64
65 146
66 66
68 90
71 71
72 72
73 73
75 75
76 76
80 194
84 84
87 87
89 89
91 91
92 92
93 93
94 94
96 174
97 97
100 100
101 101
105 105
106 106
107 107
113 113
116 116
117 117
120 120
121 121
122 122
125 125
126 126
129 129
132 132
133 152
138 138
139 139
140 140
145 145
148 148
149 149
150 150
154 154
156 156
157 157
158 158
159 159
160 160
163 163
169 169
175 175
177 177
181 181
183 183
184 184
185 185
192 192
196 196
198 198
199 199
