HAZtD 6gp0A kPB79 4Tt2a kPB79 4PXv9 kPB79 UqGfS NqBQW UqGfS Ssao4 UqGfS X2hjX vfAR8 bW6Ms vfAR8 EyMEe z82fM F7CZj RN9nS ED9em 5h4rt ED9em CXkxa Lusir CXkxa 3NU9e aWuHk mJExt iqOI4 mJExt XbFfE O8CwF TlJnt aegld C4biR 93R2m cu5FB 4AhmX jesVt 69WZh mdIe6 69WZh ox9Gx zrVPv wedr3 69WZh Q5zY0 kvy7i Ia6ul eVDVP Agb0E WVEjT Agb0E VG4na b9v0q SEkfX v7hOX fExZu 2zHfe AwFdf kNG2j kjZGl UQeyk EgumV fWz4T SE1WY ZKvNM TzGS5 ZKvNM iHR3J v0WXM R6NzB 0FMEI tgL8p DmTRc 4jcrD DmTRc tgL8p 0FMEI 2GCiD RWE9G 5EAEu sU69u 9cp56 0F8yg 4PSW9 zcuSA jyRQW Xqwfz pLg86 7kY28 fiXIW URrao 7kY28 IOpdQ 1VA1I Zok18 1VA1I BaYb3 SxklZ VESmp SxklZ rVnMc OWqP4 6owsT iimZq GUEko 0moVI HAKlt Pk19A HAKlt 6sv9O ejBhY Vg6Sz iIQll p4kTx iIQll GrnJ7 v9joy UbqWX GrnJ7 gNinx GrnJ7 iaaYU GrnJ7 rmW0U HOuAL rmW0U 9tf0w rmW0U CHx6u lF8gH bMhFI SfSL1 RkCLD xKTIz E6pda e7SjH DuU0x BIY9X DuU0x e7SjH 2LhKB e7SjH o2JtM H1xt8 GaZ4O Q8lcd iPRoT 8Qx0C qz2Of 7kY28 Xqwfz jyRQW Zxvdf u60s4 gpbSj cC0Rg p3gJd DaieK uPUO1 DaieK p3gJd cpzS8 acHTt rH3nx 1gvq4 lJnz7 GxQg8 3NU9e RN9nS F7CZj J0OP0 iKwe0 Cg1yP wnnBN 4Eg1F HAZtD
100
cu5FB cu5FB
zcuSA zcuSA
fiXIW fiXIW
wedr3 wedr3
H1xt8 H1xt8
pLg86 pLg86
SEkfX SEkfX
0F8yg 0F8yg
5EAEu 5EAEu
p4kTx p4kTx
zrVPv zrVPv
GxQg8 GxQg8
4AhmX 4AhmX
URrao URrao
8Qx0C 8Qx0C
aegld aegld
VESmp VESmp
ED9em ED9em
7kY28 7kY28
UbqWX UbqWX
jesVt jesVt
E6pda E6pda
mdIe6 mdIe6
Lusir Lusir
BIY9X BIY9X
69WZh 69WZh
DuU0x DuU0x
wnnBN wnnBN
v9joy v9joy
gNinx gNinx
iaaYU iaaYU
IOpdQ IOpdQ
4Tt2a 4Tt2a
CHx6u CHx6u
lJnz7 lJnz7
BaYb3 BaYb3
TzGS5 TzGS5
eVDVP eVDVP
1gvq4 1gvq4
ox9Gx ox9Gx
Ia6ul Ia6ul
5h4rt 5h4rt
bMhFI bMhFI
iIQll iIQll
rH3nx rH3nx
1VA1I 1VA1I
Vg6Sz Vg6Sz
u60s4 u60s4
aWuHk aWuHk
lF8gH lF8gH
RN9nS RN9nS
O8CwF O8CwF
OWqP4 OWqP4
iqOI4 iqOI4
p3gJd p3gJd
gpbSj gpbSj
SxklZ SxklZ
X2hjX X2hjX
v7hOX v7hOX
cpzS8 cpzS8
Zok18 Zok18
DaieK DaieK
acHTt acHTt
Q8lcd Q8lcd
Cg1yP Cg1yP
fExZu fExZu
cC0Rg cC0Rg
R6NzB R6NzB
uPUO1 uPUO1
6owsT 6owsT
HOuAL HOuAL
AwFdf AwFdf
J0OP0 J0OP0
DmTRc DmTRc
iKwe0 iKwe0
xKTIz xKTIz
iHR3J iHR3J
TlJnt TlJnt
2GCiD 2GCiD
bW6Ms bW6Ms
UqGfS UqGfS
iimZq iimZq
vfAR8 vfAR8
9tf0w 9tf0w
z82fM z82fM
Agb0E Agb0E
EgumV EgumV
0moVI 0moVI
Zxvdf Zxvdf
Ssao4 Ssao4
2LhKB 2LhKB
HAKlt HAKlt
4PXv9 4PXv9
kNG2j kNG2j
fWz4T fWz4T
4jcrD 4jcrD
Pk19A Pk19A
WVEjT WVEjT
VG4na VG4na
NqBQW NqBQW
