1 6 1 10 1 56 1 60 1 106 1 110 1 156 1 160 1 18 19 18 1 68 69 68 1 118 119 118 1 168 169 168 1 2 5 3 2 1 76 77 78 79 81 79 78 77 76 1 150 151 152 155 152 151 150 1 100 101 102 105 102 101 100 1 50 51 52 55 52 51 50 1 172 174 173 172 1 122 124 123 122 1 72 74 73 72 1 22 24 23 22 1 164 167 166 165 164 1 114 117 116 115 114 1 64 67 66 65 64 1 14 17 16 15 14 1 176 177 178 179 181 179 178 177 176 1 126 127 128 129 131 129 128 127 126 1 26 27 28 29 31 29 28 27 26 1
45
3 3 4
5 5
6 9 7 8
10 11 12 13
15 15
16 16
17 17
19 19 20 21
23 23
24 25 24
27 28
31 30
55 53 54 55
56 57 58 59
60 61 62 63
65 65
66 66
67 67
69 69 70 71
73 73
74 74 75
77 78
81 80
105 105 103 104
106 107 108 109
110 113 111 112
115 115
116 116
117 117
119 121 119 120
123 123
124 124 125
127 128
131 130
155 153 154 155
156 157 158 159
160 161 162 163
165 165
166 166
167 167
169 169 170 171
173 173
174 174 175
177 178
181 180
