CorpusChristi ElMonte Burbank Denver Alexandria BonitaSprings Dallas Bridgeport Chicago Appleton Denton Bremerton CathedralCity Anaheim Champaign Elkhart BelAir Anchorage Davenport Carrollton Arvada Bloomington Buffalo Columbia Brownsville Asheville Austin Beaumont Detroit Columbus Albuquerque Durham Chesapeake BatonRouge Augusta Arlington Escondido Chattanooga Boise Amarillo Cincinnati AppleValley Chandler DavidsonCounty ColoradoSprings DavidsonCounty Danbury BoiseCity Elizabeth Buffalo Deltona Bryan Clearwater Boulder Charleston Canton DalyCity Akron ElPaso CorpusChristi CapeCoral CorpusChristi Downey CorpusChristi
50
Akron Akron
Albuquerque Albuquerque
Alexandria Alexandria
Amarillo Amarillo
Anaheim Anaheim
AppleValley AppleValley
Appleton Appleton
Arvada Arvada
Asheville Asheville
Augusta Augusta
Austin Austin
Beaumont Beaumont
BelAir BelAir
Bloomington Bloomington
BoiseCity BoiseCity
BonitaSprings BonitaSprings
Boulder Boulder
Bremerton Bremerton
Bridgeport Bridgeport
Brownsville Brownsville
Bryan Bryan
Canton Canton
CapeCoral CapeCoral
Carrollton Carrollton
CathedralCity CathedralCity
Champaign Champaign
Chandler Chandler
Charleston Charleston
Chattanooga Chattanooga
Chicago Chicago
Cincinnati Cincinnati
Clearwater Clearwater
ColoradoSprings ColoradoSprings
Columbia Columbia
Columbus Columbus
CorpusChristi CorpusChristi
Dallas Dallas
DalyCity DalyCity
Danbury Danbury
Davenport Davenport
Deltona Deltona
Denton Denton
Denver Denver
Downey Downey
Durham Durham
ElMonte ElMonte
ElPaso ElPaso
Elizabeth Elizabeth
Elkhart Elkhart
Escondido Escondido
