LeonieHill TuasBay TanglinHalt Guilin Sentosa PasirRisPark SembawangSprings KampongGlam NorthCoast BukitBatokCentral MandaiWest YioChuKang Boulevard YioChuKang AnchorvaleBuangkok KallangWay SungeiRoad Semakau Frankel FarrerPark GreenwoodPark Trafalgar Seletar Ridout BishanEast Yishun Phillip SerangoonGarden Victoria Clementi Novena SingaporePolytechnic Novena TampinesWest YuhuaWestBoonLay LoyangEast ChoaChuKangCentral Springleaf PasirPanjang2 TanjongRhu GeylangBahru AirportRoad ChangiWest ClementiCentral YishunCentral Woodgrove Townsville PunggolTownCentre Gombak MonksHill Outram Sennett Kranji JurongWestCentral NeeSoon OrangeGrove DefuIndustrialPark OrangeGrove NeeSoon Shipyard KampongUbi SungeiKadut ChangiPoint LeonieHill
49
PasirPanjang2 PasirPanjang2
YioChuKang YioChuKang
SungeiRoad SungeiRoad
FarrerPark FarrerPark
NorthCoast NorthCoast
Townsville Townsville
KallangWay KallangWay
Shipyard Shipyard
Yishun Yishun
Sennett Sennett
NeeSoon NeeSoon
Victoria Victoria
Boulevard Boulevard
PunggolTownCentre PunggolTownCentre
JurongWestCentral JurongWestCentral
Novena Novena
Ridout Ridout
Guilin Guilin
DefuIndustrialPark Tyersall DefuIndustrialPark
Springleaf Springleaf
SingaporePolytechnic SingaporePolytechnic
Gombak ConeyIsland
KampongGlam KampongGlam
TuasBay TuasBay
OrangeGrove OrangeGrove
MonksHill MonksHill
SembawangSprings SembawangSprings
ChoaChuKangCentral ChoaChuKangCentral
SerangoonGarden SerangoonGarden
Phillip Phillip
Trafalgar Trafalgar
ChangiWest ChangiWest
Semakau Semakau
PasirRisPark Sentosa
SungeiKadut SungeiKadut
Woodgrove Woodgrove
AirportRoad AirportRoad
ClementiCentral ClementiCentral
MandaiWest MandaiWest
TanglinHalt TanglinHalt
Kranji Kranji
TampinesWest TampinesWest
GreenwoodPark GreenwoodPark
BishanEast BishanEast
YuhuaWestBoonLay YuhuaWestBoonLay
Outram Outram
BukitBatokCentral BukitBatokCentral
AnchorvaleBuangkok AnchorvaleBuangkok
LoyangEast LoyangEast
