Liam Isaiah Daniel Robert Adam Ian Henry Ian Adam Brayden Jaxson Michael Ezra Thomas James Thomas Dylan Owen Jose Sawyer John Sawyer Benjamin Carter Dominic Oliver Dominic Eli Josiah Sebastian Josiah Eli Wyatt Eli Lucas Noah Luke Asher Jordan Cooper Matthew Cooper Maverick Roman Jacob William Aiden Elijah Mason Alexander Mateo Joseph Isaiah Liam
26
Liam Liam
Noah Noah
William William Logan
James James
Benjamin Benjamin Carter
Mason Mason
Elijah Elijah
Oliver Oliver
Jacob Jacob
Lucas Lucas
Michael Michael
Alexander Alexander
Brayden Samuel Ethan
Daniel Daniel
Matthew Matthew
Aiden Aiden
Henry Henry
Joseph Joseph
Eli Jackson
Sebastian Sebastian David
Wyatt Wyatt
Adam Jayden
John John
Owen Owen
Dylan Dylan
Luke Luke
