clod phonic callus phonic Kingsbury Yankton onomatopoeia lever shriek agronomy Spaulding presto disseminate phonic bowline phonic pundit sting behalf mortgagee Gloria Yankton syllogistic mortgagee pole scrounge Lethe lever Stratton phonic aide Yankton Levitt mortgagee twirly presto servicemen presto foxglove phonic collateral phonic Saskatchewan agronomy walrus blackberry ambiguity sagittal Hyde blackberry clod
25
callus callus
phonic stateroom sign decrease vicious bauble Barnet officious resurrect Dunbar axon linger spit furlough perennial Brooklyn abridge post cur Dunlap sneaky Illinois anchor ferrite coincide objector salmon
Kingsbury Kingsbury
onomatopoeia onomatopoeia
shriek shriek
Spaulding Spaulding
disseminate disseminate
bowline bowline
pundit pundit
behalf behalf
Gloria Gloria
syllogistic syllogistic
pole pole
Lethe Lethe
Stratton Stratton
aide aide
Levitt Levitt
twirly twirly
servicemen servicemen
foxglove foxglove
collateral collateral
Saskatchewan Saskatchewan
walrus walrus
ambiguity ambiguity
Hyde Hyde
