Hayward Asheville McHenry Torrance McHenry Springdale Corona Modesto Hampton RichmondCounty Charlotte Hickory Winston Murrieta Tampa Murrieta Winston Memphis Winston Wilmington Washington LakeCharles Newark NewYorkCity Kennewick Barnstable Kennewick PuntaGorda SaintPaul Bradenton Tucson PalmBay Tucson Aurora NewBedford York BelAir Milwaukee SantaCruz Montgomery Topeka Omaha Yonkers Waterloo Yonkers Huntsville KansasCity McAllen KansasCity Huntsville Burbank Chicago Burbank Danbury Atlanta Abilene GrandRapids Abilene Downey SaintLouis Harlingen Waco Corona Deltona Durham Bloomington Durham Asheville Hayward
44
PuntaGorda PuntaGorda
Hickory Tyler HuntingtonBeach Hickory
Montgomery ThousandOaks
PalmBay PalmBay
Tucson Tucson
Barnstable Barnstable
Yonkers Yonkers
Burbank Burbank
McHenry McHenry
Harlingen Harlingen
Charlotte Charlotte
Omaha Omaha
Topeka Topeka
Deltona Deltona
Danbury Danbury
Downey Downey
Asheville Asheville CedarRapids
McAllen McAllen
Chicago Chicago
GrandRapids GrandRapids
BelAir Monroe BelAir
Aurora Bakersfield Aurora
LakeCharles LakeCharles
Bradenton Bradenton
RichmondCounty RichmondCounty Hampton
SantaCruz SantaCruz
Modesto Modesto
Huntsville Huntsville
NewYorkCity NewYorkCity
Tampa Tampa
Springdale Springdale
Hayward SantaClara
Atlanta Atlanta
Durham Durham
Newark Newark
Torrance Torrance
Memphis Memphis
Kennewick Kennewick
Bloomington Bloomington
NewBedford NewBedford
SaintPaul SaintPaul
York York
Waco Waco
Waterloo Waterloo
