xjbms hwhxr dzfkr svmzn kvvqk bsuwt ejwkt qkysn vaeqh wxnxi nrtqp lyixz beqlb lkzxl bwgqu fnhle impuz tykrt kyaqs bthif swhav ybgaf ydhop itxfb wtpkb fxnnl lpolv fuume bicnj ocgbu iddrb wnlug bqgqy mrnvg deoux hstmf xvefe lfceh uzzfw uegez usrtf vlzjn czppi akegy xecik yvlpb xjbms
46
hwhxr hwhxr
wnlug wnlug
wtpkb npvgp
kyaqs kyaqs
nrtqp nrtqp
beqlb beqlb
lpolv lpolv
vaeqh vaeqh
akegy akegy
lkzxl lkzxl
bicnj bicnj
swhav llwzk
czppi czppi
bsuwt bsuwt xeikc
fuume fuume
dzfkr dzfkr
fxnnl fxnnl
usrtf usrtf rnrnh
qkysn qkysn
lyixz lyixz
yvlpb riwwe mbzzn
bthif bthif
uegez uegez
iddrb iddrb
xecik xecik
vlzjn psudb
deoux deoux
ydhop ydhop
impuz impuz
svmzn nnnts
xjbms xjbms
ejwkt ejwkt
wxnxi wxnxi
uzzfw uzzfw
lfceh lfceh
bqgqy bqgqy yztko
fnhle fnhle
bwgqu bwgqu
hstmf hstmf
tykrt tykrt
itxfb itxfb
kvvqk kvvqk
ocgbu ocgbu
mrnvg mrnvg
ybgaf ybgaf
xvefe xvefe
