Clearnesse Ironshore Violetley Buttermead Newby Westvale Courtcastle Valhaven Courtwall Dellwyn Foxhaven Ironriver Corbank Woodice Eriwall Oldmoor Morwall Butterbush Goldwyvern Esterfall Oakmere Morwald Foxvale Marbleiron Freyview Clearnesse
25
Marbleiron Marbleiron
Courtcastle Courtcastle
Ironriver Ironriver
Courtwall Courtwall
Morwald Morwald
Clearnesse Clearnesse
Valhaven Valhaven
Buttermead Buttermead
Violetley Violetley
Westvale Westvale
Woodice Woodice
Esterfall Esterfall
Eriwall Eriwall
Goldwyvern Goldwyvern
Newby Newby
Foxvale Foxvale
Morwall Morwall
Oakmere Oakmere
Foxhaven Foxhaven
Freyview Freyview
Ironshore Ironshore
Oldmoor Oldmoor
Dellwyn Dellwyn
Butterbush Butterbush
Corbank Corbank
