FacultyClub Etcheverry Library HearstGym BioscienceLibrary Manville Pimentel Manville Hilgard Cheit Wheeler SproulPlaza MartinezCommons Durham UniversityHouse ArtHistoryLibrary EarthquakeLibrary Spieker Unit3 CareerCenter Mulford Morrison StudentUnion BrainImagingCenter PacificFilmArchive LawrenceofScience FacultyClub
21
FacultyClub FacultyClub
BioscienceLibrary BioscienceLibrary
UniversityHouse UniversityHouse SutardjaDai FPF
Etcheverry Etcheverry
SproulPlaza SproulPlaza
Hilgard Hilgard
StudentUnion StudentUnion
EarthquakeLibrary EarthquakeLibrary
LawrenceofScience LawrenceofScience PacificFilmArchive
Pimentel Pimentel
Mulford Mulford
CareerCenter CareerCenter
HearstGym HearstGym
Durham Durham
Library Library OBrien
Spieker Spieker
BrainImagingCenter BrainImagingCenter
Morrison Morrison
Wheeler Wheeler
Cheit Cheit
Manville Manville
