IIII1I1 lll1lII I1I111I IIlIlI1 1IlII1I lIIIllI IlllI11 llI1IlI I1I1111 IIllIl1 11I1lll 11I1Ill IIIllll lIlllll IIIlI1l lI1l1II IIlIIII 11lI11I l1IlIl1 lII1lll 1lI11l1 1IIII1I III1lII IIII1ll 11IIl1I II111I1 1IIlIIl IIII1I1 II1I1Il IIII1I1
22
lll1lII I11IIlI lII1I11
11I1Ill 11I1Ill
IIII1ll 11IIl1I IIII1ll
1lI11l1 lI11l1l 1lI11l1
III1lII l1IlIII III1lII
IIllIl1 IIllIl1
1IlII1I 1IlII1I
lIlllll lIlllll
11I1lll 11I1lll
llI1IlI IlllI11
lIIIllI lIIIllI
IIII1I1
IIlIIII IIlIIII
l1IlIl1 l1IlIl1
I1I111I I1I111I
I1I1111 I1I1111
11lI11I 11lI11I
II111I1 II111I1
lI1l1II lI1l1II
IIlIlI1 IIlIlI1
II1I1Il II1I1Il
1IIlIIl 1IIlIIl
