Satish R6VBAVZ0B PTWCQ ZY9VPYMXA JTT8198QPE Z6H98 NSBI OXWYDF BBFYA9B PTL1QU OK29GJ UVP4WIKK 399VM5PU6 BVNZ FS1RWBVR7 9XFF ICTGXV WZ1MC3189 KSHB2KG ZRYV5F 92R432 YXBMACC 1BZLEM VFRT26 KRM4B PYD9SISJI Satish
23
VFRT26 VFRT26
ICTGXV ICTGXV
Z6H98 ER2YSPML1C Z6H98
KSHB2KG KSHB2KG
JTT8198QPE 4INC2D8SDN
9XFF 9XFF
1BZLEM 1BZLEM
YXBMACC YXBMACC
UVP4WIKK UVP4WIKK
BBFYA9B BBFYA9B
ZRYV5F ZRYV5F
PYD9SISJI PYD9SISJI
399VM5PU6 399VM5PU6
NSBI NSBI
PTL1QU PTL1QU
ZY9VPYMXA ZY9VPYMXA PZMGYZL
WZ1MC3189 WZ1MC3189
PTWCQ PTWCQ
92R432 92R432
FS1RWBVR7 FS1RWBVR7
KRM4B KRM4B
R6VBAVZ0B R6VBAVZ0B
OXWYDF OXWYDF
