gucdicwxmb epdwcjuvdr vugkhjygfe ahqdrcepub vugkhjygfe vkrlpmybdj zpjhxyylhb koawdpgqdx aokbiptbzc psiebvskfb zumetrybth psiebvskfb xtvbrolacp chjuuxuacs jedsthbmzo lkvobxyfca lbuiysostx tvuprbwofb siatqqydwf yiwwdwbzth siatqqydwf wtlzrefwav rnpokwoqgt jqtguzxxsl evdoyagqfp gkcfktyute zjbarjhmau xawkqmfmmx smwxdupkdv ouxenssqdu rnpokwoqgt iwdghbmiai rnpokwoqgt zpjhxyylhb gjmmikaxih seeyrseflx gwnccktgki yiwwdwbzth oggftsricu qzdrdcxoib vugkhjygfe epdwcjuvdr gucdicwxmb
21
qzdrdcxoib wtyqwjwskq
vugkhjygfe vugkhjygfe
zumetrybth zumetrybth
vkrlpmybdj vkrlpmybdj
psiebvskfb psiebvskfb
yiwwdwbzth yiwwdwbzth
koawdpgqdx zpjhxyylhb koawdpgqdx
tvuprbwofb tvuprbwofb
gucdicwxmb
rnpokwoqgt rnpokwoqgt
iwdghbmiai iwdghbmiai
zjbarjhmau zjbarjhmau
lkvobxyfca lkvobxyfca
xawkqmfmmx xawkqmfmmx
oggftsricu oggftsricu
epdwcjuvdr epdwcjuvdr
seeyrseflx seeyrseflx
ahqdrcepub ahqdrcepub
gkcfktyute gkcfktyute
gwnccktgki ztplgyvqhm
evdoyagqfp evdoyagqfp
