loc0 loc49 loc4 loc49 loc22 loc44 loc25 loc34 loc16 loc43 loc7 loc42 loc6 loc33 loc15 loc48 loc30 loc3 loc48 loc13 loc43 loc17 loc26 loc8 loc32 loc23 loc41 loc14 loc41 loc5 loc38 loc20 loc38 loc11 loc38 loc2 loc47 loc10 loc47 loc19 loc37 loc1 loc45 loc27 loc9 loc36 loc1 loc49 loc0
24
loc0
loc1 loc1
loc2 loc2
loc3 loc3
loc4 loc4
loc5 loc5
loc6 loc6
loc7 loc7
loc8 loc8
loc9 loc9
loc10 loc10
loc11 loc11
loc30 loc12 loc21
loc13 loc13
loc14 loc14
loc33 loc24 loc15
loc16 loc16
loc17 loc17
loc27 loc18
loc19 loc19
loc20 loc20
loc22 loc22
loc23 loc23
loc25 loc25
