exothermic swordfish wafer swordfish namesake FPC coarse midget amateur Bernini Tucson intangible lordosis Halstead Sicilian extrovert sacrifice McCall Andersen McCall Curtis Injun Iowa combine trill Dominican swordfish felony Irvin shovel exothermic
22
Andersen Andersen McCall
Bernini Bernini
Curtis Curtis
Dominican yogurt
FPC FPC
Halstead Halstead
Injun Injun
Iowa Iowa
Irvin Irvin felony decor
Tucson Tucson
amateur amateur
coarse coarse
combine combine
extrovert extrovert
lordosis lordosis
midget midget
namesake namesake
sacrifice sacrifice
shovel shovel
swordfish swordfish
trill trill
wafer wafer
