ctUVEJSyNR T3o9dNVbcG RLF9v27sOQ VbPBW7rmhF UphA2uAaYC vzXeZbLrSW f91pUtm9EZ MuYreynm57 osdKgXyg1e gLI8ArV2Ui oPQmRUijH5 6lpxgUxCxO pxgZ5VHtpD MzId8uwrPz TDmNOuGJBk I4iTN5KXjB BtCEVbHoQI HG8olhhcTZ oWdH0Xcxwv VBTKstUXwG HTp005294X Z82QDWb0Pr 7d3UA4fKWz 8Jejdr7ynm QwY2G6aX6c VbPBW7rmhF MuYreynm57 zUWT7uduzq uVIshS2g8a qg08r1Pg6g uVIshS2g8a U5XdtBFGOe Z82QDWb0Pr ctUVEJSyNR
25
MzId8uwrPz MzId8uwrPz
TDmNOuGJBk TDmNOuGJBk
T3o9dNVbcG T3o9dNVbcG
Z82QDWb0Pr Z82QDWb0Pr
BtCEVbHoQI BtCEVbHoQI
7d3UA4fKWz 7d3UA4fKWz
VBTKstUXwG VBTKstUXwG 8UaR4YpZys
HG8olhhcTZ HG8olhhcTZ
RLF9v27sOQ RLF9v27sOQ
QwY2G6aX6c QwY2G6aX6c
MuYreynm57 MuYreynm57
HTp005294X IU0Ia8127Z
8Jejdr7ynm 8Jejdr7ynm
oPQmRUijH5 oPQmRUijH5
f91pUtm9EZ f91pUtm9EZ
gLI8ArV2Ui gLI8ArV2Ui
6lpxgUxCxO 6lpxgUxCxO
qg08r1Pg6g qg08r1Pg6g
ctUVEJSyNR
U5XdtBFGOe U5XdtBFGOe
vzXeZbLrSW vzXeZbLrSW
UphA2uAaYC UphA2uAaYC
osdKgXyg1e osdKgXyg1e
zUWT7uduzq zUWT7uduzq
I4iTN5KXjB I4iTN5KXjB
