ZfI6StUliqd8YxBr0zVp Z6746tUNXH05XsKVq5bc SI1jqone3x4IZwZ6qVW6 Af4sQnaDf5G2yrOfmk45 QBaUzVWA62rnfcsnEShZ 98jc4TOf5CFD5ooRLXKs WEpQsV1SPLNjRDFxWGJw Z38PT2VWeDoNiuh4rc0v ZBTm8fkarNXg3vLUAnt8 gGXF4imn3IOLlYGD81XA 5JVto9dbOz4Lu3AeAOZD ufkSgxNAeRAXQFn3w6eB Fa64KRccvM4rqOgxBKtu ip0vmcqzxYgrY2Mc3Bu9 zs8puphf0SbuOBS6XpM9 uYmver98TgwbkIsM8XgU gX6xMy6pWnenI68kwgcu gj1PIUxoUprs5rKMLNpv BFat56YSkekx77JCOMI4 gj1PIUxoUprs5rKMLNpv oeCop1Abe4Jnm8NehklA mMagcNSN7U8s7oy3e0j4 Hxhi6IYOb3B8uxHbGYVt 4yYsNk20bqSMlyASIn37 sxZzRXnVfKw2KrspKPg1 Z6746tUNXH05XsKVq5bc ZfI6StUliqd8YxBr0zVp
20
ufkSgxNAeRAXQFn3w6eB cC9SZGtAtirSBnbvLWzt QGzcn6XPemZ0IhmCJCmq
ip0vmcqzxYgrY2Mc3Bu9 ip0vmcqzxYgrY2Mc3Bu9 zs8puphf0SbuOBS6XpM9
Af4sQnaDf5G2yrOfmk45 UoiNiYnewh16WNDFqvYW QUmdpeJNwq8Od3rclrVL RnnCc8OgQLqPe5HvvbS3 Af4sQnaDf5G2yrOfmk45
Fa64KRccvM4rqOgxBKtu Fa64KRccvM4rqOgxBKtu
98jc4TOf5CFD5ooRLXKs 98jc4TOf5CFD5ooRLXKs
WEpQsV1SPLNjRDFxWGJw WEpQsV1SPLNjRDFxWGJw
ZBTm8fkarNXg3vLUAnt8 ZBTm8fkarNXg3vLUAnt8
4yYsNk20bqSMlyASIn37 YzWX8RqUW0YPFsebUKYP
BFat56YSkekx77JCOMI4 BFat56YSkekx77JCOMI4
SI1jqone3x4IZwZ6qVW6 SI1jqone3x4IZwZ6qVW6
uYmver98TgwbkIsM8XgU uYmver98TgwbkIsM8XgU
Hxhi6IYOb3B8uxHbGYVt Hxhi6IYOb3B8uxHbGYVt
Z6746tUNXH05XsKVq5bc Z6746tUNXH05XsKVq5bc
mMagcNSN7U8s7oy3e0j4 mMagcNSN7U8s7oy3e0j4
gj1PIUxoUprs5rKMLNpv gj1PIUxoUprs5rKMLNpv
gX6xMy6pWnenI68kwgcu gX6xMy6pWnenI68kwgcu
QBaUzVWA62rnfcsnEShZ QBaUzVWA62rnfcsnEShZ
5JVto9dbOz4Lu3AeAOZD 5JVto9dbOz4Lu3AeAOZD
ZfI6StUliqd8YxBr0zVp ZfI6StUliqd8YxBr0zVp
gGXF4imn3IOLlYGD81XA gGXF4imn3IOLlYGD81XA
