hC71hIuyRaST3AiaSZqg m0W1PzAhoOpYXaJ0LLW5 Wf6tYlitgmZKoXfughsS 4wWd3kvalFkda9M583i7 72cxNTZ1Tw5teVGiR2xj CgUyoeVDFzkf0g6EiF8w eULKHiriYHElwEbrQo2X k3PQRnKD222tnpAYeJ4O laRDyozSdXcFtmdQ5VqD 63EFNMvLteBrV7Lj9nA4 W5rNQea9NsCafaUbLgWC jGNThQH3U9Qqi91Eop7X ddzqPXECnHQT4a4RIpSF yLnN3wvof669Fh58DxrQ l5OFQGDhW1xJJ8ERuglz eULKHiriYHElwEbrQo2X x81SdeDfzbsk8wgCHcJT 2dfprAgHp3T6RrgooKgP Mi1upMhcgP7iV16OWKN5 3MmCPAjYheu6g9TkIxDm qsbRHSDlSHG3Ep5gugbq NXZByMrsstrrXRLxVcyg nOsoIFzZBhdd6bjP45Ba YygsiZkXDS9oQ07w4psX CIdYfkuOMaRk394L6cKF gZiMcGUkLd8qaWleLH1T kuIwHVHn49UEM4TprHKr MCc3yEIO8tXzzu5ZknlT 1wSeohNTb1oCspxe2x4j 4MuL6AbQo2ozZ4x7psrd 1ae7bJScGomdGEdgag5b OLGSBuAPLZmdhTN6ApoS KqTw626stjcdChciHrJ6 4MuL6AbQo2ozZ4x7psrd u8OLHMd8iqOiUbQQ7wxA 8w6JkwNghwwfzVWZlMG6 JuSdCG8HSUzwufkmRvTN 8IUV6HBSYn47shRwVW5F OBEPyJuvhH0Z9VoT2UNC g6Fit1BcwBIbAAJnBKGn EnQuMk7pVZUnmn2BboBv 6jnt0RQvUBeXBhrLOwzh EfhuR5UGBxqkoqdQBn2E 5E8wNso5HkheqEVi0Uhr g5fwwkfUKem4JdibLkXM D3gODzQIzHZRe5A487BX ElLrRzuv43VPHSxgF9aR 4Vpgk6JikqRWfmTLGFMS iuuWW5781KuHBsKkyWMa gZCyL2MJze1aowodommu yMXdJdorJpzOHHt9uIfg Z2YJKymsE6JEohxl2CgC 2TderjwrXrNV2UBZ77eD LI8fhHKJlh7mQx1nNK0m IWOalMs6IXX5Ln6F9Eov LI8fhHKJlh7mQx1nNK0m QYsTJmc2IUi36H1YK47s LI8fhHKJlh7mQx1nNK0m P6PcaiimLTne6w5m7SJi COVfDobG5VcfcSxLDUch WV8Z5wDVbRdJmbJjyC7p UE66Ok3YtceUJCwuX3xr oq1GulTWdKtwAlNIQxnY ymIUUgCvgB7r5le0Mh11 qzhMj5jvroYQ0sxm9D9f qyWH5Ui5kFJGpXM7i2RZ WgneGAZv4qtDq8Q5DYZf NWAZrSnr0i1Dj5TA6dLc RDnAjQbgrCahBSBieO1p wqyhoOJuJuNfuZ1c9ZhU 6KcltWtleWJ6izN3XL0F R22TNV5lr1tmI44FcHvv C5aQkckiWq5qVUhbiI57 oakCd1HozhO35GtImcF2 yXrak2UUHdgFCsCWvgfp kvWSRFx5cBJAdKv02AAn CJPsPFylFkMPqvXrW58O NqvNOj5h3GSbJm5NawjL 468JV90VoJDfHRf7bwGC 2YL9dYowMkTTxjU0fVal CMQ0OeWc1jOFVxmSr3hH jLS4UljOCe6h8LwAOGRX m6rR2iEESZqKqRpPfrCl zbsjvfwSdNExCnTFLo8x cXmjc3Wu4kjM1IHGgfA5 hC71hIuyRaST3AiaSZqg
55
D3gODzQIzHZRe5A487BX PFAHK1LPbENiUm01N8B0 IC3wlDskAWyf0o1M61kl t9sTQNaMU9o2HF5pm7xT vXrEXAmThLoQVXFImZcg b9q1t3OMZ6dXE5R6ca5w g5fwwkfUKem4JdibLkXM
8w6JkwNghwwfzVWZlMG6 OLGSBuAPLZmdhTN6ApoS 1uTE034Q24DWmybWBbX4 8w6JkwNghwwfzVWZlMG6 RNtZ6m1O9hQj2ovJiJE3
3MmCPAjYheu6g9TkIxDm 3MmCPAjYheu6g9TkIxDm
8IUV6HBSYn47shRwVW5F JuSdCG8HSUzwufkmRvTN 8IUV6HBSYn47shRwVW5F FE29I03FH1qEyEvIQNGT DmIjX4adnoqSEDmx2f39 EqrhH8oFQmMRN10foGjV mkGdh9qd7uj9x5W3Koxj
6KcltWtleWJ6izN3XL0F 6KcltWtleWJ6izN3XL0F
m0W1PzAhoOpYXaJ0LLW5 cXmjc3Wu4kjM1IHGgfA5 Ca5sYccbD9TUz7JLHrcf Wf6tYlitgmZKoXfughsS UQEmoPmHSH2FlTDuXOEx btiXecpJBKmrIHtQ7jPA
EfhuR5UGBxqkoqdQBn2E fzCA3w8Mu664WC0yRZb5
jGNThQH3U9Qqi91Eop7X aGWdv30UuUFiszMErlJF 61VEe5QpRdEG1AHTZmSn rW1b1NT9NaRlIIxoT8XF bw0K7NVh1sgqlnescYkX
5E8wNso5HkheqEVi0Uhr 7DZfG4yobV0xCcSaxf27
4Vpgk6JikqRWfmTLGFMS Mufarp9xGx29xj0P1ijS Tgouk8HApNFShyYjQedR lVjpvSHc5hBrS7dzTmI1 sCcEFmBkhTop4sycKzuM Dv6lwBgjbbZceuQXFzFf
Z2YJKymsE6JEohxl2CgC 2TderjwrXrNV2UBZ77eD Z2YJKymsE6JEohxl2CgC
yMXdJdorJpzOHHt9uIfg yMXdJdorJpzOHHt9uIfg
oakCd1HozhO35GtImcF2 yXrak2UUHdgFCsCWvgfp oakCd1HozhO35GtImcF2 C5aQkckiWq5qVUhbiI57 nmwnnNlPCMIjajSEo2R3
YygsiZkXDS9oQ07w4psX YygsiZkXDS9oQ07w4psX EEWjQ3rZ3GM9oucA2vc5 5doygtE58PVlrfBbaaxD OAcbYkMyAi1Iu0vWaaFc VkEnPX1CQCoh4CxlXSlf v0QCMKnmfkXllH4nQHen
qzhMj5jvroYQ0sxm9D9f qyWH5Ui5kFJGpXM7i2RZ
63EFNMvLteBrV7Lj9nA4 dsEyS8WvuzfBZPrbbzZx 63EFNMvLteBrV7Lj9nA4
g6Fit1BcwBIbAAJnBKGn QHOT9LWV0s6xVVreglDh 6jnt0RQvUBeXBhrLOwzh 1Oc2bGjHzXrMLiYLik5Z g6Fit1BcwBIbAAJnBKGn z0rRwRZbA1TaaAgS8PYu OBEPyJuvhH0Z9VoT2UNC
ElLrRzuv43VPHSxgF9aR xtgYSd34f56WAH3CCBpW
QYsTJmc2IUi36H1YK47s 2QgUKFj4HV0dn5Ia55tj QYsTJmc2IUi36H1YK47s
NqvNOj5h3GSbJm5NawjL NqvNOj5h3GSbJm5NawjL
2YL9dYowMkTTxjU0fVal 2YL9dYowMkTTxjU0fVal
P6PcaiimLTne6w5m7SJi P6PcaiimLTne6w5m7SJi
wqyhoOJuJuNfuZ1c9ZhU wqyhoOJuJuNfuZ1c9ZhU
4MuL6AbQo2ozZ4x7psrd 4MuL6AbQo2ozZ4x7psrd
RDnAjQbgrCahBSBieO1p RDnAjQbgrCahBSBieO1p
72cxNTZ1Tw5teVGiR2xj 72cxNTZ1Tw5teVGiR2xj
gZiMcGUkLd8qaWleLH1T gZiMcGUkLd8qaWleLH1T NXZByMrsstrrXRLxVcyg
CgUyoeVDFzkf0g6EiF8w CgUyoeVDFzkf0g6EiF8w
kvWSRFx5cBJAdKv02AAn RSJQdRAK7H6zYHVeXyPj
eULKHiriYHElwEbrQo2X eULKHiriYHElwEbrQo2X
468JV90VoJDfHRf7bwGC 468JV90VoJDfHRf7bwGC
zbsjvfwSdNExCnTFLo8x zbsjvfwSdNExCnTFLo8x
jLS4UljOCe6h8LwAOGRX jLS4UljOCe6h8LwAOGRX
1wSeohNTb1oCspxe2x4j 1wSeohNTb1oCspxe2x4j
NWAZrSnr0i1Dj5TA6dLc 24YcTAlCtPoNC11H3BAQ fuNQ8Sfy86k6zaBQjwEz NWAZrSnr0i1Dj5TA6dLc
nOsoIFzZBhdd6bjP45Ba nOsoIFzZBhdd6bjP45Ba
ddzqPXECnHQT4a4RIpSF ddzqPXECnHQT4a4RIpSF
LI8fhHKJlh7mQx1nNK0m LI8fhHKJlh7mQx1nNK0m
WgneGAZv4qtDq8Q5DYZf WgneGAZv4qtDq8Q5DYZf
2dfprAgHp3T6RrgooKgP Mi1upMhcgP7iV16OWKN5 TrUW9m3qjkTMvqHNRot0 2dfprAgHp3T6RrgooKgP nnG2z19YXqYOoAxMQkFV
l5OFQGDhW1xJJ8ERuglz l5OFQGDhW1xJJ8ERuglz
kuIwHVHn49UEM4TprHKr kuIwHVHn49UEM4TprHKr
oq1GulTWdKtwAlNIQxnY oq1GulTWdKtwAlNIQxnY
IWOalMs6IXX5Ln6F9Eov IWOalMs6IXX5Ln6F9Eov
KqTw626stjcdChciHrJ6 KqTw626stjcdChciHrJ6
COVfDobG5VcfcSxLDUch COVfDobG5VcfcSxLDUch
W5rNQea9NsCafaUbLgWC W5rNQea9NsCafaUbLgWC
laRDyozSdXcFtmdQ5VqD laRDyozSdXcFtmdQ5VqD
1ae7bJScGomdGEdgag5b 1ae7bJScGomdGEdgag5b
4wWd3kvalFkda9M583i7 4wWd3kvalFkda9M583i7
ymIUUgCvgB7r5le0Mh11 ymIUUgCvgB7r5le0Mh11
x81SdeDfzbsk8wgCHcJT x81SdeDfzbsk8wgCHcJT
qsbRHSDlSHG3Ep5gugbq qsbRHSDlSHG3Ep5gugbq
hC71hIuyRaST3AiaSZqg
R22TNV5lr1tmI44FcHvv R22TNV5lr1tmI44FcHvv
