Jacksonville Milwaukee Austin Raleigh Memphis Raleigh LosAngeles Indianapolis SanJose FortWorth Detroit Tulsa Minneapolis Chicago Philadelphia Oakland Phoenix OklahomaCity Boston SanAntonio Detroit Columbus Tucson Milwaukee Arlington Portland Seattle LasVegas LongBeach Oakland Albuquerque Oakland Philadelphia Houston ColoradoSprings VirginiaBeach Nashville ElPaso Nashville SanFrancisco Atlanta Fresno Atlanta Louisville Atlanta Jacksonville
25
Minneapolis Minneapolis
LosAngeles LosAngeles
Phoenix Phoenix
Philadelphia Philadelphia
SanJose SanJose
Austin Austin
Jacksonville Jacksonville
FortWorth FortWorth
Columbus Columbus
SanFrancisco SanFrancisco
Indianapolis Indianapolis
Seattle Seattle
Boston Boston
ElPaso ElPaso
Portland Portland
Memphis Memphis
LasVegas LasVegas
Louisville Louisville
Albuquerque Albuquerque
Tucson Tucson
Fresno Fresno
Atlanta Atlanta
LongBeach LongBeach
VirginiaBeach VirginiaBeach
Tulsa Tulsa
