tepsteinfdkilldlmhns hdepsteinsmdtnflkill fnlskillhtepsteindmd ftdmlhkilldepsteinsn hldmepsteindsnkilltf nmhdkilltslepsteinfd ldnmepsteinhfstdkill skilldnmlhdftepstein ldnmepsteinhfstdkill hepsteinnfstkilllmdd hfskillnepsteinldtdm killnfhdsdltepsteinm hfskillnepsteinldtdm ldnmepsteinhfstdkill ndlepsteinhdtskillfm thsfnmkilldlepsteind tskillepsteinhfmddnl lepsteinfdkillsdnmht dhlepsteindkillsmtnf mfskillnhlddtepstein thmepsteinlkillfsndd killepsteintdldshfnm nkillsdtdhfmlepstein epsteinthsdmndkillfl snldmtkillfepsteindh msnepsteinfkillhtdld hkillmepsteinstdfdnl msnepsteinfkillhtdld epsteinsdfmhltkillnd slepsteinftndkillmdh htskillepsteindnlfdm ndlmhepsteintdskillf tmhsnfepsteinldkilld ndlmhepsteintdskillf tmhsnfepsteinldkilld fhntdkillmepsteinsld lepsteinfdkillsdnmht nfdhepsteinltsdmkill hdkillfmtslndepstein tepsteinfdkilldlmhns
22
ndlmhepsteintdskillf ndlmhepsteintdskillf
nfdhepsteinltsdmkill nfdhepsteinltsdmkill
lepsteinfdkillsdnmht dhlepsteindkillsmtnf lepsteinfdkillsdnmht
mfskillnhlddtepstein epsteindsmnlfdtkillh thmepsteinlkillfsndd
killepsteintdldshfnm fnmhskilldepsteinltd killepsteintdldshfnm nlhtdsdepsteinfmkill
hepsteinnfstkilllmdd hepsteinnfstkilllmdd
nkillsdtdhfmlepstein nkillsdtdhfmlepstein
msnepsteinfkillhtdld msnepsteinfkillhtdld
fnlskillhtepsteindmd fnlskillhtepsteindmd
tskillepsteinhfmddnl tskillepsteinhfmddnl
tepsteinfdkilldlmhns
hkillmepsteinstdfdnl hkillmepsteinstdfdnl
hldmepsteindsnkilltf hldmepsteindsnkilltf
epsteinthsdmndkillfl epsteinthsdmndkillfl
htskillepsteindnlfdm htskillepsteindnlfdm
hdepsteinsmdtnflkill hdepsteinsmdtnflkill
ndlepsteinhdtskillfm ndlepsteinhdtskillfm
snldmtkillfepsteindh snldmtkillfepsteindh
tmhsnfepsteinldkilld tmhsnfepsteinldkilld
skilldnmlhdftepstein skilldnmlhdftepstein
epsteinsdfmhltkillnd epsteinsdfmhltkillnd
killnfhdsdltepsteinm killnfhdsdltepsteinm
