BatonRouge Bellevue Buffalo AtlanticCity Boulder Allentown Arvada Baltimore Barnstable Baltimore Atlanta Bethlehem BonitaSprings Amarillo BoiseCity Aberdeen Aurora Augusta Albany AnnArbor Beaumont Abilene Albuquerque Boston Bradenton Cambridge Bradenton Burbank Anchorage Bellevue BatonRouge
22
Aberdeen Aberdeen
Abilene Abilene
Albany Albany
Albuquerque Albuquerque
Amarillo Amarillo
Anchorage Anchorage
AnnArbor Birmingham AnnArbor Bryan
Arvada Arvada
Atlanta Atlanta Berkeley
AtlanticCity AtlanticCity
Aurora Aurora
Barnstable Barnstable
BatonRouge BatonRouge
Beaumont Beaumont
Bethlehem Bethlehem
BoiseCity BoiseCity
Boston Boston
Boulder Boulder
Bradenton Bradenton
Buffalo Buffalo
Burbank Burbank
Cambridge Cambridge
