BukitBatokEast Simei SungeiRoad Sudong GaliBatuMandai Safti GhimMoh Frankel TanjongPagar Sembawang JooKoon SimpangNorth Bendemeer NeeSoon ChoaChuKang Bayshore Hillcrest Tyersall TiongBahruStation PearlsHill Redhill Gombak DowntownCore LowerSeletar Tengeh Frankel SwissClub RiverValley LeonieHill BukitBatokEast
23
Tengeh Frankel Safti Tengeh
BukitBatokEast
Redhill Redhill
GhimMoh GhimMoh
Sudong Sudong
DowntownCore DowntownCore
Sembawang Sembawang
SimpangNorth SimpangNorth
LeonieHill LeonieHill
LowerSeletar LowerSeletar
Simei Simei
ChoaChuKang ChoaChuKang
TanjongPagar CityHall TanjongPagar
Tyersall Tyersall
JooKoon JooKoon
TiongBahruStation TiongBahruStation
PearlsHill PearlsHill
SwissClub SwissClub
NeeSoon NeeSoon
GaliBatuMandai GaliBatuMandai
RiverValley RiverValley
Hillcrest Hillcrest
SungeiRoad SungeiRoad
