Burlington McAllen Killeen Prairie Davenport Honolulu Cambridge Buffalo Louisville Myrtle Hampton Columbus Clarke Miramar Bridgeport Naperville Rapids Denver Hayward Cedar Chattanooga Greenville Amarillo Chicago Merced Independence Burlington
26
Honolulu Honolulu
Buffalo Buffalo
Greenville Greenville
Independence Independence
Chicago Chicago
Denver Denver
Killeen Killeen
Burlington
Merced Merced
Hampton Hampton
Chattanooga Chattanooga
McAllen McAllen
Columbus Columbus
Cambridge Cambridge
Rapids Rapids
Naperville Naperville
Hayward Hayward
Clarke Clarke
Bridgeport Bridgeport
Myrtle Myrtle
Amarillo Amarillo
Davenport Davenport
Prairie Prairie
Miramar Miramar
Cedar Cedar
Louisville Louisville
