location1 location26 location14 location17 location15 location16 location23 location44 location11 location48 location31 location39 location5 location33 location10 location49 location27 location46 location37 location28 location6 location24 location32 location1
22
location5 location5
location6 location6
location10 location10
location11 location11
location32 location12 location38 location32
location14 location14
location15 location15
location16 location16
location17 location17
location23 location23
location24 location24
location26 location26
location27 location27
location28 location28
location31 location31
location33 location33
location37 location42 location37
location39 location39
location44 location44
location46 location46
location48 location48
location49 location49
