Liam Benjamin Wyatt Daniel Lincoln Michael Julian Ethan William Alexander Oliver Charles Andrew Lucas Jackson Lucas Julian Samuel Sebastian Jaxon Matthew Joseph Jacob Joseph Noah Logan James Jaxon Liam
20
Liam Liam
Noah Noah
William William Elijah Mason Carter
James James
Logan Logan
Benjamin Benjamin
Oliver Oliver
Jacob Jacob
Lucas Lucas
Michael Michael
Alexander Henry Alexander
Ethan Ethan
Daniel Daniel
Matthew Matthew
Jaxon Aiden David
Joseph Joseph
Jackson Jackson
Samuel Samuel
Sebastian Sebastian
Wyatt Wyatt
