zero five zero seven six seven fourteen thirteen twelve nineteen twenty nineteen eighteen seventeen sixteen fifteen twentyone twentyeight thirtyfive thirtyfour thirtythree forty thirtynine thirtyeight thirtyseven thirtysix fortytwo thirtysix thirtyseven thirtyeight fortyfive fortysix fortyfive thirtyeight thirtyone thirtytwo twentyfive eighteen eleven ten nine ten three zero
26
zero
three three
five five
six six
seven seven
nine nine
eleven eleven
twelve twelve
thirteen thirteen
fourteen fourteen
fifteen fifteen
sixteen sixteen
eighteen eighteen
nineteen nineteen
twenty twenty
twentyfive twentyfive
thirtyone thirtyone
thirtytwo thirtytwo
thirtyfour thirtyfour
thirtyfive thirtyfive
thirtyseven thirtyseven
thirtyeight thirtyeight
forty forty
fortytwo fortytwo
fortyfive fortyfive
fortysix fortysix
