7FD578 C03738 EEEA40 9F01C8 8633C5 AA2C70 66B94B E5D023 2C376F 3E0BDD 283373 ED0989 6CAF19 9B7F16 57CBDE 7B7BDE 4BCD0B 7CDA20 F94356 A085DD 853F1A 1176C9 853F1A 17BEF0 B40756 877D0E CE97C4 1BD5F4 2E60FC 1EE680 01684B E27C41 719360 981760 FF39A5 981760 719360 19E454 61D740 4BCD0B 7FD578
24
9F01C8 9F01C8
66B94B 66B94B
61D740 61D740
FF39A5 FF39A5
17BEF0 859C0E
2E60FC 2E60FC
01684B 01684B
7FD578 1AC5CE
7CDA20 6C7BF0
3E0BDD 3E0BDD
1176C9 1176C9
6CAF19 6CAF19
2C376F E5D023 2C376F
981760 981760
9B7F16 9B7F16
E27C41 E27C41
877D0E 877D0E
7B7BDE 7B7BDE
B40756 B40756
EEEA40 EEEA40
4BCD0B F4C859
1EE680 1EE680
1BD5F4 1BD5F4
A085DD A085DD
