cure Verdi seem St Blackman St item St lint bear Moe Verdi greet coralberry ineducable periphery obfuscate awash upheld bear indignity St logjam St Brillouin periphery hypotonic coralberry Muscat coralberry Negroid coralberry reflectance periphery roost Kepler latch atoll Bridgeport coralberry Delphi awash belch tick stupor Verdi swoop Verdi cure
25
cure
Delphi Delphi
hypotonic hypotonic
swoop swoop
Kepler Vichy marquess
roost roost
reflectance reflectance
Negroid Negroid
Bridgeport Bridgeport
Muscat Muscat
Brillouin Brillouin
logjam logjam
indignity indignity
upheld upheld
item item
obfuscate obfuscate
ineducable ineducable
greet greet
belch belch
Moe Moe
lint lint
seem seem
Blackman Blackman
stupor stupor
latch latch
