1 98 97 96 95 94 93 92 91 90 89 88 87 86 85 84 83 77 82 77 81 77 80 77 79 77 76 75 74 73 72 71 70 69 63 68 63 67 63 66 63 65 63 62 61 60 59 58 57 56 55 49 54 49 53 49 52 49 51 49 50 49 48 47 48 44 43 42 41 40 39 40 36 35 34 33 32 31 32 28 27 26 25 24 23 24 20 19 18 17 16 15 16 12 11 10 9 8 7 8 4 3 2 1
44
1 5
2 2
4 4
7 7
9 13
10 10
12 12
15 15
17 21
18 18
20 20
23 23
25 29
26 26
28 28
31 31
33 37
34 34
36 36
39 39
41 45
42 42
44 44
47 47
50 50
51 51
52 52
53 53
54 54
63 64
65 65
66 66
67 67
68 68
77 78
79 79
80 80
81 81
82 82
91 92
93 93
94 94
95 95
96 96
