1 200 199 200 196 195 194 193 192 191 192 188 187 186 185 184 183 184 180 179 178 177 176 175 176 172 171 170 169 168 167 168 164 163 162 161 160 159 160 156 155 154 153 152 151 152 148 147 146 145 144 143 144 140 139 138 137 136 135 136 132 131 130 129 128 127 128 124 123 122 121 120 119 120 116 115 114 113 112 111 112 108 107 106 105 104 103 104 100 99 98 97 96 95 96 92 91 90 89 88 87 88 84 83 82 81 80 79 80 76 75 74 73 72 71 72 68 67 66 65 64 63 64 60 59 58 57 56 55 56 52 51 50 49 48 47 48 44 43 42 41 40 39 40 36 35 34 33 32 31 32 28 27 26 25 24 23 24 20 19 18 17 16 15 16 12 11 10 9 8 7 8 4 3 2 1
100
1 5
2 2
4 4
7 7
9 13
10 10
12 12
15 15
17 21
18 18
20 20
23 23
25 29
26 26
28 28
31 31
33 37
34 34
36 36
39 39
41 45
42 42
44 44
47 47
49 53
50 50
52 52
55 55
57 61
58 58
60 60
63 63
65 69
66 66
68 68
71 71
73 77
74 74
76 76
79 79
81 85
82 82
84 84
87 87
89 93
90 90
92 92
95 95
97 101
98 98
100 100
103 103
105 109
106 106
108 108
111 111
113 117
114 114
116 116
119 119
121 125
122 122
124 124
127 127
129 133
130 130
132 132
135 135
137 141
138 138
140 140
143 143
145 149
146 146
148 148
151 151
153 157
154 154
156 156
159 159
161 165
162 162
164 164
167 167
169 173
170 170
172 172
175 175
177 181
178 178
180 180
183 183
185 189
186 186
188 188
191 191
193 197
194 194
196 196
199 199
