Soda Doe GreekTheatre LawrenceHall MemorialStadium InternationalHouse MemorialStadium LawrenceHall Doe UniversityVillage Bowles UniversityVillage HildebrandHall Gilman Cory Campbell Unit3 Barrows CaliforniaHall HilgardHall HearstMining BotanicalGardens HearstMining Dwinelle HavilandHall Foothill LeConte Etcheverry Unit2 BancroftLibrary Unit2 DurantHall Blackwell Unit1 SouthHall Moffit DavisHall Stern HesseHall Campanile Evans Campanile BerkeleyWayWest Wheeler BerkeleyWayWest Soda
24
Evans Evans BAMPFA
Doe Doe
BotanicalGardens HearstMining
Wheeler Wheeler
Campanile Campanile
LeConte LeConte
Moffit Moffit
Dwinelle Dwinelle
SouthHall SouthHall
Gilman Gilman
CaliforniaHall CaliforniaHall
Bowles Bowles
BancroftLibrary BancroftLibrary
DurantHall DurantHall
Stern Stern
Campbell Campbell
GreekTheatre GreekTheatre
BerkeleyWayWest BerkeleyWayWest
LawrenceHall LawrenceHall
InternationalHouse InternationalHouse
Unit1 Unit1
Unit2 Unit2
Unit3 Unit3
Foothill Foothill
