Shower0 Toilet12 Puppy19 Websites24 YouTube4 Ice42 Plants3 Prints25 Post17 Cat44 Light1 Cat44 Toilet45 Ice30 Nuclear43 Crab16 Website21 Soap14 Website21 Soda18 Prints46 Allergies7 Puppy28 Android27 Puppy28 Boat48 Puppy28 Monster32 Elevator35 Laptop22 Rollers40 Sink37 Websites15 BBQ36 Fence29 Robot49 Shower0
23
Shower0
Light1 Light1
Plants3 Plants3
YouTube4 YouTube4
Allergies7 Allergies7
Boat48 Cone13
Soap14 Ring33
Crab16 Crab16
Soda18 Soda18
Puppy19 Puppy19
Laptop22 Laptop22
Prints25 Prints25 Toilet26 BBQ38 Mail41
Android27 Android27
Ice30 Ice30
Monster32 Monster32
Elevator35 Elevator35
BBQ36 BBQ36
Sink37 Sink37
Ice42 Ice42
Nuclear43 Nuclear43
Cat44 Cat44
Toilet45 Toilet45
Robot49 Robot49
