Aberdeen Reno Hampton Lowell Chattanooga SaltLakeCity Redding SanAntonio Redding SaltLakeCity StPetersburg Lewisville Gainesville Lewisville Elkhart Racine Elkhart Pensacola Newburgh Miramar McAllen Marina McAllen GreenBay Columbia Murrieta Riverside Hartford SanBernardino Modesto Frederick SouthLyon Montgomery Kennewick WestValleyCity Henderson Austin Winston Tuscaloosa Hampton Reno Springdale Reno Aberdeen
26
Pensacola Pensacola
SaltLakeCity SaltLakeCity
Gainesville Gainesville
Hampton Hampton
Winston Winston
Tuscaloosa Tuscaloosa
WestValleyCity WestValleyCity
Chattanooga Chattanooga
Modesto Modesto
Henderson Henderson
Lewisville Lewisville
Miramar Miramar
Racine Racine
Reno Reno
Lowell Lowell
SanBernardino SanBernardino
SouthLyon SouthLyon
Newburgh Newburgh
Austin Austin
Montgomery Montgomery
GreenBay GreenBay
SanAntonio SanAntonio
StPetersburg StPetersburg
Marina Marina
Springdale Springdale
Aberdeen
