MHnVCXOJJwOI KKNtdnAHmUpc SPoMbAzxrqrj ltlOmMSvjmIL YfpLHnDpSXzc AZrILCuGwbtV MlFqcqjWiUdI bVDkAfQbeTmx YbGvPudTcbyh SJPfUQrbAbqM jmWqilJNXyuV cXYRsTNMJDHO ilCjMogPnNTK NmmqQKqzdERM FhVNapbaoZOZ phTlHtTwrYOU GoPPViXuIoMW oClepMbylsqk crcFIKqbaYTC svpVoYHpEpjH JCPkGQQBkgge PCNGxUSnzrYJ GLfJulJDWdHA NkzUoyRYPnbb RWoTZCNhceUR UvfnFwkwYqFk MHnVCXOJJwOI
26
SJPfUQrbAbqM SJPfUQrbAbqM
ilCjMogPnNTK ilCjMogPnNTK
SPoMbAzxrqrj SPoMbAzxrqrj
YbGvPudTcbyh YbGvPudTcbyh
NmmqQKqzdERM NmmqQKqzdERM
svpVoYHpEpjH svpVoYHpEpjH
bVDkAfQbeTmx bVDkAfQbeTmx
crcFIKqbaYTC crcFIKqbaYTC
MHnVCXOJJwOI
jmWqilJNXyuV jmWqilJNXyuV
MlFqcqjWiUdI MlFqcqjWiUdI
PCNGxUSnzrYJ PCNGxUSnzrYJ
cXYRsTNMJDHO cXYRsTNMJDHO
KKNtdnAHmUpc KKNtdnAHmUpc
NkzUoyRYPnbb NkzUoyRYPnbb
phTlHtTwrYOU phTlHtTwrYOU
GLfJulJDWdHA GLfJulJDWdHA
oClepMbylsqk oClepMbylsqk
RWoTZCNhceUR RWoTZCNhceUR
YfpLHnDpSXzc YfpLHnDpSXzc
ltlOmMSvjmIL ltlOmMSvjmIL
FhVNapbaoZOZ FhVNapbaoZOZ
GoPPViXuIoMW GoPPViXuIoMW
AZrILCuGwbtV AZrILCuGwbtV
UvfnFwkwYqFk UvfnFwkwYqFk
JCPkGQQBkgge JCPkGQQBkgge
