Glameow Inkay Spheal Gigalith Buneary Zygarde Ivysaur Meganium Piplup Poochyena Fomantis Turtwig Wailord Beheeyem Golett Beheeyem Ledian Zygarde Ivysaur Spinarak Electivire Yanma Sigilyph Togepi Feebas Bergmite Spiritomb Bergmite Gumshoos Electivire Furret Electivire Archeops Loudred Glameow
22
Electivire Electivire
Spiritomb Spiritomb Bergmite
Glameow
Wailord Wailord
Gumshoos Gumshoos
Spinarak Spinarak
Fomantis Glalie Mudbray
Ledian Ledian
Buneary Buneary
Meganium Meganium
Inkay Inkay
Zygarde Zygarde
Togepi Togepi
Yanma Yanma
Piplup Piplup
Archeops Archeops
Beheeyem Leavanny Beheeyem
Spheal Gothorita Spheal
Furret Furret
Loudred Loudred
Gigalith Gigalith
Golett Golett
