FleaBottom Bobbingbourne Tartarus Glimthain UtgardMountain TheBoilingRock Ademre SatishVille Ebonfall GringottsBank Batcave Eggmanland Trebon TheGreatDivide IronIslands ShriekingShack TheSpine Coalwatch TheSpine Carvahall TheVale Carvahall Westopolis Carvahall Accrington MinistryofMagic Arkham RockofKuthian Olivanders TheBurningPlains Yll HighGarden Vintas Toperhagen Urubaen Bobbingbourne FleaBottom
25
Olivanders Olivanders
Vintas Vintas
Yll Yll
TheBoilingRock TheBoilingRock
TheBurningPlains TheBurningPlains
Batcave Batcave
SatishVille SatishVille
Eggmanland Eggmanland
TheVale TheVale
Trebon Trebon
ShriekingShack ShriekingShack
UtgardMountain UtgardMountain
TheGreatDivide TheGreatDivide
Glimthain Glimthain
Bobbingbourne Bobbingbourne
Accrington Accrington
MinistryofMagic MinistryofMagic
Coalwatch Coalwatch
HighGarden HighGarden
Westopolis Westopolis
Ademre Ademre
Urubaen Urubaen
Arkham Arkham
Ebonfall Ebonfall
GringottsBank GringottsBank
