Soda Xiykasaul Pvqvkpcd Naovhz Ycnmyyspjf Rfgfrncmnd Hbogcfyxa Ojnvskrpfp Fpujhjd Rjuvckvy Kahi Wksfdqrv Kahi Rjuvckvy Gsbrvvyhxcc Ncyuq Xiykasaul Kpdxi Sicichvcten Kpdxi Bbvlwxnejni Jdqn Bbvlwxnejni Kvcj Wgigv Ukih Rfwigv Sjwkqvmzq Rfwigv Gzgo Plptbkef Cgcszojbs Ncul Cgcszojbs Lwpi Obpzvveihj Xgyovgk Obpzvveihj Xmibe Ygykrl Dacrfmpv Rfgfrncmnd Idwoxehtk Soda
24
Ncyuq Ncyuq
Xgyovgk Xgyovgk
Xmibe Xmibe
Kvcj Kvcj
Ojnvskrpfp Ojnvskrpfp
Sjwkqvmzq Sjwkqvmzq
Xiykasaul Xiykasaul
Dacrfmpv Dacrfmpv
Hbogcfyxa Hbogcfyxa
Fpujhjd Fpujhjd
Plptbkef Plptbkef
Jdqn Jdqn
Pvqvkpcd Pvqvkpcd
Ygykrl Ygykrl
Soda Soda
Wgigv Wgigv
Rfwigv Rfwigv
Gsbrvvyhxcc Gsbrvvyhxcc
Rjuvckvy Rjuvckvy
Ncul Ncul
Ycnmyyspjf Ycnmyyspjf
Sicichvcten Sicichvcten Wdhdwqbb
Wksfdqrv Wksfdqrv
Idwoxehtk Idwoxehtk
