Soda Koshland Stern Hildebrand McCone Bowles Moses DoeLibrary Blackwell Wheeler LifeSciences Senior Wellman Stanley HaasPavilion Pitzer Morgan Boalt Giannini Hertz Cheit Dwinelle Jacobs Haste Foothill Soda
25
Soda
Boalt Boalt
Cheit Cheit
Dwinelle Dwinelle
Giannini Giannini
Haste Haste
LifeSciences LifeSciences
Jacobs Jacobs
Hildebrand Hildebrand
Moses Moses
Senior Senior
Stern Stern
Wheeler Wheeler
Blackwell Blackwell
Bowles Bowles
DoeLibrary DoeLibrary
Foothill Foothill
HaasPavilion HaasPavilion
Hertz Hertz
Koshland Koshland
McCone McCone
Morgan Morgan
Pitzer Pitzer
Stanley Stanley
Wellman Wellman
