ffffff uu ggggg ffffffff xxxxx xxx tt ppppppp qq gggg b uuuuuu ccccc vvvvvv kkkkkk sss sssssss iiiii ffff tttt mm ttttt zzz jjjjjj zzzzzz hhhh oooooooo ooooo kkkkkkkk ggggggg nnnnnn bbbbbbb gggggggg wwwwww rrrrrr rr fffffff llllllll vvv hhh zz ppppp jj o x a dddd jjjj rrrrr ffffff
49
iiiii oooooo
hhh s iiiiiiii hhh
fffffff eeeeeee pppppppp aa
gggg ssss kkkk cc cccccc gggg pppp jjj
o o
mm eeee mm ssssss
ggggggg ggggggg bbbbbb aaa qqqqqq
ppppppp m eeeeee
zzzzzz xxxxxxx ccccccc
ccccc lllllll vvvvv iiiiiii k
ggggg ggggg
sss qqq sss yy yyyyyyy
nnnnnn fffff nnnnnn
xxxxx ll xxxxx ii aaaa uuuuuuu
oooooooo lll oooooooo
jjjj jjjj
kkkkkk bbbbbbbb aaaaaaaa kkkkkk e mmmmmmmm
qq qq
rr xxxx wwww rr
zz aaaaaa
tt tt mmmm nnn
bbbbbbb zzzzz dd ttttttt cccc d sssss bbbbbbb j
ooooo ooooo wwwww
ffff ffff
kkkkkkkk eeeee tttttt kkkkkkkk
vvv vvv
b llllll b
jj uuu
x x
ffffff ffffff
uu uu
gggggggg q gggggggg
dddd dddd
sssssss sssssss
uuuuuu uuuuuu
a a
zzz zzz
wwwwww wwwwww hhhhhhh ee
xxx xxx
vvvvvv vvvvvv
hhhh hhhh
rrrrrr rrrrrr
rrrrr rrrrr
ffffffff ffffffff
llllllll llllllll
tttt tttt
jjjjjj jjjjjj
ppppp ppppp
ttttt ttttt
