f qqqqq t ssssss llllllll dddddddd bbbbbbbb mmmm eeee p aaa vvvv fffffff w c qqqqqq uu xxxxxx ttttt hhhh wwww mmmmmmmm ggggg hhh jjjjjjj ffffffff v ssss lllll s vv d m qq f
34
ssss ssss
t ss
d iii nnnn ggg
wwww aaaaa wwww ff pp jjjj
mmmm a
w w
uu uu
v v
f xxx f
p p
qqqqq zzz uuuuu j
jjjjjjj jjjjjjj qqqqqqq rrrrrr
eeee eeee
dddddddd dddddddd
mmmmmmmm q rrrrrrrr
ttttt ttttt
xxxxxx xxxxxx
s wwwwwww s
ggggg ggggg
llllllll llllllll
ssssss ssssss llllll
m m z
qqqqqq qqqqqq
hhh hhh
c c
hhhh hhhh
vvvv vvvv
bbbbbbbb bbbbbbbb sss
vv vv
qq qq
lllll lllll
ffffffff ffffffff
fffffff fffffff
aaa aaa
