SusanneJohnBerrios MattieBarbaraEkstrom DinahCatherineFaulkn AntonioGeraldBaker FernandoLindaWatson StephanieAaronWalker ClaudiaDavidTaylor DougHelenHornbeck MaryFrankieWomack GarryDavidKingery JuliaMollieHernandez DorothyDavidStromme RalphClydeMills JorgeHeatherSamuels JuliaLindaGordon RubyLelandCollard DouglasRobertFerkovi HarryNeilFranklin SpencerCourtneyBroth LaquitaJohnBrunette MonteMonicaLum JuanDebbieAllen SusanneJohnBerrios
22
SusanneJohnBerrios
MattieBarbaraEkstrom MattieBarbaraEkstrom
JuanDebbieAllen JuanDebbieAllen
JuliaLindaGordon JuliaLindaGordon
LaquitaJohnBrunette LaquitaJohnBrunette
MaryFrankieWomack MaryFrankieWomack
GarryDavidKingery GarryDavidKingery
DougHelenHornbeck DougHelenHornbeck
DouglasRobertFerkovi DouglasRobertFerkovi
RalphClydeMills RalphClydeMills
JorgeHeatherSamuels JorgeHeatherSamuels
HarryNeilFranklin HarryNeilFranklin
MonteMonicaLum MonteMonicaLum
AntonioGeraldBaker AntonioGeraldBaker
RubyLelandCollard RubyLelandCollard
JuliaMollieHernandez JuliaMollieHernandez
SpencerCourtneyBroth SpencerCourtneyBroth
DinahCatherineFaulkn DinahCatherineFaulkn
StephanieAaronWalker StephanieAaronWalker
FernandoLindaWatson FernandoLindaWatson
DorothyDavidStromme DorothyDavidStromme
ClaudiaDavidTaylor ClaudiaDavidTaylor
