Hamsbourne Chipfield Cammercastle Chipfield Hamperrehampton Prestbourne Botherstanport Leatherblesley Sodderrenshead Leatherblesley Enderton Leatherblesley Botherstanport Wolvencester Botherstanport Leatherblesley Camswich Cimansbrough Wendleslake Boothenrensborough Wendleslake Stafdenbourne Chipsted Stafdenbourne Enderton Camhampton Hartberbury Camhampton Shaftthorne Sudbage Skelgrove Prestbourne Sunderborough Ciley Sunderborough Rotmerby Chilringfield Dribstoke Endbeck Dribstoke Rocklow Camsborne Sundlechester Hamsbourne
23
Enderton Enderton
Hamsbourne Sundlechester
Hartberbury Hartberbury
Chipfield Chipfield
Hamperrehampton Hamperrehampton
Leatherblesley Leatherblesley
Skelgrove Warrewick
Endbeck Melshot
Boothenrensborough Candlesdon Boothenrensborough
Sodderrenshead Sodderrenshead
Camhampton Camhampton
Cammercastle Cammercastle
Shaftthorne Shaftthorne
Camswich Camswich
Ciley Ciley Sunderborough
Rocklow Rocklow
Chipsted Chipsted
Sudbage Sudbage
Chilringfield Chilringfield
Prestbourne Prestbourne
Cimansbrough Cimansbrough
Wolvencester Wolvencester
Rotmerby Rotmerby
