Waco MorenoValley OverlandPark SterlingHeights Palmdale Clarksville Stamford Cary Stamford SanBernardino Victorville FortCollins Victorville SanBernardino Victorville StPaul Palmdale AthensClarkeCounty OWO AthensClarkeCounty SanFrancisco Richmond SanFrancisco AthensClarkeCounty Palmdale FortWayne Palmdale LexingtonFa Palmdale Omaha KansasCity Lincoln Newark SaltLakeCity Rochester Oski Irving SantaClara ChulaVista Lincoln Detroit SaltLakeCity AnnArbor OverlandPark Waco SanAntonio Waco
25
Clarksville Clarksville
Cary Cary
AnnArbor AnnArbor
Richmond Richmond
FortWayne FortWayne
StPaul StPaul
SanAntonio SanAntonio
Rochester Rochester
FortCollins FortCollins
AthensClarkeCounty AthensClarkeCounty
LexingtonFa LexingtonFa
ChulaVista ChulaVista
Irving Irving
Newark Newark
Detroit Detroit
OWO OWO
SterlingHeights SterlingHeights
SanBernardino SanBernardino
MorenoValley MorenoValley
Omaha Omaha
SanFrancisco SanFrancisco
Stamford Stamford
SaltLakeCity SaltLakeCity
Lincoln Lincoln
Palmdale Palmdale
