Kaimganj Fagaras Pilibhit Irvine Pilibhit Norristown Brecht Tsirang Korolev Fandriana Tocache MilpaAlta PinhalNovo Kansk EncarnaciondeDiaz Mesa Yucheng Malaybalay Narangba GobernadorGalvez Tocache MontecatiniTerme MilpaAlta Anahuac Novopokrovskaya Tsukawaki Karasuyama Albi Gobo Racine Malaybalay Dankov Leixlip Isakogorka Kaimganj
26
Kaimganj
Dankov Dankov
Karasuyama Karasuyama
Narangba Narangba
Irvine Irvine
Tsukawaki Tsukawaki
Fagaras Fagaras
Pilibhit Pilibhit
Racine Racine
PinhalNovo PinhalNovo
Brecht Brecht
Anahuac Anahuac
Yucheng Yucheng
Korolev Korolev
EncarnaciondeDiaz EncarnaciondeDiaz
Novopokrovskaya Novopokrovskaya
Albi Albi
Tsirang Tsirang
Fandriana Fandriana
Isakogorka Isakogorka
GobernadorGalvez GobernadorGalvez
Gobo Gobo
Tocache Tocache
Leixlip Leixlip
MilpaAlta MilpaAlta
MontecatiniTerme MontecatiniTerme
