lyenDXSN wKxe hU BR vJxAK1LaHyuu4yFNeul MBLHuIgjJIXs GPeb ImSpax cHKeh1 hpRsyMlXH1H 6DVIvuGfPs2BU Mu KtvQaJqCJTRpXM8ZI CmV 7Q zI 7Q L 61 fzp vAIBd1Ae udWCYo fGVqheaVU3e 2AR73oQdnbYqnDCGMFS Iax35 HwQeXpOEZHQ3s hVfqebryM4wN f9euNCVEF2WwHc0CWSy5 nqeGwct hjCFXN9kbqn0UCNsZ G50hiUpVStHCMrd l f frNA534JEvY4f K0A9bbVLm9atwTf EJDqk Plmj0j FLdC wcmx8dhmsO K6yVeBnomxSBet nWkakNi6Qt9d4g llx2p JyObTOXbOI cYPTdnJWL zzYmU5YFhvp1 C8PRtY0wMczFLQQYxa VNvsbB7eWJcAK0fU mMU5Ux7Gh9w akZmiQ7tmX jvdVvQ 1ds7sqHhanMKkMy M1PxrOPSNUVpc DYfBQTocj 6yeW7sat9rvd cnYBED3IXb5fpZ Vfe589mWfZoDleGgD V8N lyenDXSN
38
GPeb GPeb
M1PxrOPSNUVpc M1PxrOPSNUVpc
vAIBd1Ae vAIBd1Ae
hjCFXN9kbqn0UCNsZ hjCFXN9kbqn0UCNsZ
BR BR
lyenDXSN
G50hiUpVStHCMrd G50hiUpVStHCMrd
KtvQaJqCJTRpXM8ZI KtvQaJqCJTRpXM8ZI
wcmx8dhmsO wcmx8dhmsO
2AR73oQdnbYqnDCGMFS 2AR73oQdnbYqnDCGMFS
hpRsyMlXH1H 6DVIvuGfPs2BU
hU hU
MBLHuIgjJIXs MBLHuIgjJIXs
6yeW7sat9rvd 6yeW7sat9rvd wBJRoqVxn1t
K0A9bbVLm9atwTf K0A9bbVLm9atwTf
l l
llx2p llx2p lt1a5E0H
Plmj0j Plmj0j
jvdVvQ jvdVvQ
zI zI
fGVqheaVU3e A67f
61 61
nWkakNi6Qt9d4g o3refHnx4qioqHztqMYE nWkakNi6Qt9d4g
Mu Mu
hVfqebryM4wN hVfqebryM4wN
HwQeXpOEZHQ3s HwQeXpOEZHQ3s
ImSpax ImSpax
VNvsbB7eWJcAK0fU VNvsbB7eWJcAK0fU
frNA534JEvY4f frNA534JEvY4f
zzYmU5YFhvp1 zzYmU5YFhvp1
7Q 7Q
cYPTdnJWL cYPTdnJWL
nqeGwct nqeGwct
CmV CmV
vJxAK1LaHyuu4yFNeul vJxAK1LaHyuu4yFNeul
L L
akZmiQ7tmX akZmiQ7tmX
f f
