yqRn7pcv i4M5A6hw fsgAjhrq 1JmiRMy2 hC2ZPbzA cbK8BQiu Wvomb2LC 2XMfF8YA 83BKbC2v uzY67sfN hcJG54h4 pP15erwI 5Zo9R33z gGaSBUDY mB6fiF0u LQU5lyru fMhFZEQj 7xyYvlir O2GwHMQM mmiVeCrf o5fxSomz XlaUIvCb zcy1X765 ne5PzSYX xaYYL0Xr yqRn7pcv
23
xaYYL0Xr xaYYL0Xr RKTqv0lO
yqRn7pcv yqRn7pcv
gGaSBUDY rJm7nPd7
zcy1X765 zcy1X765
Wvomb2LC Wvomb2LC
mmiVeCrf mmiVeCrf
XlaUIvCb XlaUIvCb
hC2ZPbzA hC2ZPbzA
ne5PzSYX ne5PzSYX
mB6fiF0u mB6fiF0u
LQU5lyru rKjRBwvM LQU5lyru
83BKbC2v lRFv66dO
pP15erwI 6XOrbPEm
hcJG54h4 hcJG54h4
fsgAjhrq fsgAjhrq
i4M5A6hw i4M5A6hw
cbK8BQiu Tv0Ngo2a
uzY67sfN uzY67sfN
2XMfF8YA 2XMfF8YA
5Zo9R33z 5Zo9R33z
1JmiRMy2 1JmiRMy2
o5fxSomz o5fxSomz
7xyYvlir 7xyYvlir
