Acadia Biscayne Cuyahoga Congaree Caverns Congaree Everglades Katmai Denali Teddy Haleakala Indiana Crater Olympic Arches Sequoia Guadalupe Isle Brycecanyon Canyonlands Clark Badlands Basin Gunnison Glacier Gateway Teton Gateway Channel Lassen Smoky Voyageurs Bend Tortugas Acadia
25
Acadia Capitol
Arches Arches
Badlands Badlands
Bend Bend
Biscayne Biscayne
Gunnison Gunnison
Brycecanyon Brycecanyon
Canyonlands Canyonlands
Caverns Caverns
Channel Channel
Congaree Congaree
Crater Crater
Cuyahoga Cuyahoga
Denali Denali
Tortugas Tortugas
Everglades Everglades
Gateway Gateway
Glacier Glacier
Teton Teton
Basin Basin
Smoky Smoky
Guadalupe Guadalupe
Haleakala Haleakala
Indiana Indiana
Isle Isle
