pace nationalist brake opposed thumb exempt thumb opposed brake headline audience due excuse gate tablet approval king likely page guarantee enter deposit skeleton injury pier likely circulation likely market mixture voice write environment honor prison view throne exclusive output exclusive pace
23
likely likely
excuse excuse
nationalist feature brake nationalist
skeleton skeleton
king king
mixture mixture
injury injury
output output
circulation circulation
page page
audience audience
voice voice
deposit deposit
honor honor
enter enter
throne throne
guarantee guarantee
gate gate
exempt exempt
market market
opposed opposed
headline headline
approval approval
