Lesnoy Hueytown Franceville Rutherglen Hudiksvall Meerut Gisborne Dharmapuri Gisborne Pingyi Malaut Sungurlu Winsford Sun Hueytown Brentwood Zgorzelec Yangambi Andijon Glogovac Visitacion Ishim Stade Portogruaro Artur Beveren Kundla Beveren Blackpool Beveren GatesNorth Lesnoy
25
Hueytown Hueytown
Gisborne Gisborne
Hudiksvall Hudiksvall
Visitacion Visitacion
Sungurlu Sungurlu
Rutherglen Rutherglen
Winsford Winsford
Sun Sun
Pingyi Pingyi
Malaut Malaut
Meerut Meerut
Blackpool Blackpool
Glogovac Glogovac
GatesNorth GatesNorth
Lesnoy Lesnoy
Brentwood Brentwood
Kundla Kundla
Portogruaro Portogruaro
Ishim Ishim
Stade Stade
Artur Artur
Zgorzelec Zgorzelec
Yangambi Yangambi
Franceville Franceville
Dharmapuri Dharmapuri
