steward exotic basketball top childish ballot hide farewell adult skip belief deck linear scrap appear perception company community pastel concern battery creation crew think tin minimize steward
26
concern concern
company company
top top
belief belief
hide hide
basketball basketball
battery battery
pastel pastel
crew crew
linear linear
adult adult
minimize minimize
farewell farewell
ballot ballot
scrap scrap
appear appear
creation creation
deck deck
perception perception
childish childish
exotic exotic
think think
skip skip
community community
tin tin
steward
