location12 location22 location1 location26 location47 location2 location35 location24 location25 location10 location13 location39 location37 location38 location45 location8 location33 location3 location12
18
location1 location1
location2 location2 location15
location3 location34 location3
location39 location42 location4 location39
location25 location25 location5 location30
location8 location8
location10 location10
location26 location11 location29
location12
location13 location17
location22 location22
location24 location24 location32
location33 location40
location35 location35
location37 location37
location38 location38
location45 location45
location47 location47
