Nepal Afghanistan Palau Mauritius Kuwait Tajikistan NewZealand Slovakia Afghanistan Vietnam Niger Serbia UAE Estonia Ecuador Belarus Azerbaijan Suriname Botswana Fiji Panama SaintLucia VaticanCity TheGambia MarshallIslands Argentina Liechtenstein Tanzania Georgia Nepal
26
Nepal
Liechtenstein Liechtenstein
Palau Palau
Vietnam Vietnam
Estonia Estonia
Afghanistan Afghanistan
Georgia Georgia
Panama Panama
MarshallIslands MarshallIslands
Fiji Fiji
Azerbaijan Azerbaijan
NewZealand NewZealand
Kuwait Kuwait
Suriname Suriname
Argentina Argentina
Mauritius Mauritius
SaintLucia SaintLucia
UAE UAE
Belarus Belarus
Botswana Botswana
Serbia Serbia
VaticanCity VaticanCity
Tajikistan Tajikistan
Slovakia Slovakia
Tanzania Tanzania
Niger Niger
