85 54 61 8 61 57 18 93 30 50 74 82 51 82 87 25 23 25 98 29 16 83 31 86 32 64 88 27 59 15 21 7 21 37 49 46 49 80 48 14 17 14 55 14 45 53 42 92 42 69 4 44 91 60 96 60 99 56 33 71 70 68 70 38 70 22 41 47 41 79 89 11 36 28 36 94 5 1 6 35 13 34 52 72 77 72 43 24 81 24 0 24 85
51
0 0
1 1
7 7
8 8
11 11
13 13
15 15
16 16
17 17
21 76
22 22
23 23
27 27
28 28
31 31
34 34
35 35
37 37
38 38
43 43
44 44
45 45
46 46
47 47
48 48
50 50
51 51
52 52
53 53
54 54
55 55
56 56
57 57
64 64
68 68
69 69
71 71
77 77
79 79
80 80
81 81
85
86 86
87 87
91 91
92 92
93 93
94 94
96 96
98 98
99 99
