Liam Isaiah Joseph Mateo Alexander Mason Elijah Adrian Cooper Matthew Cooper Maverick Roman Jacob Jordan Nicholas Theodore David Sebastian Aaron Thomas Dylan Owen Jose Sawyer John Sawyer Benjamin Carter Dominic Oliver Dominic Eli Jackson Eli Wyatt Eli Lucas Noah Luke Christian Logan William Logan Jaxson Michael Jaxson Brayden Samuel Brayden Ethan Brayden Adam Ian Henry Ian Adam Robert Daniel Isaiah Liam
28
Liam Liam
Noah Noah
William Aiden William
Thomas James
Logan Logan
Benjamin Benjamin Carter
Mason Mason
Elijah Elijah
Oliver Oliver
Jacob Jacob
Lucas Lucas
Michael Michael
Alexander Alexander
Ethan Ethan
Daniel Daniel
Matthew Matthew
Henry Henry
Joseph Joseph
Jackson Jackson
Samuel Samuel
Sebastian Sebastian
David David
Wyatt Wyatt
Adam Jayden
John John
Owen Owen
Dylan Dylan
Luke Luke
