Home46 Home49 Home9 Home6 Home45 Home74 Home80 Home17 Home71 Home78 Home51 Home55 Home5 Home30 Home2 Home84 Home40 Home84 Home69 Home63 Home66 Home63 Home83 Home49 Home88 Home33 Home88 Home85 Home88 Home32 Home31 Home38 Home14 Home24 Home4 Home24 Home86 Home60 Home42 Home0 Home39 Home35 Home13 Home15 Home10 Home15 Home82 Home17 Home82 Home48 Home46
27
Home39 Home41 Home39
Home4 Home27
Home5 Home5
Home9 Home9 Home28
Home10 Home57
Home78 Home11
Home85 Home12 Home85
Home13 Home13
Home14 Home62
Home17 Home82
Home30 Home30
Home31 Home31
Home33 Home33
Home35 Home68
Home40 Home40
Home42 Home42
Home45 Home45
Home46
Home48 Home48
Home49 Home49
Home55 Home55
Home60 Home60
Home63 Home83 Home63
Home66 Home66
Home69 Home69
Home71 Home71
Home80 Home80
