73 96 38 8 38 88 100 88 45 77 14 17 93 17 10 45 98 21 80 7 84 81 91 78 91 28 40 16 85 16 40 13 48 15 79 95 19 1 68 90 25 90 64 11 33 82 33 18 76 37 86 31 66 74 58 34 12 62 65 62 99 46 75 49 44 57 9 71 50 53 94 2 27 88 22 29 83 55 5 38 96 73
51
1 1
5 5
8 8
9 9
10 10
11 11
12 12
13 13
14 14
15 15
18 18
19 19
21 21
22 22
25 25
27 27
29 29
33 33
34 34
44 44
46 46
48 48
49 49
50 50
53 53
57 57
65 65
66 66
68 68
71 71
73
74 74
75 75
76 76
77 77
78 78
79 79
81 81
82 82
83 83
84 84
85 85
86 86
90 90
91 91
93 93
94 94
96 96
98 98
99 99
100 100
