Evans WursterHall Cornerstone ZellerbachHall Bowles HilgardHall Bowles KroeberHall Barrows Unit2 Stern Unit2 Barrows KroeberHall Etcheverry KroeberHall Bowles Unit3 Spats Boalt Spats Unit3 Milkbomb SouthHall HesseHall SouthHall Milkbomb MemorialGlade Kresge MemorialGlade StrawberryCreek GreekTheatre CanyonPool GreekTheatre SatherGate GiauqueHall SatherGate Doe Plentea SutardjaDai Plentea Soda Plentea LatimerHall MLK HildebrandHall MLK Dwinelle ThaiNoodle ClarkKerr DavisHall ClarkKerr BotanicalGardens Gilman Marugame Campanile Marugame Eshelman Campbell DurantHall Firewings CaliforniaHall InternationalHouse CaliforniaHall Firewings RSF Underhill Blackwell ImmThai AlumniHouse BerkeleyWayWest Yifang Raretea Wheeler UniversityVillage HortonHall MemorialStadium HortonHall LeConte Moffit HappyLemon LawrenceHall BancroftLibrary HavilandHall VLSB HearstMining StrawberryCreek Unit1 HAAS BAMPFA HAAS Foothill Artichokes Evans Cory Evans
51
Evans
Doe Doe
HearstMining HearstMining
Wheeler Wheeler
Campanile Campanile
LeConte LeConte
Moffit Moffit
Dwinelle Dwinelle
SouthHall SouthHall
Gilman Gilman
CaliforniaHall CaliforniaHall
Bowles Bowles
BancroftLibrary BancroftLibrary
DurantHall DurantHall
Stern Stern
Campbell Campbell
GreekTheatre GreekTheatre
BAMPFA BAMPFA
BerkeleyWayWest BerkeleyWayWest
LawrenceHall LawrenceHall
InternationalHouse InternationalHouse
Unit1 Unit1
Unit2 Unit2
Unit3 Unit3
Foothill Foothill
VLSB VLSB
RSF RSF
Blackwell Blackwell
ZellerbachHall ZellerbachHall
MLK MLK
Eshelman Eshelman
Soda Soda
Cory Cory
Barrows Barrows
HAAS HAAS
AlumniHouse AlumniHouse
Boalt Boalt
BotanicalGardens BotanicalGardens
MemorialStadium MemorialStadium
CanyonPool CanyonPool
DavisHall DavisHall
Kresge Kresge
SutardjaDai SutardjaDai
Etcheverry Etcheverry
GiauqueHall GiauqueHall
UniversityVillage UniversityVillage
HavilandHall HavilandHall
HesseHall HesseHall
HildebrandHall HildebrandHall
HilgardHall HilgardHall
ThaiNoodle ThaiNoodle
