188645 0FB66D FA567E B833F0 2F1AB5 9B9BDD D04F40 628AB2 B3243F 1276AF 825884 48C2D5 825884 4B39CA 19FFAB 0801CC 9B0EC2 70146D 7E18E9 70146D 29B2A4 724A76 467AB7 0D7DE7 E954F7 2EA2EE 84EBFF 35FF16 500783 35FF16 800641 ACB11D D01E6B ACB11D FF8D45 784F83 7BF2B5 37F745 8D0852 D443EB D7CAF9 CB09C0 2C101C 35F60D AA8E14 31D332 DD2694 31D332 B86446 4FBDE1 B86446 35F60D 61EDA9 3ADA02 D5356A 3ADA02 94D700 DBDC9A A5CCB5 C98FE7 E09D29 AFF8D1 36D08C 6D778A 36D08C 567883 44716B 143B88 07D80A C0766C CEAE00 539A92 EC05F7 FD1783 994F93 DBDC9A A7E9D9 B7B073 EF4D57 3AA8C5 3B1041 7E5598 0FBCDC 0A5C0E 0FBCDC 7E5598 188645
50
AA8E14 AA8E14
A7E9D9 A7E9D9
37F745 37F745
44716B 44716B
D5356A D5356A
0A5C0E 0A5C0E
C98FE7 C98FE7
188645 188645
07D80A 07D80A
DBDC9A DBDC9A
DD2694 DD2694
628AB2 628AB2
9B9BDD 9B9BDD
3ADA02 3ADA02
D443EB D443EB
539A92 539A92
994F93 994F93
FD1783 FD1783
CB09C0 CB09C0
94D700 94D700
EF4D57 EF4D57
800641 800641
724A76 724A76
84EBFF 84EBFF
D7CAF9 D7CAF9
48C2D5 48C2D5
D04F40 D04F40
E954F7 E954F7
29B2A4 29B2A4
6D778A 6D778A
7E18E9 7E18E9
AFF8D1 AFF8D1
3B1041 3B1041
8D0852 8D0852
784F83 784F83
9B0EC2 9B0EC2
1276AF 1276AF
A5CCB5 A5CCB5
4FBDE1 4FBDE1
0FBCDC 0FBCDC
B7B073 B7B073
E09D29 E09D29
D01E6B D01E6B
2C101C 2C101C
467AB7 467AB7
500783 500783
B833F0 B833F0
19FFAB 19FFAB
FF8D45 FF8D45
0FB66D 0FB66D
