Soda Grenada Argentina Fiji Bermuda China Australia Czech United Azerbaijan Angola American Colombia Bouvet Botswana Guam Belize Czech Cambodia Cocos Cayman Finland Egypt Comoros Cuba Austria Central Aruba Hong Denmark Algeria Antigua Guyana Guadeloupe Soda
26
United United
Cambodia Cambodia
Aruba Aruba
Argentina Argentina
Antigua Antigua
Guam Guam
Bermuda Bermuda
China China
Central Central
Australia Australia
Cocos Cocos
Angola Angola
Austria Austria
Bouvet Bouvet
Belize Belize
Soda
Czech Czech
Colombia Colombia
Fiji Fiji
Cayman Cayman
Denmark Denmark
Guyana Guyana
Guadeloupe Guadeloupe
Egypt Egypt
Botswana Botswana
Comoros Comoros
