BatonRouge Bellevue Anchorage Buffalo AtlanticCity Boulder AnnArbor Beaumont Allentown Arvada Atlanta Berkeley Barnstable Augusta Albany Bethlehem BonitaSprings Amarillo BoiseCity Aberdeen Aurora Abilene Albuquerque Boston Bradenton Burbank BatonRouge
22
Aberdeen Aberdeen
Abilene Abilene
Albany Albany
Albuquerque Albuquerque
Amarillo Amarillo
Anchorage Anchorage
AnnArbor Birmingham AnnArbor Bryan
Arvada Arvada
Atlanta Atlanta
AtlanticCity AtlanticCity
Aurora Aurora
Barnstable Barnstable
BatonRouge BatonRouge
Beaumont Beaumont
Berkeley Berkeley
Bethlehem Bethlehem
BoiseCity BoiseCity
Boston Boston
Boulder Boulder
Bradenton Bradenton Cambridge
Buffalo Buffalo
Burbank Burbank
