Hernandezville Joelview Mitchellchester Lopezmouth Heathermouth Lopezview Heathermouth Lopezmouth Dixonton Keithton Dixonton Francesmouth Richardville Francesmouth Dixonton Lopezmouth Mitchellchester Sheabury Maysfort Huynhton Maysfort Sheabury Mitchellchester Joelview Farmerside Gabriellabury Courtneyfurt Gabriellabury Murphyberg Hendersonchester Murphyberg Gabriellabury Farmerside Ryanton Williamsmouth Johnstonmouth Williamsmouth Mcdonaldmouth Adkinsfurt Mcdonaldmouth Williamsmouth Ryanton Farmerside Ralphtown Stricklandbury Tylermouth Stricklandbury Ralphtown Garciaport Charlesburgh Garciaport Ralphtown Farmerside Joelview Downsville Richardhaven Tammychester Richardhaven Downsville Williammouth Haasville Williammouth Downsville Joelview Hernandezville Beckyshire Derekton Wallaceville Morenoside Wallaceville Derekton Thomaschester Mcfarlandville Belindamouth Mcfarlandville Thomaschester Derekton Beckyshire Ponceville Bridgesville Riveramouth Bradshawside Riveramouth Martinton Riveramouth Bridgesville Dennisstad Wilsonburgh Dennisstad Bridgesville Esparzaberg Thomasburgh Esparzaberg Kristinbury Esparzaberg Bridgesville Ponceville Garymouth Camposstad Donaldstad Camposstad Williamsville Camposstad Garymouth Christophertown Crystaltown Christophertown Garymouth Ponceville Mcculloughchester Jonestown Kellyfort Jonestown Barbarachester Jonestown Mcculloughchester Crystalchester Smithmouth Crystalchester Mcculloughchester Ponceville Beckyshire Hernandezville
27
Kellyfort Kellyfort Tinatown Pittsland
Crystaltown Crystaltown Johnsontown
Tammychester Tammychester Rebeccaton
Thomasburgh Thomasburgh Johnsonmouth Sanchezland
Charlesburgh Angelaview Charlesburgh
Morenoside Amberfurt Johnport
Barbarachester Barbarachester Jonesberg
Hernandezville
Belindamouth Belindamouth
Kristinbury Allenberg Kristinbury
Donaldstad Thomastown Donaldstad
Courtneyfurt Contrerasland Morrisbury
Smithmouth Robertborough Smithmouth
Hendersonchester Hendersonchester
Wilsonburgh Josephton Wilsonburgh Harristown
Heathermouth Emilymouth
Martinton Martinton Brianland Deborahfort
Keithton Andrewland Keithton Aprilstad
Tylermouth Deanstad Tylermouth
Bradshawside Bradshawside Wandaside
Lopezview Lopezview Robertsfort
Haasville Haasville
Adkinsfurt Mcdonaldmouth Adkinsfurt
Huynhton Huynhton
Williamsville Williamsville
Johnstonmouth Johnstonmouth
Richardville Francesmouth Richardville
