10 92 15 53 30 88 30 35 84 0 3 34 45 24 74 75 24 45 72 41 87 51 87 86 50 4 19 80 42 81 42 48 79 78 48 46 76 77 43 67 40 66 97 6 61 93 60 23 21 68 69 21 23 89 54 55 2 82 2 63 95 94 62 35 64 65 26 96 20 31 91 56 9 10 58 10 59 10
43
84 84 85
34 70 71
9 57
10
63 63 95
30 52
67 98 67
50 50
51 51
53 53
54 54
55 90 55
56 56
58 58
59 59
60 60
61 61
62 62
64 64
65 65
66 66
68 68
69 69
72 72 73
74 74
75 75
76 76
77 77
78 78
79 79
80 80
81 81
82 82 83
86 86
87 87
88 88
89 89
91 91
92 92
93 93
94 94
96 96
97 97
