2 67 2 78 63 43 38 44 38 43 24 31 24 89 30 89 96 84 7 72 98 72 5 72 99 93 10 15 74 56 88 4 88 22 83 13 77 50 6 87 41 65 37 28 70 17 70 41 25 35 94 19 0 60 69 42 69 61 34 20 18 71 18 23 68 59 90 62 29 11 29 14 86 14 78 79 16 40 16 76 3 81 79 78 1 49 66 47 58 95 2
51
0 0
1 1
2
3 3
4 4
5 5
7 7
10 10
11 11
13 13
14 14
16 16
17 17
23 23
24 24
25 25
28 28
29 29
30 30
31 31
34 34
35 35
38 38
40 40
41 41
42 42
44 44
47 47
50 50
58 58
59 59
60 60
61 61
62 62
63 63
65 65
66 66
67 67
69 69
70 70
71 71
72 72
74 74
76 76
81 81
83 83
86 86
88 88
94 94
96 96
98 98
