Qwilfish Tropius Shellos Nincada Whismur Bounsweet Froakie Magnemite Amoonguss Lotad Skorupi Honedge Kakuna Tauros Weezing Vespiquen Shellder Bastiodon Seaking Treecko Kakuna Lumineon Comfey Magnemite Weepinbell Escavalier Woobat Stufful Conkeldurr Zekrom Wailord Plusle Weezing Tauros Swadloon Munna Skorupi Skiddo Noibat Simisear Sandile Meloetta Porygon2 Vullaby Drapion Taillow Scatterbug Crawdaunt Metang Slurpuff Inkay Magmar Volcarona Steenee Jumpluff Metapod Gengar Drampa Qwilfish
50
Qwilfish Qwilfish
Simisear Simisear
Drapion Drapion
Meloetta Meloetta
Volcarona Volcarona
Slurpuff Slurpuff
Skiddo Skiddo
Sandile Sandile
Magmar Magmar
Metang Metang
Taillow Taillow
Porygon2 Porygon2
Drampa Drampa
Noibat Noibat
Lotad Lotad
Scatterbug Scatterbug
Vullaby Vullaby
Inkay Inkay
Steenee Steenee
Skorupi Skorupi
Shellos Shellos
Metapod Metapod
Crawdaunt Crawdaunt
Froakie Froakie
Nincada Nincada
Gengar Gengar
Honedge Honedge
Amoonguss Amoonguss
Jumpluff Jumpluff
Vespiquen Vespiquen
Munna Munna
Kakuna Kakuna
Magnemite Magnemite
Whismur Whismur
Weezing Weezing
Woobat Woobat
Comfey Comfey
Bounsweet Bounsweet
Seaking Seaking
Tauros Tauros
Weepinbell Weepinbell
Stufful Stufful
Shellder Shellder
Plusle Plusle
Treecko Treecko
Swadloon Swadloon
Bastiodon Bastiodon
Wailord Wailord
Escavalier Escavalier
Conkeldurr Conkeldurr
