Soda VLSB CareerCenter AlumniHouse BarkerHall BanwayBldg EdwardsStadium CaliforniaHall CNMAT EtcheverryHall ChanShunAuditorium DonnerLab ChouHall AnthonyHall BotanicalGarden DoeMemorialLibrary Cory EvansDiamond BarrowLane BarrowsHall BARTStation BirgeHall BlumHall CheitHall CalvinLaboratory BerkeleyArtMuseum DavisHall Dwinelle EastAsianLibrary CampbellHall BancroftLibrary EastGate BoaltHall CyclotronRd EshlemanHall BlackwellHall BerkeleyWayWest BrainImagingCenter DurantHall Soda
39
AlumniHouse AlumniHouse
AnthonyHall AnthonyHall Campanile
BancroftLibrary BancroftLibrary
BanwayBldg BanwayBldg
BarkerHall BarkerHall
BarrowLane BarrowLane
BarrowsHall BarrowsHall
BARTStation BARTStation
BerkeleyArtMuseum BerkeleyArtMuseum
BerkeleyWayWest BerkeleyWayWest
BirgeHall BirgeHall
BlackwellHall BlackwellHall
BlumHall BlumHall
BoaltHall BoaltHall
BotanicalGarden BotanicalGarden
BrainImagingCenter BrainImagingCenter
EastAsianLibrary EastAsianLibrary
CaliforniaHall CaliforniaHall
CalvinLaboratory CalvinLaboratory ClarkKerrCampus
CampbellHall CampbellHall
CareerCenter CareerCenter
ChanShunAuditorium ChanShunAuditorium
VLSB VLSB
CheitHall CheitHall
ChouHall ChouHall
CNMAT CNMAT
Cory Cory
CyclotronRd CyclotronRd
DavisHall DavisHall
DoeMemorialLibrary DoeMemorialLibrary
DonnerLab DonnerLab
DurantHall DurantHall
Dwinelle Dwinelle
EastGate EastGate
EdwardsStadium EdwardsStadium
EshlemanHall EshlemanHall
EtcheverryHall EtcheverryHall
EvansDiamond EvansDiamond
Soda
