3 5 50 48 53 89 56 97 57 97 60 20 63 83 58 83 67 4 66 11 70 11 75 86 76 97 90 48 87 55 85 93 88 93 85 55 27 78 52 35 98 35 94 77 100 69 96 69 33 91 24 2 36 2 40 2 68 18 23 18 41 82 42 13 43 91 46 80 73 80 29 80 19 4 22 83 31 84 15 35 14 48 8 48 7 10 21 64 6 3
48
78 1 17 12
3
5 32
6 6
7 7
8 8
84 9 45
14 14
15 15
19 19
21 21
22 22
23 23
24 24
88 25
27 27
29 29
31 31
33 33
36 36
40 40
41 41
42 42
43 43
46 46
48 49
50 50
52 52
53 53
56 56
57 57
58 58
60 60
63 63
64 71
66 66
67 67
68 68
70 70
73 73
75 75
76 76
87 87
90 90
94 94
96 96
98 98
100 100
