azv oqv rti hcc ivp lmh zuz rov uyd gfr rfl vxn cvb rcw uua qzx sau txp ufa cib mpw boc mis eqa vfq ncc yfq ipq gcw mtd brw cwq cim gei ctf hsi hob wcd hob pzr hwc scm aur ubo hlc jvc rgm ovx ijd dqy jwx yvc hip yiy hyb xie azv
50
wcd wcd
mis mis
rfl rfl
gei gei
azv azv
rti rti
zuz zuz
oqv oqv
aur aur
hip hip
hcc hcc
brw brw
yvc yvc
ipq ipq
ufa ufa
uua uua
hlc hlc
hwc hwc
xie xie
yiy yiy
pzr pzr
ctf ctf
gfr gfr
hsi hsi
rcw rcw
jvc jvc
hyb hyb
boc boc
sau sau
cib cib
ijd ijd
vxn vxn
mpw mpw
ivp ivp
eqa eqa
ovx ovx
lmh lmh
scm scm
vfq vfq
qzx qzx
cim cim
jwx jwx
dqy dqy
rov rov
ncc ncc
uyd uyd
gcw gcw
cwq cwq
mtd mtd
yfq yfq
