Austin Victoria Ralph Eugene Alex Amy Kari Rhonda Rachel Donald Patrick Ashley Mariah Elaine Jamie Joshua Natasha Sean Janet Glenda Jordan Robert Monique Dennis Steven Paige Juan Jonathan Melissa Kyle Jeanette Jennifer Danielle Robin Daniel Cassandra Scott Paul John Debra Walter Garrett Edward Michael Gina Maxwell Hannah Elizabeth Sara April Melinda Austin
51
Austin
Victoria Victoria
John John
Debra Debra
Hannah Hannah
Elaine Elaine
Mariah Mariah
Eugene Eugene
Patrick Patrick
Joshua Joshua
Natasha Natasha
Walter Walter
Sara Sara
Gina Gina
Paul Paul
Daniel Daniel
Melissa Melissa
Kari Kari
Edward Edward
Jamie Jamie
Paige Paige
Robert Robert
Donald Donald
Janet Janet
Glenda Glenda
Amy Amy
Steven Steven
Maxwell Maxwell
Dennis Dennis
Danielle Danielle
Scott Scott
Michael Michael
Elizabeth Elizabeth
Sean Sean
Juan Juan
Rhonda Rhonda
Ralph Ralph
Garrett Garrett
Monique Monique
Alex Alex
Jonathan Jonathan
April April
Jennifer Jennifer
Cassandra Cassandra
Kyle Kyle
Ashley Ashley
Jordan Jordan
Melinda Melinda
Rachel Rachel
Robin Robin
Jeanette Jeanette
