xjbms llwzk ybgaf ydhop itxfb usrtf rnrnh bwgqu lkzxl beqlb lyixz nrtqp wxnxi npvgp fxnnl fuume lpolv bicnj ocgbu iddrb wnlug yztko bqgqy mrnvg deoux uegez hstmf xvefe lfceh uzzfw vaeqh qkysn ejwkt impuz fnhle akegy xecik riwwe mbzzn tykrt kyaqs bthif czppi psudb kvvqk bsuwt xeikc nnnts dzfkr hwhxr xjbms
50
hwhxr hwhxr
wnlug wnlug
kyaqs kyaqs
nrtqp nrtqp
beqlb beqlb
lpolv lpolv
vaeqh vaeqh
akegy akegy
lkzxl lkzxl
bicnj bicnj
czppi czppi
fuume fuume
llwzk llwzk
dzfkr dzfkr
fxnnl fxnnl
qkysn qkysn
lyixz lyixz
mbzzn mbzzn
bthif bthif
uegez uegez
iddrb iddrb
xecik xecik
deoux deoux
ydhop ydhop
rnrnh rnrnh
impuz impuz
riwwe riwwe
xjbms xjbms
ejwkt ejwkt
wxnxi wxnxi
npvgp npvgp
usrtf usrtf
uzzfw uzzfw
lfceh lfceh
psudb psudb
bqgqy bqgqy
bsuwt bsuwt
xeikc xeikc
fnhle fnhle
bwgqu bwgqu
hstmf hstmf
tykrt tykrt
itxfb itxfb
kvvqk kvvqk
nnnts nnnts
ocgbu ocgbu
mrnvg mrnvg
ybgaf ybgaf
xvefe xvefe
yztko yztko
