Soda Browning Kenilworth Vistamont Eunice Lewiston Edith Lewiston Eunice Solano Allston Shasta Addison Byron Columbia Shasta Acacia Domingo Russell Heinz Greenwood Marin Madera Marin Kentucky Haste Bataan Bowditch Fresno High Amador Florida Muir Cutter Bancroft Menlo Burnett Menlo Colusa Fulton Colusa Menlo Belrose Alvarado Overlook Alvarado Vicente Summit Haviland Anne Arch Poppy Bret Vermont Hospital Bristol Keeler Pardee Poplar Spring Comstock Spring Mabel Terrace Forest Ajax Haskell Martin Yolo Soda
51
Addison Addison
Ajax Ajax
Allston Allston
Anne Anne
Arch Arch
Bancroft Bancroft
Bataan Bataan
Belrose Belrose
Bowditch Bowditch
Bret Bret
Bristol Bristol
Browning Browning
Burnett Burnett
Byron Byron
Columbia Columbia
Colusa Colusa
Comstock Comstock
Cutter Cutter
Domingo Domingo
Edith Edith
Eunice Eunice
Florida Florida
Forest Forest
Fresno Fresno
Fulton Fulton
Greenwood Greenwood
Haskell Haskell
Haste Haste
Haviland Haviland
Heinz Heinz
High High
Hospital Hospital
Keeler Keeler
Kenilworth Kenilworth
Lewiston Lewiston
Mabel Mabel
Madera Madera
Marin Marin
Martin Martin
Menlo Menlo
Muir Muir
Overlook Overlook
Pardee Pardee
Poplar Poplar
Poppy Poppy
Shasta Shasta
Spring Spring
Summit Summit
Terrace Terrace
Vermont Vermont
Soda
