6Zg7j6t8kt lrFRnKniRv MpRNDD0glq 4ViGHxfdlc 0gqiqztWgj fhmE7A9rVl 79JJ9GZF8c s8EkvbOYAX 1iUrZ2N0MA ESDdDChkYw 1aPtXDhYtV wXTrLT9dUx dojrtYXceT YZKJeBb8Pe ECFKqOm791 fbxiHLAsv4 rCrtLJTXdv tvKOOMQ7Sv oQb2PqTM8x H0NdoJawvz 4JtfcKJvHu GSDEYlNcCM 97dvK2Az7S Dkc5CxJ6RV 97dvK2Az7S MImiDijd1o VWD9Yy5Xrg zH4Z0p0Ftj vD4d0BZ03p 8pgnfE3xKu OGWcs2X8pk 8pgnfE3xKu oRs9wR3IGE OR78sPVsV9 EZQ9HUGjRN OR78sPVsV9 4RZs4XFvF9 G05S6XZiBa 1koyFI8rlU Octagmmhko TH1GgoG5GU vCSWEyz4PC KpPj50fAfy zG9cl6Gy30 7cteJXIZM1 YrPP1U1r20 Iroa6leixY YrPP1U1r20 ckEVpwA8CD YrPP1U1r20 I1RTFIGWhc NgxnYo41LY cqCbnI2bkr b3jUAAPOlA cqCbnI2bkr NgxnYo41LY 4lUeyqYb0U J6nn6V6pVr dyS1o5lQHD OpwMnuSGmp uXkvSfF7Kv pm1Yq2dCLL Ma7DUhMrCQ UgxUR9jKcJ 1iUrZ2N0MA gSP0irArmo N08DpqDewo gSP0irArmo M9d0z6OccV ka4cgDWgq7 6Zg7j6t8kt
50
GSDEYlNcCM GSDEYlNcCM
ka4cgDWgq7 ka4cgDWgq7
wXTrLT9dUx wXTrLT9dUx
dojrtYXceT dojrtYXceT
KpPj50fAfy KpPj50fAfy
TH1GgoG5GU TH1GgoG5GU
H0NdoJawvz H0NdoJawvz
pm1Yq2dCLL iyQiEnpG35
NgxnYo41LY NgxnYo41LY
1aPtXDhYtV 1aPtXDhYtV
8pgnfE3xKu 8pgnfE3xKu
6Zg7j6t8kt
oRs9wR3IGE oRs9wR3IGE
4RZs4XFvF9 4RZs4XFvF9
cqCbnI2bkr cqCbnI2bkr
M9d0z6OccV M9d0z6OccV
7cteJXIZM1 7cteJXIZM1
Iroa6leixY Iroa6leixY
ESDdDChkYw ESDdDChkYw
YrPP1U1r20 YrPP1U1r20
uXkvSfF7Kv uXkvSfF7Kv
b3jUAAPOlA b3jUAAPOlA
N08DpqDewo N08DpqDewo
1koyFI8rlU 1koyFI8rlU
4ViGHxfdlc 4ViGHxfdlc
ckEVpwA8CD ckEVpwA8CD YQKcyMibnc
Octagmmhko Octagmmhko
79JJ9GZF8c 79JJ9GZF8c
I1RTFIGWhc I1RTFIGWhc
lrFRnKniRv lrFRnKniRv
zH4Z0p0Ftj zH4Z0p0Ftj
97dvK2Az7S 97dvK2Az7S
vD4d0BZ03p vD4d0BZ03p
VWD9Yy5Xrg VWD9Yy5Xrg
tvKOOMQ7Sv tvKOOMQ7Sv
G05S6XZiBa G05S6XZiBa
fhmE7A9rVl fhmE7A9rVl
OpwMnuSGmp OpwMnuSGmp
s8EkvbOYAX s8EkvbOYAX
4lUeyqYb0U 4lUeyqYb0U
Dkc5CxJ6RV Dkc5CxJ6RV
4JtfcKJvHu 4JtfcKJvHu
fbxiHLAsv4 fbxiHLAsv4
MpRNDD0glq MpRNDD0glq
vCSWEyz4PC vCSWEyz4PC
UgxUR9jKcJ UgxUR9jKcJ
YZKJeBb8Pe YZKJeBb8Pe
EZQ9HUGjRN EZQ9HUGjRN
0gqiqztWgj 0gqiqztWgj
OGWcs2X8pk OGWcs2X8pk
