LeonieHill ChangiPoint SungeiKadut KampongUbi Shipyard NeeSoon OrangeGrove NeeSoon JurongWestCentral Kranji Sennett Outram MonksHill Gombak Ridout BishanEast Yishun Phillip SerangoonGarden Clementi Novena SingaporePolytechnic Novena TampinesWest YuhuaWestBoonLay LoyangEast ChoaChuKangCentral Springleaf PasirPanjang2 TanjongRhu GeylangBahru AirportRoad ChangiWest ClementiCentral YishunCentral PunggolTownCentre Townsville Trafalgar GreenwoodPark FarrerPark Frankel Semakau SungeiRoad KallangWay AnchorvaleBuangkok YioChuKang Boulevard Mandai NorthCoast KampongGlam SembawangSprings PasirRisPark Sentosa Guilin TanglinHalt TuasBay LeonieHill
46
TanjongRhu PasirPanjang2
YioChuKang AnchorvaleBuangkok YioChuKang MandaiWest
Clementi Victoria
SungeiRoad SungeiRoad
FarrerPark FarrerPark
NorthCoast NorthCoast
Townsville Townsville
KallangWay KallangWay
Shipyard NeeSoon Shipyard
Yishun Yishun
Sennett Sennett
Mandai BukitBatokCentral
LeonieHill
Boulevard Boulevard
PunggolTownCentre PunggolTownCentre
JurongWestCentral JurongWestCentral
Novena Novena
Ridout Ridout
Guilin Guilin
OrangeGrove Tyersall DefuIndustrialPark OrangeGrove
Springleaf Springleaf
SingaporePolytechnic SingaporePolytechnic
Gombak ConeyIsland
KampongGlam KampongGlam
TuasBay TuasBay
YishunCentral Woodgrove
MonksHill MonksHill
SembawangSprings SembawangSprings
ChoaChuKangCentral ChoaChuKangCentral
SerangoonGarden SerangoonGarden
Phillip Phillip
Trafalgar Trafalgar
ChangiWest ChangiWest
Semakau Semakau
PasirRisPark Sentosa
SungeiKadut SungeiKadut
AirportRoad AirportRoad
ClementiCentral ClementiCentral
TanglinHalt TanglinHalt
Kranji Kranji
TampinesWest TampinesWest
GreenwoodPark GreenwoodPark
BishanEast BishanEast
YuhuaWestBoonLay YuhuaWestBoonLay
Outram Outram
LoyangEast LoyangEast
