vLeODpVlYSBeYNDYoXha LOMgYipCQQXQnRqEqRwO mlipOrSnGcxXtoXBbRyl mevvwcZLudaokctOWvKe FcEsyaTmqpoyvbDrHjlc TCAkluAESUWAMGFeNcGN MlwlINEFqmyzZNPXRLJF tVzUgXVoBYxBMnkkwFmk MlwlINEFqmyzZNPXRLJF zxeoSbTqbWPpSzalAtBI pdXCnKagnvEntNTuPHdK dyUDfEGgAoSshTRjMZZg klkbOWCZrzPBFVDxhNbj fPxvnMVMFwhJbNBURdgD vGdJmIpYPUGRspXiVLdc sBkAYRISjTYinLFSNcKW ajvbaFpYiEBJySPsSLaI DqUxIMslnixWfmkjQTmS wRjMmrpRuknxqunJrMAE gzxzakmqbxbsOczuQVLG gEufXNuuWhnlbNYaoQFJ EWpsBSEfAOWAjikCpvhc qbmGewAditsWkTFHdxjP QQSjCkgLAWAPObYQvNsB RjKEHTlRvtaVBbyqZVAw QQSjCkgLAWAPObYQvNsB jwIBHKkXHTPVsOJwBOsr VhDSPHxolLkNxxDnpUyx PLDOWRIeaCSVLMyDadzC VhDSPHxolLkNxxDnpUyx mevvwcZLudaokctOWvKe iBYHAWUhqeQPjphQzpdN jzQJaGLLiuQLhhyqBagr iDucfyZGMCbCQbXjbQqM CfkBzkPETvagyIDCsLTD oCvaAQKOXXWgeSNnUmae OVoYVQPnlYoZBBKtyuLk CPszTohYUHARNedzFlDK AdXveYSBaneNwCQzrdSw ruLqpYqEzGGiKysvsarb ybrQlUhznqOhsvndWAbl NAHeKyyhAObyyUEUSkSU gMqbbwopmbxmOomqZjfm QkAjrUUuVdzSMnlfJLcO NciLXNPTvMoXdbTDZmlg gIttwvzcgONwFblnGIqq gMqbbwopmbxmOomqZjfm UgFPXEAdAfcfHGIbNTsq gMqbbwopmbxmOomqZjfm CmbFyJmcvVqyCmJgQxeI fHcdXnOxSadpKeCUwNYm fvEcAuRDdfuHEPLNpaTz sXfgLMwoysnMazVSWnhc sdSgCnaZeeOuPKljZOSr FEqXJcVrZfnSsHEUPhnl ASXwCgVTXDdhSXJwFovC FEqXJcVrZfnSsHEUPhnl WCCOEUYmDvzZlrkDAqoi xQaDpDGAXhDYzSMnMWvb TwgqMzgExFHTIfcwfBnr cZgmtoPGHxdozTaDMiyf DWWCMAjZQQIEKOIiHFQN McOZQehrTygkGidmwyMe fvYrLpgzqLNOAQbahgax BXzACdzjLITNgbmDPlEu aCucdhmWbhlrgfstQigR ZbyHJLmoTqNpTnlUVJZC uyPyJzKFqWxgSNmpkDrB vLeODpVlYSBeYNDYoXha
49
vLeODpVlYSBeYNDYoXha
fvEcAuRDdfuHEPLNpaTz fvEcAuRDdfuHEPLNpaTz
ybrQlUhznqOhsvndWAbl ybrQlUhznqOhsvndWAbl
CfkBzkPETvagyIDCsLTD CfkBzkPETvagyIDCsLTD
QQSjCkgLAWAPObYQvNsB QQSjCkgLAWAPObYQvNsB
AdXveYSBaneNwCQzrdSw AdXveYSBaneNwCQzrdSw
gzxzakmqbxbsOczuQVLG gzxzakmqbxbsOczuQVLG
VhDSPHxolLkNxxDnpUyx VhDSPHxolLkNxxDnpUyx
zxeoSbTqbWPpSzalAtBI zxeoSbTqbWPpSzalAtBI
gEufXNuuWhnlbNYaoQFJ gEufXNuuWhnlbNYaoQFJ
xQaDpDGAXhDYzSMnMWvb xQaDpDGAXhDYzSMnMWvb
mlipOrSnGcxXtoXBbRyl NVEtShKeuxpaFIOiyVqE mlipOrSnGcxXtoXBbRyl
RjKEHTlRvtaVBbyqZVAw RjKEHTlRvtaVBbyqZVAw
ASXwCgVTXDdhSXJwFovC ASXwCgVTXDdhSXJwFovC
QkAjrUUuVdzSMnlfJLcO QkAjrUUuVdzSMnlfJLcO
dyUDfEGgAoSshTRjMZZg dyUDfEGgAoSshTRjMZZg
TwgqMzgExFHTIfcwfBnr TwgqMzgExFHTIfcwfBnr
ajvbaFpYiEBJySPsSLaI fToHwimUqLsKcKLZHiUX
BXzACdzjLITNgbmDPlEu BXzACdzjLITNgbmDPlEu
wRjMmrpRuknxqunJrMAE iBjjCWwkYToOKfrrLnny
cZgmtoPGHxdozTaDMiyf cZgmtoPGHxdozTaDMiyf
jzQJaGLLiuQLhhyqBagr jzQJaGLLiuQLhhyqBagr
iDucfyZGMCbCQbXjbQqM iDucfyZGMCbCQbXjbQqM
jwIBHKkXHTPVsOJwBOsr jwIBHKkXHTPVsOJwBOsr
pdXCnKagnvEntNTuPHdK pdXCnKagnvEntNTuPHdK
MlwlINEFqmyzZNPXRLJF MlwlINEFqmyzZNPXRLJF
ruLqpYqEzGGiKysvsarb ruLqpYqEzGGiKysvsarb
qbmGewAditsWkTFHdxjP cvlwIwajcIlbhZbyFgmq
NciLXNPTvMoXdbTDZmlg NciLXNPTvMoXdbTDZmlg
PLDOWRIeaCSVLMyDadzC PLDOWRIeaCSVLMyDadzC
gIttwvzcgONwFblnGIqq gIttwvzcgONwFblnGIqq
DqUxIMslnixWfmkjQTmS TqyFrXuGvuBuqnpYbjKc DqUxIMslnixWfmkjQTmS
aCucdhmWbhlrgfstQigR aCucdhmWbhlrgfstQigR
NAHeKyyhAObyyUEUSkSU NAHeKyyhAObyyUEUSkSU
iBYHAWUhqeQPjphQzpdN iBYHAWUhqeQPjphQzpdN
sBkAYRISjTYinLFSNcKW sBkAYRISjTYinLFSNcKW
fPxvnMVMFwhJbNBURdgD fPxvnMVMFwhJbNBURdgD
CPszTohYUHARNedzFlDK CPszTohYUHARNedzFlDK
sXfgLMwoysnMazVSWnhc sXfgLMwoysnMazVSWnhc
UgFPXEAdAfcfHGIbNTsq UgFPXEAdAfcfHGIbNTsq
FcEsyaTmqpoyvbDrHjlc FcEsyaTmqpoyvbDrHjlc
gMqbbwopmbxmOomqZjfm gMqbbwopmbxmOomqZjfm
fHcdXnOxSadpKeCUwNYm fHcdXnOxSadpKeCUwNYm
WCCOEUYmDvzZlrkDAqoi WCCOEUYmDvzZlrkDAqoi
OVoYVQPnlYoZBBKtyuLk OVoYVQPnlYoZBBKtyuLk
CmbFyJmcvVqyCmJgQxeI CmbFyJmcvVqyCmJgQxeI
uyPyJzKFqWxgSNmpkDrB uyPyJzKFqWxgSNmpkDrB
tVzUgXVoBYxBMnkkwFmk tVzUgXVoBYxBMnkkwFmk
DWWCMAjZQQIEKOIiHFQN DWWCMAjZQQIEKOIiHFQN
