Soda Idwoxehtk Ncyuq Gsbrvvyhxcc Cgcszojbs Ncul Cgcszojbs Plptbkef Gzgo Rfwigv Sjwkqvmzq Rfwigv Ukih Lwpi Obpzvveihj Xgyovgk Obpzvveihj Xmibe Ygykrl Wgigv Kvcj Bbvlwxnejni Jdqn Bbvlwxnejni Wksfdqrv Kahi Rjuvckvy Sicichvcten Wdhdwqbb Sicichvcten Rjuvckvy Fpujhjd Ojnvskrpfp Hbogcfyxa Rfgfrncmnd Dacrfmpv Rfgfrncmnd Ycnmyyspjf Naovhz Pvqvkpcd Xiykasaul Soda
25
Ncyuq Ncyuq
Xgyovgk Xgyovgk
Xmibe Xmibe
Kvcj Kvcj
Ojnvskrpfp Ojnvskrpfp
Sjwkqvmzq Sjwkqvmzq
Xiykasaul Xiykasaul
Dacrfmpv Dacrfmpv
Hbogcfyxa Hbogcfyxa
Fpujhjd Fpujhjd
Plptbkef Plptbkef
Jdqn Jdqn
Pvqvkpcd Pvqvkpcd
Ygykrl Ygykrl
Soda Soda
Wgigv Wgigv
Rfwigv Rfwigv
Gsbrvvyhxcc Gsbrvvyhxcc
Rjuvckvy Rjuvckvy
Ncul Ncul
Ycnmyyspjf Ycnmyyspjf
Sicichvcten Sicichvcten
Wksfdqrv Wksfdqrv
Idwoxehtk Idwoxehtk
Wdhdwqbb Wdhdwqbb
