Latias Shelgon Toxicroak Elgyem Vibrava Charmeleon Golisopod Primeape Raticate Magearna Jigglypuff Palkia Reshiram Staryu Luvdisc Petilil Infernape Scolipede Noivern Talonflame Relicanth Exeggutor Bounsweet Wurmple Keldeo Dartrix Latias
26
Latias
Wurmple Wurmple
Shelgon Shelgon
Magearna Magearna
Jigglypuff Jigglypuff
Toxicroak Toxicroak
Primeape Primeape
Scolipede Scolipede
Luvdisc Luvdisc
Reshiram Reshiram
Dartrix Dartrix
Raticate Raticate
Palkia Palkia
Charmeleon Charmeleon
Relicanth Relicanth
Noivern Noivern
Bounsweet Bounsweet
Talonflame Talonflame
Elgyem Elgyem
Petilil Petilil
Exeggutor Exeggutor
Infernape Infernape
Staryu Staryu
Golisopod Golisopod
Vibrava Vibrava
Keldeo Keldeo
