paint slam route finish nutty measure diligent imported indicate ambiguous learning complain determine glamorous ray desire inherit rake blade ice floor same stink wooden paint
24
ambiguous ambiguous
rake rake
blade blade
inherit inherit
paint paint
desire desire
nutty nutty
ice ice
floor floor
imported thumb imported
finish finish
measure measure
indicate indicate
ray ray
diligent diligent
same same
determine determine
glamorous glamorous
slam slam
route route
complain complain
learning learning
stink stink
wooden wooden
