7FD578 853F1A 01684B 859C0E 01684B 1EE680 2E60FC 1BD5F4 CE97C4 877D0E 283373 3E0BDD 2C376F E5D023 6CAF19 9B7F16 B40756 981760 FF39A5 981760 719360 E27C41 719360 19E454 61D740 4BCD0B 7B7BDE 4BCD0B F4C859 66B94B EEEA40 9F01C8 9A65B7 F94356 A085DD 853F1A 1176C9 6C7BF0 7CDA20 7FD578 1AC5CE 7FD578
25
9F01C8 9F01C8
66B94B 66B94B
61D740 61D740
FF39A5 FF39A5
2E60FC 2E60FC
859C0E 859C0E
01684B 01684B
3E0BDD 3E0BDD
1AC5CE 1AC5CE
1176C9 1176C9
6CAF19 6CAF19
6C7BF0 6C7BF0
2C376F 2C376F
981760 981760
9B7F16 9B7F16
E27C41 E27C41
877D0E 877D0E
7B7BDE 7B7BDE
B40756 B40756
EEEA40 EEEA40
E5D023 E5D023
F4C859 F4C859
1EE680 1EE680
1BD5F4 1BD5F4
A085DD A085DD
