Glameow Loudred Archeops Electivire Furret Electivire Yanma Sigilyph Togepi Feebas Bergmite Gumshoos Bergmite Spiritomb Ivysaur Spinarak Ivysaur Meganium Gothita Zygarde Ledian Beheeyem Golett Beheeyem Leavanny Cacturne Wailord Cacturne Weedle Poochyena Piplup Poochyena Fomantis Throh Glalie Buneary Gigalith Spheal Gothorita Spheal Inkay Glameow
26
Electivire Electivire
Spiritomb Spiritomb
Glameow
Wailord Wailord
Gumshoos Gumshoos
Spinarak Spinarak
Fomantis Mudbray
Ledian Ledian
Buneary Buneary
Throh Glalie
Bergmite Bergmite
Gothita Meganium
Inkay Inkay
Zygarde Zygarde
Togepi Togepi
Yanma Yanma
Piplup Piplup
Archeops Archeops
Spheal Spheal
Furret Furret
Loudred Loudred
Gigalith Gigalith
Gothorita Gothorita
Golett Golett
Beheeyem Beheeyem
Leavanny Leavanny
