FleaBottom TheAturanEmpire TheSpine ShriekingShack CrastersKeep Ebonfall GringottsBank Batcave HighGarden Vintas Vroengard Ademre Carvahall Westopolis Arkham MinistryofMagic Accrington MinistryofMagic Yll TheBurningPlains Olivanders TheBurningPlains TheGreatDivide SatishVille Eggmanland Batcave TheBoilingRock UtgardMountain Glimthain Lorien TheVale Dagobah Trebon Urubaen Bobbingbourne FleaBottom
26
Olivanders Olivanders
Vintas Vintas
Yll Yll
TheBoilingRock TheBoilingRock
TheBurningPlains TheBurningPlains
Batcave Batcave
SatishVille SatishVille
Eggmanland Eggmanland
TheVale TheVale
Trebon Trebon
TheSpine Coalwatch
ShriekingShack ShriekingShack
UtgardMountain UtgardMountain
TheGreatDivide TheGreatDivide
Glimthain Glimthain
Bobbingbourne Bobbingbourne
Accrington Accrington
FleaBottom
MinistryofMagic MinistryofMagic
HighGarden HighGarden
Westopolis Westopolis
Ademre Ademre
Urubaen Urubaen
Arkham Arkham
Ebonfall Ebonfall
GringottsBank GringottsBank
