Wrightsville Palopo Mzimba Pljevlja Zanzibar Necochea Leeuwarden Asti Progress Bayonne Changde Ljutomer Ayacucho Rivas Sayhut Gemena Metz Temirtau Coihaique Golubac Rauna Praya Maywood Gevgelija Hsinchu Irvington Wrightsville
26
Wrightsville
Leeuwarden Leeuwarden
Hsinchu Hsinchu
Irvington Irvington
Bayonne Bayonne
Rauna Rauna
Mzimba Mzimba
Gemena Gemena
Changde Changde
Golubac Golubac
Zanzibar Zanzibar
Rivas Rivas
Temirtau Temirtau
Ljutomer Ljutomer
Pljevlja Pljevlja
Progress Progress
Palopo Palopo
Asti Asti
Necochea Necochea
Sayhut Sayhut
Praya Praya
Metz Metz
Gevgelija Gevgelija
Ayacucho Ayacucho
Coihaique Coihaique
Maywood Maywood
