Acadia Tortugas Gunnison Basin Gunnison Glacier Brycecanyon Isle Teton Gateway Channel Lassen Smoky Voyageurs Bend Yosemite Denali Katmai Everglades Caverns Congaree Cuyahoga Clark Shenandoah Haleakala Indiana Crater Olympic Arches Sequoia Guadalupe Acadia
23
Acadia Capitol Biscayne
Arches Arches
Clark Badlands Canyonlands
Bend Bend
Gunnison Gunnison
Brycecanyon Brycecanyon
Caverns Caverns
Channel Channel
Congaree Congaree
Crater Crater
Cuyahoga Cuyahoga
Denali Denali
Tortugas Tortugas
Everglades Everglades
Gateway Gateway
Glacier Glacier
Teton Teton
Basin Basin
Smoky Smoky
Guadalupe Guadalupe
Haleakala Haleakala
Indiana Indiana
Isle Isle
