Lesnoy Visitacion Glogovac Andijon Yangambi Zgorzelec Brentwood Hueytown Sun Winsford Sungurlu Rutherglen Franceville Gisborne Dharmapuri Gisborne Pingyi Malaut Visitacion Ishim Stade Portogruaro Hudiksvall Blackpool Meerut Beveren Kundla Beveren GatesNorth Lesnoy
24
Hueytown Hueytown
Gisborne Gisborne
Hudiksvall Hudiksvall
Visitacion Visitacion
Sungurlu Sungurlu
Rutherglen Rutherglen
Winsford Winsford
Sun Sun
Pingyi Pingyi
Malaut Malaut
Meerut Meerut
Blackpool Blackpool
Glogovac Glogovac
GatesNorth GatesNorth
Lesnoy Lesnoy
Brentwood Brentwood
Kundla Kundla
Portogruaro Portogruaro Artur
Ishim Ishim
Stade Stade
Zgorzelec Zgorzelec
Yangambi Yangambi
Franceville Franceville
Dharmapuri Dharmapuri
