point0 point23 point47 point42 point24 point7 point1 point4 point6 point8 point26 point41 point46 point35 point30 point29 point31 point25 point21 point43 point19 point3 point16 point0
21
point0
point1 point1
point3 point3 point5
point4 point4
point6 point6
point7 point7
point16 point16
point19 point19
point21 point21
point23 point23
point24 point24
point25 point25
point26 point26
point29 point33
point30 point30
point35 point35
point41 point41 point37
point42 point42
point43 point43
point46 point46
point47 point47
