0 10 13 10 12 11 12 81 82 80 83 80 54 90 92 90 79 95 97 96 67 68 32 31 32 49 94 29 89 44 84 39 40 5 8 5 7 71 72 70 25 28 25 65 20 23 20 15 18 15 17 16 17 64 99 52 51 52 98 42 58 55 57 55 35 37 88 47 46 47 45 48 45 4 30 33 30 85 87 86 87 85 77 76 77 75 60 63 60 0
51
0
4 4
5 5
8 8
11 11
13 13
16 16
18 18
20 20
23 23
28 28
29 29
31 31
32 32
33 33
37 37
39 39
40 40
42 42
44 44
46 46
48 48
49 49
51 51
52 52
54 54
55 55
57 57
58 58
60 60
63 63
65 65
67 67
68 68
71 71
76 76
79 79
80 80
81 81
82 82
83 83
84 84
85 85
86 86
88 88
89 89
90 90
92 92
94 94
97 97
99 99
