McLaughlinHall MoffittLibrary SamsPad DurantHall VisitorCenter RecreationalSportsFa EastAsianStudiesInst WarrenHall BancroftParkingStruc ResidentialStudentSe SeniorHall BerkeleyArtMuseumand SimpsonCenterforStud WitterRugbyField Unit3ResidentHall EshlemanHall JonesChildStudyCente GianniniHall InsectaryGreenhouse AnnaHeadAlumnaeHall Romeos CNMAT1750ArchSt CampusSharedServices StephensHall GoldmanSchool UCBerkeleyExtension StrawberryCanyonRecr LevineFrickeSoftball SpiekerAquaticsCompl GiauqueHall WomensFacultyClub MagnesCollectionofJe LegendsAquaticCenter ZellerbachHall FacultyGlade PublicAffairsOfficeo Library HertzHall EvansDiamond EtcheverryHall GrinnellNaturalArea EnergyBiosciencesBui HasteStreetChildDeve KroeberHall BotanicalGarden MathematicalSciences RedwoodGroveBotanica McLaughlinHall
47
McLaughlinHall McLaughlinHall CareerCenter
BancroftParkingStruc BancroftParkingStruc
SimpsonCenterforStud SimpsonCenterforStud
WarrenHall WarrenHall
LevineFrickeSoftball LevineFrickeSoftball
BotanicalGarden BotanicalGarden
EastAsianStudiesInst EastAsianStudiesInst
Library Library
CampusSharedServices CampusSharedServices
HertzHall HertzHall
EvansDiamond EvansDiamond
SeniorHall SeniorHall
GiauqueHall GiauqueHall
LegendsAquaticCenter LegendsAquaticCenter
RedwoodGroveBotanica RedwoodGroveBotanica
UCBerkeleyExtension UCBerkeleyExtension
Unit3ResidentHall Unit3ResidentHall
EshlemanHall EshlemanHall
FacultyGlade FacultyGlade
GianniniHall GianniniHall
MathematicalSciences MathematicalSciences
StephensHall StephensHall
CNMAT1750ArchSt CNMAT1750ArchSt
GrinnellNaturalArea GrinnellNaturalArea
DurantHall DurantHall
ResidentialStudentSe ResidentialStudentSe
HasteStreetChildDeve HasteStreetChildDeve
InsectaryGreenhouse InsectaryGreenhouse
BerkeleyArtMuseumand BerkeleyArtMuseumand
WitterRugbyField WitterRugbyField
GoldmanSchool GoldmanSchool
EnergyBiosciencesBui EnergyBiosciencesBui
WomensFacultyClub WomensFacultyClub
MagnesCollectionofJe MagnesCollectionofJe
StrawberryCanyonRecr StrawberryCanyonRecr
KroeberHall KroeberHall
RecreationalSportsFa RecreationalSportsFa
MoffittLibrary MoffittLibrary
SpiekerAquaticsCompl SpiekerAquaticsCompl
EtcheverryHall EtcheverryHall
JonesChildStudyCente JonesChildStudyCente
PublicAffairsOfficeo PublicAffairsOfficeo
Romeos Romeos
ZellerbachHall ZellerbachHall
AnnaHeadAlumnaeHall AnnaHeadAlumnaeHall
VisitorCenter VisitorCenter
SamsPad SamsPad
