Taozhuang Chharra Wesseling Chharra Besuki Middle Gua Oulmes Fort Maspalomas Strathfield Bourbonnais Gudermes CroixdesBouquets Jinotepe Uran Jingzhou Vernon Severodvinsk Vernon Caravaca Donggongon Somma Kallio Alatyr Memmingen New Ulu Freetown Southsea Calauan Southsea Sarandi Ramla Azrou Hechingen Boo Durazno Bhit Longgang Norco Udumalaippettai Carnot Bhit Sicklerville Bhit Camayenne Artur Gauting Tupelo Esperanza Bang Waverly Nonsan Rutherglen Rafiganj Villa Cibinong Villa Aytos Esmeraldas Rosedale Jackson Chharra Ilesa Chharra Taozhuang
49
Uran Uran Pottstown
Artur Artur
Boo Boo
Rutherglen Rutherglen
Villa Villa
Somma Somma
Tupelo Tupelo
Strathfield Strathfield
Memmingen Memmingen
Esmeraldas Esmeraldas
Gudermes Gudermes
Bang Bang
Azrou Azrou
Kallio Kallio
Ramla Ramla
Sarandi Sarandi
Rafiganj Rafiganj
Jingzhou Jingzhou
Taozhuang Taozhuang
Fort Fort
Oulmes Oulmes
Wesseling Wesseling
Cibinong Cibinong
Caravaca Caravaca
Donggongon Donggongon
Alatyr Alatyr
Jinotepe Jinotepe
Severodvinsk Severodvinsk
Rosedale Rosedale
Camayenne Camayenne
Jackson Jackson
Esperanza Esperanza
New New
Gauting Gauting
Ulu Ulu
Freetown Freetown
Waverly Waverly
Nonsan Nonsan
Aytos Aytos
Hechingen Hechingen
Durazno Durazno
Sicklerville Sicklerville
Calauan Calauan
Ilesa Ilesa
Bourbonnais Bourbonnais
Longgang Longgang
Udumalaippettai Udumalaippettai
Middle Middle
Besuki Besuki
