FacultyClub BancroftLibrary FPF LBNL HearstGym ChanningBowditch StudentUnion Jacobs UniversityHouse Haas FoundersRock HaasClubhouse HearstFieldAnnex MSRI EastGate Koshland Chou Giannini EnvDesignLibrary Underhill SproulPlaza EthnicLibrary UCBExtension FoxCottage Hilgard MaxwellField Demography Soda CareerCenter Simon BerkeleyWayWest Birge Campbell PhilosophyLibrary CITRIS MathLibrary Sproul RSSBuilding FacultyClub
36
FacultyClub FacultyClub
Jacobs BioscienceLibrary OptometryLibrary VLSB Stanley Jacobs HearstFountain
BancroftLibrary Library SutardjaDai BancroftLibrary
Underhill Underhill Etcheverry EarthLibrary
SproulPlaza SproulPlaza
Hilgard UpperHearstParking DonnerLaboratory Hilgard MediaCenter
StudentUnion LawrenceofScience AnthropologyLibrary StudentUnion
RSSBuilding Morrison EarthquakeLibrary
UniversityHouse UniversityHouse CesarChavez
HearstGym Pimentel NorthGate HearstGym
PhilosophyLibrary Hildebrand BancroftDance Mulford Giauque
CareerCenter CareerCenter Wheeler
HaasClubhouse Unit3 Durham
Birge Birge Stephens OBrien
CITRIS BerkeleyLawLibrary Sproul CITRIS Spieker BanwayBuilding
FPF FPF
Demography MartinezCommons AndersenAuditorium PacificFilmArchive Cheit VisualCenter
EnvDesignLibrary MLK SocialLibrary BrainImagingCenter WooHonFai
Giannini Manville TAAP
Koshland Koshland
ChanningBowditch MelvinLaboratory Investigative
Simon Wellman IdaHouse EnergyBuilding
UCBExtension Senior HearstGreekTheatre StowPlaza
FoxCottage Latimer Davis InternationalHouse SimpsonCenter FoxCottage
Campbell IRLE Campbell SpringerGateway LeConte
EastGate ArtHistoryLibrary AlumniHouse
HearstFieldAnnex NewspapersLibrary McCone HearstFieldAnnex
Haas FoundersRock Warren SEAsianLibrary EngineeringLibrary Durant
LBNL PhysicsLibrary Evans EastAsianLibrary HealthServices
BerkeleyWayWest LatinAmerican BerkeleyWayWest
MSRI Boalt MSRI LawSchool
MathLibrary MathLibrary
Chou AquaticCenter Bechtel Bowles
EthnicLibrary EthnicLibrary
MaxwellField MaxwellField
Soda Soda
