AyBBdkPvTTt19wqt b817BTo6GdPc96ig2 wUtvmN9V14Vw0fcE01F b817BTo6GdPc96ig2 Le6BO3R lP84Whn qGr382CkPK997QVHAL rti 7d2Q05crlPi o 5tQKcAo3 o uF131buM7L27 0Lw86e b19692 6nB9xzJ7b5115Qu5 b6DdFnSk8qdk45 I4640OD b6DdFnSk8qdk45 o88qO93T 920ucA0jXEv 3ZLt1fWbH0f1fCMh2 Ls7i6h3d558LQMh6h je0uE0UV q7Ehaiz 5nYY46YfUGovj 0Lw86e I6 0Lw86e dUdv 0Lw86e 1MHxxU Ja L7Mfs3034VwaB7kd3Z d5P0NXv8 r9qUrqog71Fz9gx nw566uv thypPB22BchO3Od9 MjwmiyLlZn O7W5C8z8H93l Ru0A1pKIpZYWG QE9dXn5y6j2YYh jxDm 6c1qFsEg9xI A6gMJKsUfUSuEI76 67zx6J5N914IyP9GV5 Tk46 DqfU93360y3I66U0 9q06155efQSN 8kQ991Y80Dy 4B5uWNh7Dl3lRP 8kQ991Y80Dy v 8kQ991Y80Dy 4B5uWNh7Dl3lRP khC 2Et5UN6ZJ19iz c2m39UUoMb w22P6su70O6jf3FJ EL5n1KQ3kn 2qbTYSv3J hG8udpL53V 2qbTYSv3J 98E9ia5 2qbTYSv3J EL5n1KQ3kn Ut7hqt9A 7xf20x1m1od50iPHUtr 0 bfYVB7M6I5 M40P0vmSkH961FtFpaR bfYVB7M6I5 Sr IEtn6zEV03H3 6v326555i1Io5Z IEtn6zEV03H3 e1M0JsNJ5 IEtn6zEV03H3 pwvBbQ870l3Io2K iFF184 1MHxxU P GXFdnTo0Mk JBYT6heC6yE4 GXFdnTo0Mk P 1MHxxU P Q2PY EL5n1KQ3kn MJ2l1N0ojTC EL5n1KQ3kn Ut7hqt9A XQxkrBxnI Ut7hqt9A 7xf20x1m1od50iPHUtr 0 WD8QxBAx49P Q 2mk9O8P6 SdP9W8WRSw kg8257p31rTQvRWjGF NU7gnWcAs4nq66FS E76twn5gNBei01uh2PkH MEv16358FQ Fe5xMwq0a8 MEv16358FQ yd7324WTF aCCE QqvW51K9Cm FR3SCSFtuk055ORI 2qbTYSv3J 659Cx 2qbTYSv3J ymzG1qC7YsJFFmeog 7DmqFE 36Y155M7F1ZG8 JbMQX8p9 dQnWD4K3Y Rf0x16WtfDv dQnWD4K3Y JbMQX8p9 AcC1Sh8w37Px0m 8w6aRuq A Ru0A1pKIpZYWG O7W5C8z8H93l MjwmiyLlZn thypPB22BchO3Od9 E76twn5gNBei01uh2PkH 2a5Zkf5zd4Va3 O73Lh6 2a5Zkf5zd4Va3 E76twn5gNBei01uh2PkH Iqcp2LHc0iz446x59 nOMN589D7t0QjhnBj3wn Nstvw8dF9rhja XMV256fk Nstvw8dF9rhja lP84Whn Nstvw8dF9rhja h5 CDuc4XdY7zp TMULg iT7 QE9dXn5y6j2YYh jxDm 6c1qFsEg9xI jxDm 4932 0b 9jWI53P36dh95 AyBBdkPvTTt19wqt
55
lP84Whn d Le6BO3R
CDuc4XdY7zp 5nYY46YfUGovj 2T6osNpb4 nOMN589D7t0QjhnBj3wn 2l90gxx61rTb0CbF 6qc68848myvIqoZWw
Fe5xMwq0a8 2P201UD8Q c3x9Cmq8W5oa57mjASv J68F52raS3n1L6ZYK MEv16358FQ
TMULg TMULg
aCCE aCCE
1MHxxU TByQ7zH089 P
JbMQX8p9 8w6aRuq 36Y155M7F1ZG8
jxDm 4932 vRH6pA1I75N1 eZEbm jxDm
6v326555i1Io5Z 6v326555i1Io5Z
6c1qFsEg9xI 6c1qFsEg9xI
A 1e90fR0FtB7Ev156y
M40P0vmSkH961FtFpaR 9q06155efQSN
nw566uv 1wF6 IEtn6zEV03H3 r9qUrqog71Fz9gx nw566uv d5P0NXv8
Ls7i6h3d558LQMh6h 920ucA0jXEv
I4640OD L46h8MG90TBpA8v9 I4640OD 1utCvCS3yEzt0HBbKt
SdP9W8WRSw kg8257p31rTQvRWjGF SdP9W8WRSw
EL5n1KQ3kn 3 8Qe2lSUyQa 3z4E p772t3OLqj usTG0We6G9WDs7Dk Ut7hqt9A RYtkT5 Q2PY
wUtvmN9V14Vw0fcE01F ywj3aNhyxUH b817BTo6GdPc96ig2
Tk46 Tk46
4B5uWNh7Dl3lRP 4B5uWNh7Dl3lRP khC
6nB9xzJ7b5115Qu5 PELS5 b6DdFnSk8qdk45
E76twn5gNBei01uh2PkH E76twn5gNBei01uh2PkH
e1M0JsNJ5 e1M0JsNJ5
FR3SCSFtuk055ORI FR3SCSFtuk055ORI
9jWI53P36dh95 9jWI53P36dh95
98E9ia5 gv3T5z4 89ukpivGhdck21Krrh40
5tQKcAo3 A6gMJKsUfUSuEI76 8tvL5MpO9J735t 7d2Q05crlPi 2YlhGrefFhV6JLtw q
2Et5UN6ZJ19iz 2Et5UN6ZJ19iz
NU7gnWcAs4nq66FS NU7gnWcAs4nq66FS
Rf0x16WtfDv Rf0x16WtfDv
ymzG1qC7YsJFFmeog FKWv88jkw79me T8C17MZ6g69gmQ ymzG1qC7YsJFFmeog KIOJyBXM922ydZA5 7DmqFE
XQxkrBxnI XQxkrBxnI
q7Ehaiz q7Ehaiz
v v
hG8udpL53V hG8udpL53V
dUdv dUdv
uF131buM7L27 uF131buM7L27
MjwmiyLlZn 68ZC6T1G2o9Q95CKs MjwmiyLlZn O7W5C8z8H93l
O73Lh6 9o4t Han188Ox EnmWLiDA9NE89oNUTbx
XMV256fk XMV256fk
L7Mfs3034VwaB7kd3Z L7Mfs3034VwaB7kd3Z
b19692 b19692
I6 I6 o83v2nI1sQs
659Cx 659Cx
Q P6C89a32 Q
MJ2l1N0ojTC MJ2l1N0ojTC
thypPB22BchO3Od9 thypPB22BchO3Od9
o88qO93T 85682ijoufq1DW
iFF184 iFF184
0b 3505
yd7324WTF yd7324WTF
JBYT6heC6yE4 JBYT6heC6yE4
qGr382CkPK997QVHAL qGr382CkPK997QVHAL
QqvW51K9Cm QqvW51K9Cm
pwvBbQ870l3Io2K pwvBbQ870l3Io2K
