loc0 loc58 loc185 loc129 loc56 loc129 loc162 loc107 loc170 loc168 loc11 loc168 loc92 loc168 loc66 loc34 loc110 loc181 loc147 loc181 loc134 loc165 loc20 loc113 loc145 loc127 loc184 loc127 loc199 loc93 loc64 loc191 loc39 loc2 loc41 loc117 loc41 loc119 loc41 loc117 loc85 loc100 loc161 loc191 loc89 loc37 loc144 loc49 loc105 loc60 loc156 loc17 loc167 loc163 loc97 loc76 loc62 loc193 loc67 loc43 loc42 loc25 loc183 loc25 loc138 loc32 loc186 loc61 loc28 loc155 loc130 loc141 loc150 loc197 loc23 loc197 loc94 loc116 loc36 loc14 loc83 loc108 loc177 loc47 loc169 loc175 loc84 loc62 loc157 loc198 loc44 loc111 loc96 loc122 loc53 loc122 loc50 loc196 loc76 loc33 loc75 loc156 loc69 loc158 loc58 loc0
54
loc2 loc41
loc53 loc160 loc106 loc45 loc78 loc52 loc54
loc56 loc129 loc15
loc32 loc32 loc10 loc118 loc138
loc183 loc8 loc183 loc120 loc25 loc188
loc11 loc11
loc14 loc14
loc170 loc187
loc17 loc17
loc165 loc164 loc20 loc165
loc23 loc197
loc44 loc131 loc198 loc172 loc112 loc27 loc157
loc28 loc28
loc66 loc168 loc66 loc31
loc34 loc57
loc36 loc36
loc144 loc144 loc49 loc37 loc46
loc39 loc39
loc42 loc42
loc47 loc47
loc60 loc192
loc62 loc82
loc67 loc67
loc69 loc69
loc75 loc75
loc76 loc182
loc83 loc83
loc84 loc84
loc85 loc85
loc89 loc89
loc92 loc92
loc93 loc93
loc96 loc96
loc97 loc97
loc100 loc100
loc105 loc105
loc177 loc177 loc109
loc113 loc113
loc116 loc116
loc117 loc179
loc119 loc119
loc122 loc122
loc130 loc130
loc134 loc134
loc147 loc147
loc150 loc150
loc156 loc156
loc162 loc162
loc167 loc167
loc184 loc184
loc185 loc185
loc186 loc186
loc191 loc191
loc196 loc196
