evdoyagqfp xftptyrlvl uooysjrxsb nfvvjywhsb ztvejhcxjs kijbyyuzhd gwnccktgki kijbyyuzhd unihwwnyqz vnzypgtlkj dnmgxnhbgi eaozvwjoso ldnozwuuuq spdafzaivh qiqnnrlapz qpxtrjvxpe kwbnyneokj wirlbujvjm hsjqtjkukk wirlbujvjm phknwbtipl fdgcygwgjf rnpokwoqgt oownpsyviv oavtmpaqji uqoafoloje cttlxdtaiw zmfuudfatm cttlxdtaiw uqoafoloje oavtmpaqji oownpsyviv rnpokwoqgt oownpsyviv oavtmpaqji ichabbvkhm jrusiskazm gjmmikaxih byyqgjwsrp ahqdrcepub wtyqwjwskq ahqdrcepub byyqgjwsrp cttlxdtaiw xzwkhxkxjr pbefrggyje wtlzrefwav afrdrejwtp pwgublhwxg pymtnhypxd jrmlkfexfk osdeymjeil jrmlkfexfk seeyrseflx czvqvijjlb nbjyrygtdh ymvlfsdhbu xsjzeyxnpw bswhowadhl ljhmnbaicr pdljcbluhp koawdpgqdx qepegujmaa ixyurvbpvu qepegujmaa etdxtwotzh knfzsnhzvx opmnfgpclg tgbmxdmvwe qqtzqvrvyc tgbmxdmvwe lcrihrmoqu tvcolajnao xqwyvbvueh oegfbrwyrp wynbxuuxru epdwcjuvdr eooyfwmxln fczruomdab uhalgukdzb yriqtwavfx uhalgukdzb kwbnyneokj bbczvyonym lazlsvgukx wynbxuuxru jqtguzxxsl pcilmgdrgc wwqchwdmtx pcilmgdrgc qepegujmaa ixyurvbpvu qfbvncxldf ijbfzrqwct bbwcqzwyoz nwlccbonas xguvjomcdt fclmzghxkf oegfbrwyrp ebqxbaqnmm ytidnmibdj owusjcmdkp sinegnctim owusjcmdkp ytidnmibdj lnicnhmajr xychpimpzb bulywvvpni wkwwcqjtxf wtjzgzopuw byyqgjwsrp euqbrkzdsw zivwgfcxqi phknwbtipl wirlbujvjm kwbnyneokj qpxtrjvxpe lnicnhmajr xychpimpzb bulywvvpni xychpimpzb lnicnhmajr kyrhqthnvz lndsfxewdc vkrlpmybdj lndsfxewdc eqdxeqvtsb xnppuesbrr eqdxeqvtsb lndsfxewdc kyrhqthnvz lnicnhmajr aruwdskzta vugkhjygfe guuudgvhny ivugtsvtqb optviwhmbr jqtguzxxsl xftptyrlvl evdoyagqfp
52
eooyfwmxln eooyfwmxln kgktiatgjn
wynbxuuxru tmrnpjqnxx wynbxuuxru voaumgrcuj
vugkhjygfe vugkhjygfe oggftsricu guuudgvhny xywdziunpr
opmnfgpclg qxuqrfzzob
zmfuudfatm zmfuudfatm
wtyqwjwskq ouxenssqdu kvfpaspidv
vkrlpmybdj vkrlpmybdj
koawdpgqdx psiebvskfb
ixyurvbpvu yiwwdwbzth qfbvncxldf qepegujmaa
jqtguzxxsl smwxdupkdv optviwhmbr vfdsalrajq
qqtzqvrvyc tgbmxdmvwe
pymtnhypxd scesbtewjx hofbtczdgp jrmlkfexfk
yriqtwavfx gucdicwxmb rkyixxpcbx uhalgukdzb
rnpokwoqgt rnpokwoqgt
sinegnctim tgkujfknod stdiixwrjc
evdoyagqfp kvxwqiryyu evdoyagqfp bnmegnfgii uooysjrxsb xawkqmfmmx fluzhooehk mysadifwma
oavtmpaqji oavtmpaqji ichabbvkhm
ahqdrcepub afortwurqt ahqdrcepub gbdejcnknd
wtlzrefwav wtlzrefwav mdyuzxshey
phknwbtipl zivwgfcxqi euqbrkzdsw xkasbvrrxd
nwlccbonas xguvjomcdt itbfnxnauh nwlccbonas
seeyrseflx hkempoemlv seeyrseflx
ljhmnbaicr pdljcbluhp qgfchcatzi bswhowadhl
gwnccktgki kijbyyuzhd
byyqgjwsrp qxfgqgbbdn byyqgjwsrp
nbjyrygtdh nbjyrygtdh cpwyxulkjm
ymvlfsdhbu ymvlfsdhbu aokbiptbzc
lndsfxewdc lndsfxewdc eqdxeqvtsb kyrhqthnvz
wkwwcqjtxf lkvtxfwozs wkwwcqjtxf
xqwyvbvueh xqwyvbvueh tvcolajnao
ebqxbaqnmm oegfbrwyrp xwrvhrxnqy xifuopshzj
lnicnhmajr aruwdskzta lnicnhmajr xychpimpzb
bulywvvpni bulywvvpni
ijbfzrqwct bbwcqzwyoz bimtbhwsby
hsjqtjkukk hsjqtjkukk
jrusiskazm jrusiskazm
xzwkhxkxjr pbefrggyje
pcilmgdrgc pcilmgdrgc ivgbjyugdu
etdxtwotzh etdxtwotzh
qpxtrjvxpe qpxtrjvxpe tmatbexcil
xnppuesbrr xnppuesbrr
eaozvwjoso ldnozwuuuq
wwqchwdmtx wwqchwdmtx
lcrihrmoqu lcrihrmoqu
spdafzaivh qiqnnrlapz
fdgcygwgjf fdgcygwgjf
osdeymjeil osdeymjeil
ivugtsvtqb ivugtsvtqb
bbczvyonym bbczvyonym
afrdrejwtp afrdrejwtp
cttlxdtaiw cttlxdtaiw
vnzypgtlkj vnzypgtlkj
