loc0 loc193 loc58 loc184 loc94 loc193 loc49 loc157 loc85 loc166 loc151 loc187 loc124 loc178 loc52 loc160 loc115 loc166 loc13 loc166 loc115 loc34 loc169 loc26 loc152 loc116 loc188 loc158 loc59 loc149 loc113 loc137 loc73 loc109 loc146 loc128 loc74 loc110 loc74 loc128 loc146 loc109 loc10 loc153 loc90 loc172 loc162 loc9 loc108 loc27 loc189 loc165 loc180 loc36 loc180 loc66 loc183 loc186 loc87 loc168 loc195 loc168 loc87 loc186 loc183 loc3 loc120 loc111 loc10 loc163 loc91 loc163 loc1 loc111 loc12 loc129 loc21 loc183 loc6 loc186 loc123 loc30 loc183 loc66 loc165 loc18 loc135 loc81 loc153 loc45 loc172 loc100 loc136 loc73 loc137 loc113 loc194 loc122 loc176 loc14 loc185 loc14 loc149 loc140 loc76 loc148 loc40 loc148 loc0
43
loc0 loc31
loc1 loc1
loc137 loc65 loc2 loc38 loc20 loc29
loc129 loc75 loc3 loc4
loc113 loc41 loc5
loc6 loc6
loc124 loc61 loc70 loc7
loc152 loc98 loc35 loc71 loc8 loc44 loc80 loc17 loc53 loc89 loc26
loc108 loc9 loc63
loc10 loc10
loc110 loc74 loc11 loc92 loc47
loc12 loc12 loc22
loc13 loc13
loc185 loc32 loc77 loc14 loc83 loc56
loc195 loc96 loc69 loc42 loc78 loc15 loc51 loc24 loc60
loc178 loc16 loc97 loc88
loc18 loc18
loc109 loc64 loc19 loc46
loc21 loc21
loc158 loc68 loc86 loc23 loc59 loc62
loc115 loc25 loc43
loc27 loc27
loc136 loc28 loc37
loc123 loc33 loc93 loc30 loc87
loc151 loc34 loc79
loc36 loc36
loc165 loc99 loc39 loc72 loc48 loc84 loc54 loc57
loc40 loc40
loc153 loc45
loc49 loc49 loc67
loc122 loc50 loc95
loc52 loc52
loc172 loc82 loc55
loc58 loc58
loc66 loc66
loc73 loc73
loc76 loc76
loc81 loc81
loc85 loc85
loc90 loc90
loc91 loc91
loc94 loc94
loc100 loc100
