Soda C B GO Soda GK GJ GI Soda GF Soda GC Soda FX Soda FU Soda FR Soda FJ Soda FG Soda FD Soda FA Soda DZ DY DX DW DV DU DT Soda DQ DP DO Soda DJ Soda DD Soda DA Soda CA Soda BX Soda BU BT Soda BQ BP BO Soda BJ Soda BD Soda AZ AY AX AW AV AU AT Soda AO Soda AJ Soda AG Soda AD Soda AA Soda X Soda U Soda R Soda O Soda K J I Soda F Soda
47
C C
F F
I I
K K
O O
R R
U U
X X
AA AA
AD AD
AG AG
AJ AJ
AO AO
AT AT
AW AW
AX AX
AZ AZ
BD BD
BJ BJ
BO BO
BQ BQ
BT BT
BU BU
BX BX
CA CA
DA DA
DD DD
DJ DJ
DO DO
DQ DQ
DT DT
DU DU
DW DW
DX DX
DZ DZ
FA FA
FD FD
FG FG
FJ FJ
FR FR
FU FU
FX FX
GC GC
GF GF
GI GI
GK GK
GO GO
