1 1bF K 1dT K 1cU 1aJ 1dZ 1dW 1eH 1aJ 1eG B 1cC 1aA 1cJ 1aQ 1bE 1aC 1cH K 1dS 1cX 1eX 1dK 1bJ 1eX 1dM 1cI 1dP K 1eX 1aW 1eX K 1aP 1dH 1eA 1aJ 1bT 1eD 1dR 1bR 1aK K 1cY 1aE 1aJ 1bC 1aM 1aX 1eE 1bK K 1aI K 1bW 1dG 1cP 1dJ 1cF 1aB 1bN K 1dF 1dI 1dE 1eF 1cK 1aJ 1dY 1bY 1dN 1eX 1cO 1dO 1eX 1cB 1eB B 1dA 1dV 1bV 1eC 1bO 1aL 1dD 1dC 1eO 1cZ 1cW 1cV 1aR 1eX 1cT 1cS 1cR 1eX K 1cQ 1cN 1eX K 1aN K 1aT 1cG 1aV 1eO 1cE 1bU 1bS 1bQ 1bP 1bM 1bL Y 1bH 1eX K 1bG 1bD K 1bB K 1eX 1bA 1aJ 1aZ 1aJ 1aY 1aU 1aS 1cD 1eI 1eX 1
99
1 1
1aA 1aA
1aB 1aB
1aC 1aC
1aE 1aE
1eX 1eJ
1aI 1aI
1aJ 1aJ 1bX
1aK 1aK
1aL 1aL
1aM 1aM
1aN 1aN
1aP 1aP
1aQ 1aQ
1aR 1aR
1aS 1aS
1aT 1aT
1aU 1aU
1aV 1aV
1aW 1aW
1aX 1aX
1aY 1aY
1aZ 1aZ
1bA 1bA
1bB 1bB
1bC 1bC
1bD 1bD
1bE 1bE
1bF 1bF
1bG 1bG
1bH 1bH
1bJ 1bJ
1bK 1bK
1bL 1bL
1bM 1bM
1bN 1bN
1bO 1bO
1bP 1bP
1bQ 1bQ
1bR 1bR
1bS 1bS
1bT 1bT
1bU 1bU
1bV 1bV
1bW 1bW
1bY 1bY
1cB 1cB
1cC 1cC
1cD 1cD
1cE 1cE
1cF 1cF
1cG 1cG
1cH 1cH
1cI 1cI
1cJ 1cJ
1cK 1cK
1cN 1cN
1cO 1cO
1cP 1cP
1cQ 1cQ
1cR 1cR
1cS 1cS
1cT 1cT
1cU 1cU
1cV 1cV
1cW 1cW
1cX 1cX
1cY 1cY
1cZ 1cZ
1dA 1dA
1dC 1dC
1dD 1dD
1dE 1dE
1dF 1dF
1dG 1dG
1dH 1dH
1dI 1dI
1dJ 1dJ
1dK 1dK
1dM 1dM
1dN 1dN
1dO 1dO
1dP 1dP
1dR 1dR
1dS 1dS
1dT 1dT
1dV 1dV
1dW 1dW
1dY 1dY
1dZ 1dZ
1eA 1eA
1eB 1eB
1eC 1eC
1eD 1eD
1eE 1eE
1eF 1eF
1eG 1eG
1eH 1eH
1eI 1eI
