index155 index9 index85 index116 index19 index34 index156 index34 index15 index18 index114 index18 index83 index40 index75 index89 index90 index68 index152 index140 index26 index37 index174 index24 index137 index81 index58 index132 index158 index167 index23 index33 index102 index172 index102 index63 index6 index63 index102 index157 index39 index64 index59 index141 index154 index110 index97 index125 index61 index17 index124 index198 index22 index86 index147 index111 index5 index32 index181 index52 index193 index155
38
index124 index198 index44 index142 index14 index144 index87 index124
index68 index88 index11 index60 index31
index110 index27 index113 index3 index110
index17 index67 index164 index4 index17 index150 index126
index5 index5
index6 index6
index156 index129 index100 index106 index55 index56 index156
index75 index134 index40 index169 index10 index42 index50 index186 index95
index9 index99 index131 index199 index9 index112 index20 index190
index37 index196 index69 index37 index165 index174 index143 index24 index25 index62
index15 index15
index18 index121 index18
index19 index19
index102 index21 index63
index86 index107 index86 index22
index23 index23
index140 index96 index130 index26 index115 index118 index58
index64 index30 index47
index181 index32 index66
index33 index57
index39 index133 index39
index141 index128 index141
index167 index49 index109 index158 index167
index52 index52
index81 index81 index170
index83 index83
index89 index89
index90 index90
index132 index92 index159
index97 index97
index172 index108 index172
index114 index114
index116 index116
index125 index125
index137 index137
index152 index152
index155 index155
index157 index157
