0 42 45 8 60 1 56 67 96 27 37 83 55 90 34 78 14 136 10 81 20 53 25 38 35 32 66 155 142 98 77 150 68 140 12 198 17 175 94 123 7 59 74 41 194 30 36 33 86 31 2 176 92 54 82 147 93 80 69 56 24 84 18 87 73 0
59
0 0 64 48 50 23 88 63
1 1 58
2 2
80 80 43 3 21
34 57 34 4 78
198 5 70 71 10 75
24 46 24 6
7 7
8 8
83 40 9 83 52
175 26 11 79
12 12 62
142 51 13 22 47
14 14
33 33 76 49 15
155 16
17 17
18 18
176 19 44 85
20 20
25 25
27 27
194 72 28 61
147 89 29
30 30
31 31
32 32
35 35
36 36
37 37
38 38
123 39
41 41
42 42
45 45
53 53
54 54
55 55
56 56
59 97 59
60 60
98 65 98 91
66 66
67 67
68 68
69 69
73 73
74 74
150 77
81 81
82 82
84 84
86 86
87 87 95
90 90
92 99 92
93 93
94 94
96 96
