89 180 107 75 43 62 4 80 18 96 28 94 176 9 101 130 113 87 178 102 146 58 197 104 21 86 70 119 179 145 103 25 132 39 81 38 139 31 6 198 111 83 11 109 85 191 135 154 23 128 7 168 59 44 99 168 127 88 127 12 187 89
47
111 49 140 111
103 1 193 194 36 133 97 98 73 141 79 16 118 190
70 192 3 70 136 179
4 4 127
104 21 188 172 5
31 64 6 31
102 102 13 114 61 148 122 125
9 48 9
11 11
89 12 69
198 128 65 82 147
18 18
23 23
25 25
101 169 27 101 78
28 32
86 56 29 173 86
145 33 149 121 39
168 37
38 81 41 38
113 112 100 199
43 51
44 44
58 58
59 59 124
62 144 160
75 75
80 80
83 83
85 85
88 88
139 189
94 94 151
96 96
99 99
107 107
109 109 183
130 130
132 195 132
135 135
146 146
154 156
180 155
178 178
187 187
191 191
197 197
