5 94 109 192 119 71 134 116 35 22 175 96 155 40 88 113 197 149 90 159 90 72 134 116 138 34 121 157 121 7 182 65 180 28 180 65 178 91 150 191 194 191 74 31 74 170 199 166 90 149 197 149 72 134 99 23 95 116 138 34 9 34 76 156 137 39 94 165 7 121 34 138 55 138 34 17 105 25 30 75 109 84 162 126 40 123 62 34 133 120 158 80 158 45 10 45 47 45 158 102 189 186 112 82 109 94 39 92 39 94 165 7 121 34 138 61 138 35 26 70 86 93 190 18 177 37 64 130 51 183 69 138 34 133 186 112 82 48 46 48 118 113 43 119 67 41 67 119 71 134 116 138 69 32 179 78 29 78 179 78 100 192 18 190 16 190 18 168 84 109 58 109 82 129 146 129 82 171 104 83 117 136 117 83 104 171 112 186 140 186 189 103 189 77 196 184 85 121 52 121 7 165 193 165 154 82 27 174 101 174 27 0 27 82 112 82 27 2 158 45 158 120 133 34 62 36 11 36 62 34 138 69 81 19 151 109 94 5
74
0 53
101 1 101 174
2 2
5 33
103 189 103
165 137 42 63
9 9
10 10
11 11
45 158 14
16 16
17 17 105
18 192 18
19 81 76 151
109 75 20
175 22
116 50 116
25 25
26 26
28 28
29 164
31 31
32 32
34 34 68 133
35 188 110 135
37 64 37
39 39
40 96
41 41 67
43 43
86 44
46 46
47 47
48 48
51 51 183
52 52
55 55
197 56 149
58 152 58
61 61
69 153 138 69
71 71
182 173
74 187
77 77 143
78 78
80 80
112 171
83 104 83
85 85
150 91
92 92
99 99
100 100
102 102
166 122 199
123 123
136 170
140 140
146 146
154 154
156 156
157 157
159 159
162 162
168 168
177 177
178 178
179 179
180 180
184 184
193 193
194 194
196 196
