A42 A100 A78 A107 A186 A143 A172 A73 A40 A73 A53 A30 A189 A3 A189 A2 A67 A133 A51 A11 A122 A162 A72 A165 A156 A60 A184 A23 A57 A176 A53 A30 A63 A44 A169 A28 A169 A129 A36 A133 A157 A57 A38 A57 A176 A53 A30 A90 A86 A90 A30 A63 A146 A128 A47 A39 A2 A5 A2 A154 A104 A67 A116 A105 A9 A167 A77 A66 A77 A115 A179 A115 A4 A7 A199 A99 A142 A83 A114 A72 A125 A72 A162 A122 A11 A158 A153 A93 A91 A118 A91 A124 A12 A98 A50 A117 A187 A76 A39 A195 A32 A127 A196 A30 A191 A30 A63 A198 A138 A198 A197 A13 A101 A95 A151 A166 A185 A193 A108 A45 A66 A170 A61 A71 A42
51
A98 A0 A192 A98 A132 A106 A139 A16 A144 A148
A77 A65 A194 A82 A77
A2 A2 A35 A130 A135 A159
A3 A3 A189
A4 A4
A5 A5
A83 A103
A7 A7
A9 A9
A193 A193 A20
A11 A122
A13 A70 A75 A13 A113 A88
A125 A102 A23 A181 A54 A182
A151 A96 A17
A186 A64 A34 A107 A143 A111 A177 A21 A120 A94
A67 A136 A67
A39 A33 A39
A28 A28
A86 A90 A30
A32 A32 A137 A127
A72 A72 A37
A38 A57 A38
A40 A40
A42 A100 A42 A43 A84 A183
A45 A45
A191 A46 A191
A50 A117
A51 A51
A176 A176 A58
A60 A184 A92
A66 A126
A71 A71
A73 A123
A76 A76
A78 A78
A93 A93
A95 A95
A105 A105
A114 A114
A118 A118
A124 A145 A124
A128 A128
A138 A198
A142 A142
A154 A154
A167 A167
A172 A172
A179 A179
A185 A185
A187 A187
A196 A196
