100 31 15 30 16 61 60 22 25 59 16 61 14 61 54 1 54 61 16 30 15 27 70 36 70 27 15 31 100 58 55 18 53 48 47 19 50 131 142 46 2 44 45 43 29 13 103 34 7 39 7 34 14 61 16 30 15 31 100 86 85 164 165 104 156 153 115 111 113 116 155 112 82 159 161 181 186 184 193 191 192 189 182 189 95 94 98 58 100 31 15 30 16 61 26 45 43 72 40 72 43 45 26 61 14 34 7 39 78 37 78 39 7 34 103 13 29 43 45 44 2 17 1 48 47 19 50 131 142 46 142 131 50 19 47 48 53 23 51 49 48 1 54 61 16 59 25 59 16 30 15 31 100 88 32 88 100 58 55 24 55 18 53 52 53 48 47 19 50 133 141 20 141 133 50 131 142 46 2 44 4 71 4 44 45 43 72 40 8 9 6 74 73 41 3 42 3 41 3 42 144 129 130 131 50 133 141 20 136 188 21 56 21 188 136 20 141 133 50 131 142 46 2 17 1 54 61 16 30 15 27 70 36 28 36 33 12 33 12 11 10 11 12 33 36 70 27 15 31 100 58 100 31 100 86 85 164 165 164 85 86 100
55
1 1
2 2
41 41 3
71 4 5
6 6
39 39 7
8 8
9 9
10 121 10 11
12 12
13 13
14 14
15 15
16 16
17 17
18 18 55
19 19 47
20 20
21 21
22 22
23 23
24 24
25 25 59
26 26
27 27
28 28
29 29
30 30
31 31
32 32
33 33
34 34
36 36
37 37
40 40
42 42
43 43
44 44
45 45
46 46
48 48
49 49
50 50
51 51
52 52
53 53
54 54
56 57 56
58 58
60 60
111 111
153 153
165 165
182 182
191 192
