YuhuaEast SenokoSouth SenokoWest JooSengPayaLebar Tanglin TuasPromenade TiongBahru MonksHill MandaiEast TampinesNorth Boulevard RochorCanal YioChuKang PulauPunggolTimor ReservoirView Moulmein PasirRisDrive BenoiSector MountPleasant PayaLebarEast MountEmily KebunBahru Tampines PengSiang BukitBatokWest SungeiKadut JurongRiver Northshore Hillcrest EvertonPark Punggol TagoreSindo Sembawang EastCoast Sembawang NatureReserve ChangiWest Paterson SimpangNorth BayfrontSubzone Gombak Dunearn SouthernIslands WestCoast Commonwealth KentRidge AngMoKioTownCentre BukitTimah Port Khatib Mandai PunggolField DhobyGhaut SerangoonCentral PasirPanjang2 BukitBatokSouth WoodlandsWest Northland Mountbatten JurongPort PeiChun DairyFarm UpperThomson Kembangan HongKah OneTreeHill SembawangStraits Shipyard OrangeGrove Trafalgar Matilda Cairnhill JurongWestCentral OneNorth ChangiPoint PeoplesPark Serangoon BedokNorth IstanaNegara KallangWay TelokBlangahRise KampongUbi Brickworks KampongUbi Sentosa ChinaSquare LowerSeletar PearlsHill YuhuaEast
67
MountEmily GeylangEast
Sentosa Sentosa
BedokNorth BedokNorth
SungeiKadut SungeiKadut
Mandai Mandai Geylang PasirRis BoonLayPlace
SerangoonCentral SerangoonCentral
BayfrontSubzone BayfrontSubzone
Port Port
PearlsHill PearlsHill
Shipyard PasirRisPark SembawangStraits BedokSouth OneTreeHill Shipyard
YioChuKang YioChuKang
Commonwealth Chatsworth InstitutionHill PangSua Commonwealth WaterwayEast KentRidge TuasNorthPioneer SungeiRoad
Punggol Punggol
Dunearn YioChuKangEast SembawangHills UluPandan KeatHong
OneNorth OneNorth
EastCoast EastCoast
Moulmein Moulmein
JurongRiver ChoaChuKang HougangCentral DefuIndustrialPark BoatQuay Saujana Aljunied
PeoplesPark PeoplesPark
MandaiEast MandaiEast
TiongBahru TiongBahru TuasBay
YuhuaEast CityHall SingaporeRiver SerangoonGarden Sennett
JurongWestCentral JurongWestCentral
TagoreSindo TagoreSindo SerangoonNorth
SimpangNorth Paterson SimpangNorth AlexandraNorth
Kembangan Kembangan
Matilda Matilda
JooSengPayaLebar JooSengPayaLebar
PunggolField PunggolField
JurongPort JurongPort
LowerSeletar LowerSeletar
TelokBlangahRise TelokBlangahRise
AngMoKioTownCentre AngMoKioTownCentre
DairyFarm DairyFarm
KebunBahru Tampines KebunBahru
PasirRisDrive PasirRisDrive
TuasPromenade TuasPromenade
Khatib Khatib
HongKah HongKah
BukitBatokSouth BukitBatokSouth
PulauPunggolTimor PulauPunggolTimor
ChinaSquare ChinaSquare
Sembawang Sembawang
SenokoSouth ClementiNorth
Mountbatten Mountbatten
PayaLebarEast Museum PayaLebarEast TohGuan
OrangeGrove OrangeGrove
DhobyGhaut DhobyGhaut
ChangiWest ChangiWest
Serangoon Serangoon
ReservoirView ReservoirView
BukitBatokWest BukitBatokWest
SouthernIslands SouthernIslands HongKahNorth
RochorCanal RochorCanal
Tanglin Tanglin
WoodlandsWest WoodlandsWest
TampinesNorth TampinesNorth
Trafalgar Trafalgar
PeiChun PeiChun
Brickworks Brickworks
ChangiPoint ChangiPoint
BenoiSector BenoiSector
Northland Northland
UpperThomson UpperThomson
Cairnhill Cairnhill
EvertonPark EvertonPark
IstanaNegara IstanaNegara
