Soda EtcheverryHall WicksonNaturalArea Emeryville Pinole KroeberHall Insectary WestCircle Cory BlumHall Oakley WellmanHall SternHall LewisHall WestGate WursterHall ZellerbachPlayhouse KleebergerFieldHouse Alameda Brisbane HearstMiningCircle PimentelHall CalvinLaboratory Piedmont GiauqueHall LowerSproulPlaza Pittsburg Pacifica WomenFacultyClub ZellerbachHall MulfordHall ClearyHall Belmont ChouHall EastGate Benicia IshiCourt ClarkKerrCampus SanPablo Hillsborough SanRamon EvansHall FoundersRock MinorHallAddition StHelena Campanile Orinda Fairfield SanRafael Albany SatherTower BarkerHall DonnerLab HargroveMusicLibrary NorthGateHall BancroftLibrary Healdsburg Unit1 HertzHall SproulPlaza AnthonyHall FrankSchlessingerWay HearstGreekTheatre GilmanHall GoldmanField WheelerHall StadiumRimWay MartinezCommons Hayward Unit3 Saratoga Soda
70
MartinezCommons MartinezCommons
ClarkKerrCampus ClarkKerrCampus
GoldmanField GoldmanField
Orinda Orinda
Hayward Hayward
WursterHall WursterHall
HargroveMusicLibrary HargroveMusicLibrary
AnthonyHall AnthonyHall
DonnerLab DonnerLab
Emeryville Emeryville
MinorHallAddition MinorHallAddition
WellmanHall WellmanHall
Pittsburg Pittsburg
ZellerbachPlayhouse ZellerbachPlayhouse
BlumHall BlumHall
SternHall SternHall
PimentelHall PimentelHall
Oakley Oakley
ClearyHall ClearyHall
MulfordHall MulfordHall
StadiumRimWay StadiumRimWay
Pinole Pinole
FoundersRock FoundersRock
Hillsborough Hillsborough
ZellerbachHall ZellerbachHall
WomenFacultyClub WomenFacultyClub
Pacifica Pacifica
LowerSproulPlaza LowerSproulPlaza
SanRafael SanRafael
KroeberHall KroeberHall
HearstMiningCircle HearstMiningCircle
CalvinLaboratory CalvinLaboratory
EtcheverryHall EtcheverryHall
BarkerHall BarkerHall
Campanile Campanile
Alameda Alameda
KleebergerFieldHouse KleebergerFieldHouse
Saratoga Saratoga
GiauqueHall GiauqueHall
SanPablo SanPablo
Cory Cory
Healdsburg Healdsburg
LewisHall LewisHall
IshiCourt IshiCourt
Brisbane Brisbane
EastGate EastGate
Piedmont Piedmont
ChouHall ChouHall
GilmanHall GilmanHall
WestGate WestGate
Albany Albany
Fairfield Fairfield
Insectary Insectary
StHelena StHelena
NorthGateHall NorthGateHall
Belmont Belmont
WheelerHall WheelerHall
WestCircle WestCircle
HertzHall HertzHall
FrankSchlessingerWay FrankSchlessingerWay
SatherTower SatherTower
HearstGreekTheatre HearstGreekTheatre
SanRamon SanRamon
Benicia Benicia
SproulPlaza SproulPlaza
Unit3 Unit3
BancroftLibrary BancroftLibrary
Unit1 Unit1
EvansHall EvansHall
WicksonNaturalArea WicksonNaturalArea
