BerkeleyArtMuseumand AnthonyHall BancroftDanceStudio Library Demography AlumniHouse KoshlandHall HavilandHall BarrowsHall MariesHouse NorthField InsectaryGreenhouse AcademicInnovationSt CoryHall PublicAffairsOfficeo PacificFilmArchiveBe LiKaShingCenter ObservatoryHill LatinAmericanStudies FacultyGlade Sebastians SutardjaDaiHall GolbousPlace UpperHearstParkingSt MaxwellFamilyFieldan MagnesCollectionofJe LawrenceBerkeleyNati EnergyBiosciencesBui HearstMemorialMining LeConteHall BowlesHall MorrisonHall McLaughlinHall MathematicalSciences MartinezCommons KoretVisitorCenter ClarkKerrCampus EastAsianStudiesInst EllsworthParkingStru CheitHall MosesHall StanleyHall UniversityHealthServ GianniniHall NaturalResourcesLabo AHammock BanwayBuilding GoldmanField CesarEChavezStudentC GraduateTheologicalU FacultyClub FoxCottage2350Bowdit SimonHall HenryHWheelerBrainIm Unit1ResidentHall EvansHall ManvilleHall EdwardsTrackStadiumG LowerHearstParkingSt WellmanHall InvestigativeReporti InternationalHouse ZellerbachHall CaliforniaHall SimpsonCenterforStud BerkeleyArtMuseumand
65
BerkeleyArtMuseumand BerkeleyArtMuseumand EvansDiamond LawSchool LegendsAquaticCenter BancroftLibrary WarrenHall LawrenceHallofScienc HaasSchoolofBusiness UniversityHouse CareerCenter MulfordHall ArchitectsEngineersA SpiekerAquaticsCompl McConeHall FallProgramforFreshm ChancellorsEsplanade IRLE SatherTower
LowerHearstParkingSt LowerHearstParkingSt
PacificFilmArchiveBe PacificFilmArchiveBe
FoxCottage2350Bowdit FoxCottage2350Bowdit
KoshlandHall KoshlandHall
Unit1ResidentHall Unit1ResidentHall
LeConteHall LeConteHall
EdwardsTrackStadiumG EdwardsTrackStadiumG
HavilandHall HavilandHall
AnthonyHall AnthonyHall
LawrenceBerkeleyNati LawrenceBerkeleyNati
CesarEChavezStudentC CesarEChavezStudentC
HenryHWheelerBrainIm HenryHWheelerBrainIm
NorthField NorthField
MartinezCommons MartinezCommons
AlumniHouse AlumniHouse
CaliforniaHall CaliforniaHall
AcademicInnovationSt AcademicInnovationSt
BowlesHall BowlesHall
Library Library
CheitHall CheitHall
AHammock AHammock
StanleyHall StanleyHall
GoldmanField GoldmanField
MaxwellFamilyFieldan MaxwellFamilyFieldan
BarrowsHall BarrowsHall
KoretVisitorCenter KoretVisitorCenter
PublicAffairsOfficeo PublicAffairsOfficeo
WellmanHall WellmanHall
InvestigativeReporti InvestigativeReporti
GraduateTheologicalU GraduateTheologicalU
FacultyGlade FacultyGlade
EastAsianStudiesInst EastAsianStudiesInst
ZellerbachHall ZellerbachHall
SutardjaDaiHall SutardjaDaiHall
SimonHall SimonHall
FacultyClub FacultyClub
SimpsonCenterforStud SimpsonCenterforStud
HearstMemorialMining HearstMemorialMining
MosesHall MosesHall
EvansHall EvansHall
GianniniHall GianniniHall
NaturalResourcesLabo NaturalResourcesLabo
MorrisonHall MorrisonHall
McLaughlinHall McLaughlinHall
UpperHearstParkingSt UpperHearstParkingSt
ClarkKerrCampus ClarkKerrCampus
LatinAmericanStudies LatinAmericanStudies
ManvilleHall ManvilleHall
LiKaShingCenter LiKaShingCenter
Sebastians Sebastians
EnergyBiosciencesBui EnergyBiosciencesBui
MathematicalSciences MathematicalSciences
EllsworthParkingStru EllsworthParkingStru
InternationalHouse InternationalHouse
GolbousPlace GolbousPlace
CoryHall CoryHall
UniversityHealthServ UniversityHealthServ
ObservatoryHill ObservatoryHill
MagnesCollectionofJe MagnesCollectionofJe
BancroftDanceStudio BancroftDanceStudio
Demography Demography
BanwayBuilding BanwayBuilding
MariesHouse MariesHouse
InsectaryGreenhouse InsectaryGreenhouse
