Fizz Sniper Chen Ziggs Omniknight WinterWyvern Kennen Rubick Terrorblade Timbersaw LoneDruid Nunu Sven Slardar LeBlanc Karma NightStalker VelKoz Mirana Oracle KhaZix FacelessVoid Beastmaster Tiny Yorick Lucian StormSpirit Vladimir Nasus TrollWarlord Visage Vi Rumble Azir Heimerdinger Singed Weaver Udyr Fiddlesticks Kayn Janna Rengar Sona Leona Trundle JarvanIV Syndra Venomancer BountyHunter Quinn Nidalee Katarina Gragas Undying Warlock Huskar Bane Orianna Medusa Talon Viktor DeathProphet Kassadin Slark Techies Ryze Irelia TahmKench Jayce Xayah Morphling Ekko Zilean ShadowShaman ShadowFiend ShadowDemon CentaurWarrunner Magnus Puck Pantheon Tristana Brewmaster Annie Kled SpiritBreaker Cassiopeia Jinx Amumu Thresh Fizz
88
BountyHunter BountyHunter
Talon Talon
Medusa Medusa
Rengar Rengar
Techies Techies
ShadowFiend ShadowFiend
WinterWyvern WinterWyvern
Terrorblade Terrorblade
Nasus Nasus
Fizz Fizz
Mirana Mirana
Leona Leona
Ekko Ekko
Oracle Oracle
Xayah Xayah
ShadowDemon ShadowDemon
Thresh Thresh
Sona Sona
Venomancer Venomancer
Nunu Nunu
Annie Annie
Visage Visage
Lucian Lucian
Jayce Jayce
Warlock Warlock
Kennen Kennen
Amumu Amumu Zed
Karma Karma
Chen Chen
Viktor Viktor
Kassadin Kassadin
Nidalee Nidalee
Beastmaster Beastmaster
Slardar Slardar
TrollWarlord TrollWarlord
Weaver Weaver
Sniper Sniper
Sven Sven
Vladimir Vladimir
Yorick Yorick
Ziggs Ziggs
SpiritBreaker SpiritBreaker
KhaZix KhaZix
ShadowShaman ShadowShaman
Vi Vi
Heimerdinger Heimerdinger
Rumble Rumble
VelKoz VelKoz
Puck Puck
Ryze Ryze
Cassiopeia Cassiopeia
NightStalker NightStalker
Azir Azir
Omniknight Omniknight
Kayn Kayn
StormSpirit StormSpirit
Orianna Orianna
Zilean Zilean
Brewmaster Brewmaster
Pantheon Pantheon
JarvanIV JarvanIV
Timbersaw Timbersaw
Janna Janna
Singed Singed
Jinx Jinx
TahmKench TahmKench
Undying Undying
Syndra Syndra
Quinn Quinn
Irelia Irelia
Rubick Rubick
Slark Slark
CentaurWarrunner CentaurWarrunner
Fiddlesticks Fiddlesticks
LoneDruid LoneDruid
Tiny Tiny
LeBlanc LeBlanc
DeathProphet DeathProphet
Kled Kled
Morphling Morphling
FacelessVoid FacelessVoid
Katarina Katarina
Huskar Huskar
Magnus Magnus
Tristana Tristana
Bane Bane
Gragas Gragas
Trundle Trundle
