1 20 45 111 74 68 12 110 108 42 129 89 140 60 72 11 143 100 164 117 16 95 187 94 123 142 84 159 183 56 118 76 93 79 53 143 65 3 137 148 161 97 178 52 149 13 14 77 32 112 184 59 182 122 192 99 91 29 155 78 155 27 159 34 87 36 131 25 64 176 116 181 68 4 114 172 163 190 170 76 132 67 188 9 35 126 28 92 151 2 147 167 57 66 142 21 139 6 81 153 1
89
2 2
3 3
4 186
6 165 6
87 197 70 7 87 127
9 9
11 11
12 12
13 13
14 14
16 16
20 17 20 119
21 21
25 25
27 27
28 28
29 29
56 121
32 32
34 34
35 35
36 36
84 180 40
42 42
66 44 191
45 45
52 52
53 53
57 57 120
59 59
60 60
64 64
65 65
67 67
68 68
74 74
76 76
77 77
78 78
79 79
81 81
89 89
91 91
92 92
93 93
94 94
95 95
97 97
99 99 160
100 100
108 108
112 112
114 114
116 116
117 117
118 118
122 122
123 123
126 126
129 129
131 131
132 132
137 137
139 139
140 140
142 142
143 143
147 147
148 148
149 149
151 151
153 153
155 155
159 159
161 161
163 163
164 164
167 167
170 170
172 172
176 176
178 178
181 181
182 182
183 183
184 184
188 188
190 190
192 192
