location1 location19 location190 location92 location188 location43 location143 location180 location44 location108 location116 location196 location70 location163 location156 location161 location16 location197 location151 location186 location139 location69 location49 location82 location97 location60 location114 location105 location30 location136 location148 location25 location111 location130 location150 location22 location28 location109 location35 location112 location62 location40 location123 location103 location100 location6 location138 location64 location1
48
location1 location90 location27 location178
location70 location2 location195 location11 location85 location95 location96
location49 location49 location3 location140
location62 location149
location44 location12 location44 location5 location128
location6 location6
location116 location165 location10 location116 location154 location127 location26
location16 location13 location16
location143 location133 location169 location171 location110 location142 location143 location17 location20 location56 location57 location152
location19 location193 location93
location22 location22
location25 location25
location28 location28
location43 location43 location118
location30 location30
location163 location87 location32
location100 location33 location100
location35 location35
location130 location130 location94
location151 location65 location164 location37 location106 location177 location182 location59
location40 location46 location40
location161 location161
location60 location129 location199 location74 location172 location181 location184 location58 location159
location136 location136
location112 location91 location68
location69 location107 location69
location64 location179 location158
location139 location146 location75 location139
location82 location82
location92 location92
location97 location97
location103 location185
location105 location105
location108 location108
location109 location109
location111 location111
location114 location114
location123 location123
location138 location157
location148 location148
location150 location150
location156 location175
location180 location180
location186 location186
location188 location188
location190 location190
location196 location196
location197 location197
