c5 n4 p2 f5 b1 f3 p9 c4 o2 a1 o3 a6 k9 c8 b3 p7 b9 g1 i0 r6 j7 a0 o0 h2 q0 l7 e8 j5 o6 k4 l3 l8 i5 b4 o4 h0 f8 h1 n6 p3 c0 r2 h4 n2 c5
44
a0 a0
a1 a1
p7 b7 g6 p7
c0 j6 f2 t7 p0
f8 a4 l6 c3 s3 j2
a6 a6
p2 i1 a7
o3 a8 l1
h4 q3 h3 h4 r7 s4
o2 g5 q5 e0 k6 o2 g0
b1 m0 d4 b1
l8 l8
b3 b3
b4 e1 e4 g3
k4 o5 b5
b9 t2 k1 n3 o7 f6
c4 c4 g9
c5 t1 t0 t9
c8 c8
h2 h2 q8
o6 l4 d5 o6
n4 n0 d6 n4 r9 i4
j5 h6 s1 j5
r6 g4 g7 g8 t5 e2 e5 r4 s7 s9
e8 m4
f3 f3
f5 f5
g1 h5 g1 m7
h0 h0
h1 h1
i0 i0
p9 o8 j3 l0 p9
i5 i5 t8
j7 j7
q0 q0
k9 k9
l3 l3 t6
l7 r1
n2 q1
n6 n6
o0 o0
o4 o4
p3 s2
r2 r2
