gc ew gp ab bk et bv b dc ck cd l er ed ek ge gb d gj ap bx ae dp cf bb bf ct bi o bs fq ga fg c dw fr fo x q bk dy gc
38
c a ff fe e bq at
b b
d d
bb bb bt
ed cn g
cf bp fi aw dq bj
ek db az fa
bv bn fh bv j cp cr
er er go br
gb eq
o p
q q
gc gk as em co ac
ct cs cl ao cv
bk gm ds dg u cm
dc ai dn v cz
x gh
fg bu y es gq
ab ab
gj en di dh cq ad gi gj
ae ae
bi bi el ee cj
bs ah gn by bc dx
cd ep am
fo an fo ft bl fd
ap ap
bf fn ey
ew fy cg
bx bx
fq fq fk
ck ck
dp dj gg do dp
dw dw
dy dy fw
et et
fr fr
ga ga
ge ge
