LOC60 LOC153 LOC17 LOC11 LOC97 LOC154 LOC162 LOC117 LOC56 LOC175 LOC161 LOC62 LOC161 LOC95 LOC98 LOC190 LOC98 LOC48 LOC147 LOC142 LOC0 LOC164 LOC170 LOC7 LOC121 LOC83 LOC61 LOC83 LOC24 LOC122 LOC58 LOC63 LOC74 LOC134 LOC160 LOC41 LOC91 LOC72 LOC91 LOC83 LOC194 LOC121 LOC66 LOC192 LOC52 LOC75 LOC80 LOC50 LOC13 LOC6 LOC59 LOC76 LOC177 LOC76 LOC30 LOC76 LOC8 LOC67 LOC54 LOC156 LOC46 LOC156 LOC119 LOC118 LOC49 LOC51 LOC116 LOC89 LOC96 LOC145 LOC64 LOC70 LOC153 LOC60
40
LOC0 LOC164
LOC6 LOC6
LOC7 LOC7
LOC8 LOC8
LOC51 LOC51 LOC116 LOC133
LOC17 LOC17
LOC175 LOC56 LOC18 LOC68 LOC158
LOC170 LOC170
LOC24 LOC24
LOC118 LOC108
LOC30 LOC30
LOC74 LOC134
LOC95 LOC36
LOC194 LOC194 LOC38
LOC41 LOC166
LOC46 LOC65 LOC46
LOC48 LOC48
LOC50 LOC144
LOC52 LOC52
LOC54 LOC54
LOC89 LOC96 LOC89 LOC55
LOC58 LOC58
LOC59 LOC59
LOC61 LOC180 LOC189
LOC62 LOC62
LOC63 LOC63
LOC64 LOC64
LOC66 LOC139
LOC70 LOC70
LOC72 LOC72
LOC75 LOC192
LOC80 LOC80
LOC97 LOC97
LOC117 LOC117
LOC147 LOC142
LOC145 LOC145
LOC160 LOC160
LOC161 LOC161
LOC177 LOC177
LOC190 LOC190
