Location0 Location43 Location6 Location15 Location107 Location23 Location12 Location39 Location17 Location3 Location17 Location110 Location105 Location78 Location91 Location4 Location26 Location20 Location8 Location40 Location89 Location31 Location1 Location31 Location14 Location22 Location11 Location17 Location48 Location112 Location44 Location13 Location101 Location87 Location42 Location18 Location80 Location58 Location30 Location10 Location9 Location28 Location71 Location25 Location34 Location74 Location16 Location115 Location24 Location35 Location24 Location36 Location45 Location37 Location45 Location19 Location43 Location0
35
Location0 Location43
Location1 Location1 Location41
Location37 Location2 Location37 Location45
Location3 Location17 Location3
Location4 Location4 Location7
Location12 Location12 Location5
Location6 Location6
Location8 Location8
Location9 Location9
Location10 Location10
Location11 Location11
Location13 Location13
Location14 Location14
Location15 Location15
Location16 Location16
Location18 Location18
Location19 Location19
Location26 Location26 Location20 Location21
Location22 Location22
Location23 Location33 Location23
Location24 Location24
Location71 Location25
Location58 Location27 Location29
Location28 Location28
Location30 Location30
Location31 Location31
Location105 Location32
Location34 Location34
Location35 Location35
Location36 Location36
Location78 Location38
Location39 Location39
Location40 Location40
Location87 Location42
Location112 Location44
