0 50 100 150 199 198 194 197 194 197 183 184 180 185 187 188 187 185 180 179 173 174 173 179 180 171 170 159 170 168 157 158 157 168 170 159 163 161 163 167 166 162 164 153 164 165 150 100 115 114 112 116 117 113 109 120 119 132 134 133 147 144 147 133 134 130 135 137 138 137 135 130 129 123 124 123 129 130 121 120 109 120 118 107 108 107 118 120 109 113 111 113 117 116 112 114 103 114 115 100 50 65 64 62 66 67 63 59 70 69 82 84 83 97 94 97 83 84 80 85 87 88 87 85 80 79 73 74 73 79 80 71 70 59 70 68 57 58 57 68 70 59 63 61 63 67 66 62 64 53 64 65 50 0 15 14 12 16 17 13 9 20 19 32 34 33 47 44 47 33 34 30 35 37 38 37 35 30 29 23 24 23 29 30 21 20 9 20 18 7 8 7 18 20 9 13 11 13 17 16 12 14 3 14 15 0
43
0 1
3 2 3
11 4
8 5 6
9 10
30 22
24 24 25 26 27
38 36 40 41 42 46
33 33
44 48 49 44 47
50 51
53 52 53
61 54
58 56 55
59 60
80 72
74 74 75 76 77
88 96 86 90 91 92
83 83
94 97 98 99 94
100 101
103 102 103
111 104
108 105 106
109 110
130 122
124 124 125 126 127
138 136 140 141 142 146
133 133
144 144 147 148 149
150 151
153 152 153
161 154
158 155 156
159 160
180 172
174 176 177 174 175
188 192 196 186 190 191
183 183
194 194
197 197
198 198
199 199
