state purple backgammon compensable exhortation voltmeter bibliophile catnip presto catnip huge catnip fleawort purple freehold maidservant hungry catnip Adamson catnip Ridgway catnip debenture servile harrow impure retardation carouse eggplant purple firebug McDonald circumstantial purple Della purple Whelan voltmeter Edmonds Jennifer compunction purple monk catnip Lizzie catnip clasp catnip opossum peacock Steiner purple turnout catnip trivium catnip flexural peacock regal peacock foursome McDonald cohere McDonald curbside purple athletic peacock Yaounde voltmeter hallelujah McDonald Augean McDonald charcoal versatec shrugging mortgagor Eva catnip dame mortgagor whatsoever purple gavotte McDonald fireplace McDonald ash carouse hypothetic kitty grade catnip uptown McDonald bald servile cache servile heifer catnip Protista peacock registrant mortgagor rent servile supremum maidservant pairwise kitty complacent peacock Arden McDonald stereography McDonald omicron catnip gun catnip lobby McDonald sepulchral McDonald sanatoria purple hyphen purple knurl mortgagor cocaine actinic Darwin limbic Adler versatec his voltmeter lonesome voltmeter Albert Jennifer stingy peacock Waterbury peacock anatomy peacock infuse mortgagor Evans catnip bloc catnip texture catnip joke catnip rocky catnip octane catnip whirligig catnip value voltmeter serge peacock scaup Jennifer jackass voltmeter dumpling catnip Zellerbach Jennifer motet voltmeter Calkins peacock driveway McDonald eidetic McDonald border McDonald scriptwriter McDonald watery McDonald Cinderella McDonald wrack McDonald knick mortgagor begot mortgagor controversial purple state
100
controversial controversial
begot begot
knick knick
wrack wrack
Cinderella Cinderella
watery watery
scriptwriter scriptwriter
border border
eidetic eidetic
driveway driveway
Calkins Calkins
motet motet
Zellerbach Zellerbach
dumpling dumpling
jackass jackass
scaup scaup
serge serge
value value
whirligig whirligig
octane octane
rocky rocky
joke joke
texture texture
bloc bloc
Evans Evans
infuse infuse
anatomy anatomy
Waterbury Waterbury
stingy stingy
Albert Albert
lonesome lonesome
his his
Adler Adler
Darwin Darwin
cocaine cocaine
knurl knurl
hyphen hyphen
sanatoria sanatoria
sepulchral sepulchral
lobby lobby
gun gun
omicron omicron
stereography stereography
Arden Arden
complacent complacent
pairwise pairwise
supremum supremum
rent rent
registrant registrant
Protista Protista
heifer heifer
cache cache
bald bald
uptown uptown
grade grade
hypothetic hypothetic
ash ash
fireplace fireplace
gavotte gavotte
whatsoever whatsoever
dame dame
Eva Eva
backgammon backgammon
shrugging shrugging
charcoal charcoal
Augean Augean
hallelujah hallelujah
Yaounde Yaounde
athletic athletic
curbside curbside
cohere cohere
foursome foursome
regal regal
flexural flexural
trivium trivium
turnout turnout
Steiner Steiner
opossum opossum
clasp clasp
Lizzie Lizzie
monk monk
compunction compunction
Edmonds Edmonds
Whelan Whelan
Della Della
circumstantial circumstantial
firebug firebug
eggplant eggplant
retardation retardation
harrow harrow
debenture debenture
Ridgway Ridgway
Adamson Adamson
hungry hungry
freehold freehold
fleawort fleawort
huge huge
presto presto
bibliophile bibliophile
exhortation exhortation
