149 45 2 4 75 51 117 20 96 37 29 136 153 28 164 11 5 89 157 13 34 135 70 78 84 38 128 69 48 63 19 124 107 82 72 150 142 62 39 94 87 54 40 58 160 145 61 15 149
48
19 41 19 60
135 1 83
2 2
58 65 3 73 12 58
4 59 4
5 25 5
164 6
136 64 7
150 8 17 35
61 71 9 46 88 61
157 10 90
11 11
13 56 13
149 24 68 14
15 27 86 15
96 96 16 100 76
37 18 44 37
20 80 20
34 34 21 85
38 55 38 22
117 74 99 23
160 49 26 52
28 28
29 43 29 79
62 50 62 30
94 93 94 31
145 32 92
153 33 66
69 42 36 69
39 39
40 40
45 45
128 47
48 48 97
51 51
142 53
54 54
72 72 57
63 63
124 67
70 81 70
75 75
82 82 77
78 78
84 84
87 87
89 89
107 98 91 95
