xse vvn vmt nwn ceo fin uby hks bnl mti cun byu hmi rjv tdu aeg dnl zkt qkp aaj nmf ocp njg rtc nwc xnr ikb khu fhv clj kcv ogh bod krr kgl miy ils hcr nsw dkp ask zud phg jam vsl xse
35
cun nry bda uau fjy nhi fbk cun vmv ptu svk ttw kpp jgt nko
rtc rtc nfr txq xme aii hpx vwg pvs wbg lwk bdh fzi lrj
kcv jfh uwo tko qjf
vsl ybr kfu ego cen uok
dkp rsg
vvn vvn
qkp gex lvm fia pjf yug wyg bod qdw nvz
ask loj zdb ckx zud
tdu zkt qxs tso ljd nii ukv cma tdu
nwn uuw
hks qbf emz wiy fyc vzr
byu byu ruo
ceo ksg tlh xjt
uby fgp mok dgl adx kxn
jam jam
vmt vmt
mti mti
ocp ocp
rjv idv rjv
hmi hmi
aeg xeh vtd aeg
khu khu
kgl miy
nwc nwc
fin fin
fhv fhv
ogh ogh
nsw nsw
hcr hcr
nmf nmf
ikb ikb
krr krr
bnl bnl
phg phg
ils ils
