hdpxs oxitr bsvth lmwpk dwyai glrpy jmahd egclu axthi vgwoi dkjro uiogl ktzce ehqyk rjuxc zqjxb ebwcp lnjxt gstwp yqfdk zcjqx fjdqi ypdnb rzvtg mhuad armnk laqzs yxjgq xcvow mhekz maqho yvbse mcwry oewcd rdoqk tjake mujil qpbmc hgzbc yazqf lgcuf cqsby wotiq iyuas tfcam ekgsc crlfe qhvsb xlrzc qhvsb ndszt wcjeg rqenc sktfj joztf rjdai oaeyh qtdze mcyde qsmkj dncuw hdpxs
54
zqjxb jhlus ymcfp zqjxb uklga
oaeyh mtcsd oaeyh
yvbse evsbm pgqva yvbse lpudv
armnk tkwle armnk bkfuc
mhekz syoxv gufvs mhekz
ekgsc rlumh tmwdy mlibf nqtru
wcjeg gdovn wcjeg zntkr
oewcd cxdes oewcd osvgp
rqenc tndwl
qpbmc kzwah qpbmc wkbuf kjihy
glrpy dbjxw yqtob
hdpxs cihba wnelr osxbc
mcyde frhgc
yazqf yazqf
qsmkj vcwfj qsmkj
cqsby cqsby
mujil pihld mujil
rjdai qhibx rjdai
ndszt drojn vobqh
hgzbc wajol qbdwz
lmwpk lmwpk
uiogl uiogl ktzce
mhuad mhuad
jmahd ahnds
oxitr oxitr
rjuxc rjuxc qckjp
xlrzc xlrzc
crlfe hwmzn sxdiu
tfcam wdquv xnpwq
ebwcp bdevm ebwcp
wotiq wotiq
ypdnb ypdnb
tjake tjake
rdoqk stflc syoxf
laqzs btwzv
yqfdk yqfdk
egclu iyuas bwknx
vgwoi vgwoi
xcvow xcvow
dwyai amfiz rchbw
dkjro dkjro ohzfn
mcwry gdnim
yxjgq aedvq
joztf joztf kscoz jcwpu cxajk evtgj
ehqyk ehqyk
qhvsb qhvsb
rzvtg ayrgb oxuqn rzvtg
maqho maqho
qtdze utdhx
lnjxt lnjxt
gstwp gstwp pytwh
bsvth bsvth htkwy
zcjqx zcjqx
fjdqi fjdqi
