Hayward Shreveport Orem Bethlehem Boston ElMonte McAllen ElMonte Torrance Newburgh Kaneohe Downey Burlington HavredeGrace Bryan Birmingham Bryan Hampton Salem Downey Olympia PortSaintLucie ThousandOaks Huntsville Norwalk SouthLyon NewBedford Orem Nashua Tyler Arvada Wilmington Vancouver Boston SterlingHeights Elkhart Seaside CapeCoral PalmBay Minneapolis Frederick Minneapolis SanAntonio ElPaso Burlington Utica Tucson Deltona York Reno Ogden CathedralCity StPaul Savannah Lacey Plano Fullerton Youngstown Fullerton Duluth Spartanburg LakeCharles Boulder Hemet PuntaGorda BatonRouge Milwaukee Lubbock Melbourne Torrance Brighton Oxnard Albuquerque Hialeah Marina Kissimmee Victorville Scottsdale Victorville GreenBay Laredo Roseville Fullerton Paterson Norwich SanBuenaventura Hemet Mobile Tacoma Merced Tacoma Kalamazoo NewYork Bryan Lubbock Melbourne Torrance Melbourne Lubbock Charlotte Champaign Omaha Champaign SterlingHeights Springfield Harlingen Columbia SaintPaul GrandRapids Vancouver Henderson Anchorage Fresno JohnsonCity SanAntonio ElPaso Victorville Waterbury Fitchburg Oxnard SanBuenaventura NewportNews SimiValley Topeka KansasCity VeroBeach PembrokePines Layton Carrollton Visalia Columbus Anaheim Worcester Modesto Worcester Anaheim Columbus SantaClara Aberdeen SantaClara VeroBeach KansasCity CorpusChristi StPaul Milwaukee Lubbock Melbourne Torrance RichmondCounty Seaside CapeCoral Mesquite Escondido Monroe Roseville Fullerton Duluth Detroit BoiseCity Harrisburg Sarasota LasVegas Stamford Marysville Boise Marysville Stamford VeroBeach SantaAna Cincinnati Independence Escondido Sacramento StLouis Sacramento Brighton Hayward
76
PuntaGorda PuntaGorda Hemet
Tyler Tyler Arvada
Cincinnati Cincinnati
Olympia Olympia ThousandOaks
SanBuenaventura SanBuenaventura Norwich
PalmBay PalmBay
Tucson Tucson
Utica Utica
VeroBeach Pueblo Layton Marysville Bakersfield Louisville Greenville SantaClara Racine OverlandPark Stamford Anchorage LasVegas
Albuquerque Albuquerque Hialeah
Laredo Laredo
NewportNews NewportNews
Youngstown Hagerstown Barnstable
JohnsonCity JohnsonCity
BatonRouge Eugene
Nashua Nashua
Escondido RoundLakeBeach Monroe
Harlingen Harlingen
Newburgh Newburgh
HavredeGrace HavredeGrace
Charlotte Charlotte
Omaha Omaha
Topeka Topeka
CapeCoral CapeCoral Bloomington
Deltona Deltona
Marina Marina
Salem Salem
Downey Downey
Birmingham Birmingham
Mesquite Mesquite
Fullerton Fullerton Flint
McAllen McAllen
Lubbock Lubbock
CorpusChristi CorpusChristi
Bethlehem Bethlehem
Hayward Hartford NorthLasVegas
StLouis StLouis
GrandRapids SaintPaul GrandRapids
Frederick Frederick
Boise Boise
Oxnard Oxnard
Sarasota Scranton HuntingtonBeach
Fresno Fresno
Waterbury Waterbury
LakeCharles LakeCharles
RichmondCounty RichmondCounty
Duluth Duluth
Modesto Modesto
Henderson NewYorkCity Henderson
Huntsville Huntsville
Lacey Lacey
Burlington Burlington
Columbus Columbus
Savannah Savannah
Vancouver Vancouver
Merced Detroit
CathedralCity CathedralCity
GreenBay GreenBay
ElPaso ElPaso
Kissimmee Kissimmee
Hampton Newark
Torrance Torrance
Plano Plano
Kalamazoo Kalamazoo
NewBedford NewBedford
Carrollton SiouxFalls
Elkhart Elkhart
SterlingHeights Champaign
Anaheim Anaheim
York York
Spartanburg Spartanburg
Scottsdale Scottsdale
Aberdeen Aberdeen
Mobile Mobile
Melbourne Melbourne
Ogden Ogden
