A TA202N TA211 TA10 TA212N TA1 TA2N TA712NN TA32N TA812NN TA72N TA1112NN TA6 TA1612NN TA12NN TA2212NN TA2412NN TA1012NN TA182N TA312NN TA222N TA41 TA192N TA1912NN TA191 TA2012NN TA162N TA22N TA4 TA512NN TA142N TA172N TA20 TA612NN TA21 TA221 TA22 TA7 TA16 TA122N TA13 TA51 TA8 TA181 TA9 TA91 TA1512NN TA23 TA18 TA12 TA152N TB21 TA12N TA1712NN TA101 TA17 TA2 TA232N TA19 TA242N TA5 TA141 TA42N TA3 TA52N TA112NN TA231 TA1812NN TA1312NN TB1 TA31 TA82N TA912NN TA241 TA2112NN TA71 TA131 TA11 TA112N TA161 TA132N TA111 TB11 TA412NN TA201 TA62N TA171 TA151 TA15 TA2312NN TA92N TA212NN TA1412NN TA14 TA1212NN TA81 TA121 TA24 TA61 TA102N TA A
100
TA TA
TA1 TA1
TA2 TA2
TA3 TA3
TA4 TA4
TA5 TA5
TA6 TA6
TA7 TA7
TA8 TA8
TA9 TA9
TA10 TA10
TA11 TA11
TA12 TA12
TA13 TA13
TA14 TA14
TA15 TA15
TA16 TA16
TA17 TA17
TA18 TA18
TA19 TA19
TA20 TA20
TA21 TA21
TA22 TA22
TA23 TA23
TA24 TA24
TB1 TB1
TB11 TB11
TB21 TB21
TA31 TA31
TA41 TA41
TA51 TA51
TA61 TA61
TA71 TA71
TA81 TA81
TA91 TA91
TA101 TA101
TA111 TA111
TA121 TA121
TA131 TA131
TA141 TA141
TA151 TA151
TA161 TA161
TA171 TA171
TA181 TA181
TA191 TA191
TA201 TA201
TA211 TA211
TA221 TA221
TA231 TA231
TA241 TA241
TA2N TA2N
TA12N TA12N
TA22N TA22N
TA32N TA32N
TA42N TA42N
TA52N TA52N
TA62N TA62N
TA72N TA72N
TA82N TA82N
TA92N TA92N
TA102N TA102N
TA112N TA112N
TA122N TA122N
TA132N TA132N
TA142N TA142N
TA152N TA152N
TA162N TA162N
TA172N TA172N
TA182N TA182N
TA192N TA192N
TA202N TA202N
TA212N TA212N
TA222N TA222N
TA232N TA232N
TA242N TA242N
TA12NN TA12NN
TA112NN TA112NN
TA212NN TA212NN
TA312NN TA312NN
TA412NN TA412NN
TA512NN TA512NN
TA612NN TA612NN
TA712NN TA712NN
TA812NN TA812NN
TA912NN TA912NN
TA1012NN TA1012NN
TA1112NN TA1112NN
TA1212NN TA1212NN
TA1312NN TA1312NN
TA1412NN TA1412NN
TA1512NN TA1512NN
TA1612NN TA1612NN
TA1712NN TA1712NN
TA1812NN TA1812NN
TA1912NN TA1912NN
TA2012NN TA2012NN
TA2112NN TA2112NN
TA2212NN TA2212NN
TA2312NN TA2312NN
TA2412NN TA2412NN
