Soda Northern Kiribati Finland Cambodia Fiji Germany Iraq Germany Niger United Albania Barbados Burundi Republic Algeria Norfolk Nigeria Lao Macedonia Sao Jamaica Brazil British Korea Kyrgyzstan Netherlands Montenegro Pakistan Azerbaijan Antigua Republic Liberia Aruba Mexico El Japan Bosnia Burkina Malawi Mayotte Ireland Republic Croatia Sint Egypt Congo Luxembourg Argentina Belize Saint Mayotte Singapore Lebanon New Moldova Latvia Hong Palau Pitcairn Macao Lesotho Indonesia Bahamas Soda
50
United United
Cambodia Cambodia
Aruba Aruba
Saint Saint
Argentina Argentina
Sint Sint
Japan Japan
Norfolk Rwanda
Jamaica Jamaica
Albania Albania
Antigua Antigua
Sao Sao
Macao Macao
New New
Malawi Malawi
Korea Korea
Indonesia Indonesia
Finland Finland
Burkina Burkina
Niger Niger
Hong Hong
Pitcairn Pitcairn
Luxembourg Luxembourg
Bahamas Bahamas
Ireland Ireland
Pakistan Pakistan
Palau Palau
Nigeria Nigeria
Northern Northern
Algeria Algeria
Kiribati Kiribati
Belize Belize
Moldova Moldova
Croatia Croatia
Lebanon Lebanon
Burundi Burundi
Fiji Fiji
Liberia Liberia
Netherlands Netherlands
Republic Republic
Lao Lao
Kyrgyzstan Kyrgyzstan
Mayotte Mayotte
Iraq Iraq
British British
Latvia Latvia
Mexico Mexico
Egypt Egypt
Singapore Singapore
Congo Congo
