0 79 0 1 12 26 120 121 122 123 124 125 126 127 126 125 124 123 122 121 120 26 12 1 0 80 119 118 117 116 115 114 113 112 111 110 109 108 107 106 105 104 103 102 101 100 99 98 97 96 95 94 93 92 91 90 89 88 87 86 85 84 83 82 81 80 0 7 25 7 0 1 19 1 18 1 0 8 4 16 24 16 4 15 4 8 0 1 19 3 13 17 13 3 19 1 12 1 0 8 11 8 4 10 4 8 0 7 0 8 4 10 6 10 4 8 0 7 2 5 2 7 0 8 4 8 0 1 19 3 19 1 0 7 2 7 0 1 18 62 18 1 0
42
0 33 66 71 44 14 52 60 29 30
1 1 45 21 58 28
2 2 67 70 72 42 77 55 23 56
3 35 3 68 9 41 48 49 54 27
4 43 4 69 38
5 5 37 39 78 50
6 34 6 73 20 53 31
7 7
8 65 8 75 51 57
10 40 10 36 74
11 64 11 76 46 22
12 12 63
17 32 17 13
15 15 47
24 16 24 61
18 18
19 19
25 25 59
26 26
62 62
79 79
80 80
82 82
84 84
86 86
88 88
90 90
92 92
94 94
96 96
98 98
100 100
102 102
104 104
106 106
108 108
110 110
112 112
114 114
116 116
118 118
127 129
