Building65 Building66 Building83 Building30 Building20 Building27 Building23 Building22 Building24 Building22 Building53 Building51 Building53 Building22 Building23 Building27 Building20 Building18 Building24 Building19 Building24 Building28 Building25 Building12 Building14 Building13 Building21 Building13 Building14 Building12 Building88 Building90 Building88 Building12 Building14 Building29 Building95 Building94 Building70 Building76 Building70 Building77 Building70 Building67 Building35 Building41 Building44 Building7 Building59 Building62 Building63 Building60 Building33 Building44 Building41 Building35 Building38 Building34 Building99 Building66 Building65
21
Building7 Building8 Building1 Building3 Building4
Building14 Building10 Building15
Building21 Building16 Building11 Building13
Building24 Building24
Building19 Building32
Building20 Building20 Building30
Building22 Building22
Building25 Building25 Building31
Building27 Building27
Building44 Building33 Building36 Building41 Building44 Building46
Building38 Building45 Building42 Building35 Building37
Building51 Building51 Building54 Building55
Building63 Building57 Building58 Building59 Building61
Building65 Building64
Building67 Building80
Building76 Building76
Building77 Building71 Building73 Building79 Building81 Building82
Building83 Building83
Building90 Building88 Building91 Building84
Building94 Building96 Building97 Building92 Building94
Building99 Building99
