140 151 29 168 69 149 95 158 160 4 103 162 172 115 184 85 163 117 49 195 159 92 154 23 125 76 72 13 102 82 89 139 19 11 19 21 116 123 28 108 135 52 146 190 93 183 61 177 61 186 148 77 152 169 53 115 130 56 150 8 166 12 196 1 107 131 154 6 180 22 178 125 179 7 101 41 176 55 83 55 185 128 149 103 162 47 182 104 25 144 24 144 25 81 181 194 62 137 61 34 134 42 134 167 62 118 10 196 12 166 31 199 133 114 133 185 120 35 120 34 5 34 61 137 197 97 174 44 50 107 16 124 18 124 47 40 100 61 177 89 139 33 190 93 39 198 151 147 73 147 151 29 168 69 27 41 180 57 83 55 2 148 134 34 61 9 61 177 14 26 122 51 122 56 36 61 34 134 175 84 153 140
79
160 160 158
1 196
162 4 103
5 5 45
6 6
7 7
8 8 150
9 9
10 10
11 11 79
12 193 12
13 13
14 14
77 77
107 50
18 96 18
19 19
21 21
22 112 22
23 65
24 151
25 25 132
27 27
28 123 108
29 29
31 166
177 32 177
34 59 61 134
35 35
36 36
39 39
40 40 80
41 41 101
42 42
44 44
47 47
49 49
51 51
146 94 146 190
53 53
55 55
56 56
57 57
62 62
69 168
73 73
76 76
81 127
82 82
83 83 142
84 84
85 85
89 89
159 159
93 93 173
95 95
97 97
102 102
104 104
114 114
115 115
117 117
125 125
149 128 179
130 130
185 185 133
135 135
137 197
139 139
186 186
152 170
153 153
154 154
167 167
169 169
175 175
176 176
178 178
182 182
