KMZ GMG QUS WDE HTV NYW MQG FYE WVO BUN EKW XNH KBZ DGD GEV LCB WZI HGZ VZI ZES RDP NDM KAL AFO COR CDW HPL EVY BTR HTU VIF WXC BMH CSI ENU XNM DZY GJK MMI KVT BWL MWC YWR PSZ NLD FZZ URI WYK RWN IKT XFP KNQ FBZ WPB WDN XYT QOE LRF OBR IYC KDH NSY UAO ACK EXX VTA GAZ YFA PWL GVH YET OUR VSQ XWZ EFO SZK CEA HSN KDF YEC GJW PSZ HDY MBM DEW JTH TFL XXL KQK PKG IEN BVP RHL HON MWN VNH ZUA YGM ZCR XPB YQU KDO KMZ
100
OUR OUR
PSZ PSZ
BMH BMH
DEW DEW
NYW NYW
MWN MWN
RHL RHL
GAZ GAZ
MMI MMI
KDH KDH
KDF KDF
WDN WDN
EKW EKW
VSQ VSQ
CDW CDW
VZI VZI
GJW GJW
KBZ KBZ
XNM XNM
WXC WXC
HPL HPL
YEC YEC
ENU ENU
RWN RWN
YWR YWR
HDY HDY
WPB WPB
MQG MQG
EFO EFO
GVH GVH
YGM YGM
XNH XNH
PKG PKG
XWZ XWZ
VNH VNH
EVY EVY
MWC MWC
NDM NDM
VTA VTA
AFO AFO
HSN HSN
JTH JTH
QUS QUS
FBZ FBZ
KNQ KNQ
QOE QOE
HGZ HGZ
XFP XFP
XPB XPB
BVP BVP
GJK GJK
HTU HTU
HTV HTV
IKT IKT
XXL XXL
ZES ZES
BUN BUN
PWL PWL
UAO UAO
LCB LCB
KQK KQK
KDO KDO
BWL BWL
VIF VIF
COR COR
WYK WYK
OBR OBR
WZI WZI
FZZ FZZ
KAL KAL
ZUA ZUA
URI URI
IYC IYC
GEV GEV
CEA CEA
MBM MBM
NLD NLD
YFA YFA
DGD DGD
CSI CSI
RDP RDP
WVO WVO
DZY DZY
YET YET
KVT KVT
TFL TFL
SZK SZK
ZCR ZCR
IEN IEN
BTR BTR
EXX EXX
LRF LRF
WDE WDE
YQU YQU
ACK ACK
GMG GMG
NSY NSY
FYE FYE
HON HON
XYT XYT
