144 19 59 183 1 76 147 157 147 167 70 9 134 52 24 85 173 85 108 168 89 165 66 3 132 112 44 110 23 8 95 92 22 78 21 126 50 172 90 83 117 171 163 64 162 7 119 141 39 11 144
41
1 142
3 122 3
78 21 78
162 128 93 7
8 8 75 152 79
9 120 49 127
11 11 28 158 47
22 16 13 62
172 14
141 18 141
19 19
23 188
24 24
173 106
163 53
39 39
70 70 159
134 42 87
108 43 108
44 44
119 51 187 119
144 133
59 183
64 64
66 66
168 170 67
95 99 95
132 88 132
167 74 124
76 131 76
83 83 174
85 104 130 156
90 169 90 107
92 92
110 110
112 112 114
117 136
126 126
147 147
157 157
165 165
