0 56 138 142 87 7 34 141 79 140 178 68 136 23 104 161 126 21 187 59 120 110 105 16 103 100 99 94 189 28 146 85 76 72 67 66 62 34 52 44 39 126 35 171 10 34 29 55 31 38 12 78 1 164 82 11 143 49 162 14 26 189 45 32 115 127 121 127 186 24 5 194 149 183 91 152 73 22 42 1 47 195 50 193 108 150 131 46 179 139 101 97 133 71 146 63 163 117 155 30 64 192 23 93 32 177 175 132 172 168 118 170 77 13 130 97 2 27 51 0
98
1 1
2 2
5 5
10 10
11 11
12 12
13 13
14 14
21 21
22 22
23 23
24 24
26 26
27 27
28 28
29 29
30 30
31 31
34 34
35 35
38 38
39 39
42 42
44 44
45 45
46 46
47 47
49 49
50 50
51 51
52 52
56 56
59 59
62 62
63 63
64 64
66 66
67 67
68 68
71 71
72 72
73 73
76 76
77 77
78 78
79 79
82 82
85 85
87 87
91 91
93 93
94 94
97 97
99 99
100 100
101 101
103 103
104 104
105 105
108 108
110 110
115 115
120 120
121 121
126 126
127 127
130 130
131 131
132 132
133 133
136 136
139 139
140 140
141 141
142 142
143 143
146 146
149 149
150 150
152 152
155 155
162 162
163 163
164 164
168 168
170 170
172 172
175 175
177 177
178 178
179 179
183 183
186 186
189 189
192 192
193 193
194 194
195 195
