AlbertFredHaines LillianJuanAncona JeremyJamesChavez CynthiaConnieWright DeniseBrunoWilliam CherylMaryMorgan JimmyFlorTasson GaryCharlesHudson DorisJeffreyBinger EricTammyScott MaryJamesDavila JackieSharonScherrer FerdinandLukeJackson RolandGregoryWatson JohnBrendaFuller MarthaJackRobinson BradleyDeborahSaball ManuelaJoseBailey IsaacGregGargano GlennaMichaelBorden KevinThomasHiggins CassandraJaniceGlove ElmerDemetriusLark DenaJewellDavis ThomasEssieEwing ClaudeBobbyBaker MarciaWalterKirschma TommyAmandaMartin MichaelElizabethWeav StevenNeilNguyen JudyPearlineKaminski JudeJanetHarcourt WadeSonnyMcbride KathleenSherryDay AnnDeannaLarzazs EdwardDennisStewart RosaPatrickYankey BrettDominickSonnier JoannCharlieWilkinso DianeElisePickett RobinStephenWebster MarkAngelaMccloud SandraHarryStewart MistyRobertKing LynnKennethChavez KathleenJoseClark CraigJohnLard MarkDianeDuchon JessicaChristopherHa RonaldEdnaArant JannaDavidCarranza PerryJamesBennett LawrenceBarryHadden JamesJordanZamora EricTinaPerea ZacharyWarrenKarth JosephAmandaMullen JoStephenMay JohnRichardSmith RickyJamesBrumfield TravisMichelleMeller BernicePennyRiddick HeidiMayJohnson MichaelMarkHolloway EricJamesJuckett PeterJosephBarbee DebraJaneFitzgerald StephenWilliamCoffma GeorgeWilliamJackson StormyOllieYork DeeAmandaBartley HowardKennethCollins EdwardErnestSinger DwainJoeFeldman KellyJohnnaOles WilliamDavidGray GeorgeHenryVillar KevinCharlesEvans AlbertFredHaines
78
AlbertFredHaines AlbertFredHaines
WilliamDavidGray WilliamDavidGray
DeniseBrunoWilliam DeniseBrunoWilliam
GeorgeHenryVillar GeorgeHenryVillar
JoannCharlieWilkinso JoannCharlieWilkinso
DianeElisePickett DianeElisePickett
DwainJoeFeldman DwainJoeFeldman
RolandGregoryWatson RolandGregoryWatson
RobinStephenWebster RobinStephenWebster
FerdinandLukeJackson FerdinandLukeJackson
LillianJuanAncona LillianJuanAncona
EricTammyScott EricTammyScott
ManuelaJoseBailey ManuelaJoseBailey
WadeSonnyMcbride WadeSonnyMcbride
RonaldEdnaArant RonaldEdnaArant
BernicePennyRiddick BernicePennyRiddick
MarthaJackRobinson MarthaJackRobinson
GeorgeWilliamJackson GeorgeWilliamJackson
MarciaWalterKirschma MarciaWalterKirschma
JudyPearlineKaminski JudyPearlineKaminski
JohnRichardSmith JohnRichardSmith
StevenNeilNguyen StevenNeilNguyen
KathleenSherryDay KathleenSherryDay
DeeAmandaBartley DeeAmandaBartley
MaryJamesDavila MaryJamesDavila
ClaudeBobbyBaker ClaudeBobbyBaker
MichaelElizabethWeav MichaelElizabethWeav
KellyJohnnaOles KellyJohnnaOles
StephenWilliamCoffma StephenWilliamCoffma
JackieSharonScherrer JackieSharonScherrer
GlennaMichaelBorden GlennaMichaelBorden
CynthiaConnieWright CynthiaConnieWright
DorisJeffreyBinger DorisJeffreyBinger
MistyRobertKing MistyRobertKing
JosephAmandaMullen JosephAmandaMullen
JamesJordanZamora JamesJordanZamora
JohnBrendaFuller JohnBrendaFuller
JimmyFlorTasson JimmyFlorTasson
KathleenJoseClark KathleenJoseClark
CherylMaryMorgan CherylMaryMorgan
JessicaChristopherHa JessicaChristopherHa
PeterJosephBarbee PeterJosephBarbee
KevinThomasHiggins KevinThomasHiggins
StormyOllieYork StormyOllieYork
BrettDominickSonnier BrettDominickSonnier
EdwardErnestSinger EdwardErnestSinger
LawrenceBarryHadden LawrenceBarryHadden
ZacharyWarrenKarth ZacharyWarrenKarth
EricJamesJuckett EricJamesJuckett
ElmerDemetriusLark ElmerDemetriusLark
HowardKennethCollins HowardKennethCollins
RickyJamesBrumfield RickyJamesBrumfield
CassandraJaniceGlove CassandraJaniceGlove
JannaDavidCarranza JannaDavidCarranza
TommyAmandaMartin TommyAmandaMartin
DebraJaneFitzgerald DebraJaneFitzgerald
MarkAngelaMccloud MarkAngelaMccloud
LynnKennethChavez LynnKennethChavez
MichaelMarkHolloway MichaelMarkHolloway
BradleyDeborahSaball BradleyDeborahSaball
ThomasEssieEwing ThomasEssieEwing
PerryJamesBennett PerryJamesBennett
IsaacGregGargano IsaacGregGargano
GaryCharlesHudson GaryCharlesHudson
JudeJanetHarcourt JudeJanetHarcourt
JoStephenMay JoStephenMay
EdwardDennisStewart EdwardDennisStewart
KevinCharlesEvans KevinCharlesEvans
DenaJewellDavis DenaJewellDavis
HeidiMayJohnson HeidiMayJohnson
AnnDeannaLarzazs AnnDeannaLarzazs
MarkDianeDuchon MarkDianeDuchon
JeremyJamesChavez JeremyJamesChavez
CraigJohnLard CraigJohnLard
EricTinaPerea EricTinaPerea
RosaPatrickYankey RosaPatrickYankey
SandraHarryStewart SandraHarryStewart
TravisMichelleMeller TravisMichelleMeller
