qtq cnv zgf npu ayw jxq lbs pta pjx plx krg unk mnv unk udq unk rut qbj dkn qbj thz txk rod zye ooi nxr ynq pkx gud egz gak qjm gak lxt qof zqn fib wpo art ooc yiz ili unk qfc qbe pug lfh mmf hba rxi omf nfy czf nhr idl gfp xax bwq hhe zbn vsu wuf sfp blo llr hxo yvu ahy eku uxr qtq xmz qtq
45
pta pta
ahy xdz ahy jno thd
ynq ynq
hhe hhe
wpo viv jta htv tro tmd eqm mbx
jxq itg
hxo hxo ukh
xax xax
egz bai fgo gak cjp egz vub
mmf spp vaf qlo cpw ase qls
pkx vlt pkx nhk orc ptq hpb gup
qtq fsl wju qtq ifc
krg krg kza uoz
udq tmc rwt udq ahv pxs pwa
qbe qfc qbe
zgf wuc zgf npu
llr lah qnn xos uca
fib zqn nkx cxu
dkn dkn
blo sfp zgs uwp rju
ooi ooi
uxr uxr
bwq lnv
nfy tnl nfy iuz bsz
nhr wiq nhr slq hxp
idl idl
zbn zbn
qjm qjm
ooc brk ooc
rut rut
pjx pjx
mnv mnv
lxt lxt
rxi rxi
wuf wuf
ili ili yiz
txk txk
plx plx
ayw vsu
lfh lfh
thz thz
xmz wpq
cnv cnv
qbj qbj
rod rod
