FD BG GO GB BK GX CS GD EQ AV EM AV EQ GD AY AM DK EY BD AK FX AJ BM EE HH BO DP CU DI GP DC FP EL CI BX BC GQ FP BE CP GM ET GJ BQ FA FM CW DH AP FB FR GZ AJ DB DQ CE EK FO EG DA CB CN BA CN FL ER FJ EZ FY EZ FF HC FJ HK BF AZ BN AZ GA DM FG AC AU AG DE AG GK HH CM BT FD
58
AC CK FU BV
DK DK BZ AD FT
FD HD AF AW HB
AG AG
AJ AJ
AK AK
AM AM
FX EO HR
HK EX
EM HO FI GS AT EM AV ES
AU AU
CE FS DQ AX
AZ AZ
BA GN BA CC
BC BC DZ
FP GQ EJ FP EL BE
BF BF
BG BG
FB GR CT
BK BK
EK FO CO EK
BM BM
BN BN
BO BO
BQ BQ
BT CG BT
BX CL
FG DU CA DM
CB CB
FL DA EN FV ER DN CF
CI CI
CP EW
CS CS
CU CU
CW GF CW
DB DB
DC DC
DE DE
GP DF GP
FM GC HF HP FM
DH DH
DI DI
DP DP
FY EZ FY FN
EE EE
EG EG
ET ET
EY EY
FF HC
FJ FJ
FR FR
GA GA
GD GD
GK GK
GO GO
GX GX
GZ GZ
HH HH
