0 156 162 47 129 31 86 133 115 123 59 106 104 14 166 108 37 8 135 101 196 18 192 194 100 112 111 164 12 26 167 120 139 66 116 39 79 9 4 9 130 48 141 108 160 195 22 124 70 2 119 138 40 159 43 87 67 172 88 180 63 150 93 135 8 71 140 131 84 38 145 80 62 69 167 150 63 150 193 27 193 39 56 39 193 176 17 50 182 165 42 145 38 145 26 76 33 67 169 24 151 89 47 129 137 17 96 124 15 83 163 154 11 128 28 187 98 96 17 184 122 173 175 96 17 193 21 152 155 107 158 107 155 49 35 3 35 157 35 133 30 197 13 102 30 199 52 174 119 125 175 156 162 153 162 66 0
82
0 0 23
163 1 146
2 2
3 3 35
4 4
17 5 137 17 114 94
8 8
9 9 103
184 160 72 78 184
11 11
13 13
14 14
15 16 15
18 18
108 20
21 21
22 74 22
24 24
26 26
27 27
128 128 81 28
31 31
33 33
38 38
39 39
42 42
87 43 190
47 47
49 65
50 50
176 51
52 52
56 56
59 59
63 183
66 66
67 67
101 68 101
69 69
70 70
71 71
80 80
83 83
84 84
86 86
89 89
93 93
96 96
98 98
100 100
102 102
106 177
107 107
172 172 134
111 111
135 182
115 115
116 116
175 143
120 120
125 125
129 129
130 130
133 133
138 138
141 141
151 151
152 152
153 153
154 154
157 157
158 158
159 159
164 164
166 166
167 167
173 173
174 174
187 187
193 193
197 197
199 199
