6a5e7697411b4a5f9bee 9413e484b07844a0b2a5 68b5e6aea12140d2bb26 9413e484b07844a0b2a5 6e67d80aec8b4fc0a0f4 53c9cb5cf7384868ac19 e73af41069ed4943a52c c83df3fc7ad7453da3a8 f4f0866d5e97488aa802 87ecc0a3a59f407c9b3d ce1d086b5aed41b68467 3a597d1b28fa4ca6bfb6 a72944b166b948ed8afb 79e28a889fa348f89be3 6e595bd5dd23413fa0e3 f451d0f96c4e44e5a7a2 ced33625aef44e049e40 0b24d415cd09478386e1 33067b0a316045d2baa2 95119be28c194159a1ee aa3f52c94cbd4a128bbb d367dd06d7554c00a50c a5e69939e9704f81a60e c1b06ccaa4874b00a961 d8c441caf295405aaf52 c1b06ccaa4874b00a961 950cb52e3a1446d9af98 4d6e33ce0fc84c6ea69d 950cb52e3a1446d9af98 4fd54063e8fe4e6591e3 61c73826793d47839b64 1733e0b32fcb468e9db5 1cf20cc5d55a441b8446 ce0b9987a99a4073beab ccd6cde772ea4eb0939d ab30581bda5a4746a1ab b0d847fc7911439a9eb5 bb70a9f783b44f29aa76 357df26b1d784692ab06 6ea877c3766c4669a150 0584f8431be341e5ab2e 113cbb314b8c423e99ac c0dbf396a3c644f697c5 c576aa1a65a847f98480 4da00804134d4fc9a85c cfd801acdfd6452696dd 4da00804134d4fc9a85c c576aa1a65a847f98480 0584f8431be341e5ab2e 4e25f87635bb4843b59f a3cee042a7d34328890f 268fc1cec41445e9ae4c eb69bfc02d474eb3a982 8b66dcad1ad547c08800 9456190223044624836d 728908ec3cef4db29934 7d82ff1b75504dd99230 94e0719061a446db8f0d e0cb3963860e4d049310 94e0719061a446db8f0d 12424155e29a4ad09224 5042f23712404074ac94 12424155e29a4ad09224 9741235209b2449ea7c2 d6ab5b68891846dd9789 046ea34f2b9e444f969d d8981e847a1946839e08 a1480b86aa6b4e8ab46b aa3f52c94cbd4a128bbb 00ab75eeae43479b93a1 ac82fe0455c04a6fbc21 d8981e847a1946839e08 0b24d415cd09478386e1 bc0a76f3195549949d49 1568eda0d7f14645b507 4aadb3216b4343adbebd 67c1f44676a24551afe9 c591205a12fb44b1a58e f911fa4d522a4357aa0b c591205a12fb44b1a58e 53a42035b7034adda5bf 2ce2b2e6256542928a0d dcee8e551d34480d82e2 2ce2b2e6256542928a0d 008aafd1b0ec4150aacc a517a99fa3bb48a69b2a bbb11a04c8a343348a26 6c5164d75c654b6e9e3b cc5f406e2dcd46bebe75 36411ecb5b7b4ec3a8e2 3f86be020a0e43e4b1ff 03b01369da244ae890f3 3f86be020a0e43e4b1ff a11604bab4bc49008828 ab6a4a3d324a4e118998 a11604bab4bc49008828 e0d6bb0c69d74ec5a7c2 ebbbcdcdb3554877aeb0 5a90ec8096c2423fb598 365700b51db445e3a31a 709a665a9f9b412ea230 863d51b71d174e18a8b2 2cc84eddeb0f411a85bd 6a5e7697411b4a5f9bee
47
03b01369da244ae890f3 3f86be020a0e43e4b1ff
68b5e6aea12140d2bb26 68b5e6aea12140d2bb26
ebbbcdcdb3554877aeb0 ebbbcdcdb3554877aeb0
33067b0a316045d2baa2 95119be28c194159a1ee
ab6a4a3d324a4e118998 ab6a4a3d324a4e118998
d8981e847a1946839e08 d8981e847a1946839e08
728908ec3cef4db29934 728908ec3cef4db29934
bb70a9f783b44f29aa76 7a06c0a05152448791da 5c8da1e70e304c18a2e4
4fd54063e8fe4e6591e3 4fd54063e8fe4e6591e3
c1b06ccaa4874b00a961 c1b06ccaa4874b00a961
ced33625aef44e049e40 ced33625aef44e049e40
4d6e33ce0fc84c6ea69d 950cb52e3a1446d9af98 e9189c39d6f9459fb82b 365700b51db445e3a31a
a72944b166b948ed8afb a72944b166b948ed8afb
2ce2b2e6256542928a0d 9a007b07478f49ea8ad1
6e595bd5dd23413fa0e3 f451d0f96c4e44e5a7a2
5042f23712404074ac94 5042f23712404074ac94
cfd801acdfd6452696dd 4da00804134d4fc9a85c
9456190223044624836d e3697cd0e4bb4631b60b
f911fa4d522a4357aa0b f911fa4d522a4357aa0b
f4f0866d5e97488aa802 f4f0866d5e97488aa802
268fc1cec41445e9ae4c 268fc1cec41445e9ae4c
00ab75eeae43479b93a1 00ab75eeae43479b93a1
6e67d80aec8b4fc0a0f4 6e67d80aec8b4fc0a0f4
1733e0b32fcb468e9db5 1733e0b32fcb468e9db5
5a90ec8096c2423fb598 5a90ec8096c2423fb598
bbb11a04c8a343348a26 bbb11a04c8a343348a26
046ea34f2b9e444f969d 3b86319574304aac82c1
e0cb3963860e4d049310 e0cb3963860e4d049310
4e25f87635bb4843b59f 4e25f87635bb4843b59f
6ea877c3766c4669a150 6ea877c3766c4669a150
cc5f406e2dcd46bebe75 cc5f406e2dcd46bebe75
dcee8e551d34480d82e2 dcee8e551d34480d82e2
113cbb314b8c423e99ac 113cbb314b8c423e99ac
a1480b86aa6b4e8ab46b a1480b86aa6b4e8ab46b
12424155e29a4ad09224 12424155e29a4ad09224
e73af41069ed4943a52c e73af41069ed4943a52c
0b24d415cd09478386e1 bc0a76f3195549949d49
87ecc0a3a59f407c9b3d 87ecc0a3a59f407c9b3d
d8c441caf295405aaf52 d8c441caf295405aaf52
ce0b9987a99a4073beab ce0b9987a99a4073beab
a5e69939e9704f81a60e a5e69939e9704f81a60e
863d51b71d174e18a8b2 863d51b71d174e18a8b2
ac82fe0455c04a6fbc21 ac82fe0455c04a6fbc21
e0d6bb0c69d74ec5a7c2 e0d6bb0c69d74ec5a7c2
008aafd1b0ec4150aacc 008aafd1b0ec4150aacc
6c5164d75c654b6e9e3b 6c5164d75c654b6e9e3b
4aadb3216b4343adbebd 4aadb3216b4343adbebd
