6 5 6 4 1 4 6 195 194 195 193 195 188 187 188 186 188 181 180 177 180 181 179 181 174 172 174 167 166 167 165 167 160 159 160 158 160 153 152 153 151 153 146 144 146 145 146 139 138 139 137 139 132 131 132 130 132 125 124 125 123 125 118 117 118 116 118 111 109 106 109 111 110 111 104 103 101 103 104 97 95 97 90 89 90 88 90 83 81 83 76 75 76 69 68 69 67 69 62 55 48 41 34 33 34 27 25 27 20 19 20 18 20 13 12 13 11 13 6
51
1 1
5 2
6 6
11 11
12 10 12
18 18
19 17 19
27 32 27
25 25 22
33 30 31
41 41 38 39
48 43 44 47
55 50 51 53
62 61 60 69 62
67 64
68 65
76 80 74 83 76
75 75
81 77
88 88
89 87
90 90
95 91
104 96 100 94 103
101 101
110 105 110
106 106
116 112 116
117 115
123 120
124 122 124
130 126
131 128 129
137 133 134
138 136
145 145 142
144 140
151 148
152 149 150
158 154 155
159 160
165 161 165
166 166
174 181 174
172 169 172
179 179
177 177
186 186 182
187 184
193 189 190
194 194
