Greenhouse ClassGate Greenhouse unit3 Greenhouse Cafe3 Greenhouse HertzHall Greenhouse GianniniHall Greenhouse GeneticsPlantBldg Greenhouse GayleyRd Greenhouse FrankWay Greenhouse FoxCottage Greenhouse FoundersRock Greenhouse FacultyGlade Greenhouse FacultyClub Greenhouse EyeCenter Greenhouse EvansHall Greenhouse EvansDiamond Greenhouse EtcheverryHall Greenhouse EshlemanHall Greenhouse EnergyBuilding Greenhouse EdwardsStadium Greenhouse EastGate Greenhouse DwinelleHall Greenhouse DwinelleAnnex Greenhouse DurhamTheatre Greenhouse DurantHall Greenhouse DonnerLab Greenhouse DoeLibrary Greenhouse DavisHall Greenhouse CyclotronRd Greenhouse CoryHall Greenhouse CNMAT Greenhouse ClassFountain Greenhouse ClarkCampus Greenhouse ChouHall Greenhouse CheitHall Greenhouse ChavezCenter Greenhouse ChanAuditorium Greenhouse CareerCenter Greenhouse CampbellHall Greenhouse CalvinLaboratory Greenhouse CaliforniaStadium Greenhouse CaliforniaHall Greenhouse StarrLibrary Greenhouse ImagingCenter Greenhouse BotanGarden Greenhouse BoaltHall Greenhouse BlumHall Greenhouse BlackwellHall Greenhouse BirgeHall Greenhouse BerkeleyWest Greenhouse BerkeleyMuseum Greenhouse
50
BerkeleyMuseum BerkeleyMuseum
BerkeleyWest BerkeleyWest
BirgeHall BirgeHall
BlackwellHall BlackwellHall
BlumHall BlumHall
BoaltHall BoaltHall
BotanGarden BotanGarden
ImagingCenter ImagingCenter
StarrLibrary StarrLibrary
CaliforniaHall CaliforniaHall
CaliforniaStadium CaliforniaStadium
CalvinLaboratory CalvinLaboratory
CampbellHall CampbellHall
CareerCenter CareerCenter
ChanAuditorium ChanAuditorium
ChavezCenter ChavezCenter
CheitHall CheitHall
ChouHall ChouHall
ClarkCampus ClarkCampus
ClassFountain ClassFountain
ClassGate ClassGate
CNMAT CNMAT
CoryHall CoryHall
CyclotronRd CyclotronRd
DavisHall DavisHall
DoeLibrary DoeLibrary
DonnerLab DonnerLab
DurantHall DurantHall
DurhamTheatre DurhamTheatre
DwinelleAnnex DwinelleAnnex
DwinelleHall DwinelleHall
EastGate EastGate
EdwardsStadium EdwardsStadium
EnergyBuilding EnergyBuilding
EshlemanHall EshlemanHall
EtcheverryHall EtcheverryHall
EvansDiamond EvansDiamond
EvansHall EvansHall
EyeCenter EyeCenter
FacultyClub FacultyClub
FacultyGlade FacultyGlade
FoundersRock FoundersRock
FoxCottage FoxCottage
FrankWay FrankWay
GayleyRd GayleyRd
GeneticsPlantBldg GeneticsPlantBldg
GianniniHall GianniniHall
HertzHall HertzHall
Cafe3 Cafe3
unit3 unit3
