Ilesa Bensheim Copperas Bobigny An Krymsk Puerto Belper PointeClaire Bensheim Zaozhuang Belper Landshut Memmingen Palm Sishui American Minas Gariadhar Bavly Oschatz Viewpark Oschatz Sillanwali Portogruaro Great Bensheim Kyzylorda Bensheim Aurora Liberia Paredes El Shaowu Perth Villaquilambre Perth Dahlem Minas Yingkou Oschatz Claremont Marburg Lille Bensheim Valletta Bensheim Clermont Perth New Minas Rutland Aistala GernikaLumo Aistala Bon Aistala Tharu Ventimiglia Barracas Aistala Ada Krymsk Jiangyan Brunswick Aistala Palafrugell Milledgeville Stupino Ventimiglia Niort Perth Resplendor Belper Mexborough Meizhou Milagro Alexandria Hermsdorf WaltonontheNaze Davis Toledo Foshan Tupelo Uran Aklera Bensheim Sishui Valday Aleshtar Hermsdorf Oberhausen Minas Magomeni Jashpurnagar Malden Stuttgart Jagna Rhosllanerchrugog Minas Talipparamba Tak Krymsk Tiruppuvanam MitryMory Lodwar Puducherry PortVila Polohy Alfenas Aistala DehiwalaMount Tupiza Minas Chacabuco Belper Skalica Calauan Sirsi Marburg Sorsogon Rafaela Azrou MitryMory Bogovinje Mouscron Perth Shagamu Calauan LonsleSaunier Valday Ilesa
89
Bensheim Bensheim Oulmes Campobasso Bang
Belper Guli
Perth Perth Brzeg
MitryMory MitryMory Ponta
Hermsdorf Hermsdorf
Calauan Calauan
Ventimiglia Ventimiglia
Valday Valday
Uran Uran
Malden Malden
Milledgeville Milledgeville
Jagna Jagna
Marburg Marburg
Polohy Polohy
Foshan Foshan
Puducherry Puducherry
Sishui Sishui
Memmingen Memmingen
Davis Davis
Alexandria Alexandria
Meizhou Meizhou
Rhosllanerchrugog Rhosllanerchrugog
Azrou Azrou
Lille Lille
Tiruppuvanam Tiruppuvanam Onex
Mexborough Mexborough
Puerto Puerto
Brunswick Brunswick
Jiangyan Jiangyan
LonsleSaunier LonsleSaunier
Claremont Claremont
GernikaLumo GernikaLumo
Dahlem Dahlem
Tharu Tharu UlanUde
New New
Milagro Milagro
Great Great Tyoply
Ada Ada
Resplendor Resplendor
Ilesa Ilesa
Alfenas Alfenas
Aleshtar Aleshtar
Bogovinje Bogovinje
Mouscron Mouscron
Tak Tak
Talipparamba Talipparamba
Barracas Barracas
Aurora Aurora
American American
Gariadhar Gariadhar
Bavly Bavly
Sirsi Sirsi
Valletta Sceaux Valletta Itacoatiara
Landshut Landshut
Bon Bon
WaltonontheNaze WaltonontheNaze
Yingkou Yingkou Ramla
Shaowu Shaowu
Chacabuco Chacabuco
Aklera Aklera
Rutland Rutland
Zaozhuang Zaozhuang
Stuttgart Stuttgart
Viewpark Viewpark
Sillanwali Sillanwali
Bobigny Bobigny
An An
Copperas Copperas
Lodwar Lodwar
Jashpurnagar Jashpurnagar
Kyzylorda Kyzylorda
Paredes Paredes
Magomeni Magomeni
Tupelo Tupelo
Sorsogon Sorsogon
Shagamu Shagamu
Toledo Toledo
Skalica Skalica
Oberhausen Oberhausen
Palm Palm
PointeClaire PointeClaire
Tupiza Tupiza
DehiwalaMount DehiwalaMount
Villaquilambre Villaquilambre
Niort Niort
Stupino Stupino
PortVila PortVila
Palafrugell Palafrugell
Clermont Clermont
