3a 23a 57a 91a 102a 4a 56a 70a 1a 48a 1a 71a 101a 58a 39a 35a 24a 88a 24a 35a 25a 78a 34a 13a 2a 16a 7a 16a 42a 20a 66a 68a 52a 103a 61a 89a 49a 80a 53a 51a 0a 63a 22a 41a 59a 95a 3a
22
0a 0a
1a 1a 43a 5a
16a 16a 42a
4a 73a 4a 47a
89a 96a 98a 6a 75a 79a 49a 92a 29a
7a 38a 7a
53a 80a 9a 51a 53a
13a 99a 31a
39a 35a 39a 44a 14a 25a 60a
88a 88a 21a 87a 15a
70a 62a
66a 34a 66a
22a 32a 41a 77a 22a
57a 64a 57a 28a 23a
101a 65a 30a
61a 37a 40a 72a 83a 84a 61a
48a 48a
52a 52a
56a 56a
58a 58a 67a
71a 71a
102a 93a
