l0 h25 h0 h92 h47 l12 h6 h29 h7 h29 l45 h16 h85 h61 h59 l42 l29 h55 h96 h10 h20 l84 l28 h21 h53 h52 l34 h31 h49 l20 l88 h40 l76 h13 l21 h12 h13 h99 l64 h59 l42 h81 h73 h38 h57 h93 h57 h94 l49 h39 h90 h39 h75 l37 l91 h58 h84 h77 h22 l66 h71 l22 h76 l22 h28 h80 l25 h44 l95 h51 h70 l45 l87 l31 h42 h88 h48 h49 l50 h11 h66 h72 l36 h74 h3 l0
51
l0 h0 h1 h2 h3 h83 h24 h89 h91
l88 h95 h36 h37 h8 h9 h40 h41 h87
h16 h85 h15 h16
l64 h60 h64 h65 h4 h5 h18 h19 h82 h86 h88
l66 h22 h23 h50 h51
l12 h46
l31 h62 h63 h97 h26 h27
l34 h30 h31 h32 h33 h34 h35 h68 h69 h98 h78 h79
l21 h43
l22 h45
h55 h54 h55 h67
l37 h75
l42 h81
l45 h14
h94 h94 h56 h57
h66 h72 h66
l76 h13
l84 h20
l87 h17
h6 h84 h6
h7 h29 h7
h10 h10
h11 h11
h12 h12
h21 h21
h25 h25
h28 h28
h38 h38
h39 h39
h42 h42
h44 h44
h47 h47
h48 h48
h49 h49
h52 h52
h53 h53
h58 h58
h59 h59
h61 h61
h70 h70
h71 h71
h73 h73
h74 h74
h76 h76
h77 h77
h80 h80
h90 h90
h92 h92
h93 h93
h96 h96
h99 h99
