point0 point70 point68 point21 point14 point18 point20 point15 point6 point15 point5 point4 point5 point11 point10 point11 point69 point63 point16 point29 point35 point30 point25 point30 point43 point39 point45 point86 point93 point92 point95 point87 point95 point88 point90 point120 point140 point134 point130 point125 point122 point83 point110 point112 point110 point111 point113 point163 point162 point144 point157 point127 point173 point176 point190 point132 point183 point189 point179 point137 point139 point180 point169 point109 point17 point69 point97 point101 point54 point0
36
point0 point49 point51 point52 point55 point56
point10 point1 point10 point11
point21 point3 point21
point4 point5
point6 point6
point15 point18 point13 point15
point16 point16
point17 point17
point25 point33 point34 point27 point29 point30 point31
point39 point38 point39 point40 point41 point42
point43 point43
point54 point54
point68 point72 point67
point83 point73 point75 point76 point78 point79 point83
point69 point69
point127 point123 point124 point126
point87 point89 point91 point85 point87
point86 point86
point88 point94
point97 point108 point100 point102 point103
point109 point109
point113 point113 point115 point110 point111
point112 point112
point125 point122 point119
point120 point120
point139 point131 point139 point135
point132 point138 point132
point134 point134
point144 point144 point148 point149 point151 point152 point153
point163 point160 point162 point163 point155 point158
point157 point157
point173 point177 point172
point179 point179
point180 point180
point183 point183
point190 point184 point185 point187
