gucdicwxmb epdwcjuvdr vugkhjygfe ahqdrcepub vugkhjygfe vkrlpmybdj zpjhxyylhb koawdpgqdx aokbiptbzc psiebvskfb zumetrybth psiebvskfb xtvbrolacp chjuuxuacs jedsthbmzo lkvobxyfca lbuiysostx tvuprbwofb siatqqydwf wtlzrefwav rnpokwoqgt iwdghbmiai rnpokwoqgt ouxenssqdu smwxdupkdv xawkqmfmmx zjbarjhmau gkcfktyute evdoyagqfp gkcfktyute tgbmxdmvwe kdujdjjwot oggftsricu yiwwdwbzth gwnccktgki seeyrseflx gwnccktgki ztplgyvqhm gwnccktgki wtyqwjwskq qzdrdcxoib vugkhjygfe epdwcjuvdr gucdicwxmb
21
vugkhjygfe vugkhjygfe
zumetrybth zumetrybth
wtyqwjwskq wtyqwjwskq
vkrlpmybdj vkrlpmybdj
psiebvskfb psiebvskfb
yiwwdwbzth yiwwdwbzth
koawdpgqdx koawdpgqdx
tvuprbwofb tvuprbwofb
rnpokwoqgt rnpokwoqgt
iwdghbmiai iwdghbmiai
zjbarjhmau zjbarjhmau
lkvobxyfca lkvobxyfca
xawkqmfmmx xawkqmfmmx
oggftsricu oggftsricu
epdwcjuvdr epdwcjuvdr
seeyrseflx seeyrseflx
zpjhxyylhb zpjhxyylhb
ahqdrcepub ahqdrcepub
gkcfktyute gkcfktyute
evdoyagqfp evdoyagqfp
ztplgyvqhm ztplgyvqhm
