BukitBatokEast LeonieHill Sembawang JooKoon Tyersall AirportRoad NeeSoon ChoaChuKang Bayshore Hillcrest RiverValley SwissClub TanjongPagar SembawangHills SimpangNorth GhimMoh Tengeh Frankel GaliBatuMandai LowerSeletar DowntownCore TiongBahruStation PearlsHill Redhill RobertsonQuay Sudong SungeiRoad Simei BukitBatokEast
23
Tengeh Frankel Safti Tengeh
Redhill Redhill
Sudong Sudong
DowntownCore DowntownCore
Sembawang Sembawang
SimpangNorth SimpangNorth
LeonieHill LeonieHill
LowerSeletar LowerSeletar
Simei Simei
ChoaChuKang ChoaChuKang
TanjongPagar TanjongPagar
Tyersall Tyersall
SembawangHills CityHall
JooKoon JooKoon
TiongBahruStation TiongBahruStation
PearlsHill PearlsHill
SwissClub SwissClub
NeeSoon NeeSoon
GaliBatuMandai GaliBatuMandai
RiverValley RiverValley
Hillcrest Hillcrest
GhimMoh GhimMoh
SungeiRoad SungeiRoad
