Hamsbourne Chipfield Hamperrehampton Prestbourne Botherstanport Wolvencester Botherstanport Prestbourne Sunderborough Ciley Sunderborough Rotmerby Chilringfield Suddlebaschester Rocklow Dribstoke Endbeck Dribstoke Enderton Leatherblesley Sodderrenshead Leatherblesley Camswich Cimansbrough Wendleslake Boothenrensborough Candlesdon Boothenrensborough Wendleslake Stafdenbourne Chipsted Stafdenbourne Enderton Camhampton Hartberbury Camhampton Shaftthorne Skelgrove Warrewick Skelgrove Sundlechester Hamsbourne
21
Enderton Enderton
Sundlechester Sundlechester
Hartberbury Hartberbury
Chipfield Chipfield Cammercastle
Hamperrehampton Hamperrehampton
Leatherblesley Leatherblesley
Endbeck Melshot
Candlesdon Candlesdon Boothenrensborough
Warrewick Warrewick
Sodderrenshead Sodderrenshead
Camhampton Camhampton
Shaftthorne Sudbage Shaftthorne
Camswich Camswich
Ciley Ciley Sunderborough
Rocklow Rocklow
Chipsted Chipsted
Chilringfield Chilringfield
Prestbourne Prestbourne
Cimansbrough Cimansbrough
Wolvencester Wolvencester
Rotmerby Rotmerby
