Kaimganj Fagaras Pilibhit Irvine Pilibhit Norristown Brecht Tsirang Korolev Fandriana Tocache MilpaAlta Anahuac Novopokrovskaya GobernadorGalvez Narangba Dankov MontecatiniTerme Isakogorka Yucheng Tsukawaki Karasuyama Albi Gobo Racine PinhalNovo Kansk EncarnaciondeDiaz Mesa Leixlip Kaimganj
25
Dankov Dankov
Karasuyama Karasuyama
Narangba Narangba
Irvine Irvine
Tsukawaki Tsukawaki
Fagaras Fagaras
Pilibhit Pilibhit
Racine Racine
PinhalNovo PinhalNovo
Brecht Brecht
Anahuac Anahuac
Yucheng Yucheng
Korolev Korolev
EncarnaciondeDiaz EncarnaciondeDiaz
Novopokrovskaya Novopokrovskaya
Albi Albi
Tsirang Tsirang
Fandriana Fandriana
Isakogorka Isakogorka
GobernadorGalvez GobernadorGalvez
Gobo Gobo
Tocache Tocache
Leixlip Leixlip
MilpaAlta MilpaAlta
MontecatiniTerme MontecatiniTerme
