Brightmere Bluedell Esterfall Butterbush Westmill Greenshore Snowshore Greyice Ironriver Newley Freyview Fairsage Dellwyn Lochmage Erilyn Goldwyvern Corbank Stoneglass Esterash Morwall Eriwall Morwald Woodice Lightmere Shoreburn Buttermead Foxhaven Newby Marbleiron Violetley Wolflea Bushgate Rosemill Courtwall Oldmoor Wellmage Irondeer Oakmere Southwheat Wildemarsh Clearnesse Stonefair Westerlight Ironshore Westvale Clearland Valhaven Foxvale Eastcastle Courtcastle Brightmere
50
Marbleiron Marbleiron
Courtcastle Courtcastle
Ironriver Ironriver
Courtwall Courtwall
Morwald Morwald
Clearnesse Clearnesse
Valhaven Valhaven
Buttermead Buttermead
Violetley Violetley
Westvale Westvale
Woodice Woodice
Esterfall Esterfall
Eriwall Eriwall
Goldwyvern Goldwyvern
Newby Newby
Foxvale Foxvale
Morwall Morwall
Oakmere Oakmere
Foxhaven Foxhaven
Freyview Freyview
Ironshore Ironshore
Oldmoor Oldmoor
Dellwyn Dellwyn
Butterbush Butterbush
Corbank Corbank
Esterash Esterash
Stonefair Stonefair
Westerlight Westerlight
Clearland Clearland
Bushgate Bushgate
Brightmere Brightmere
Stoneglass Stoneglass
Wildemarsh Wildemarsh
Wellmage Wellmage
Snowshore Snowshore
Irondeer Irondeer
Lightmere Lightmere
Southwheat Southwheat
Westmill Westmill
Lochmage Lochmage
Shoreburn Shoreburn
Erilyn Erilyn
Eastcastle Eastcastle
Rosemill Rosemill
Wolflea Wolflea
Greenshore Greenshore
Bluedell Bluedell
Newley Newley
Fairsage Fairsage
Greyice Greyice
