FacultyClub HealthServices SutardjaDai EarthLibrary StudentUnion OBrien Mulford McCone InternationalHouse HearstGym Pimentel Unit3 Manville PacificFilmArchive Wheeler Investigative MartinezCommons AndersenAuditorium MelvinLaboratory FPF Birge StowPlaza CareerCenter Sproul AnthropologyLibrary AquaticCenter BioscienceLibrary Hilgard DonnerLaboratory MLK MediaCenter ArtHistoryLibrary BancroftDance Spieker BancroftDance LawrenceofScience Bechtel BrainImagingCenter Morrison Stephens Library UniversityHouse IRLE FacultyClub
39
FacultyClub FacultyClub EarthquakeLibrary
BioscienceLibrary BioscienceLibrary
SutardjaDai SutardjaDai
MLK Etcheverry CITRIS
UniversityHouse UniversityHouse SproulPlaza
Hilgard Hilgard
StudentUnion StudentUnion
LawrenceofScience NewspapersLibrary LawrenceofScience
Pimentel Pimentel Jacobs
Mulford Mulford
CareerCenter CareerCenter
HearstGym HearstGym
HealthServices Durham
OBrien OBrien
Library Library OptometryLibrary
Spieker Spieker
FPF FPF
PacificFilmArchive Warren PacificFilmArchive
BrainImagingCenter BrainImagingCenter
Morrison Morrison
Wheeler Wheeler Cheit
Manville Manville
MelvinLaboratory Koshland MelvinLaboratory
Investigative Investigative
EarthLibrary EarthLibrary
McCone EnergyBuilding InternationalHouse
MediaCenter MediaCenter
StowPlaza StowPlaza
MartinezCommons MartinezCommons
BancroftDance BancroftDance
AndersenAuditorium AndersenAuditorium
Unit3 Unit3
AnthropologyLibrary AnthropologyLibrary
Stephens Stephens
IRLE IRLE
DonnerLaboratory SpringerGateway DonnerLaboratory
ArtHistoryLibrary ArtHistoryLibrary
Sproul Sproul
Birge Birge
