lllIl1I 11IIII1 l1lll11 lll1111 1I1l1Il IlI1Il1 l1IIl1l l1IllI1 1IlIl1I l1lllll lI1l111 11111lI lI1Ill1 I11111l Ill11II IlI1II1 11I1llI 1l11lII IIlIllI l1l1l1l I11I11l l1l1l1l I111I1I 11Il111 lI11III III111I IlI1II1 1I1I1lI l1l11l1 1111I11 II11l1l IIlI1lI II1Il1I I1llll1 I1llII1 I1Ill1I lII111l 11lI11I Ill1I11 IlI1II1 l1I111I 1lIl11I lll1111 1l1lIlI 1llI111 lll1I1l I1ll1II l1IllI1 I11I111 ll111ll IIl1l1I III1llI lIllIll lIl111I II11l1l 1I1I1l1 llI1lII I1llII1 lllIl1I
44
l1IIl1l l1IIl1l
11lI11I 11lI11I
lI11III lI11III Il1Il1I IlI1II1
ll111ll ll111ll
1I1I1l1 1I1I1l1
l1lll11 l1Ill11 1I1lllI l1lll11
lI1l111 lI1l111 1I11Ill
II1Il1I II1Il1I
l1l1l1l llIIII1
II11l1l lIIlII1 II11l1l
I1ll1II I1ll1II
11IIII1 11IIII1
lIllIll lIllIll
IIlI1lI lIIl11l
1I1l1Il 1I1l1Il
l1lllll l1lllll
1111I11 111lI1I
1IlIl1I 1IlIl1I
1llI111 1llI111
Ill1I11 Ill1I11
IIlIllI IIlIllI
Ill11II Ill11II
III111I III111I
l1IllI1 l1IllI1
IlI1Il1 IlI1Il1
1l11lII 1l11lII
I1llII1 I1llII1
lIl111I lIl111I
I11I11l I11I11l
IIl1l1I IIl1l1I
1lIl11I 1lIl11I
I11I111 I11I111
11Il111 I111I1I
I11111l I11111l
lll1I1l lll1I1l
11111lI 11111lI
III1llI III1llI
l1I111I l1I111I
1I1I1lI 1I1I1lI
lII111l lII111l
llI1lII llI1lII
1l1lIlI 1l1lIlI
I1llll1 I1llll1
l1l11l1 l1l11l1
