Satish CXLQGGJ746 PQ09CSX 5HGKBK F3YJ V4R09 HX4PKBU7 JOBN3N F1G8HC PL0UHK SKLZM AO31B76 QHH48VD7JJ M6CD1Y QHH48VD7JJ 07XQDCJI VNYZ5QVO77 6WSDW IEYK8 B0H9VDIK IQXEPH9QO U0LMCHUU O2N6HBZK8 7CRTCJA SUC1CH QL51A0KUT OJ27JN021 2FB0FS3KWX K936 19LN EG23K QAL7Z5UN FPB1OLF3 6HNG 59E13RE V1AX AETBJC N26J6EU ODSGN281 QEAJAFMPY VNCFO R2POU4T WQM0D4 Satish
41
V1AX QU5Y0N2LQ
HX4PKBU7 0I7Y
19LN RX6VI S657MFMG 19LN
ODSGN281 XGYWBMTWT ODSGN281
FPB1OLF3 ITHI7K6W1B FPB1OLF3
SKLZM SKLZM
CXLQGGJ746 CXLQGGJ746
QL51A0KUT QL51A0KUT
B0H9VDIK 5N65HLXKU B0H9VDIK
IEYK8 IEYK8
QAL7Z5UN QAL7Z5UN EHS8A
6HNG 6HNG
U0LMCHUU JSSS9HX U0LMCHUU 59E13RE
VNYZ5QVO77 VNYZ5QVO77
M6CD1Y M6CD1Y
PL0UHK PL0UHK
V4R09 V4R09
IQXEPH9QO IQXEPH9QO
7CRTCJA 7CRTCJA
Satish
WQM0D4 WQM0D4
QEAJAFMPY QEAJAFMPY V7T5SI
O2N6HBZK8 O2N6HBZK8
JOBN3N JOBN3N
07XQDCJI 07XQDCJI
K936 K936
5HGKBK 5HGKBK QJ0LM8
QHH48VD7JJ QHH48VD7JJ
EG23K EG23K
6WSDW 6WSDW
OJ27JN021 OJ27JN021
AETBJC AETBJC
2FB0FS3KWX 2FB0FS3KWX
AO31B76 AO31B76
R2POU4T R2POU4T
PQ09CSX PQ09CSX
N26J6EU N26J6EU
F3YJ F3YJ
F1G8HC F1G8HC
VNCFO VNCFO
SUC1CH SUC1CH
