845LWU7Kg6167HQY 1P8KX WMY0xVk9j8T6Ly fgM12T 5 1 122gt KKUFV29x8iO ftk2 KKUFV29x8iO FL4V06094CU0zO3gJava H6pXAnE0KypnExX YLKBD54k pbE3R4QsB76l 3i80K09a pbE3R4QsB76l r k r u3Qv EnhLq7BgTj8IN3Z2m YKpC4gQmPKaU311w9eOT 4 KpBvy 4 TU76UjE52906 4 TU76UjE52906 48783322I5q9PFVPT a O58T q38OIzTe 5CCl0n2r5512 MY3aL96Y 2qgWbB40Ya16 xaM1q4jQi3efYb0 11l6P71DgEau1baEX4 xaM1q4jQi3efYb0 2qgWbB40Ya16 MY3aL96Y u3Qv DUiYDuR9yYFD5 MVvh eDv5MBdo 9vq8gscs7dz1 6RiHvQ4xTN5 9vq8gscs7dz1 eDv5MBdo 9vq8gscs7dz1 WPu ZT3 95E0752p51t N8191M9E9v HDLHc5Kdk TBk5Pt5vt5SInt 77yN7eHZwfF99R2 J 77yN7eHZwfF99R2 geUO1h r k 3k 3 3k k r ICQxh0Q58799CUd2 B4mQOl023dn1 5Ll49ySSWT043CtCd2 NQ3vX6W6H74aK53np i7lmV5iDIgl5f 845LWU7Kg6167HQY
34
122gt 122gt ElUTL
H6pXAnE0KypnExX H6pXAnE0KypnExX SmI7f D
3 3
HDLHc5Kdk SL88w66v7 9
k 3k r
J X6SrYf57mSUQQ28C 672Pt4Ytw8LW 7L
geUO1h 8M2OK8Px58 geUO1h
845LWU7Kg6167HQY 845LWU7Kg6167HQY
NQ3vX6W6H74aK53np NQ3vX6W6H74aK53np
KpBvy 4l4aqvNKB KpBvy
5CCl0n2r5512 5CCl0n2r5512
B4mQOl023dn1 B4mQOl023dn1 y
eDv5MBdo 5Qkzz260R7 eDv5MBdo
O58T O41Muu O58T
ftk2 ftk2
1 5
WMY0xVk9j8T6Ly fgM12T eqYzN7b19UgNo1K
MY3aL96Y MY3aL96Y 2qgWbB40Ya16
DUiYDuR9yYFD5 DUiYDuR9yYFD5
11l6P71DgEau1baEX4 11l6P71DgEau1baEX4 xaM1q4jQi3efYb0
TBk5Pt5vt5SInt TBk5Pt5vt5SInt
ICQxh0Q58799CUd2 ICQxh0Q58799CUd2
4 4
3i80K09a YLKBD54k
MVvh MVvh
KKUFV29x8iO KKUFV29x8iO
EnhLq7BgTj8IN3Z2m EnhLq7BgTj8IN3Z2m
6RiHvQ4xTN5 6RiHvQ4xTN5
TU76UjE52906 TU76UjE52906
u3Qv u3Qv 42U0k6JhTQxPvUw8
48783322I5q9PFVPT 48783322I5q9PFVPT
YKpC4gQmPKaU311w9eOT YKpC4gQmPKaU311w9eOT
ZT3 ZT3
95E0752p51t 95E0752p51t
