73 96 15 48 33 82 33 18 76 37 86 29 84 7 28 40 16 85 16 40 28 91 78 34 58 74 66 74 58 34 53 50 71 9 98 21 98 9 57 44 49 74 25 90 68 92 33 11 33 92 65 92 33 18 19 1 77 14 17 93 17 14 17 10 45 88 27 83 55 5 38 8 38 96 15 48 13 40 28 91 81 91 78 50 53 94 53 34 12 62 99 46 75 60 100 88 22 29 86 47 13 48 15 79 15 96 73
50
1 1
5 5
8 8
9 9
10 10
11 11
12 12
13 13
14 14
15 15
18 18
19 19
21 21
22 22
25 25
27 27
29 29
33 33
34 34
44 44
46 46
48 48
49 49
50 50
53 53
57 57
65 65
66 66
68 68
71 71
74 74
75 75
76 76
77 77
78 78
79 79
81 81
82 82
83 83
84 84
85 85
86 86
90 90
91 91
93 93
94 94
96 96
98 98
99 99
100 100
