Soda loc79 loc62 loc50 loc33 loc50 loc62 loc57 loc87 loc6 loc44 loc6 loc22 loc43 loc26 loc67 loc90 loc45 loc49 loc45 loc90 loc67 loc33 loc71 loc33 loc50 loc63 loc86 loc63 loc4 loc85 loc40 loc85 loc18 loc7 loc22 loc43 loc26 loc67 loc90 loc45 loc93 loc45 loc19 loc45 loc81 loc45 loc90 loc67 loc26 loc43 loc22 loc6 loc44 loc89 loc39 loc40 loc85 loc87 loc63 loc23 loc61 loc12 loc92 loc53 loc29 loc53 loc96 loc99 loc86 loc63 loc22 loc43 loc26 loc67 loc90 loc45 loc66 loc36 loc66 loc45 loc32 loc45 loc90 loc67 loc26 loc43 loc22 loc64 loc8 loc31 loc41 loc38 loc41 loc31 loc8 loc64 loc65 loc21 loc24 loc72 Soda
27
loc8 loc68 loc8 loc41 loc17 loc83 loc91 loc31
loc86 loc96 loc10 loc86
loc23 loc12 loc61 loc30 loc23
loc29 loc13 loc55 loc28 loc29 loc95
loc18 loc18
loc19 loc19 loc45
loc49 loc73 loc20 loc49
loc21 loc21
loc67 loc26 loc67 loc90
loc32 loc32 loc48
loc33 loc33
loc36 loc97 loc66 loc36
loc38 loc38
loc39 loc39
loc40 loc40
loc43 loc43
loc44 loc44
loc53 loc53
loc57 loc57
loc71 loc71
loc72 loc72
loc79 loc79
loc81 loc81
loc89 loc89
loc92 loc92
loc93 loc93
loc99 loc99
