75 16 81 94 82 92 15 39 57 67 58 72 14 33 36 74 7 13 18 81 64 12 64 87 64 47 76 18 62 77 83 43 29 70 52 25 9 25 52 4 56 44 90 44 5 21 5 73 96 74 1 27 34 19 92 26 71 32 42 32 89 30 65 79 49 55 46 63 91 63 98 69 78 31 68 59 24 3 28 97 80 97 86 48 84 32 89 75
50
3 3
4 4
7 7
9 9
12 12
13 13
21 21
25 25
26 26
29 29
31 31
32 32
34 34
36 36
42 42
43 43
44 44
46 46
47 47
48 48
49 49
52 52
55 55
56 56
57 57
58 58
59 59
62 62
64 64
65 65
69 69
73 73
74 74
75 75
76 76
77 77
80 80
81 81
82 82
84 84
86 86
87 87
89 89
90 90
91 91
92 92
94 94
96 96
97 97
98 98
