mdyuzxshey vkrlpmybdj jatkaoyfxb bnmegnfgii jatkaoyfxb zumetrybth ebqxbaqnmm ljhmnbaicr owusjcmdkp oewptytlja knfzsnhzvx xftptyrlvl knfzsnhzvx oewptytlja owusjcmdkp oewptytlja knfzsnhzvx xftptyrlvl yiwwdwbzth wtyqwjwskq yiwwdwbzth jqtguzxxsl yiwwdwbzth xftptyrlvl knfzsnhzvx oewptytlja nwlccbonas oewptytlja owusjcmdkp lnicnhmajr oggftsricu euqbrkzdsw wtjzgzopuw lndsfxewdc mswyvpdrsy hkempoemlv ixyurvbpvu siatqqydwf ahqdrcepub lazlsvgukx idfvjoquhh lbuiysostx sjtuxgdwms fznfvsgjhc lkvobxyfca fznfvsgjhc hkempoemlv ixyurvbpvu uooysjrxsb seeyrseflx uooysjrxsb ixyurvbpvu optviwhmbr rkyixxpcbx eooyfwmxln rkyixxpcbx gllungmori jrmlkfexfk wtlzrefwav hsjqtjkukk smwxdupkdv koawdpgqdx unihwwnyqz qepegujmaa unihwwnyqz koawdpgqdx smwxdupkdv hsjqtjkukk wtlzrefwav tmrnpjqnxx cmdqzmgvfi qydclznxrd cmdqzmgvfi zpybghfdbe bswhowadhl oegfbrwyrp tgbmxdmvwe oegfbrwyrp bswhowadhl zpybghfdbe lndsfxewdc bulywvvpni zjbarjhmau kdujdjjwot phknwbtipl hadchvmijq phknwbtipl kdujdjjwot ebqxbaqnmm kdujdjjwot zjbarjhmau wkwwcqjtxf qcktwemqbm tvcolajnao vkrlpmybdj mdyuzxshey
34
eooyfwmxln eooyfwmxln rkyixxpcbx
koawdpgqdx koawdpgqdx aokbiptbzc
seeyrseflx vugkhjygfe seeyrseflx
gllungmori gllungmori
mdyuzxshey vkrlpmybdj zmfuudfatm mysadifwma mdyuzxshey
zumetrybth zumetrybth
wtyqwjwskq wtyqwjwskq
qepegujmaa xtvbrolacp qepegujmaa
zpybghfdbe cmdqzmgvfi psiebvskfb qfbvncxldf
jqtguzxxsl jqtguzxxsl
tgbmxdmvwe tgbmxdmvwe
kdujdjjwot kdujdjjwot
zjbarjhmau zjbarjhmau
euqbrkzdsw euqbrkzdsw
lkvobxyfca lkvobxyfca
wtlzrefwav wtlzrefwav
xftptyrlvl knfzsnhzvx jedsthbmzo xftptyrlvl
nwlccbonas nwlccbonas oewptytlja
ahqdrcepub ahqdrcepub
ixyurvbpvu gwnccktgki optviwhmbr
bnmegnfgii jatkaoyfxb bnmegnfgii
lbuiysostx lbuiysostx
ljhmnbaicr ljhmnbaicr
qcktwemqbm qcktwemqbm
mswyvpdrsy mswyvpdrsy
ebqxbaqnmm ebqxbaqnmm
hadchvmijq wynbxuuxru hadchvmijq
lnicnhmajr lnicnhmajr
bulywvvpni bulywvvpni
lazlsvgukx lazlsvgukx
lndsfxewdc lndsfxewdc
owusjcmdkp owusjcmdkp
qydclznxrd qydclznxrd
fznfvsgjhc fznfvsgjhc
