0 23 62 23 48 99 98 97 48 12 96 95 94 12 5 93 92 91 5 40 90 89 88 40 49 87 86 85 49 19 84 83 82 19 48 81 80 79 48 21 78 77 76 21 2 75 74 73 2 14 72 71 70 14 11 68 11 10 66 10 40 64 40 1 60 1 16 58 16 6 56 6 19 54 19 32 52 32 42 50 42 0
40
50 50 51
52 52 53
54 54 55
56 56 57
58 58 59
60 60 61
62 62 63
64 64 65
66 66 67
68 68 69
70 70
71 71
72 72
73 73
74 74
75 75
76 76
77 77
78 78
79 79
80 80
81 81
82 82
83 83
84 84
85 85
86 86
87 87
88 88
89 89
90 90
91 91
92 92
93 93
94 94
95 95
96 96
97 97
98 98
99 99
