loc0 loc76 loc22 loc70 loc43 loc70 loc26 loc53 loc35 loc79 loc16 loc79 loc25 loc53 loc17 loc89 loc41 loc95 loc23 loc86 loc50 loc59 loc47 loc92 loc11 loc65 loc38 loc65 loc37 loc73 loc20 loc65 loc2 loc67 loc14 loc86 loc5 loc86 loc32 loc94 loc40 loc58 loc48 loc66 loc4 loc66 loc39 loc84 loc3 loc63 loc27 loc63 loc45 loc54 loc18 loc99 loc30 loc93 loc12 loc57 loc6 loc60 loc15 loc60 loc21 loc60 loc57 loc34 loc78 loc42 loc87 loc24 loc88 loc7 loc52 loc97 loc76 loc13 loc58 loc31 loc58 loc49 loc58 loc40 loc76 loc0
42
loc73 loc1 loc10 loc19 loc28 loc29
loc2 loc2
loc3 loc3
loc4 loc4
loc5 loc5
loc6 loc33 loc6
loc7 loc7
loc89 loc8 loc44
loc54 loc9 loc36
loc11 loc11
loc12 loc12
loc13 loc13
loc14 loc14
loc15 loc15
loc16 loc16
loc17 loc17
loc18 loc18
loc20 loc20
loc21 loc21
loc22 loc22
loc23 loc23
loc24 loc24
loc25 loc25
loc26 loc26
loc27 loc27
loc30 loc30
loc31 loc31
loc32 loc32
loc34 loc34
loc35 loc35
loc37 loc37 loc46
loc38 loc38
loc39 loc39
loc40 loc40
loc41 loc41
loc42 loc42
loc43 loc43
loc45 loc45
loc47 loc47
loc48 loc48
loc49 loc49
loc50 loc50
