destitute Loomis Hindi MN balustrade Isfahan yogurt Auberge jewel Injun stanza Injun swordfish Vega Andersen Halstead Elizabethan Gilmore funny deletion illusion bifurcate shroud choice trill fatten Andersen Fisk anvil swordtail bowman Darwin amateur slowdown schedule transpiration septillion papal McCall bobble Dominican Bleeker Dominican minion Dominican embassy tate diligent Modesto combine extractor mediate midget swingy Rio Darwin ripe barnacle destitute
47
Andersen Andersen
Auberge Auberge
bowman decor Hewlett
Bleeker Bleeker
Darwin Darwin
Dominican Dominican
Elizabethan Elizabethan
Fisk Fisk
Gilmore Gilmore
Halstead Halstead
Hindi Hindi
Injun Injun
Isfahan Isfahan
Loomis Loomis
MN MN
McCall McCall
Modesto Modesto
Rio Rio
Vega Vega
amateur amateur
anvil anvil
balustrade balustrade
bobble bobble
choice choice
combine extractor
deletion connubial
septillion septillion creekside transpiration
diligent diligent
embassy embassy
fatten fatten
funny funny
illusion illusion
jewel jewel
mediate mediate
midget midget
minion minion
papal papal
ripe ripe
schedule schedule
shroud shroud
slowdown slowdown
stanza stanza
swingy swingy
swordfish swordfish
tate tate
trill trill
yogurt yogurt
