Loc35 Loc95 Loc54 Loc34 Loc37 Loc7 Loc96 Loc46 Loc84 Loc83 Loc4 Loc92 Loc25 Loc77 Loc31 Loc44 Loc23 Loc67 Loc23 Loc1 Loc70 Loc71 Loc52 Loc39 Loc65 Loc48 Loc64 Loc41 Loc93 Loc14 Loc63 Loc66 Loc28 Loc75 Loc47 Loc20 Loc79 Loc10 Loc90 Loc24 Loc0 Loc74 Loc22 Loc80 Loc62 Loc81 Loc58 Loc51 Loc35
40
Loc0 Loc0
Loc1 Loc1
Loc44 Loc44 Loc23
Loc4 Loc89 Loc4
Loc7 Loc7
Loc10 Loc10
Loc67 Loc97 Loc67 Loc13
Loc14 Loc14
Loc47 Loc15 Loc47
Loc22 Loc22
Loc24 Loc24 Loc73
Loc25 Loc25
Loc28 Loc33 Loc28
Loc31 Loc31
Loc34 Loc34
Loc37 Loc37
Loc39 Loc39
Loc41 Loc41
Loc46 Loc46
Loc48 Loc48 Loc65
Loc51 Loc51
Loc52 Loc52
Loc54 Loc54
Loc58 Loc58
Loc62 Loc62
Loc63 Loc63
Loc64 Loc64
Loc66 Loc66
Loc70 Loc70
Loc71 Loc71
Loc74 Loc74 Loc86
Loc77 Loc77
Loc83 Loc92 Loc78
Loc79 Loc79
Loc80 Loc80
Loc81 Loc81
Loc84 Loc84
Loc90 Loc90
Loc93 Loc93
Loc95 Loc95
