5 24 95 62 67 82 12 36 0 60 59 64 59 53 59 39 59 60 18 41 98 30 87 68 55 40 11 9 14 91 61 22 85 23 63 52 96 76 92 81 92 1 38 84 74 1 38 97 46 44 52 20 69 38 42 47 34 59 64 93 4 45 6 10 78 99 13 88 89 27 89 90 15 43 5
49
74 74
97 97
40 75 40
6 6
13 13
76 76
30 30
62 62
22 22
18 18
0 0
11 11
24 24
82 82
95 95
47 47
53 53
98 98
43 43
92 92
69 69
4 4
45 45
23 23
60 60
87 87
1 1
78 78
34 34
52 52
88 88
46 46
85 85
93 93
44 44
42 42
91 91
55 55
5 5
15 15
27 27
36 36
99 99
64 64
67 67
84 84
81 81
39 39
14 14
