y1ueyuwp 2bwd2j xllfi9b kab7t8o7qjj my85gnmouy 6knvi15aqo uus7jirbe oso2xmpn1i 8cfvpx26xwcwt q847myi 7og7qr4t86 p53u2x9bku99j bmicm4au quxig9xz2 mqt67y9n jjeivv4j55 kc3zwg52 u4xzrfm7f svhmnjst1e yik8cqxn2 8eg2mee w4qoh15 eq5c5ygub 6u33i 31raz5hp9v vnsdusp 31raz5hp9v l12pu jjeivv4j55 9956fi vehkyi71w fhrrge umnww3 p5kt5ib5v8 kch7lui7 ywksl5wd 95nsenz6 ywksl5wd 8erlfq j2pso94 t9q1ztn8723 ehy39 38s4jyp4eu yida2btlrgcd2it 3hlob94j5u rkd38ui5s4 2y9obuu swoprer f3vyq53xc 4cddmu86gmo y1ueyuwp
44
3hlob94j5u 3hlob94j5u
svhmnjst1e svhmnjst1e
9956fi 9956fi
u4xzrfm7f u4xzrfm7f
uus7jirbe uus7jirbe
swoprer swoprer
ehy39 ehy39
q847myi q847myi
yida2btlrgcd2it yida2btlrgcd2it
mqt67y9n mqt67y9n
eq5c5ygub eq5c5ygub
l12pu l12pu
31raz5hp9v 31raz5hp9v
yik8cqxn2 yik8cqxn2
2y9obuu 2y9obuu
bmicm4au bmicm4au
kch7lui7 kch7lui7
f3vyq53xc f3vyq53xc
w4qoh15 w4qoh15
95nsenz6 95nsenz6
vehkyi71w vehkyi71w
8erlfq 8erlfq
t9q1ztn8723 t9q1ztn8723
p53u2x9bku99j p53u2x9bku99j
ywksl5wd ywksl5wd
my85gnmouy my85gnmouy
quxig9xz2 quxig9xz2
6u33i 6u33i
2bwd2j 2bwd2j
7og7qr4t86 7og7qr4t86
8cfvpx26xwcwt 8cfvpx26xwcwt
4cddmu86gmo 4cddmu86gmo
kab7t8o7qjj kab7t8o7qjj
vnsdusp vnsdusp
j2pso94 j2pso94
umnww3 umnww3
fhrrge fhrrge
jjeivv4j55 jjeivv4j55
8eg2mee 8eg2mee
y1ueyuwp
kc3zwg52 kc3zwg52
38s4jyp4eu 38s4jyp4eu
xllfi9b xllfi9b
rkd38ui5s4 rkd38ui5s4
