index97 index1 index63 index51 index31 index94 index35 index70 index29 index70 index59 index16 index52 index42 index38 index43 index6 index85 index41 index14 index72 index58 index9 index57 index26 index12 index26 index60 index48 index8 index22 index91 index71 index10 index0 index53 index24 index13 index25 index76 index99 index23 index84 index49 index84 index3 index15 index79 index84 index11 index84 index27 index65 index2 index83 index32 index68 index73 index7 index44 index97
46
index0 index0
index1 index1
index2 index2
index3 index3
index6 index6
index7 index7
index8 index8 index78
index9 index9
index10 index10
index11 index11
index12 index26
index13 index13
index14 index14
index15 index15
index22 index22
index23 index23
index24 index24
index25 index25
index27 index27
index29 index29
index31 index31
index32 index32
index73 index73 index33
index35 index35
index38 index38
index51 index51 index39 index63
index41 index41
index42 index42
index43 index43
index44 index44
index48 index48
index49 index49
index52 index52
index57 index57
index58 index58
index59 index59
index60 index60
index68 index68
index70 index70
index72 index72
index76 index76
index79 index79
index85 index85
index91 index91
index94 index94
index97 index97
