M2S9flVUcYP2sJdh8LXf sH3pvLOfMUrEGUrmsHCu tuE7UekaxGUib4idWtYa 93aDiM8K0XhtiVcCVKi2 tuE7UekaxGUib4idWtYa PZrpdQAa8H8tkrajh08J tuE7UekaxGUib4idWtYa 93aDiM8K0XhtiVcCVKi2 X9TJsvmT50zYeG0q6XSG Bc6dudheE3WGLxP0iDdK X9TJsvmT50zYeG0q6XSG H59EihDjhfpS7ToXFM3L X9TJsvmT50zYeG0q6XSG pNXWB5geApaSjbsCCT4J Dt5YfbjQq6VoKnyw6Zav JajH9BPb1gw5kQ2oTRnP dOKaHsIcDX32wPXAX2Gt zdtRVpQ9lVyEhNj9Evpp JajH9BPb1gw5kQ2oTRnP Dt5YfbjQq6VoKnyw6Zav m1IYiQsUBuvvpTv7yWXO fmFrd4vggNac5TkiFJAd Z8MZ2JfftjeVVnGFSOQe PbYOO88SokShsv7XrgBm W4IxjYZtRN88GGSV9Uoc PbYOO88SokShsv7XrgBm NMTjl1jsvrb7y2ggdCSc XmlH4l2BXG35TF70bZqZ NMTjl1jsvrb7y2ggdCSc ECCnzlgsMEvTYjNwAlfM uy6RcQAYd3ATM1Icq3my 5gumrx48u1yPpF6ivPOI yHMPX8vHctuUweyLluyz 5gumrx48u1yPpF6ivPOI vxiwkV1b5fV2sGCBFsRQ gZVNRDm5p6aX5QEEX8UG k7k4sHxeh1pR4sOjcVuj i2zuTkgDKtYA8Q9KejMN tUowOUG1V7iCXBCMR0AT 9Jr76N4fnNot7SNYqBKG sZojFweTE55bBWYz0Tda v0QJIKD4q7sFXrzFSb6J 8KfYYXeMqM0D4nShLOzi 4bQwji0D4wyEDLd54MWv 9GrchmlNCDIapQ9OnEYh oWxP87H6AXwFzF0dpB9d Eu0wGcDBBrgvePzHfqrS LNMZej67uy0Whvqp5OR1 Dc1wEVV3kuOZotG6pNlL Jjat3uJ5XboI9kZe0522 tVhIJJgs0kEFaQx1hdWm cdaizmjQrCe5Vnwy3JQF vodEvdIApqt0N3TZsbxN EtrZREkmL456viQQJ9Rb S8uMGvUglWyhnfV5Wzdp dKH5OdpmJKCU83bbXVxZ 0uvEfLgT4s8ImTk9VWBt dKH5OdpmJKCU83bbXVxZ Kfu1pc3YPMGebW7Iu8ex dKH5OdpmJKCU83bbXVxZ 48nWZMVqWDxfH9uMf2U3 Pqf0Sn4UvsBLaxz7WO4n nbZglhhmYQAPQz4eETaj Pqf0Sn4UvsBLaxz7WO4n 48nWZMVqWDxfH9uMf2U3 zD7ErBenXxsG4D9b5TEV jgcWqrcniA4q9WNs9xkc LxEzX08MG9T8knIYbul0 wMERbIWoRIf6BT6nQKYQ yZPIHwySFuIdRJCMzjnz L8bxdxuDa5issn2PiN3u tVhIJJgs0kEFaQx1hdWm wpBgd82GxlO3hr1i0lHL Z0DuoZMcx6oyDPWFznMK M2S9flVUcYP2sJdh8LXf
48
jgcWqrcniA4q9WNs9xkc jgcWqrcniA4q9WNs9xkc
LxEzX08MG9T8knIYbul0 LxEzX08MG9T8knIYbul0
zD7ErBenXxsG4D9b5TEV zD7ErBenXxsG4D9b5TEV
yHMPX8vHctuUweyLluyz yHMPX8vHctuUweyLluyz
tVhIJJgs0kEFaQx1hdWm tVhIJJgs0kEFaQx1hdWm
zdtRVpQ9lVyEhNj9Evpp zdtRVpQ9lVyEhNj9Evpp
Kfu1pc3YPMGebW7Iu8ex Kfu1pc3YPMGebW7Iu8ex
Bc6dudheE3WGLxP0iDdK Bc6dudheE3WGLxP0iDdK
Eu0wGcDBBrgvePzHfqrS Eu0wGcDBBrgvePzHfqrS
Z8MZ2JfftjeVVnGFSOQe Z8MZ2JfftjeVVnGFSOQe
gZVNRDm5p6aX5QEEX8UG gZVNRDm5p6aX5QEEX8UG
v0QJIKD4q7sFXrzFSb6J v0QJIKD4q7sFXrzFSb6J
Pqf0Sn4UvsBLaxz7WO4n Pqf0Sn4UvsBLaxz7WO4n
S8uMGvUglWyhnfV5Wzdp S8uMGvUglWyhnfV5Wzdp dKH5OdpmJKCU83bbXVxZ
0uvEfLgT4s8ImTk9VWBt 0uvEfLgT4s8ImTk9VWBt
9GrchmlNCDIapQ9OnEYh 9GrchmlNCDIapQ9OnEYh 8KfYYXeMqM0D4nShLOzi
48nWZMVqWDxfH9uMf2U3 48nWZMVqWDxfH9uMf2U3
XmlH4l2BXG35TF70bZqZ XmlH4l2BXG35TF70bZqZ
uy6RcQAYd3ATM1Icq3my uy6RcQAYd3ATM1Icq3my
cdaizmjQrCe5Vnwy3JQF cdaizmjQrCe5Vnwy3JQF
W4IxjYZtRN88GGSV9Uoc W4IxjYZtRN88GGSV9Uoc
m1IYiQsUBuvvpTv7yWXO m1IYiQsUBuvvpTv7yWXO
H59EihDjhfpS7ToXFM3L H59EihDjhfpS7ToXFM3L
NMTjl1jsvrb7y2ggdCSc NMTjl1jsvrb7y2ggdCSc
vxiwkV1b5fV2sGCBFsRQ vxiwkV1b5fV2sGCBFsRQ
L8bxdxuDa5issn2PiN3u L8bxdxuDa5issn2PiN3u
dOKaHsIcDX32wPXAX2Gt dOKaHsIcDX32wPXAX2Gt
k7k4sHxeh1pR4sOjcVuj k7k4sHxeh1pR4sOjcVuj
EtrZREkmL456viQQJ9Rb EtrZREkmL456viQQJ9Rb
93aDiM8K0XhtiVcCVKi2 93aDiM8K0XhtiVcCVKi2
yZPIHwySFuIdRJCMzjnz yZPIHwySFuIdRJCMzjnz
M2S9flVUcYP2sJdh8LXf M2S9flVUcYP2sJdh8LXf
Z0DuoZMcx6oyDPWFznMK Z0DuoZMcx6oyDPWFznMK
5gumrx48u1yPpF6ivPOI 5gumrx48u1yPpF6ivPOI
ECCnzlgsMEvTYjNwAlfM ECCnzlgsMEvTYjNwAlfM
LNMZej67uy0Whvqp5OR1 LNMZej67uy0Whvqp5OR1
Jjat3uJ5XboI9kZe0522 Jjat3uJ5XboI9kZe0522
nbZglhhmYQAPQz4eETaj nbZglhhmYQAPQz4eETaj
9Jr76N4fnNot7SNYqBKG 9Jr76N4fnNot7SNYqBKG
pNXWB5geApaSjbsCCT4J pNXWB5geApaSjbsCCT4J
Dt5YfbjQq6VoKnyw6Zav Dt5YfbjQq6VoKnyw6Zav
sH3pvLOfMUrEGUrmsHCu sH3pvLOfMUrEGUrmsHCu
vodEvdIApqt0N3TZsbxN vodEvdIApqt0N3TZsbxN
fmFrd4vggNac5TkiFJAd fmFrd4vggNac5TkiFJAd
tUowOUG1V7iCXBCMR0AT tUowOUG1V7iCXBCMR0AT
4bQwji0D4wyEDLd54MWv 4bQwji0D4wyEDLd54MWv
oWxP87H6AXwFzF0dpB9d oWxP87H6AXwFzF0dpB9d
PZrpdQAa8H8tkrajh08J PZrpdQAa8H8tkrajh08J
