SaintPaul Indianapolis Mesa Baltimore Albuquerque FortWayne Anchorage Cleveland Columbus Phoenix Durham SantaAna Pittsburgh SantaAna Lincoln Minneapolis Bakersfield LosAngeles Austin SanAntonio Austin Lubbock StLouis Lubbock Chesapeake Fresno Plano Chandler Hialeah OklahomaCity Hialeah Glendale Columbus Milwaukee StPetersburg Henderson Lincoln JerseyCity Laredo JerseyCity Lexington JerseyCity ChulaVista Cincinnati ChulaVista Baltimore Albuquerque FortWayne Albuquerque Baltimore LongBeach Baltimore Albuquerque Baltimore LongBeach Dallas Tucson Philadelphia SanFrancisco Stockton Houston Tampa Toledo Atlanta Toledo JerseyCity Denver Norfolk KansasCity NewOrleans KansasCity Miami Omaha Aurora Austin StPetersburg Henderson StPetersburg Cincinnati ChulaVista Charlotte Phoenix Durham WinstonSalem Durham Memphis Louisville Madison SanJose SanDiego ChulaVista Honolulu Newark Garland SaintPaul
43
LosAngeles ElPaso
Houston Houston
Phoenix Phoenix
SanAntonio SanAntonio
SanJose SanJose SanDiego
Dallas Dallas
Austin Austin
Albuquerque FortWorth Baltimore
Columbus Columbus Glendale
Charlotte Charlotte
Indianapolis Indianapolis
Denver Denver
Memphis Memphis
OklahomaCity OklahomaCity
Milwaukee Milwaukee
Tucson Tucson Raleigh
Fresno Spokane Plano
Atlanta Atlanta
LongBeach LongBeach
Tampa Tampa
NewOrleans NewOrleans
Bakersfield Bakersfield
Aurora Aurora
Honolulu Honolulu
SantaAna SantaAna
Lexington Lexington
Stockton Stockton
Henderson Henderson StPetersburg
StLouis Lubbock
Cincinnati Cincinnati
Pittsburgh Pittsburgh
Anchorage Anchorage
Lincoln Lincoln
Newark Newark Scottsdale
Durham Durham
FortWayne FortWayne
JerseyCity JerseyCity
Laredo Laredo
Madison Madison
Chandler Chandler
WinstonSalem WinstonSalem
Chesapeake Chesapeake
Hialeah Hialeah
