Hernandezville Beckyshire Ponceville Bridgesville Esparzaberg Thomasburgh Esparzaberg Kristinbury Esparzaberg Bridgesville Riveramouth Bradshawside Riveramouth Martinton Riveramouth Bridgesville Ponceville Mcculloughchester Jonestown Kellyfort Jonestown Barbarachester Jonestown Mcculloughchester Ponceville Garymouth Christophertown Crystaltown Christophertown Garymouth Camposstad Williamsville Camposstad Donaldstad Camposstad Garymouth Ponceville Beckyshire Derekton Wallaceville Morenoside Wallaceville Derekton Thomaschester Mcfarlandville Belindamouth Mcfarlandville Thomaschester Derekton Beckyshire Ponceville Bridgesville Dennisstad Wilsonburgh Dennisstad Bridgesville Ponceville Mcculloughchester Crystalchester Smithmouth Crystalchester Mcculloughchester Ponceville Beckyshire Hernandezville Joelview Mitchellchester Sheabury Maysfort Huynhton Maysfort Sheabury Mitchellchester Lopezmouth Heathermouth Lopezview Heathermouth Lopezmouth Dixonton Keithton Dixonton Francesmouth Richardville Francesmouth Dixonton Lopezmouth Mitchellchester Joelview Downsville Richardhaven Tammychester Richardhaven Downsville Williammouth Haasville Williammouth Downsville Joelview Farmerside Ryanton Williamsmouth Johnstonmouth Williamsmouth Mcdonaldmouth Adkinsfurt Mcdonaldmouth Williamsmouth Ryanton Farmerside Gabriellabury Murphyberg Hendersonchester Murphyberg Gabriellabury Courtneyfurt Gabriellabury Farmerside Ralphtown Stricklandbury Tylermouth Stricklandbury Ralphtown Garciaport Charlesburgh Garciaport Ralphtown Farmerside Joelview Hernandezville
27
Kellyfort Kellyfort Tinatown Pittsland
Crystaltown Crystaltown Johnsontown
Tammychester Tammychester Rebeccaton
Thomasburgh Thomasburgh Johnsonmouth Sanchezland
Charlesburgh Angelaview Charlesburgh
Morenoside Amberfurt Johnport
Barbarachester Barbarachester Jonesberg
Hernandezville
Belindamouth Belindamouth
Kristinbury Allenberg Kristinbury
Donaldstad Thomastown Donaldstad
Courtneyfurt Contrerasland Morrisbury
Smithmouth Robertborough Smithmouth
Hendersonchester Hendersonchester
Wilsonburgh Josephton Wilsonburgh Harristown
Heathermouth Emilymouth
Martinton Martinton Brianland Deborahfort
Keithton Andrewland Keithton Aprilstad
Tylermouth Deanstad Tylermouth
Bradshawside Bradshawside Wandaside
Lopezview Lopezview Robertsfort
Haasville Haasville
Adkinsfurt Mcdonaldmouth Adkinsfurt
Huynhton Huynhton
Williamsville Williamsville
Johnstonmouth Johnstonmouth
Richardville Francesmouth Richardville
