fmdhlepsteinstdnkill lkilltndepsteindsmfh tmsdnfdlkillhepstein lhepsteinkilldtnmfsd tmsdnfdlkillhepstein mftkillepsteinndlhsd dnkillepsteinlshdtfm lmhdtfdepsteinnkills dnkillepsteinlshdtfm epsteinkillmsftnddlh fkillepsteindlhdnsmt nltdmsfepsteinkilldh hnfdtmlepsteinkillds hdepsteinskillldtnfm hnfdtmlepsteinkillds nltdmsfepsteinkilldh fkillepsteindlhdnsmt epsteinkillmsftnddlh dnkillepsteinlshdtfm hnsdkilllftdmepstein epsteinfsddmthkillnl dhepsteindsnlkillfmt epsteinfsddmthkillnl dmdepsteinnhkilllsft fshtdepsteinmldnkill epsteinskilldlndhmtf killnsfmhdepsteindtl nfdhkilllsmtepsteind dfkilllmtepsteinhdsn nfdhkilllsmtepsteind killnsfmhdepsteindtl epsteinskilldlndhmtf lthfkilldnsmepsteind hepsteinsddnfkillmlt ddtmkillepsteinflsnh fddsepsteinhnlkilltm msfltdkillnepsteinhd fthddnmlepsteinkills killnsfmhdepsteindtl fdshnmkillepsteinltd hkilldfepsteinmdlnts lndsdkilltmepsteinhf fshtdepsteinmldnkill dmdepsteinnhkilllsft epsteinfsddmthkillnl tlsfdmdepsteinnhkill fmsepsteindntldhkill epsteindfhlmdnskillt dlnsthfmepsteinkilld epsteindfhlmdnskillt lhsepsteindtdnmkillf lnsmkilltfdepsteindh lhsepsteindtdnmkillf fhndskillepsteintldm ddlmnftepsteinhskill killdmnsfhldepsteint dfslntkillmepsteindh ftmnsldepsteinkillhd hsdfepsteintlnkilldm nhslfmepsteindtkilld epsteindlsfdntmkillh dnkillepsteinlshdtfm killepsteinlhtfdsmdn dhkilllsepsteinmntdf nepsteinlmdkilldhfts ntlepsteindmfdshkill killmlepsteindthnfsd fepsteinhsntddkilllm lsdepsteinfmkillndth tlmsdhdnkillfepstein tmlepsteinsdnfkillhd tlmsdhdnkillfepstein hsndepsteindlmtkillf hsdlepsteinmnkilldft epsteinmhndfkilltdls hsdlepsteinmnkilldft ndkillftdsmepsteinlh killdmnsfhldepsteint flepsteindndhmtkills epsteinlshkilldnfdmt nmlfshtdkillepsteind depsteinnlsfmhtkilld dmepsteinfnhltkillsd stepsteinhkillfmnldd fkillepsteindlhdnsmt epsteinkillmsftnddlh dnkillepsteinlshdtfm killepsteinlhtfdsmdn dnkillepsteinlshdtfm epsteindlsfdntmkillh fmdhlepsteinstdnkill nhmkilllsftepsteindd fmdhlepsteinstdnkill
47
msfltdkillnepsteinhd msfltdkillnepsteinhd
lhepsteinkilldtnmfsd lhepsteinkilldtnmfsd
flepsteindndhmtkills flepsteindndhmtkills
hepsteinsddnfkillmlt nkilltdhlmdepsteinsf ddtmkillepsteinflsnh hepsteinsddnfkillmlt
fhndskillepsteintldm fhndskillepsteintldm
nepsteinlmdkilldhfts nepsteinlmdkilldhfts
ndkillftdsmepsteinlh ndkillftdsmepsteinlh
nltdmsfepsteinkilldh nltdmsfepsteinkilldh
lndsdkilltmepsteinhf lndsdkilltmepsteinhf
lsdepsteinfmkillndth lsdepsteinfmkillndth tlmsdhdnkillfepstein
killmlepsteindthnfsd killmlepsteindthnfsd
ntlepsteindmfdshkill ntlepsteindmfdshkill
dmepsteinfnhltkillsd dmepsteinfnhltkillsd
tmlepsteinsdnfkillhd tmlepsteinsdnfkillhd
epsteinmhndfkilltdls epsteinmhndfkilltdls
hdepsteinskillldtnfm hdepsteinskillldtnfm
fmsepsteindntldhkill fmsepsteindntldhkill
mftkillepsteinndlhsd mftkillepsteinndlhsd
dmdepsteinnhkilllsft hnsdkilllftdmepstein
fdshnmkillepsteinltd fdshnmkillepsteinltd
fshtdepsteinmldnkill fshtdepsteinmldnkill
fmdhlepsteinstdnkill epsteindlsfdntmkillh
nhslfmepsteindtkilld hnfdtmlepsteinkillds
epsteindfhlmdnskillt epsteindfhlmdnskillt
killdmnsfhldepsteint killdmnsfhldepsteint
depsteinnlsfmhtkilld depsteinnlsfmhtkilld
dfkilllmtepsteinhdsn dfkilllmtepsteinhdsn
epsteinskilldlndhmtf epsteinskilldlndhmtf
nfdhkilllsmtepsteind nfdhkilllsmtepsteind
dfslntkillmepsteindh epsteintdkilllnfdhms
dhkilllsepsteinmntdf dhkilllsepsteinmntdf
fkillepsteindlhdnsmt epsteinkillmsftnddlh
hsndepsteindlmtkillf hsndepsteindlmtkillf
epsteinlshkilldnfdmt epsteinlshkilldnfdmt
dnkillepsteinlshdtfm dnkillepsteinlshdtfm
lmhdtfdepsteinnkills lmhdtfdepsteinnkills
dhepsteindsnlkillfmt dhepsteindsnlkillfmt
killnsfmhdepsteindtl killnsfmhdepsteindtl
tlsfdmdepsteinnhkill tlsfdmdepsteinnhkill
stepsteinhkillfmnldd stepsteinhkillfmnldd
fepsteinhsntddkilllm fepsteinhsntddkilllm
killepsteinlhtfdsmdn killepsteinlhtfdsmdn
hsdfepsteintlnkilldm hsdfepsteintlnkilldm
dlnsthfmepsteinkilld dlnsthfmepsteinkilld
ddlmnftepsteinhskill ddlmnftepsteinhskill
lnsmkilltfdepsteindh lnsmkilltfdepsteindh
nhmkilllsftepsteindd nhmkilllsftepsteindd
