CorpusChristi ElMonte Burbank Alexandria BonitaSprings Dallas Chattanooga CathedralCity Anaheim Champaign Clarksville Durham Chesapeake BatonRouge Augusta ClarkeCounty Clearwater Billings Danbury Chicago Bryan Canton Brownsville Buffalo BelAir Arvada Albuquerque Austin CostaMesa Detroit Asheville Akron ElPaso Cincinnati Amarillo AppleValley Chandler Birmingham CorpusChristi
32
Akron Akron ElPaso
Albuquerque Columbus Albuquerque
Alexandria Alexandria
Amarillo Amarillo
Anaheim Anaheim
Buffalo Bloomington Davenport Carrollton Deltona Elizabeth
AppleValley AppleValley
Chicago Bremerton Bridgeport Appleton Denton Chicago
Augusta Augusta
Arvada Arvada
Asheville Asheville
Canton Canton Charleston Columbia
Chattanooga Escondido Chattanooga
Austin Austin
Clearwater Clearwater Boulder
CostaMesa Beaumont
BelAir BelAir
Billings BoiseCity
BonitaSprings BonitaSprings
Brownsville Brownsville
Bryan Bryan
Burbank Denver
CorpusChristi Downey CapeCoral CorpusChristi
CathedralCity CathedralCity
Champaign Champaign Elkhart
Chandler Chandler
Cincinnati Cincinnati
ClarkeCounty DalyCity
Danbury Danbury ColoradoSprings
Dallas Dallas
Durham Durham
ElMonte ElMonte
