WNYCV FS0ES GAXPM QTZLJ EYREL KR27P B8UZ8 KR27P 42QVU 1ACIU XD7IR HHCET 65TK9 WH9QK XPFOM 7CXN0 YMTTJ P3DJ7 KB443 H8ZPW ULCTZ 2VG06 KRLTG 77EY5 2KYXC 5I6U4 XRQ65 9HVLF BMC9X ZA57Z HZ80H CUG55 MB70R TG5ZG UDC3C V11OW PQ40E 91RFG WJHGG H212X WJHGG 2FT0Z CHXFM GXYLV BO3AW XBRKQ URMBF HR8IA OE5TB EQWAL 1NBGE XDKMD F07YB QSI1X 1UWW5 UGOIO XTUSM K1ZSD WNYCV
47
XRQ65 XRQ65
OE5TB OE5TB
91RFG 91RFG
KB443 KB443
P3DJ7 1BUOS X2AM4
XPFOM XPFOM
BO3AW BO3AW
WNYCV F5YBY UUOP5 18R1B
GXYLV GXYLV
HR8IA HR8IA
ULCTZ ULCTZ
1NBGE 1NBGE
CUG55 CUG55
HHCET HHCET
7CXN0 7CXN0
EQWAL EQWAL
1ACIU 1ACIU
TG5ZG TG5ZG
QSI1X QSI1X
QTZLJ QTZLJ
77EY5 77EY5
5I6U4 5I6U4
UGOIO UGOIO
ZA57Z ZA57Z
2FT0Z 2FT0Z
GAXPM GAXPM
B8UZ8 B8UZ8
XDKMD XDKMD
XD7IR XD7IR
BMC9X BMC9X
9HVLF 9HVLF
YMTTJ YMTTJ
XBRKQ XBRKQ
H8ZPW H8ZPW
V11OW V11OW
K1ZSD K1ZSD
XTUSM XTUSM
KRLTG KRLTG
42QVU 42QVU
URMBF URMBF
1UWW5 1UWW5
EYREL EYREL
65TK9 65TK9
HZ80H HZ80H
H212X H212X
F07YB F07YB
2KYXC 2KYXC
