0 1 3 8 18 37 75 37 18 8 3 1 4 10 21 43 88 43 21 44 21 10 4 9 20 42 86 42 20 41 20 9 19 40 81 40 19 39 19 9 4 10 22 46 22 45 22 10 4 1 0 2 6 13 28 57 28 13 6 14 30 61 30 14 29 59 29 60 29 14 6 2 5 12 26 54 26 12 25 12 5 11 23 48 23 11 24 11 23 47 96 47 23 11 5 12 26 53 26 12 5 2 6 13 27 13 6 2 0 1 3 7 15 31 15 32 15 7 16 34 16 33 68 33 16 7 3 8 17 36 17 35 72 35 71 35 17 36 74 36 17 8 18 38 18 8 3 1 0
37
21 87
33 67
20 85
48 97 98
14 62
32 65 66
40 82
45 91 92
24 50 99
25 51 52
27 56 55
28 58
31 64 63
34 69 70
36 73
37 76
38 77 78
39 80 79
41 83 84
44 89 90
46 93 94
47 95
53 53
54 54
57 57
59 59
60 60
61 61
68 68
71 71
72 72
74 74
75 75
81 81
86 86
88 88
96 96
