1 96 71 35 92 84 43 84 92 35 71 96 1 4 2 98 83 87 91 97 0 95 94 72 86 22 45 64 45 27 29 39 40 18 73 30 23 28 31 50 32 26 41 19 36 37 65 12 8 13 14 33 20 11 9 17 21 25 10 3 5 7 5 3 10 25 21 17 9 11 20 33 14 13 8 12 65 37 36 19 41 26 32 50 31 28 23 30 73 18 40 39 29 27 45 54 44 16 80 78 76 89 88 24 67 75 81 49 34 49 53 49 81 82 81 49 38 57 61 57 38 49 52 49 81 67 81 69 62 81 68 81 66 58 60 81 49 74 49 70 49 55 49 81 63 81 49 56 49 59 49 81 90 81 67 24 88 24 88 89 76 78 80 16 44 99 44 16 85 16 80 16 44 42 45 22 86 72 94 72 86 22 45 22 86 72 94 95 0 97 91 87 83 98 2 4 1
42
7 6 7
43 15
16 16
20 20
24 24
34 34
36 36
38 38
42 42 46 47 48 51
44 44
45 45
49 49
52 52
53 53
54 54
55 55
56 56
61 57 61 77 79
58 58
59 59
60 60
62 62
63 63
64 64
66 66
67 67
68 68
69 69
70 70
74 74
75 75
76 76
78 78
80 80
81 81
82 82
85 85
88 88
89 89
90 90
94 94
99 99
