Soda MainStacks Hertz GBC Blackwell Morgan Doe Mulford GoldenStatePark Stephans LakeMerrit Unit1 TheRoof MLK Haas MemorialStadium Wellman Sproul Unit2 BWW RSF Foothill BC Wheeler Unit3 ClarkKerr Barrows Soda
26
Doe Doe
Wheeler Wheeler
Stephans Stephans
Haas Haas
Hertz Hertz
Barrows Barrows
RSF RSF
Sproul Sproul
GBC GBC
MLK MLK
BWW BWW
MemorialStadium MemorialStadium
MainStacks MainStacks
Morgan Morgan
Mulford Mulford
Wellman Wellman
Unit1 Unit1
Unit2 Unit2
Unit3 Unit3
Blackwell Blackwell
BC BC
Foothill Foothill
ClarkKerr ClarkKerr
LakeMerrit LakeMerrit
GoldenStatePark GoldenStatePark
TheRoof TheRoof
