2 78 19 47 58 94 35 25 6 51 8 18 20 34 61 69 42 69 60 0 60 69 42 28 37 99 72 5 72 7 6 50 77 13 83 22 88 56 74 87 41 70 17 70 59 64 24 89 30 89 96 84 78 1 78 79 16 79 81 3 81 79 78 72 62 66 49 15 10 44 38 43 63 78 14 29 11 23 18 8 51 6 98 6 25 41 65 41 87 6 7 84 96 84 2
39
0 0 60
1 1
2 67
3 81 3
88 88 83 4
5 5
87 41
72 72 7
18 71
10 10
11 11
13 13
14 86 14
16 16 40 76
17 17 70
20 34
23 23
24 24 31
25 25
28 28
29 29
30 30
35 35
38 44 38
42 42
47 47
50 50
58 58
59 59
61 61
62 62
63 63
65 65
66 66
69 69
74 74
94 94
96 96
98 98
