A29 A5 A79 A65 A7 A13 A97 A18 A47 A18 A81 A28 A40 A89 A85 A12 A93 A99 A93 A85 A3 A54 A65 A32 A14 A32 A16 A55 A42 A55 A5 A72 A19 A73 A69 A73 A19 A26 A30 A6 A88 A6 A88 A1 A88 A6 A35 A96 A35 A82 A75 A21 A39 A4 A91 A4 A31 A49 A30 A6 A15 A38 A70 A71 A10 A48 A43 A52 A67 A29
35
A1 A60
A7 A2 A90 A68 A77
A3 A3 A85
A31 A51 A31
A29 A27 A29
A6 A6
A81 A34
A96 A96 A35
A10 A10
A12 A59 A12 A53
A13 A13
A14 A92 A14
A15 A15
A16 A16
A18 A18
A19 A95
A26 A26
A28 A28
A30 A30
A32 A32
A52 A67 A36 A52
A38 A38
A39 A39
A42 A55
A91 A91
A47 A66 A47
A54 A65 A54
A69 A73 A69
A72 A72
A75 A82
A79 A79
A88 A88
A89 A89
A97 A97
A99 A99
