DZA ALB ARE DNK ARE DNK DJI DMA HND GNB GLP BGR BEL BDI BMU BWA COG GTM GUY CUB CYP CZE CXR CYM GRD GUM GUY GRC BRA BEN BRA BLM BFA BGD BRB CAN BVT CAF CMR HKG CMR EGY ESH ECU FRO GEO FSM ASM DOM AUS EGY GAB FIN AFG ABW AFG FIN GIB DZA
30
HND HND
GUM GRD HMD GNQ
HKG HKG
CAN BRB CHE COD CAN
GRC GRC
GLP GLP
GAB FLK FIN AND
FSM ERI GHA FSM
GEO GEO
FRO FRA GBR FRO
ECU ECU
DOM BHS DOM
DNK DNK CUW
DJI DJI
CXR CYM CXR
CZE CZE
CUB CUB
COG COG
CMR CCK
CAF CAF
BVT BVT
BEL BRN BDI
BLM BLM BES BFA BLR
BGD BGD
BEN BEN
AUS AUS
ASM ATA ATF
ALB ARG ALB
ARE ARE
ABW ABW
