9b0f0f4ded15491691bd 6546adf352d74e64b1d9 5cce412248b74953bcf8 6c2d42b6b644452fbba1 e2caa88e503f4129b613 3f0f5ffb79ce42f4a325 885e825ee7fa47d0bf37 e2caa88e503f4129b613 eb960e815dd14fd6bd07 e2caa88e503f4129b613 7a033f26eda14b709d28 2e7ecbbb3b3e47dc8d96 6e23fc10d23841e89222 bcedb61dc02748cd9d61 7b57359ca242406bb373 2343f68f1ed74a6f8567 28b1f9c8d4d24d81bc6d 0823afbd07bf45febe21 bcb1ec18982a4bb0815b b989f75f3cac48bfbf34 b5e22237f3c14773b553 17afab496b7b4f7fb1eb 0921b2d036264a09b57e 7b57359ca242406bb373 d1176523a57843768e69 b645cb0bc92b4d92bdf9 97b46a2d8ead45d98077 8a3bd04ca9844f3486da 85d65d4df3204859a6e4 4083eeebbfb942a38987 c5365df821314eeb9891 76c1c57d82ff45aebedc d3ae567eea5a44939b43 f69f6451080d4570851d 9ff40c0a1bef41898f25 3023407343b546268275 ddfff2b50dff43868057 f4d7e89ec3164c95942e 3023407343b546268275 f69f6451080d4570851d 8b72f079974a49c7aa40 9fe71c55e3ae49ae8b15 edbe0486385943b583ca 465a9fdfbe7e43bf9d6e c0e69339ecae4efdb4d8 d41ce53800e74a0f849b 18bb444e17894062aa31 26bbebd3e4264edd8081 cbdeaac599ea4917bf3b c88b4673ce3d49c6908f bab9aa2939444af1b896 c0fd362b334d43189c08 44b317edac764442b4cd cc612a917319427a804f e70b11887ef14bce9075 c65ed76062154b0ab868 8234739fe11c4c58939e 9b0f0f4ded15491691bd
44
d3ae567eea5a44939b43 d3ae567eea5a44939b43
3f0f5ffb79ce42f4a325 e2caa88e503f4129b613 3f0f5ffb79ce42f4a325
f4d7e89ec3164c95942e f4d7e89ec3164c95942e
5cce412248b74953bcf8 be5b9781cabc47a78aac
bab9aa2939444af1b896 3404f2452daa4f839b9b bab9aa2939444af1b896
2e7ecbbb3b3e47dc8d96 2e7ecbbb3b3e47dc8d96
c88b4673ce3d49c6908f c88b4673ce3d49c6908f
8234739fe11c4c58939e 8234739fe11c4c58939e 1bcf747e9b5643a184fc 2bc5c3c02de447469b45
c0fd362b334d43189c08 c0fd362b334d43189c08
85d65d4df3204859a6e4 85d65d4df3204859a6e4
b989f75f3cac48bfbf34 b989f75f3cac48bfbf34
b645cb0bc92b4d92bdf9 97b46a2d8ead45d98077 b645cb0bc92b4d92bdf9
26bbebd3e4264edd8081 26bbebd3e4264edd8081
465a9fdfbe7e43bf9d6e 465a9fdfbe7e43bf9d6e
f69f6451080d4570851d f69f6451080d4570851d
7a033f26eda14b709d28 7a033f26eda14b709d28
7b57359ca242406bb373 7b57359ca242406bb373
885e825ee7fa47d0bf37 885e825ee7fa47d0bf37
6546adf352d74e64b1d9 e3f0a7bd5aa342ac9fe9
c65ed76062154b0ab868 c65ed76062154b0ab868
ddfff2b50dff43868057 ddfff2b50dff43868057
0823afbd07bf45febe21 0823afbd07bf45febe21
2343f68f1ed74a6f8567 2343f68f1ed74a6f8567
edbe0486385943b583ca d6b027921ae340ac8c4c
28b1f9c8d4d24d81bc6d 28b1f9c8d4d24d81bc6d
cbdeaac599ea4917bf3b bef459c8a1f84af3a3a9 cbdeaac599ea4917bf3b
e70b11887ef14bce9075 e70b11887ef14bce9075
c5365df821314eeb9891 c5365df821314eeb9891
bcedb61dc02748cd9d61 bcedb61dc02748cd9d61
8a3bd04ca9844f3486da 8a3bd04ca9844f3486da
17afab496b7b4f7fb1eb 339edeefe40f47f4abbe
4083eeebbfb942a38987 4083eeebbfb942a38987
18bb444e17894062aa31 18bb444e17894062aa31
6c2d42b6b644452fbba1 6c2d42b6b644452fbba1
9ff40c0a1bef41898f25 9ff40c0a1bef41898f25
cc612a917319427a804f cc612a917319427a804f
bcb1ec18982a4bb0815b bcb1ec18982a4bb0815b
d41ce53800e74a0f849b d41ce53800e74a0f849b
8b72f079974a49c7aa40 8b72f079974a49c7aa40
b5e22237f3c14773b553 b5e22237f3c14773b553
eb960e815dd14fd6bd07 eb960e815dd14fd6bd07
9b0f0f4ded15491691bd 9b0f0f4ded15491691bd
c0e69339ecae4efdb4d8 c0e69339ecae4efdb4d8
0921b2d036264a09b57e 0921b2d036264a09b57e
