Wurster Moses Visitor Hilgard Goldman Spieker Kleeberger Barrows Raleigh Oregon Simpson Hazardous Nevada Juneau Idaho Vermont Alabama Florida Gilman North Chan Tennessee Maxwell Montgomery Cory Pitzer Honolulu Frank Silver Sutardja Optometry McLaughlin Observatory Indianapolis Pennsylvania Massachusetts Hesse Stanley Sather Blackwell Parking Anthony Class Moffitt Brain Boston Simon Recreational California Wurster
49
Wurster Wurster
Barrows Barrows
Class Class
Simon Simon
Hilgard Hilgard
Hesse Hesse
Visitor Visitor
Alabama Alabama
Montgomery Montgomery
Tennessee Tennessee
Kleeberger Kleeberger
Goldman Goldman
Moses Moses
Recreational Recreational
California California
Moffitt Moffitt
Blackwell Blackwell
Boston Boston Salem
Indianapolis Indianapolis
Brain Brain
Massachusetts Massachusetts
Spieker Spieker
Honolulu Honolulu
Maxwell Maxwell
Optometry Optometry
Raleigh Raleigh
Juneau Juneau
Observatory Observatory
Pennsylvania Pennsylvania
Parking Parking
Vermont Vermont
McLaughlin McLaughlin
Frank Frank
Pitzer Pitzer
Oregon Oregon
Stanley Stanley
Hazardous Hazardous
Chan Chan
Sutardja Sutardja
Idaho Idaho
Anthony Anthony
Simpson Simpson
Cory Cory
Gilman Gilman
Sather Sather
Florida Florida
North North
Nevada Nevada
Silver Silver
