LeonieHill TuasBay TanglinHalt MandaiEstate Lavender SerangoonGarden Lavender NorthCoast LoyangEast ChoaChuKangCentral Yishun Phillip BishanEast AnchorvaleBuangkok MandaiWest BukitBatokCentral MandaiWest YioChuKang AnchorvaleBuangkok KallangWay Semakau WesternIslands PasirPanjang2 TanjongRhu PasirPanjang2 Springleaf YuhuaWestBoonLay Victoria Sentosa Clementi Novena Townsville Woodgrove ChangiWest AirportRoad ClementiCentral YishunCentral PunggolTownCentre TampinesWest Novena SingaporePolytechnic ClarkeQuay SungeiRoad ClarkeQuay KampongGlam FarrerPark GreenwoodPark Guilin GreenwoodPark Trafalgar Seletar Ridout Gombak MonksHill Outram Sennett SembawangSprings Kranji JurongWestCentral NeeSoon OrangeGrove DefuIndustrialPark OrangeGrove NeeSoon Shipyard NeeSoon Shipyard KampongUbi SungeiKadut ChangiPoint LeonieHill
48
TanjongRhu PasirPanjang2
YioChuKang Boulevard YioChuKang
SungeiRoad SungeiRoad
FarrerPark FarrerPark
NorthCoast NorthCoast
Townsville Townsville
KallangWay KallangWay
Shipyard Shipyard
Yishun Yishun
Sennett Sennett Outram
NeeSoon NeeSoon
Victoria Victoria
LeonieHill
PunggolTownCentre PunggolTownCentre
JurongWestCentral JurongWestCentral
Novena Novena
Ridout Ridout
Guilin Guilin
DefuIndustrialPark DefuIndustrialPark
Springleaf Springleaf
SingaporePolytechnic SingaporePolytechnic
Gombak ConeyIsland
KampongGlam KampongGlam
TuasBay TuasBay
OrangeGrove Tyersall OrangeGrove
MonksHill MonksHill
SembawangSprings SembawangSprings
ChoaChuKangCentral ChoaChuKangCentral
SerangoonGarden SerangoonGarden
Phillip Phillip
Trafalgar Trafalgar
ChangiWest ChangiWest
Semakau Semakau
SungeiKadut SungeiKadut
Woodgrove Woodgrove
AirportRoad AirportRoad
ClementiCentral ClementiCentral
MandaiWest MandaiWest
TanglinHalt TanglinHalt
Kranji Kranji
TampinesWest TampinesWest
GreenwoodPark GreenwoodPark
BishanEast BishanEast
YuhuaWestBoonLay YuhuaWestBoonLay
BukitBatokCentral BukitBatokCentral
Sentosa Sentosa
AnchorvaleBuangkok AnchorvaleBuangkok
LoyangEast LoyangEast
