Qwilfish Tropius Scatterbug Crawdaunt Woobat Escavalier Weepinbell Zekrom Wailord Tauros Swadloon Tauros Kakuna Treecko Seaking Nincada Shellos Nincada Comfey Nincada Noibat Skiddo Skorupi Magnemite Amoonguss Lotad Drapion Vullaby Volcarona Magmar Volcarona Steenee Metang Crawdaunt Porygon2 Meloetta Inkay Vespiquen Shellder Bastiodon Whismur Bounsweet Gengar Munna Seaking Honedge Scatterbug Taillow Scatterbug Dewpider Froakie Drampa Sandile Metapod Weezing Plusle Jumpluff Stufful Conkeldurr Stufful Jumpluff Steenee Metang Slurpuff Inkay Meloetta Sandile Simisear Sandile Drampa Qwilfish
50
Qwilfish Qwilfish
Simisear Simisear
Drapion Drapion
Meloetta Meloetta
Volcarona Volcarona
Slurpuff Slurpuff
Skiddo Skiddo
Sandile Sandile
Magmar Magmar
Metang Metang
Taillow Taillow
Porygon2 Porygon2
Drampa Drampa
Noibat Noibat
Lotad Lotad
Scatterbug Scatterbug
Vullaby Vullaby
Inkay Inkay
Steenee Steenee
Skorupi Skorupi
Shellos Shellos
Metapod Metapod
Crawdaunt Crawdaunt
Froakie Froakie
Nincada Nincada
Gengar Gengar
Honedge Honedge
Amoonguss Amoonguss
Jumpluff Jumpluff
Vespiquen Vespiquen
Munna Munna
Kakuna Kakuna
Magnemite Magnemite
Whismur Whismur
Weezing Weezing
Woobat Woobat
Comfey Comfey
Bounsweet Bounsweet
Seaking Seaking
Tauros Tauros
Weepinbell Weepinbell
Stufful Stufful
Shellder Shellder
Plusle Plusle
Treecko Treecko
Swadloon Swadloon
Bastiodon Bastiodon
Wailord Wailord
Escavalier Escavalier
Conkeldurr Conkeldurr
