Myrtle Abilene Hartford Cedar Brownsville Bradenton Deltona Cary Champaign Barnstable Mobile Lorain Muskegon Huntington Plen Corpus Miramar Kissimmee Dallas Alexandria Leominster Erie Huntsville Montgomery Baltimore Merced Houma Cathedral Bridgeport GreenBay Chicago Davidson Macon Harlingen Moreno Nashua Aribel Grays Lansing Bloomington Medford Kansas Joliet Hollywood Chandler Appleton Hemet Minneapolis Lexington Albuquerque Albany Myrtle
50
Champaign Champaign
Brownsville Brownsville
Huntington Huntington
Houma Houma
Cary Cary
Medford Medford
Chandler Chandler
Nashua Nashua
Bradenton Bradenton
Hartford Hartford
Harlingen Harlingen
Huntsville Huntsville
Chicago Chicago
Leominster Leominster
Lexington Lexington
Grays Grays
Erie Erie
Hollywood Hollywood
Corpus Corpus
Barnstable Barnstable
Muskegon Muskegon
Minneapolis Minneapolis
GreenBay GreenBay
Kansas Kansas
Deltona Deltona
Baltimore Baltimore
Cedar Cedar
Davidson Davidson
Dallas Dallas
Macon Macon
Aribel Aribel
Kissimmee Kissimmee
Alexandria Alexandria
Miramar Miramar
Appleton Appleton
Albany Albany
Abilene Abilene
Merced Merced
Bloomington Bloomington
Cathedral Cathedral
Plen Plen
Lansing Lansing
Montgomery Montgomery
Hemet Hemet
Bridgeport Bridgeport
Mobile Mobile
Albuquerque Albuquerque
Lorain Lorain
Joliet Joliet
Moreno Moreno
