Soda DurantHall Campanile EastGate BoaltHall CyclotronRd BirgeHall BlumHall BlackwellHall EshlemanHall BrainImagingCenter BerkeleyWayWest VLSB AlumniHouse DoeMemorialLibrary BarkerHall BanwayBldg EdwardsStadium BarrowLane Cory EtcheverryHall BancroftLibrary CampbellHall EastAsianLibrary CNMAT CaliforniaHall ChanShunAuditorium DonnerLab CheitHall BotanicalGarden BARTStation BarrowsHall EvansDiamond BerkeleyArtMuseum AnthonyHall ChouHall ClarkKerrCampus CalvinLaboratory DavisHall Dwinelle CareerCenter Soda
40
AlumniHouse AlumniHouse
AnthonyHall AnthonyHall
BancroftLibrary BancroftLibrary
BanwayBldg BanwayBldg
BarkerHall BarkerHall
BarrowLane BarrowLane
BarrowsHall BarrowsHall
BARTStation BARTStation
BerkeleyArtMuseum BerkeleyArtMuseum
BerkeleyWayWest BerkeleyWayWest
BirgeHall BirgeHall
BlackwellHall BlackwellHall
BlumHall BlumHall
BoaltHall BoaltHall
BotanicalGarden BotanicalGarden
BrainImagingCenter BrainImagingCenter
EastAsianLibrary EastAsianLibrary
CaliforniaHall CaliforniaHall
CalvinLaboratory CalvinLaboratory
Campanile Campanile
CampbellHall CampbellHall
CareerCenter CareerCenter
ChanShunAuditorium ChanShunAuditorium
VLSB VLSB
CheitHall CheitHall
ChouHall ChouHall
ClarkKerrCampus ClarkKerrCampus
CNMAT CNMAT
Cory Cory
CyclotronRd CyclotronRd
DavisHall DavisHall
DoeMemorialLibrary DoeMemorialLibrary
DonnerLab DonnerLab
DurantHall DurantHall
Dwinelle Dwinelle
EastGate EastGate
EdwardsStadium EdwardsStadium
EshlemanHall EshlemanHall
EtcheverryHall EtcheverryHall
EvansDiamond EvansDiamond
