McLaughlinHall WarrenHall EastAsianStudiesInst EvansDiamond PublicAffairsOfficeo RecreationalSportsFa SeniorHall BerkeleyArtMuseumand Romeos ResidentialStudentSe BancroftParkingStruc Library ZellerbachHall FacultyGlade MagnesCollectionofJe InsectaryGreenhouse AnnaHeadAlumnaeHall WitterRugbyField Unit3ResidentHall LegendsAquaticCenter WomensFacultyClub GiauqueHall EshlemanHall JonesChildStudyCente CNMAT1750ArchSt SpiekerAquaticsCompl LevineFrickeSoftball StrawberryCanyonRecr CampusSharedServices StephensHall UCBerkeleyExtension GoldmanSchool GianniniHall SimpsonCenterforStud HertzHall McLaughlinHall
35
McLaughlinHall McLaughlinHall DurantHall KroeberHall HasteStreetChildDeve BotanicalGarden CareerCenter MoffittLibrary EtcheverryHall SamsPad RedwoodGroveBotanica VisitorCenter MathematicalSciences EnergyBiosciencesBui GrinnellNaturalArea
BancroftParkingStruc BancroftParkingStruc
SimpsonCenterforStud SimpsonCenterforStud
WarrenHall WarrenHall
LevineFrickeSoftball LevineFrickeSoftball
EastAsianStudiesInst EastAsianStudiesInst
Library Library
CampusSharedServices CampusSharedServices
HertzHall HertzHall
EvansDiamond EvansDiamond
SeniorHall SeniorHall
GiauqueHall GiauqueHall
LegendsAquaticCenter LegendsAquaticCenter
UCBerkeleyExtension UCBerkeleyExtension
Unit3ResidentHall Unit3ResidentHall
EshlemanHall EshlemanHall
FacultyGlade FacultyGlade
GianniniHall GianniniHall
StephensHall StephensHall
CNMAT1750ArchSt CNMAT1750ArchSt
ResidentialStudentSe ResidentialStudentSe
InsectaryGreenhouse InsectaryGreenhouse
BerkeleyArtMuseumand BerkeleyArtMuseumand
WitterRugbyField WitterRugbyField
GoldmanSchool GoldmanSchool
WomensFacultyClub WomensFacultyClub
MagnesCollectionofJe MagnesCollectionofJe
StrawberryCanyonRecr StrawberryCanyonRecr
RecreationalSportsFa RecreationalSportsFa
SpiekerAquaticsCompl SpiekerAquaticsCompl
JonesChildStudyCente JonesChildStudyCente
PublicAffairsOfficeo PublicAffairsOfficeo
Romeos Romeos
ZellerbachHall ZellerbachHall
AnnaHeadAlumnaeHall AnnaHeadAlumnaeHall
