Pantheon Akali Heimerdinger BountyHunter Skarner Anivia Bard Maokai LoneDruid Oracle Phoenix ArcWarden Ahri Xerath Malphite Tailyah Lucian Bristleback KogMaw CrystalMaiden Bard Spectre Ezreal Nunu TrollWarlord Shyvana Jhin Galio CentaurWarrunner WraithKing Jax Lux SpiritBreaker Draven Jinx Morgana Magnus NightStalker Rumble Talon Ziggs Ashe Kled Lich ChaosKnight Slark Jayce Tiny Disruptor MasterYi Pantheon
49
MasterYi MasterYi
Tailyah Tailyah
Ahri Ahri
Galio Galio
Phoenix Phoenix
Spectre Spectre
Ezreal Ezreal
KogMaw KogMaw
Jayce Jayce
Morgana Morgana
TrollWarlord TrollWarlord
Oracle Oracle
Jax Jax
Shyvana Shyvana
Akali Akali
Malphite Malphite
Anivia Anivia
Bristleback Bristleback
Skarner Skarner
Bard Bard
SpiritBreaker SpiritBreaker
Slark Slark
Lich Lich
CrystalMaiden CrystalMaiden
ArcWarden ArcWarden
Ashe Ashe
Kled Kled
Magnus Magnus
Maokai Maokai
Nunu Nunu
BountyHunter BountyHunter
Rumble Rumble
Jinx Jinx
Lucian Lucian
Xerath Xerath
CentaurWarrunner CentaurWarrunner
Disruptor Disruptor
Heimerdinger Heimerdinger
Tiny Tiny
ChaosKnight ChaosKnight
Lux Lux
Jhin Jhin
Draven Draven
Ziggs Ziggs
WraithKing WraithKing
Talon Talon
NightStalker NightStalker
LoneDruid LoneDruid
Pantheon
