location1 location57 location43 location42 location52 location40 location51 location31 location14 location56 location94 location100 location99 location46 location60 location23 location44 location47 location32 location91 location11 location74 location50 location8 location48 location66 location2 location54 location53 location19 location10 location6 location89 location75 location78 location35 location1
36
location1 location90 location38
location2 location2
location60 location3 location77 location72
location6 location6
location43 location43 location83
location8 location8
location75 location9 location75 location21
location10 location17 location10 location49
location11 location30
location14 location79 location80
location19 location19 location36 location29 location71
location23 location23
location31 location31
location32 location32
location35 location35
location40 location40
location42 location42 location59
location44 location44
location100 location45
location46 location46
location47 location47
location48 location48
location50 location58
location51 location51
location52 location52
location53 location53
location54 location54
location56 location56
location57 location57 location95
location66 location66
location74 location74
location78 location78
location89 location89
location91 location91
location94 location94
location99 location99
