Liam Isaiah Joseph Mateo Alexander Mason Ezra Thomas Ezra Michael Jaxson Logan William Elijah Adrian Cooper Jayden Adam Ian Henry Ian Robert Daniel Robert Adam Julian Dylan Owen Jose Sawyer John Sawyer Benjamin Carter Ayden Ethan Brayden Samuel Brayden Adam Chase Evan Josiah Eli Jackson Eli Wyatt Eli Lucas Noah Luke Asher Jordan Jacob Jordan Nicholas Theodore David Sebastian Mateo Joseph Isaiah Liam
26
Liam Liam
Noah Noah
William Aiden William Logan
Thomas James
Carter Benjamin Carter
Mason Mason
Elijah Elijah
Eli Oliver
Jacob Jacob
Lucas Lucas
Michael Michael
Alexander Alexander
Ethan Ethan
Daniel Daniel
Cooper Matthew
Henry Henry
Joseph Joseph
Jackson Jackson
Samuel Samuel
David Sebastian David
Wyatt Wyatt
Adam Jayden
John John
Owen Owen
Dylan Dylan
Luke Luke
