LOC16 LOC18 LOC15 LOC9 LOC85 LOC9 LOC33 LOC44 LOC96 LOC44 LOC62 LOC89 LOC31 LOC61 LOC48 LOC56 LOC98 LOC56 LOC48 LOC54 LOC61 LOC90 LOC20 LOC90 LOC34 LOC12 LOC34 LOC37 LOC82 LOC28 LOC82 LOC37 LOC46 LOC15 LOC18 LOC83 LOC57 LOC83 LOC18 LOC15 LOC46 LOC25 LOC59 LOC25 LOC59 LOC99 LOC73 LOC51 LOC3 LOC51 LOC36 LOC0 LOC97 LOC6 LOC70 LOC87 LOC29 LOC78 LOC32 LOC4 LOC26 LOC95 LOC80 LOC45 LOC79 LOC45 LOC50 LOC53 LOC52 LOC79 LOC45 LOC63 LOC47 LOC17 LOC91 LOC43 LOC0 LOC23 LOC56 LOC48 LOC22 LOC1 LOC16
43
LOC3 LOC3
LOC4 LOC4
LOC9 LOC9
LOC12 LOC81 LOC12
LOC15 LOC15
LOC16
LOC17 LOC17
LOC18 LOC18
LOC20 LOC20
LOC22 LOC22
LOC23 LOC23
LOC25 LOC25
LOC26 LOC26
LOC28 LOC82 LOC28
LOC29 LOC29
LOC31 LOC31
LOC33 LOC33
LOC36 LOC36
LOC37 LOC37
LOC43 LOC43
LOC45 LOC45
LOC46 LOC46
LOC47 LOC47
LOC50 LOC50
LOC52 LOC52
LOC53 LOC53
LOC54 LOC61
LOC56 LOC56
LOC57 LOC57
LOC59 LOC59
LOC62 LOC62
LOC70 LOC70
LOC73 LOC73
LOC78 LOC78
LOC79 LOC79
LOC85 LOC85
LOC89 LOC89
LOC90 LOC90
LOC95 LOC95
LOC96 LOC96
LOC97 LOC97
LOC98 LOC98
LOC99 LOC99
