zero five twelve nineteen twentysix thirtythree forty fortyseven fiftyfour sixtyone sixtyeight seventyfive seventyfour eightyone eightyeight ninetyfive ninetysix eightynine eightyeight eightyseven eightysix eightyfive ninetyone eightyfour eightythree eightytwo eightyone eighty seventynine seventyeight eightyfour seventyseven seventyone seventyseven seventy sixtynine sixtyeight sixtyseven sixtysix sixtyfive sixtyfour seventy sixtynine sixtytwo sixtyone sixty fiftynine fiftyeight fiftyseven sixtythree sixtytwo fiftyfive fiftyfour fiftythree fiftytwo fiftyone fifty fiftysix fiftyfive fortyeight fortyseven fortysix fortyfive fortyfour fortyfive fortysix thirtynine thirtyeight thirtyseven thirtysix fortytwo thirtyfive thirtyfour thirtythree thirtytwo thirtyone thirty twentynine thirty thirtyone thirtytwo twentyfive twentyfour twentythree twentytwo twentyeight twentyseven twenty twentyone fifteen twentyone fourteen thirteen twelve eleven ten three zero six five four three two zero
50
two two
three three
four four
five five
six six
ten ten
twelve twelve
fourteen fourteen
fifteen fifteen
twenty twenty
twentytwo twentytwo
twentyfour twentyfour
twentyfive twentyfive
twentynine twentynine
thirty thirty
thirtythree thirtythree
thirtyfour thirtyfour
thirtyfive thirtyfive
thirtysix thirtysix
thirtyseven thirtyseven
thirtynine thirtynine
fortyfour fortyfour
fortyfive fortyfive
fortyseven fortyseven
fortyeight fortyeight
fifty fifty
fiftyone fiftyone
fiftythree fiftythree
fiftyfive fiftyfive
fiftyseven fiftyseven
sixty sixty
sixtyone sixtyone
sixtytwo sixtytwo
sixtyfive sixtyfive
sixtysix sixtysix
sixtyseven sixtyseven
sixtyeight sixtyeight
seventy seventy
seventyone seventyone
seventyfive seventyfive
seventyseven seventyseven
seventyeight seventyeight
seventynine seventynine
eightyone eightyone
eightytwo eightytwo
eightyfour eightyfour
eightyseven eightyseven
eightyeight eightyeight
eightynine eightynine
ninetyfive ninetyfive
