188645 7E5598 AFF8D1 E09D29 C98FE7 31D332 DD2694 31D332 B86446 8D0852 D443EB 0801CC 19FFAB 0801CC 9B0EC2 B3243F A5CCB5 B3243F 628AB2 B3243F E0E349 800641 35FF16 825884 48C2D5 24CE25 0D7DE7 E954F7 EDC0CA EF4D57 B7B073 A7E9D9 B7B073 657F93 0D7DE7 467AB7 7BF2B5 FD1783 994F93 DBDC9A 94D700 3ADA02 D5356A 3ADA02 94D700 DBDC9A A5CCB5 35FF16 500783 298FDD 35F60D AA8E14 D04F40 9B9BDD 2F1AB5 FA567E 2F1AB5 07D80A 143B88 567883 0FBCDC 0A5C0E 0FBCDC 84EBFF B3243F E0E349 2C101C CB09C0 7A7E10 FF8D45 ACB11D D01E6B ACB11D 724A76 29B2A4 EC05F7 539A92 7E18E9 673B36 C0766C 7E5598 C0766C CEAE00 0FB66D 188645
45
AA8E14 AA8E14
567883 6D778A 44716B
A7E9D9 A7E9D9
2F1AB5 9B9BDD
7BF2B5 37F745 784F83
FA567E B833F0
D5356A D5356A 3ADA02
0A5C0E 0FBCDC 0A5C0E
B3243F 1276AF
C98FE7 C98FE7
188645 188645
07D80A 07D80A
DBDC9A DBDC9A
DD2694 DD2694
628AB2 628AB2
D443EB D443EB D7CAF9
539A92 539A92
994F93 994F93
FD1783 FD1783
CB09C0 CB09C0
94D700 94D700
EF4D57 EF4D57
800641 800641
724A76 724A76
84EBFF 84EBFF
48C2D5 48C2D5
D04F40 D04F40
7E5598 3B1041
E954F7 E954F7
29B2A4 29B2A4
7E18E9 7E18E9
AFF8D1 AFF8D1
8D0852 8D0852
9B0EC2 9B0EC2
A5CCB5 A5CCB5
B86446 4FBDE1
B7B073 B7B073
E09D29 E09D29
D01E6B D01E6B
2C101C 2C101C
467AB7 467AB7
500783 500783
19FFAB 19FFAB
FF8D45 FF8D45
0FB66D 0FB66D
