maintenance version photo rock feature average woman salad competition wife future price obligation depression complaint war income marketing contract movie beer role church property driver sister object bread volume philosophy description reputation focus selection sign action economy resolution example career cause context style rate chest account day inspection population difficulty maintenance
50
maintenance maintenance
future future
description description
sign sign
career career
church church
obligation obligation
volume volume
reputation reputation
chest chest
cause cause
role role
income income
version version
philosophy philosophy
difficulty difficulty
contract contract
depression depression
war war
inspection inspection
movie movie
bread bread
salad salad
property property
selection selection
feature feature
day day
wife wife
price price
action action
marketing marketing
photo photo
account account
resolution resolution
beer beer
sister sister
woman woman
context context
complaint complaint
competition competition
driver driver
economy economy
rate rate
average average
focus focus
style style
population population
object object
example example
rock rock
