Wheeler Evans Morrison Hertz Kroeber Lewis Greek Morrison Evans Latimer Stanley Latimer Etcheverry Soda Sather Barker Sather OCF Sather Soda Moffitt Soda Cheit Normandy Kresge Davis Hearst Warren WayWest GBC Anthony HearstAnnex Unit1 Faculty Haas Faculty FSM Baker McCone CKerr McCone Baker CZ Baker McCone BigC Pavilion Simons Koja LaNote Simons Pavilion BigC McCone Baker FSM Faculty Unit1 HearstAnnex Stephens South McLaughlin Memorial IHouse Memorial Haviland Koshland Stonefire Minor Maxwell MemorialStadium Maxwell Minor Memorial Haviland Campbell LeConte Campanile Doe Wheeler Sproul Wheeler Dwinelle Wheeler
26
Greek Jacobs Bechtel
Stanley Foothill
Wheeler Birge
Moffitt Moffitt Etcheverry
MemorialStadium Hargrove
Kroeber Morrison Boalt Kroeber
Haas Stonefire Haas
Stephens Moses
Dwinelle Dwinelle
Koshland RSF
IHouse IHouse
Memorial McLaughlin
Sproul Sproul
Anthony Anthony
Sather Martinez Unit3
Cheit Cheit
Barker Barker
OCF OCF
WayWest Warren Metropolitan
Davis Cloyne Davis Hearst
Pavilion PeoplePark
Baker Baker
CKerr CKerr
CZ Fiji
Koja TriDelta Legends
LaNote Unit2
