0 50 54 50 53 58 73 58 53 50 52 56 65 56 52 56 66 56 67 56 52 50 0 45 42 40 42 5 13 5 0 45 21 44 26 48 27 48 10 70 10 31 20 31 33 42 45 0 23 25 55 61 55 63 55 62 55 25 11 25 15 25 2 25 55 60 55 64 90 64 93 64 90 32 29 23 25 14 25 19 25 37 25 55 51 50 54 59 54 50 0
36
33 33 39
2 2
10 10
11 11
29 41 12
13 49
14 14
15 35
19 19
20 20 31
21 21 45
23 23
25 25
26 26
27 48
32 32 34
37 37
40 40
42 42
52 52
54 54
55 55
66 97 66 98
58 74 71
59 59 77 78
60 60
61 83 84
62 62 87
63 63
64 92
65 96 94 95
67 67
70 70
73 73
90 90
93 93
