3 32 34 52 30 90 48 22 95 36 2 68 55 100 69 6 18 76 18 41 44 94 64 98 72 27 34 83 58 83 67 20 42 74 66 4 21 35 31 84 45 84 9 11 75 72 53 38 70 35 23 3 12 72 15 35 63 69 96 69 14 44 46 77 60 79 1 99 40 2 24 91 33 65 55 85 93 88 93 85 55 43 13 17 10 7 48 8 97 56 97 57 80 19 4 50 48 87 3
49
1 1
6 6
7 7
8 8
9 9
12 12
14 14
15 15
17 17
19 19
21 21
22 22
23 23
24 24
88 25
27 27
80 73 29
31 31
32 32
33 33
36 36
40 40
41 41
42 42
43 43
45 45
46 46
48 49
50 50
52 52
53 53
56 56
57 57
58 58
60 60
63 63
64 71
66 66
67 67
68 68
70 70
75 75
76 76
87 87
90 90
94 94
96 96
98 98
100 100
