Location0 Location45 Location12 Location8 Location1 Location28 Location38 Location30 Location23 Location17 Location37 Location24 Location14 Location15 Location26 Location10 Location21 Location2 Location52 Location32 Location39 Location20 Location5 Location16 Location18 Location46 Location58 Location46 Location59 Location33 Location7 Location22 Location7 Location13 Location6 Location38 Location36 Location40 Location11 Location35 Location4 Location34 Location0
28
Location0 Location27
Location1 Location1 Location28
Location2 Location2
Location58 Location3
Location4 Location4
Location20 Location9 Location29 Location20 Location5
Location6 Location6
Location7 Location7
Location8 Location8
Location10 Location10 Location26
Location40 Location40 Location11 Location19
Location12 Location12
Location52 Location32 Location25 Location13 Location37
Location14 Location14
Location15 Location15
Location16 Location16
Location17 Location17 Location23
Location18 Location18
Location21 Location21
Location22 Location22
Location24 Location24
Location30 Location30
Location59 Location33 Location31
Location34 Location41 Location34
Location35 Location35
Location36 Location36
Location38 Location38
Location39 Location39
