clod phonic Levitt mortgagee Hyde sagittal ambiguity blackberry walrus agronomy Saskatchewan phonic collateral phonic foxglove presto servicemen presto twirly mortgagee aide phonic Stratton lever Lethe scrounge pole mortgagee syllogistic Yankton Gloria mortgagee behalf sting pundit phonic bowline phonic disseminate presto Spaulding agronomy shriek lever onomatopoeia Yankton Kingsbury phonic callus phonic clod
25
callus callus
phonic stateroom sign decrease vicious bauble Barnet officious resurrect Dunbar axon linger spit furlough perennial Brooklyn abridge post cur Dunlap sneaky Illinois anchor ferrite coincide objector salmon
Kingsbury Kingsbury
onomatopoeia onomatopoeia
shriek shriek
Spaulding Spaulding
disseminate disseminate
bowline bowline
pundit pundit
behalf behalf
Gloria Gloria
syllogistic syllogistic
pole pole
Lethe Lethe
Stratton Stratton
aide aide
Levitt Levitt
twirly twirly
servicemen servicemen
foxglove foxglove
collateral collateral
Saskatchewan Saskatchewan
walrus walrus
ambiguity ambiguity
Hyde Hyde
