89 65 18 94 1 98 40 95 16 95 77 44 21 33 79 3 73 9 4 40 8 57 66 45 49 41 12 41 66 57 8 40 8 43 66 55 42 31 42 55 95 10 95 40 8 57 29 46 29 39 50 20 35 19 42 24 42 19 35 20 18 94 14 68 22 68 91 2 0 37 6 8 40 4 23 17 48 24 11 24 25 24 7 15 7 38 75 86 26 32 30 36 74 48 23 27 40 8 57 47 57 66 57 8 89
39
2 2 34 28
1 1
3 3
40 8 40 4
24 24 5 13
6 6
7 7
9 9
10 10
11 11
12 12
14 14
15 15
16 16
17 17 23
18 18
19 19
20 20
21 44 21
22 22
25 25
26 26
27 27
29 29
30 30
31 42 31
32 32
33 33
35 35
36 36
37 37
38 38
39 50 39
66 41 49
43 43
45 45
46 46
47 47
48 48
