myBc2oGXtwQIbhN8LZB1 itlYcr1HLIijK6IEih7d 1ZOzWuPMAgV9noIUn6fI 6yzFaM9N8M8BsjLACDds vDgQrJL5dinUbTXXnFI5 1xvTq3xEFTlQlaxDd2yR oTKjE2BVS0AvV4XvUeLk w5Yg5o0VnYd77fs4XPRL lRM59z2yUMoVl3kzgo9u bVCSBWLjvEmxQEUvDzc4 ac1xBQA0fTyrjmfkRJQN 7icmXpzpUEkwaV7qVEaJ lYkJhGqsFKbDklNelAfr GvRFaXYJvrU5PAeeG88T saIZq3FqZhdVPNoQWmqU ki0pv73E3TweydEr2xMN mZGLfn0jbLOpy4dRbGU2 m1eNgjuhkxodElFqqgdb wy0RiFWOddqgqdcatQ9A SUNxIlWVwIvWYg6OTKeH JBiXyXogbhO9RGLjMiRP K674cUKePzN7aRSq4iqU VThEkwdtHmaZ1zsmfh4s 69TQpRojisYUrVnWqBaA ZhHxBzOYsJAOHrqq4mZM o9aZyqilfPONdyLlpTRX KtbSULrz2h1IxsKP2DHz myBc2oGXtwQIbhN8LZB1
27
vDgQrJL5dinUbTXXnFI5 jy3jNWgqegakpFSv6gUm zWpsWJk9vbOt0JkC0vhz
6yzFaM9N8M8BsjLACDds 6yzFaM9N8M8BsjLACDds yAYyOcL4ZKdEiLdSPQJm
69TQpRojisYUrVnWqBaA 9OL9rFCWxsvkui0BnJrR q1ntlEPy5TkjTDK1N7QA 69TQpRojisYUrVnWqBaA
lRM59z2yUMoVl3kzgo9u lRM59z2yUMoVl3kzgo9u j2d1svPUTAqQIDPXwffl
mZGLfn0jbLOpy4dRbGU2 MrSQPZSbMdgYshneAfKf
itlYcr1HLIijK6IEih7d 4jo8IXw984NR3wvT2Dr9 FMx2ghinkTg3bXUUbaTx jHmvxfAZsjs2mCnHbbFf
ac1xBQA0fTyrjmfkRJQN 1GbSD7rTlpNb4qV46SKR X0l14s0sRXjXSeLRZLOJ
7icmXpzpUEkwaV7qVEaJ qz4O4bOhKA0YZxpN4mu9 C4VxHS7oWghMg001nCqT
myBc2oGXtwQIbhN8LZB1 fpPjeU3Q7Ml0oxbNnONE vy2boLWO2lxg10y7uS0y 6X2CNJieZ0I5rs3Wfu65
JBiXyXogbhO9RGLjMiRP fbJ1XhavEsRSCGVVB1U1 olDP1pNg8HxpvCq8TOIJ
K674cUKePzN7aRSq4iqU o53aRQwjhcCKlIFPSjvf jjCSZnB5168QDqTrFROq K674cUKePzN7aRSq4iqU
lYkJhGqsFKbDklNelAfr lYkJhGqsFKbDklNelAfr
1xvTq3xEFTlQlaxDd2yR e3j3O8zLHFaoF4L54lX4 5f6BSghRQWi4UfjviKjn
o9aZyqilfPONdyLlpTRX o9aZyqilfPONdyLlpTRX
bVCSBWLjvEmxQEUvDzc4 bVCSBWLjvEmxQEUvDzc4
wy0RiFWOddqgqdcatQ9A wy0RiFWOddqgqdcatQ9A
SUNxIlWVwIvWYg6OTKeH SUNxIlWVwIvWYg6OTKeH o2dWBGyrvosFrr6mKxkG
saIZq3FqZhdVPNoQWmqU saIZq3FqZhdVPNoQWmqU
KtbSULrz2h1IxsKP2DHz KtbSULrz2h1IxsKP2DHz UMmbOoOKP6EkLMuN70H3 RpB10dFWsUl9DC779n8X
VThEkwdtHmaZ1zsmfh4s LJTA7Za5kd0YC7vjiAyc uNXUIWejT1w4vLTe7QBt VThEkwdtHmaZ1zsmfh4s EY74ASuADSlYlDTJLkL6
1ZOzWuPMAgV9noIUn6fI nmetx4LmU9YBYTmghDrT 1ZOzWuPMAgV9noIUn6fI
oTKjE2BVS0AvV4XvUeLk oTKjE2BVS0AvV4XvUeLk
m1eNgjuhkxodElFqqgdb m1eNgjuhkxodElFqqgdb
ki0pv73E3TweydEr2xMN ki0pv73E3TweydEr2xMN
w5Yg5o0VnYd77fs4XPRL RBvtNZMBTgecfVkYzQF0 w5Yg5o0VnYd77fs4XPRL
ZhHxBzOYsJAOHrqq4mZM ZhHxBzOYsJAOHrqq4mZM
GvRFaXYJvrU5PAeeG88T GvRFaXYJvrU5PAeeG88T
