lQCi69J0eWVlNqqKnSXq 6WjkeAWWKDbY507hYxDN ivkDNojPLqpGb4cpDTON 2fRxkCAZVyHGHkq3Bl9E sNxtKpoSG9BFpERxjNr1 Ov5tQy1KeHsti8dfTOIQ EP0h2hGKZhLlRDvb1dHn TULA7h1TJjCcU7b7ewMK GzTC6SyDfi06snBYRanw Ov5tQy1KeHsti8dfTOIQ jsvSfTN8RLw8M7n8jb8D Ov5tQy1KeHsti8dfTOIQ yytanXsBcYsWB0S4zr6x 5j3nVbxEAEFTUe3GDbN0 z8GF8LystXVXiuprVyTh 5j3nVbxEAEFTUe3GDbN0 wlKpBtU5YVdE9Uq6V4z5 vnCWjVmMdmciaoCYnqW8 wlKpBtU5YVdE9Uq6V4z5 Ts2UPoejx7dwuInV9kms wlKpBtU5YVdE9Uq6V4z5 kdGczSrviM1C416w1kdh wlKpBtU5YVdE9Uq6V4z5 r3dhOjzNOGrPmQjmHU4D 5RtoZI2od7I5NUCXiQ20 r3dhOjzNOGrPmQjmHU4D HdqcKlipoTYMzJchffld GzTC6SyDfi06snBYRanw sC8YSc2m8uVyLGRtJAJm GzTC6SyDfi06snBYRanw 6WjkeAWWKDbY507hYxDN lQCi69J0eWVlNqqKnSXq
18
TULA7h1TJjCcU7b7ewMK pStp5oJ3mwz5HNV7VA81 XeZKiAoyYZL9P7yBThlM u4CAydwAhszp7tM3ILy0
2fRxkCAZVyHGHkq3Bl9E CR5QbErmAVyIHQJyDFi9 AeT8ezBVfSNgGpCCNvM1 zdGOEur0Se3VWD6mlq5H
Ov5tQy1KeHsti8dfTOIQ Rl9sd4PENsPVd55C9qNS sAR5WnnNshpkwOniAudb
vnCWjVmMdmciaoCYnqW8 vnCWjVmMdmciaoCYnqW8
GzTC6SyDfi06snBYRanw sX8C3CP6kza3VNKEcdNn tqCzeJHrHXSMuAlQdk95
sC8YSc2m8uVyLGRtJAJm sC8YSc2m8uVyLGRtJAJm
r3dhOjzNOGrPmQjmHU4D zbjpBk6LD1KcRmfqCimG ji2Hl3ZRuTNdz55QI9iS
EP0h2hGKZhLlRDvb1dHn lfvGd547iXhkHQ8AjYpO m3HnuJcMZr0UjXE6y0Yj Q6Q14vRaFSx82FDA8F9j
HdqcKlipoTYMzJchffld G1Ecvcz8fZufY9CV0J2K IR7mOQhWXsCDKM4Cc4wS h4lv4AWoIyOY4fsmP5xB
yytanXsBcYsWB0S4zr6x 0LTuG9BRd9b62kO39lM2 0jsnTC6pUdifVPvCGLLe TDEVUkFlcjUpqrP6Bynx
5j3nVbxEAEFTUe3GDbN0 76IyG9JBAhW2KiBt5QKY 9ZAwlDiWc0OkYVLdPP18
Ts2UPoejx7dwuInV9kms Ts2UPoejx7dwuInV9kms
z8GF8LystXVXiuprVyTh z8GF8LystXVXiuprVyTh
kdGczSrviM1C416w1kdh kdGczSrviM1C416w1kdh
ivkDNojPLqpGb4cpDTON yXTGXN4mJmD1MMnwU5DV V6XJoCUDWAqZklsSLeM6 aAHnKpmemgrMwy9POpn9
5RtoZI2od7I5NUCXiQ20 5RtoZI2od7I5NUCXiQ20
sNxtKpoSG9BFpERxjNr1 dSR37cF2irO0NLfFwZy0 NdzV8TNRFhnjMNZlaGI4 55xYloQMeVs9kVzx8cN5
jsvSfTN8RLw8M7n8jb8D jsvSfTN8RLw8M7n8jb8D
