Horse0 Whale59 Printer53 Mail88 Robot9 Ice32 Towel37 Dislike70 Water83 Websites81 Rollers48 Monster39 Leash27 Kitty14 Male84 Leash68 Water66 Book41 Whale22 Prints23 Ice10 Floppy63 Shelf25 Comics49 Dislike21 Shower15 Rollers34 Websites17 Leash89 Ice38 Settings5 Soda67 Cat13 Ring97 Allergies3 Towel16 Soda57 Breakfast19 Floppy64 Horse0
27
Horse0 Horse0 Breakfast74
Water66 Water66 Toilet20 Bird93 BBQ86
Comics49 Comics49 Dislike51 Post61 Plus62
Allergies3 Ring97 Flowers98 Allergies3 Towel35 Running77 Towel16 Solar58
Prints23 Allergies4 Ice30 Prints23
Settings5 Settings5
Leash27 Monster71 Monster39
Robot9 Mail88 Robot9
Ice10 Ice10
Whale59 Shower11 Whale59 Ring45
Cat13 Water52 Cat13
Kitty14 Kitty14
Shower15 Shower15
Websites17 Websites17 Rollers34
Floppy64 Breakfast19 Horse55
Whale22 Whale22
Shelf25 Shelf25 Bird82
Towel37 Towel37
Ice38 Ice38
Book41 Book41
Rollers48 Rollers48
Printer53 Printer53
Soda57 Soda57
Floppy63 Floppy63
Leash68 Leash68
Websites81 Websites81
Male84 Male84
