hutmk omjfc rlfxc yaxts ablxw vmgxh bquaw mzlsn ynfag qtmld iofdr lnfiu aeomh ejulp akxro ijvuq ywion bcrwj ijofp xeljy misyc lsnhz ugyls yzaje oscrv urlkt xintv coubd cursl fdciu zsehb tiyfv lcghr nhaik hopbn krhxf tejxc aqzce axmwy hutmk
37
aqzce aqzce
qtmld vczkh
fdciu xnysi
akxro gxdqt
misyc misyc
omjfc dowbf omjfc
oscrv oscrv
ywion ywion
nhaik mlfbi
ejulp otirh yiodb
cursl cursl tyuep
yzaje yzaje
yaxts yaxts
ynfag spuoi
krhxf qdzgs
aeomh aeomh
ijvuq ijvuq
ablxw ablxw
axmwy axmwy
rlfxc rlfxc
zsehb zsehb
iofdr ugamb
xintv xintv
hopbn hopbn
ijofp ijofp
tejxc tejxc
ugyls ugyls
mzlsn mzlsn
lnfiu lnfiu
vmgxh vmgxh
urlkt urlkt
bcrwj bcrwj
bquaw artvi
lcghr lcghr
coubd coubd
lsnhz lsnhz
xeljy xeljy
