Hayward SantaClara DalyCity NewBedford Aurora Tucson PalmBay Tucson PalmBay Modesto Hampton RichmondCounty Hampton Modesto Corona Waco Corona Modesto Corona Deltona Durham Bloomington Newark Burbank Chicago Burbank Danbury Atlanta Abilene GrandRapids Abilene Downey Abilene Atlanta Memphis Winston Tucson Bradenton Huntsville Yonkers Waterloo Springdale McHenry Springdale Allentown McAllen BelAir SaintLouis Harlingen SaintLouis BelAir York NewBedford SimiValley SaintPaul Bradenton Tucson Washington LakeCharles Washington Tucson SantaCruz Montgomery Topeka Omaha PuntaGorda Kennewick Barnstable Kennewick NewYorkCity Kennewick Hickory Winston Murrieta Tampa Murrieta Winston Hickory Charlotte Hickory Tyler Hickory Kennewick PuntaGorda Omaha Topeka Omaha PuntaGorda Omaha Topeka Montgomery ThousandOaks Asheville Durham Asheville CedarRapids Hayward
46
PuntaGorda PuntaGorda
Tyler Tyler
ThousandOaks ThousandOaks
PalmBay PalmBay
Tucson Tucson
Barnstable Barnstable
Yonkers Yonkers
Burbank Burbank
McHenry McHenry Torrance
Harlingen Harlingen
Charlotte Charlotte
Omaha Omaha
Topeka Topeka
Deltona Deltona
Danbury Danbury
Downey Downey
Asheville Asheville
McAllen McAllen
Chicago Chicago
GrandRapids GrandRapids
BelAir Monroe BelAir
Aurora Bakersfield Aurora
CedarRapids CedarRapids
LakeCharles LakeCharles
Bradenton Bradenton
RichmondCounty RichmondCounty
SantaCruz SantaCruz
Modesto Hampton Modesto
Hickory HuntingtonBeach Hickory
Huntsville Huntsville
NewYorkCity NewYorkCity
Tampa Tampa
Springdale Springdale
SantaClara SantaClara
Atlanta Atlanta
Durham Durham
Newark Newark
Memphis Memphis
Kennewick Kennewick
Bloomington Bloomington
NewBedford NewBedford
SaintPaul SaintPaul
York York
Waco Waco
Waterloo Waterloo
Hayward
