1efe0a 518f91 c845ed 8035d3 20ec85 9e3235 ab6081 bf7494 22c398 525361 98b7f9 ae5d4a 1c3716 ef9cce fc6ab6 d4f94d 83454a 9fb27b 22f6f5 1cb432 75b2ff bb4650 6d606b 7c84e0 363906 909532 5b1cb0 909532 6d8fd3 1aedf0 388a48 1aef1d e99176 ff448b e17800 c0df7c 444f08 d1ae8e ab3e86 bf356c 640320 bd00fb a8c421 a7b708 d36b6f 14a670 770b7a 9b8a2b 3efbbd f0977d f97d08 70d79e 390b11 1efe0a
34
6d8fd3 6d8fd3
1cb432 efb6f6 ccf3af
390b11 390b11
d1ae8e a3ccd4 d1ae8e 444f08
14a670 194181 770b7a
9b8a2b a4f7ab
525361 940b78 525361 e758e6 ae5d4a 1c3716
e17800 e17800 c0df7c
ff448b 22b74c ff448b
d36b6f d36b6f
ef9cce ef9cce
c845ed c845ed de59c9 b9fcab
5b1cb0 909532 5b1cb0
1efe0a 8035d3
640320 640320
f97d08 8903f8
83454a 83454a
6d606b 6d606b
bf7494 bf7494 ab6081 9e3235
fc6ab6 fc6ab6
70d79e 76bb8e
98b7f9 98b7f9
bf356c bf356c
a7b708 444533
bd00fb bd00fb 3c1987
d4f94d d4f94d
20ec85 20ec85
e99176 e99176
75b2ff 75b2ff
518f91 518f91
363906 363906
388a48 1aedf0
22f6f5 22f6f5
bb4650 bb4650
