MfdzFvsdGbvl BbyhqvohDUZK ymJllvoAiAsf dDFWxTbuPymh AMizjBPjmCZd SgyAcloZDNJV arcJTkwUqbUy MOpktZzuQRCH QHpWWcCYavdw pQCFwcmaYfTN uFHfCerNFIme VARFNCcqfgIc jBrNTBMPxyQD rrRAqFcoDYfk noaMakAlHdwq VyXrTLUcizAa pkzKsTORVYro UVLyMXgqTFaJ PvZWLvSzyZfH FCrKCfVsEsBk hLGIbMiwjPgd IHnRSACwPeSd EoEdLMroSPNp NlmuUUVQUbgI PQTqeEtJjrHq ZjfLZjjegWJT GemeldahvdVv mtRsLIzrlNLu BkcPMTugAswL DvRTDyBMOCbT deJmWrylVSGK TbekQRoKcInv RICmsRCgzRsB axLiuEEXvnsQ GuSSYBNHDbKE rVqgoVgUmLRB hCxjbMrSlUJQ DFscNnuMhxUC MLnLJmQHwuOS PUcvIgREsriS GKWfMfVZxbJi dFUHctNjrywb plKUVNXwKfVb PnbamVANEguC buqjmAINqGzN SojgLCNtJNvq tywOQDwDhjwZ QifLRRQkbeZy mFYKjQfCsRtT MkUBuIisCVpZ AGbRQRBgaOdX MfdzFvsdGbvl
50
VyXrTLUcizAa VyXrTLUcizAa
buqjmAINqGzN buqjmAINqGzN
tywOQDwDhjwZ tywOQDwDhjwZ
SgyAcloZDNJV SgyAcloZDNJV
dDFWxTbuPymh dDFWxTbuPymh
EoEdLMroSPNp EoEdLMroSPNp
pQCFwcmaYfTN pQCFwcmaYfTN
AGbRQRBgaOdX AGbRQRBgaOdX
NlmuUUVQUbgI NlmuUUVQUbgI
QifLRRQkbeZy QifLRRQkbeZy
ymJllvoAiAsf ymJllvoAiAsf
axLiuEEXvnsQ axLiuEEXvnsQ
SojgLCNtJNvq SojgLCNtJNvq
VARFNCcqfgIc VARFNCcqfgIc
mtRsLIzrlNLu mtRsLIzrlNLu
FCrKCfVsEsBk FCrKCfVsEsBk
PQTqeEtJjrHq PQTqeEtJjrHq
dFUHctNjrywb dFUHctNjrywb
PUcvIgREsriS PUcvIgREsriS
noaMakAlHdwq noaMakAlHdwq
DvRTDyBMOCbT DvRTDyBMOCbT
QHpWWcCYavdw QHpWWcCYavdw
MOpktZzuQRCH MOpktZzuQRCH
AMizjBPjmCZd AMizjBPjmCZd
RICmsRCgzRsB RICmsRCgzRsB
PnbamVANEguC PnbamVANEguC
jBrNTBMPxyQD jBrNTBMPxyQD
pkzKsTORVYro pkzKsTORVYro
ZjfLZjjegWJT ZjfLZjjegWJT
DFscNnuMhxUC DFscNnuMhxUC
hCxjbMrSlUJQ hCxjbMrSlUJQ
BbyhqvohDUZK BbyhqvohDUZK
uFHfCerNFIme uFHfCerNFIme
GemeldahvdVv GemeldahvdVv
TbekQRoKcInv TbekQRoKcInv
MkUBuIisCVpZ MkUBuIisCVpZ
hLGIbMiwjPgd hLGIbMiwjPgd
deJmWrylVSGK deJmWrylVSGK
PvZWLvSzyZfH PvZWLvSzyZfH
rVqgoVgUmLRB rVqgoVgUmLRB
UVLyMXgqTFaJ UVLyMXgqTFaJ
GuSSYBNHDbKE GuSSYBNHDbKE
rrRAqFcoDYfk rrRAqFcoDYfk
GKWfMfVZxbJi GKWfMfVZxbJi
IHnRSACwPeSd IHnRSACwPeSd
plKUVNXwKfVb plKUVNXwKfVb
BkcPMTugAswL BkcPMTugAswL
arcJTkwUqbUy arcJTkwUqbUy
mFYKjQfCsRtT mFYKjQfCsRtT
MLnLJmQHwuOS MLnLJmQHwuOS
