Soda C9 A7 A1 A7 B8 D1 B8 A7 C9 Soda A F M W M F A Soda C9 D5 D7 D4 C2 Soda A E P L V P E A Soda C2 D4 C3 D8 B9 C10 A7 C9 Soda A C I C A Soda C5 Soda A B S AB S N AA AP Y Z AB H B A Soda C9 A7 C9 Soda C5 E3 E4 C6 E8 E7 E6 B3 C7 B2 C5 Soda A D K AI AU AI AH AI T K D A Soda A5 A9 A4 A3 A8 B5 C1 D3 B7 A9 A5 Soda
34
A1 A1
A3 A3
A5 A5
A7 A7
A9 A9
C6 B1
E6 B3 E5
B5 B5
B7 B7
B9 B9 D9
C1 C1
C3 C3
C5 C5
C7 C7
C9 C9
D1 D1
D3 D3
D4 E1
D5 D5
D7 D7
E3 E3
E7 E7
H H
I AF J
L Q
N N
P P
T T
V AG
W AO AC
AB AB
AH AW
AP AP
AU AU AS
