a0 a86 a44 a51 a52 a49 a36 a93 a11 a14 a82 a75 a4 a38 a80 a73 a78 a35 a62 a13 a79 a26 a24 a91 a6 a17 a19 a71 a16 a98 a33 a65 a3 a5 a39 a23 a45 a94 a55 a0
39
a0 a0 a88
a33 a9
a3 a68
a4 a4
a5 a5
a6 a37
a44 a64 a34
a11 a87
a13 a13
a14 a14
a49 a56 a49 a15
a16 a53
a17 a17
a36 a36 a54
a19 a19
a39 a39
a78 a43 a76 a78 a60
a23 a30
a24 a24
a26 a26
a35 a35
a38 a38
a65 a65 a42 a70 a41
a45 a45
a51 a51
a52 a52
a55 a55
a62 a62
a71 a71
a73 a73
a75 a75
a79 a79
a80 a80
a82 a96
a86 a86
a91 a91
a93 a93
a94 a94
a98 a98
