ssp100 25 4 2 3 8 3 5 7 5 3 23 27 71 63 59 62 68 62 69 62 59 26 58 61 67 61 58 60 65 60 64 60 58 26 59 63 71 27 87 93 87 98 87 27 92 97 99 98 87 91 87 27 33 53 43 49 35 45 55 47 42 31 41 37 43 56 29 51 39 48 27 23 18 19 20 19 18 15 18 3 2 1 2 4 25 ssp100
36
15 12 15
19 22
20 20 21
1 1 2
ssp100 4
7 24
8 9 11 10
59 59
64 64 73
65 65 74
67 79
68 81 68
69 82
27 27
29 29
31 31
33 33
35 35
37 37
39 39
41 41
43 43
45 45
47 47
49 49
51 51
53 53
55 55
56 56
87 88
91 95 96
93 94 93 90
98 98
99 99
97 97
92 92
