Austin Melinda April Kyle Melissa Jonathan Joshua Steven Jordan Robert Cassandra Scott Paul John Debra Donald Rachel Rhonda Jeanette Jennifer Sean Natasha Ashley Patrick Hannah Dennis Walter Garrett Alex Amy Juan Paige Maxwell Gina Michael Ralph Victoria Robin Danielle Glenda Janet Daniel Sara Monique Kari Edward Mariah Elizabeth Mariah Eugene Elaine Jamie Austin
50
Victoria Victoria
John John
Debra Debra
Hannah Hannah
Elaine Elaine
Mariah Mariah
Eugene Eugene
Patrick Patrick
Joshua Joshua
Natasha Natasha
Walter Walter
Sara Sara
Gina Gina
Paul Paul
Daniel Daniel
Melissa Melissa
Kari Kari
Edward Edward
Jamie Jamie
Paige Paige
Robert Robert
Donald Donald
Janet Janet
Glenda Glenda
Amy Amy
Steven Steven
Maxwell Maxwell
Dennis Dennis
Danielle Danielle
Scott Scott
Michael Michael
Elizabeth Elizabeth
Sean Sean
Juan Juan
Rhonda Rhonda
Ralph Ralph
Garrett Garrett
Monique Monique
Alex Alex
Jonathan Jonathan
April April
Jennifer Jennifer
Cassandra Cassandra
Kyle Kyle
Ashley Ashley
Jordan Jordan
Melinda Melinda
Rachel Rachel
Robin Robin
Jeanette Jeanette
