Florges Vespiquen Weepinbell Persian Furfrou Scolipede Furfrou Shaymin Gastrodon Moltres Dusknoir Kricketot Genesect Dialga Zubat Manectric Bidoof Serperior Bouffalant Infernape Weavile Volbeat Flaaffy Omastar Flaaffy Hakamoo Druddigon Hippopotas Machoke Timburr Infernape Bouffalant Palossand Bidoof Celebi Hitmonlee Doublade Carracosta Snorlax Celesteela Tsareena Cradily Cherrim Toxapex Ralts Toxapex Aurorus Doublade Hitmonlee Yanmega Poliwrath Wailmer Primarina Wailmer Wormadam Bergmite Dialga Pichu Pidgey Sentret Purrloin Poliwag Purrloin Delibird Cascoon Caterpie Zapdos Shieldon Chansey Stufful Florges
42
Weepinbell Weepinbell
Carracosta Carracosta
Yanmega Yanmega
Purrloin Purrloin
Timburr Timburr
Poliwag Poliwag
Poliwrath Poliwrath
Celebi Celebi
Serperior Girafarig
Sentret Sentret
Snorlax Celesteela Togetic
Omastar Omastar
Furfrou Persian Bayleef
Pichu Pichu
Zapdos Zapdos
Ralts Ralts
Manectric Manectric
Druddigon Lillipup Machoke Hakamoo
Volbeat Buzzwole Volbeat
Moltres Moltres
Shaymin Shaymin
Chansey Tentacruel Regice
Bidoof Bidoof Piloswine
Gastrodon Gastrodon
Bouffalant Bouffalant
Infernape Infernape
Kricketot Kricketot
Primarina Wailmer Primarina
Stufful Stufful
Cherrim Cherrim
Delibird Delibird
Zubat Zubat
Dusknoir Dusknoir
Hitmonlee Hitmonlee
Bergmite Bergmite
Tsareena Tsareena
Dialga Dialga
Aurorus Aurorus
Cascoon Cascoon
Scolipede Scolipede
Wormadam Wormadam
Pidgey Bisharp
