19 21 60 15 50 9 92 9 50 9 35 9 80 36 17 12 31 65 31 12 73 72 0 26 85 68 95 33 62 99 34 54 97 96 17 36 40 45 10 45 40 45 58 25 58 59 58 55 13 39 13 51 11 66 11 71 23 52 68 88 57 14 63 82 24 91 28 15 33 8 69 53 69 8 29 63 14 11 71 89 76 89 71 11 5 46 61 41 7 43 44 64 19
44
0 0
39 32 1 13 39
5 5
7 7
9 80 9
10 10
11 11
12 12
15 15
17 17
23 23
24 24
25 25
26 26
28 28
29 29
33 33 90
34 34
35 35
36 36
40 40 45
41 41
43 43
44 44
46 46
50 50
51 51
53 53
54 54
55 55
58 58
59 59
60 60
61 61
63 63
65 65
66 70
72 72
76 76
85 85
88 88
92 92
95 95
99 99
