0 89 99 27 7 98 42 1 97 17 83 39 43 40 43 23 43 0 81 13 32 71 32 37 65 50 21 50 65 95 15 3 51 35 30 67 19 30 62 49 20 47 59 58 59 10 94 24 88 21 50 4 55 93 46 76 72 56 74 11 97 52 8 61 90 38 96 28 45 94 24 60 18 53 9 57 81 0
49
0 0
3 3
4 4
7 7
8 8
9 9
10 10
11 11
13 13
15 15
17 17
18 18
19 78
20 20
21 21
23 23
24 24
72 72 26
27 27
32 32
35 35
37 37
38 38
39 99
40 40
42 42
43 43
45 45
46 46
51 51
52 52
55 55
57 57
58 58
60 60
61 61
62 62
65 65
67 67
71 71
83 83
88 88
89 89
90 90
93 93
94 94
95 95
96 96
98 98
