1 50 35 87 97 2 93 50 74 91 28 5 21 86 43 80 50 58 50 84 50 42 30 65 50 4 78 50 54 45 33 50 18 50 61 50 31 50 99 37 51 50 92 50 44 50 79 50 8 50 83 50 67 71 20 50 63 50 29 50 64 85 32 50 17 81 45 95 40 50 66 50 38 50 0 62 50 49 50 19 50 46 50 1
50
0 0
2 2
4 4
5 5
8 8
17 17
18 18
19 19
20 20
21 21
28 28
29 29
31 31
32 32
33 33
35 35
37 37
38 38
40 40
42 42
44 44
46 46
49 49
51 51
54 54
58 58
61 61
62 62
63 63
64 64
65 65
66 66
67 67
71 71
74 74
78 78
79 79
80 80
81 81
83 83
84 84
85 85
86 86
87 87
91 91
92 92
93 93
95 95
97 97
99 99
