68 63 64 37 50 91 73 91 43 91 67 79 65 22 43 78 89 78 83 53 44 53 51 87 69 11 94 49 21 95 18 34 33 14 33 34 18 19 18 34 35 34 33 58 39 59 55 89 81 9 81 9 25 27 25 84 23 22 65 45 52 5 15 5 40 29 40 5 52 45 31 32 1 26 12 13 77 78 43 42 47 42 41 71 41 93 75 2 3 80 82 17 64 63 68
39
1 1
3 3
5 5
44 53 7
64 17 63
9 9
11 11 69
13 13
14 33
15 15
19 19
21 97 21
43 57 43 91 79
23 23
25 25
27 27
29 29
31 31
35 35
50 37
39 39
41 41
45 45
47 47
49 49
51 51
55 59 55
58 85
89 89 77 61
65 65
67 67
71 71
73 73
75 75
81 81
83 83
87 87
93 93
95 95
