Soda Canada Austria Aruba Central Angola American Colombia Falkland Comoros Egypt Argentina Fiji Bermuda Czech Belize Ethiopia Denmark Algeria Antigua China Guadeloupe Guyana Burkina Iceland Bouvet Botswana Guam Cambodia Cocos Cayman Djibouti Australia Czech United Azerbaijan Soda
25
United United
Cambodia Cambodia
Aruba Aruba
Argentina Argentina
Antigua Antigua
Guam Guam
Bermuda Bermuda
China China
Central Central
Australia Australia
Cocos Cocos
Angola Angola
Austria Austria
Bouvet Bouvet
Belize Belize
Czech Czech
Colombia Colombia
Fiji Fiji
Cayman Cayman
Denmark Denmark
Guyana Guyana
Guadeloupe Guadeloupe
Egypt Egypt
Botswana Botswana
Comoros Comoros
