Meckgue TheKrustyKrab Eggmanland LakeLaogai LeakyCauldron LakeLaogai Beldenn Grayburn Tartarus TheWaystoneInn TheArcanum Steeltown MysticRuins TheGodswood Sanlow Gotham Sanlow Yunkai Urubaen FlourishBlotts HorneaterPeaks Lorien TheHogsHead Larcbost Gizton EasternAirTemple BeyondtheWall TheBoilingRock TheVale EasternAirTemple Carvahall Winterfell Carvahall ThePrancingPony ZhaoFu RepublicCity Vexhollow Ademre SerpantsPass GooLagoon Keld Murkcairn Ellesmera Murkcairn Netherfort ShatteredPlains Braavos VaultofSouls Kinecardine EarthKingdom TheSpine ShatteredPlains KoralReef Omashu UtgardMountain Endor TheUniversity ShatteredPlains Meereen Dagobah TreeofTime RepublicCity TheEyrie Castamere TheFingers Meckgue
50
RepublicCity RepublicCity
LakeLaogai LakeLaogai
Gizton Gizton
TheWaystoneInn TheWaystoneInn
TreeofTime TreeofTime
Steeltown Steeltown
Lorien Lorien
ShatteredPlains ShatteredPlains
Braavos Braavos
Ademre Ademre
Dagobah Dagobah
Carvahall Carvahall
TheHogsHead TheHogsHead
KoralReef KoralReef
Meckgue Meckgue
Murkcairn Murkcairn
Tartarus Tartarus
Yunkai Yunkai
EarthKingdom EarthKingdom
Netherfort Netherfort
Sanlow Sanlow
TheVale TheVale
Keld Keld
ThePrancingPony ThePrancingPony
GooLagoon GooLagoon
Meereen Meereen
UtgardMountain UtgardMountain
Ellesmera Ellesmera
Urubaen Urubaen
FlourishBlotts FlourishBlotts
Grayburn Grayburn
LeakyCauldron LeakyCauldron
ZhaoFu ZhaoFu
Winterfell Winterfell
TheUniversity TheUniversity
BeyondtheWall BeyondtheWall
Larcbost Larcbost
EasternAirTemple EasternAirTemple
Beldenn Beldenn
TheBoilingRock TheBoilingRock
MysticRuins MysticRuins
TheGodswood TheGodswood
Gotham Gotham
Vexhollow Vexhollow
VaultofSouls VaultofSouls
TheArcanum TheArcanum
TheKrustyKrab TheKrustyKrab
Castamere Castamere
TheSpine TheSpine
Kinecardine Kinecardine
