1FoundersRock 43FacultyClub 64Blackwell 78RajProperties 71Hillegass 50Bridge 36CasaZimbabwe 52California 65Foothill 68SodaHall 73Wada 47SatherTower 80Oaktown 40Oaktown 37OtherCoop 31Hillegass 44HearstGreekTheatre 61Unit1 75ChanningBowdwitch 58NorthGate 79SanFransisco 45HearstMemorial 51HearstGymnasium 67InternationalHouse 42UniversityHouse 74Martinez 56Giannini 34Martinez 49SatherGate 41FoundersRock 39SanFransisco 70Stonefire 48Esplanade 32DeltaPhiEpsilon 55Hilgard 77OtherCoop 62Unit2 53Durant 35ChanningBowdwitch 60Ehrman 76CasaZimbabwe 46DoeLibrary 69VarsityBerkeley 63Unit3 66ClarkKerr 72DeltaPhiEpsilon 38RajProperties 54Wellman 59SouthHall 33Wada 57Wheeler 1FoundersRock
50
31Hillegass 31Hillegass
32DeltaPhiEpsilon 32DeltaPhiEpsilon
33Wada 33Wada
34Martinez 34Martinez
35ChanningBowdwitch 35ChanningBowdwitch
36CasaZimbabwe 36CasaZimbabwe
37OtherCoop 37OtherCoop
38RajProperties 38RajProperties
39SanFransisco 39SanFransisco
40Oaktown 40Oaktown
41FoundersRock 41FoundersRock
42UniversityHouse 42UniversityHouse
43FacultyClub 43FacultyClub
44HearstGreekTheatre 44HearstGreekTheatre
45HearstMemorial 45HearstMemorial
46DoeLibrary 46DoeLibrary
47SatherTower 47SatherTower
48Esplanade 48Esplanade
49SatherGate 49SatherGate
50Bridge 50Bridge
51HearstGymnasium 51HearstGymnasium
52California 52California
53Durant 53Durant
54Wellman 54Wellman
55Hilgard 55Hilgard
56Giannini 56Giannini
57Wheeler 57Wheeler
58NorthGate 58NorthGate
59SouthHall 59SouthHall
60Ehrman 60Ehrman
61Unit1 61Unit1
62Unit2 62Unit2
63Unit3 63Unit3
64Blackwell 64Blackwell
65Foothill 65Foothill
66ClarkKerr 66ClarkKerr
67InternationalHouse 67InternationalHouse
68SodaHall 68SodaHall
69VarsityBerkeley 69VarsityBerkeley
70Stonefire 70Stonefire
71Hillegass 71Hillegass
72DeltaPhiEpsilon 72DeltaPhiEpsilon
73Wada 73Wada
74Martinez 74Martinez
75ChanningBowdwitch 75ChanningBowdwitch
76CasaZimbabwe 76CasaZimbabwe
77OtherCoop 77OtherCoop
78RajProperties 78RajProperties
79SanFransisco 79SanFransisco
80Oaktown 80Oaktown
