369 1eb1 3327 73f2 cc9c 128af 9cde 13d25 13653 960c 84ff 221a 1408e 69b7 bb8f 2583 10d67 2fbe a047 14ac9 139bc 17df 11e74 bef8 a3b c933 ffc3 8bd1 b154 f8f1 1519b da40 6d20 c933 51d8 a719 e47b 4b06 b826 c261 7089 2c55 12546 9975 3d62 b4bd eeb6 369
38
b826 14e32 1476 110d0
a3b a3b
221a 221a da4 664e
11e74 4434
17df 121dd
1eb1 1eb1
2583 2583
bef8 4e6f
2c55 2c55 d005
2fbe 2fbe
3327 3327
10d67 d6d7 10d67
3d62 dda9
4b06 4b06
51d8 51d8
13653 13653 e7e4 10695 13d25
12546 62e5
69b7 69b7
6d20 6d20
73f2 11b0b
84ff 84ff
8bd1 8bd1
960c 960c
9cde 9cde
a047 a047
b4bd b4bd
bb8f d36e bb8f 14760
c261 c261
c933 c933
da40 da40
e47b e47b
eeb6 eeb6
f8f1 132ea
ffc3 ffc3
128af 128af
139bc 139bc
1408e 1408e
14ac9 14ac9
