node0 node17 node73 node98 node20 node62 node84 node34 node61 node51 node40 node75 node90 node46 node74 node80 node52 node94 node7 node42 node70 node79 node6 node82 node97 node45 node50 node46 node35 node29 node16 node78 node60 node54 node63 node99 node67 node5 node65 node5 node69 node57 node4 node76 node88 node83 node59 node0
32
node0 node93
node20 node98 node71
node76 node81 node76 node57 node87
node99 node64 node58 node99
node6 node55 node79
node7 node89
node70 node70
node83 node88 node59 node83
node46 node92
node60 node56 node60 node96
node73 node73 node85 node68 node77
node34 node66
node35 node72 node86
node40 node51 node53
node45 node97
node74 node74 node91 node95
node50 node50
node52 node52
node54 node54
node61 node61
node62 node62
node63 node63
node65 node65
node67 node67
node69 node69
node75 node75
node78 node78
node80 node80
node82 node82
node84 node84
node90 node90
node94 node94
