UMUCUTWAW OIPVAKF FVKLDY KAYADTT OMBFD QOHWG TCXWZV JJAQQ TNKNMUFI DQOPCH CJLYWOAQ JVYIBRJ ZSHRTZVKO RDTQTJB YNHRBC IZNSKNS GVNFQM VHLSP UENPUJ YFKIFTRS XJOXYWA KUUVZB EGEASKKIE USUVN TJFSEUB WEPDZ GUDSRTKLA MNWMWDXCQ VASGY RRFKVFYKR CNINRTR MWTSDF ELILXSR MHXHJGEF YPXLG PLYPQBTP ZPFHBWI AOWYQNAYA XWBHEYXJU TNSRRJCDD XGGIUBVDN ZLYFI CRSMUEPQG SUIOZK WRQUJ VHHVQ VSMLVXSP AWQOWSNYN ZFMGDWP JOWHZXTIA STQNQT UMUCUTWAW
50
CNINRTR CNINRTR
CJLYWOAQ CJLYWOAQ
WRQUJ WRQUJ
VASGY VASGY
KUUVZB KUUVZB
JOWHZXTIA JOWHZXTIA
YNHRBC YNHRBC
XWBHEYXJU XWBHEYXJU
RRFKVFYKR RRFKVFYKR
TNKNMUFI TNKNMUFI
TJFSEUB TJFSEUB
KAYADTT KAYADTT
XJOXYWA XJOXYWA
JVYIBRJ JVYIBRJ
GVNFQM GVNFQM
SUIOZK SUIOZK
AWQOWSNYN AWQOWSNYN
ZFMGDWP ZFMGDWP
YPXLG YPXLG
MHXHJGEF MHXHJGEF
ZSHRTZVKO ZSHRTZVKO
TNSRRJCDD TNSRRJCDD
TCXWZV TCXWZV
YFKIFTRS YFKIFTRS
VHLSP VHLSP
ZPFHBWI ZPFHBWI
XGGIUBVDN XGGIUBVDN
ZLYFI ZLYFI
RDTQTJB RDTQTJB
IZNSKNS IZNSKNS
STQNQT STQNQT
ELILXSR ELILXSR
CRSMUEPQG CRSMUEPQG
GUDSRTKLA GUDSRTKLA
UENPUJ UENPUJ
OMBFD OMBFD
QOHWG QOHWG
AOWYQNAYA AOWYQNAYA
WEPDZ WEPDZ
DQOPCH DQOPCH
USUVN USUVN
MNWMWDXCQ MNWMWDXCQ
VSMLVXSP VSMLVXSP
MWTSDF MWTSDF
EGEASKKIE EGEASKKIE
PLYPQBTP PLYPQBTP
VHHVQ VHHVQ
OIPVAKF OIPVAKF
FVKLDY FVKLDY
JJAQQ JJAQQ
