Building99 Building98 Building89 Building96 Building92 Building22 Building20 Building21 Building4 Building8 Building6 Building28 Building23 Building32 Building38 Building29 Building31 Building37 Building31 Building29 Building38 Building32 Building23 Building26 Building79 Building77 Building76 Building55 Building60 Building59 Building60 Building55 Building45 Building53 Building67 Building63 Building61 Building43 Building52 Building66 Building49 Building47 Building45 Building53 Building71 Building67 Building52 Building43 Building61 Building51 Building98 Building99
18
Building8 Building0 Building5 Building6 Building7 Building8 Building9
Building20 Building12 Building16 Building18 Building20 Building21
Building23 Building25 Building26 Building28 Building23
Building37 Building33 Building42 Building41 Building39
Building43 Building43
Building71 Building44 Building53 Building62 Building71
Building45 Building69
Building59 Building57 Building68
Building47 Building49 Building47
Building51 Building50 Building51 Building61
Building52 Building52
Building55 Building74 Building55
Building63 Building63
Building66 Building66
Building67 Building67
Building77 Building81 Building76
Building89 Building96 Building97 Building82 Building83 Building85 Building88 Building91 Building92 Building93 Building94
Building99
