a0 a17 a99 a2 a4 a98 a4 a2 a4 a88 a8 a41 a83 a41 a3 a50 a38 a5 a24 a5 a61 a60 a72 a32 a71 a15 a46 a15 a57 a6 a42 a6 a33 a30 a64 a44 a64 a47 a59 a11 a81 a26 a81 a11 a18 a1 a93 a1 a9 a28 a9 a48 a94 a23 a18 a11 a86 a11 a10 a7 a10 a11 a59 a74 a18 a1 a12 a68 a75 a65 a19 a0
30
a0 a65 a21 a97
a1 a80 a9 a18 a12
a2 a2 a43 a77
a3 a8 a56 a78
a5 a79
a6 a52 a55
a7 a37 a39
a11 a11 a59
a46 a82 a46
a17 a17 a99
a94 a51 a23 a53 a87 a94
a24 a73
a32 a25
a26 a81
a28 a28
a33 a33
a42 a42
a44 a44
a47 a47
a48 a48
a50 a50
a60 a60
a71 a71
a74 a74
a75 a75
a83 a90 a83
a86 a86
a88 a88
a93 a93
a98 a98
