aliquam viverra nec semper quis eu ornare sed suscipit eros quisque turpis imperdiet mi lectus lorem enim praesent condimentum nisi ultricies fames vitae ut consectetur mattis adipiscing et sagittis gravida cras habitant maecenas mauris porttitor malesuada platea senectus placerat congue habitasse cursus euismod vestibulum aliquam
44
aliquam
sagittis sagittis
semper semper
condimentum condimentum
mattis mattis
lectus lectus
vitae vitae
habitant habitant
senectus senectus
et et
malesuada malesuada
fames fames
turpis turpis
sed sed
ultricies ultricies
mi mi
quis quis
lorem lorem
consectetur consectetur
adipiscing adipiscing
praesent praesent
gravida gravida
cursus cursus
habitasse habitasse
platea platea
quisque quisque
mauris mauris
congue congue
nisi nisi
suscipit suscipit
maecenas maecenas
enim enim
ut ut
viverra viverra
cras cras
eu eu
placerat placerat
vestibulum vestibulum
eros eros
ornare ornare
imperdiet imperdiet
euismod euismod
porttitor porttitor
nec nec
