Gastre Coatzacoalcos Destrnik Triesen Polevskoy Channahon Branson Winters Clay Malolos Baicheng Woodinville Benha Caen Scranton Derby Cumming Pingtung Leo Coronel Bosilovo Maidenhead Daloa Sholapur Kindu Bell Bovec Kyrenia Kalgoorlie Dongola Visby Allahabad Sambava Charlestown Bungoma Absecon Aasiaat Luganville Gwadar Polatsk Forteau Hope Tukchi Taungoo Juliaca Narva Punakha Neryungri Chepes Scottsdale Cocieri Gastre
51
Allahabad Allahabad
Benha Benha
Cumming Cumming
Maidenhead Maidenhead
Kalgoorlie Kalgoorlie
Malolos Malolos
Bovec Bovec
Woodinville Woodinville
Tukchi Tukchi
Polevskoy Polevskoy
Scranton Scranton
Destrnik Destrnik
Charlestown Charlestown
Baicheng Baicheng
Clay Clay
Luganville Luganville
Coronel Coronel
Kindu Kindu
Chepes Chepes
Taungoo Taungoo
Channahon Channahon
Neryungri Neryungri
Narva Narva
Sambava Sambava
Winters Winters
Cocieri Cocieri
Kyrenia Kyrenia
Derby Derby
Visby Visby
Bosilovo Bosilovo
Dongola Dongola
Coatzacoalcos Coatzacoalcos
Bungoma Bungoma
Polatsk Polatsk
Aasiaat Aasiaat
Hope Hope
Branson Branson
Absecon Absecon
Gwadar Gwadar
Triesen Triesen
Juliaca Juliaca
Pingtung Pingtung
Scottsdale Scottsdale
Sholapur Sholapur
Daloa Daloa
Gastre
Bell Bell
Caen Caen
Punakha Punakha
Leo Leo
Forteau Forteau
