Soda Location46 Location26 Location46 Location95 Location60 Location37 Location42 Location92 Location23 Location80 Location11 Location7 Location44 Location48 Location1 Location34 Location76 Location17 Location76 Location74 Location57 Location9 Location57 Location2 Location45 Location39 Location45 Location17 Location56 Location94 Location29 Location94 Location79 Location72 Location41 Location72 Location91 Location10 Location33 Location82 Location22 Location20 Location31 Location58 Location77 Location58 Location67 Location93 Location48 Location16 Location62 Location5 Location62 Location66 Location32 Location12 Location3 Location54 Location28 Location63 Location38 Location63 Location70 Location35 Location70 Location63 Location81 Soda
34
Location26 Location0 Location26 Location46
Location1 Location1
Location2 Location2
Location3 Location3
Location5 Location5
Location7 Location7
Location9 Location9 Location57
Location10 Location10
Location12 Location12
Location16 Location16
Location17 Location17
Location20 Location20
Location23 Location23
Location28 Location28
Location29 Location29
Location31 Location31
Location32 Location32
Location35 Location35 Location70
Location38 Location38
Location39 Location45 Location39
Location41 Location72 Location41
Location42 Location42
Location44 Location44
Location56 Location56
Location58 Location58
Location66 Location66
Location74 Location74
Location76 Location76
Location77 Location77
Location79 Location79
Location80 Location80
Location82 Location82
Location93 Location93
Location94 Location94
