xjbms lpolv tykrt dzfkr bicnj ocgbu iddrb wnlug usrtf psudb bthif uzzfw xvefe lfceh bwgqu lkzxl beqlb lyixz nrtqp ydhop qkzwm kymjg yuayd bqgqy xecik bsuwt ejwkt vaeqh swhav xjbms
29
swhav ybgaf hwhxr llwzk fuume
wnlug wnlug
kymjg fxnnl wxnxi npvgp
tykrt tykrt kyaqs
nrtqp nrtqp
beqlb beqlb
lpolv lpolv
qkzwm itxfb
vaeqh vaeqh qkysn
xecik mbzzn xecik akegy fnhle impuz riwwe
lkzxl lkzxl
bicnj bicnj
usrtf usrtf uegez rnrnh czppi
bsuwt kvvqk nnnts xeikc bsuwt
dzfkr dzfkr
yuayd hstmf deoux
lyixz lyixz
bthif bthif
iddrb iddrb
ydhop ydhop
xjbms xjbms
ejwkt ejwkt
uzzfw uzzfw
lfceh lfceh
psudb psudb
bqgqy bqgqy yztko mrnvg
bwgqu bwgqu
ocgbu ocgbu
xvefe xvefe
