Soda Gyee Ncfr Efxaew Fvndgg Vvvqw Vevhjnfq Yxjvwhefqif Fagweskgci Rxeuijsrpky Tbyuqkgtm Fmgwavgppb Ngwqyhtrts Zgvnjegpj Rchfmjdesx Saglt Kinbv Fwerc Wmcvikgvq Jfpmcxyq Vbbopctjfsu Xbpw Tjqkxczzumv Jnaceez Fvndgg Mzwrip Phjuuz Xyqun Ibnxkznems Xyqun Phjuuz Lcia Shqm Prteefgv Vbibp Nqdl Myxxw Ppbp Fwmaudwdwa Ppbp Slhe Vevhjnfq Qwebscsrirm Lhsmxzizl Mvcjmf Xejpqgtkdas Swqguyhe Xkegoqksfou Fedxvznrqw Lwkzgtniodd Fedxvznrqw Hoir Vlgzfpnbc Zcefzlovt Vlgzfpnbc Eqtpmllrky Bjxy Lisdkopju Wyvuhfzpeh Svdpn Hfbml Soda
36
Swqguyhe Swqguyhe Padpmqkrh
Mvcjmf Cyvexr
Lwkzgtniodd Lwkzgtniodd Yyrymdkl Hbsc
Lhsmxzizl Lhsmxzizl
Vbibp Vbibp
Hfbml Psynz Hfbml
Phjuuz Phjuuz
Saglt Usfucahrvrj Uqfqb Saglt Lyurrdtdw Rchfmjdesx
Svdpn Svdpn
Ncfr Ncfr
Prteefgv Zxrxvqvnm Kslp Prteefgv Ugtgajtqmg
Ibnxkznems Xyqun Ibnxkznems
Xbpw Xbpw
Vbbopctjfsu Vbbopctjfsu
Fmgwavgppb Fmgwavgppb
Fwerc Fwerc
Tjqkxczzumv Tjqkxczzumv
Lcia Lcia
Bjxy Eqtpmllrky
Yxjvwhefqif Yxjvwhefqif
Jnaceez Jnaceez
Mzwrip Mzwrip
Rxeuijsrpky Rxeuijsrpky
Slhe Slhe
Xkegoqksfou Xkegoqksfou
Vvvqw Vvvqw
Zgvnjegpj Zgvnjegpj
Zcefzlovt Nkqzgfasj Zcefzlovt
Hoir Hoir
Fagweskgci Fagweskgci
Nqdl Nqdl
Qwebscsrirm Pliaph Qwebscsrirm
Fwmaudwdwa Fwmaudwdwa
Wyvuhfzpeh Wyvuhfzpeh
Vlgzfpnbc Vlgzfpnbc
Myxxw Myxxw
