USG POT FPK IRG DPP OKD QUA WRP GJX KND QFZ OJJ NMY VKQ BYF LYL TFP STN HOD CXW SJL IUT MBE DZD CMD STT IUL UQJ AKT OEK NRV TWC EMJ WRP VFE UWO WSF SCZ KHL KXU PST ZBM WIF DZG ZLI KJA BFD BJT XIG TIB RAI GIG EMI USG
50
QUA QUA
OEK OEK
KJA KJA
WSF WSF
DZG DZG
IUT IUT
VKQ VKQ
KND KND
BFD BFD
TIB TIB
NMY NMY
GIG GIG
KXU KXU
STT STT
TFP TFP
OKD OKD
ZLI ZLI
RAI RAI
HOD HOD
VFE VFE
FPK FPK
DZD DZD
ZBM ZBM
BYF BYF
STN STN
DPP DPP
MBE MBE
NRV NRV
CMD CMD
UQJ UQJ
WRP WRP
IRG IRG
QFZ QFZ
EMJ EMJ
SJL SJL
TWC TWC
SCZ SCZ
BJT BJT
GJX GJX
LYL LYL
EMI EMI
WIF WIF
KHL KHL
PST PST
OJJ OJJ
XIG XIG
UWO UWO
IUL IUL
AKT AKT
POT POT
