0 18 27 4 23 68 29 30 46 40 16 43 52 24 15 82 42 82 28 19 41 19 28 22 1 36 14 26 20 87 21 44 21 44 5 25 8 59 13 74 3 35 30 17 48 17 47 6 89 71 31 2 24 15 38 34 32 33 9 33 10 99 45 18 11 0 93 7 53 49 58 12 36 97 37 97 39 40 16 11 0
50
12 12
44 44
25 25
28 28
17 17
37 37
16 16
2 2
35 35
18 18
5 5
29 29
41 41
43 43
1 1
31 31
3 3
33 33
36 36
46 46
40 40
0 0
23 23
49 49
45 45
21 21
20 20
8 8
7 7
24 24
30 30
34 34
19 19
14 14
10 10
42 42
4 4
15 15
22 22
6 6
47 47
11 11
39 39
26 26
32 32
13 13
9 9
27 27
48 48
38 38
