Soda Hertz Campbell Koshland Stern Cory ClarkKerr MemorialStadium HearstFieldAnnex SproulPlaza Senior Dwinelle Etcheverry NorthGate Moses Boalt Haste MLK Morgan Cheit Blackwell McLaughlin HaasPavilion VLSB Foothill HearstMiningCircle Bowles Stanley Wheeler Simon Jacobs KrutchTheater BarkerHall Observatory Pitzer Hildebrand Giannini GreekTheatre McCone Bechtel Gilman LifeSciences Insectary EdwardsStadium DoeLibrary LeConte Soda
45
Bechtel Bechtel
Boalt Boalt
Cheit Cheit
Cory Cory
Dwinelle Dwinelle
Etcheverry Etcheverry
Giannini Giannini
GreekTheatre GreekTheatre
Haste Haste
HearstMiningCircle HearstMiningCircle
LifeSciences LifeSciences
McLaughlin McLaughlin
Jacobs Jacobs
KrutchTheater KrutchTheater
Hildebrand Hildebrand
MLK MLK
Moses Moses
Observatory Observatory
Senior Senior
SproulPlaza SproulPlaza
Stern Stern
VLSB VLSB
Wheeler Wheeler
BarkerHall BarkerHall
Blackwell Blackwell
Campbell Campbell
Bowles Bowles
ClarkKerr ClarkKerr
DoeLibrary DoeLibrary
EdwardsStadium EdwardsStadium
Foothill Foothill
Gilman Gilman
HaasPavilion HaasPavilion
HearstFieldAnnex HearstFieldAnnex
Hertz Hertz
Insectary Insectary
Koshland Koshland
LeConte LeConte
McCone McCone
MemorialStadium MemorialStadium
Morgan Morgan
NorthGate NorthGate
Pitzer Pitzer
Simon Simon
Stanley Stanley
