f ll llllllll sss mmmm eeee yyyyyyy qqqqqqq vv pppppppp ggggg hhh mmmmmmmm wwww hhhh ttttt uu c p aaa vvvv qqqqqq w fffffff ffffffff v sssss ssssss lllll m qq f
31
sssss ssss
ll zzz ss uuuuu j
pppppppp iii nnnn ggg
wwww aaaaa wwww ff pp jjjj
mmmm a
w w
uu uu
v v
f xxx f
yyyyyyy xxxxxx
p p
eeee eeee
sss bbbbbbbb sss dddddddd
mmmmmmmm q rrrrrrrr
ttttt ttttt
qqqqqqq qqqqqqq jjjjjjj rrrrrr
vv wwwwwww s vv
ggggg ggggg
llllllll llllllll
m m z
qqqqqq qqqqqq
hhh hhh
c c
hhhh hhhh
vvvv vvvv
qq qq
ssssss ssssss llllll
lllll lllll
ffffffff ffffffff
fffffff fffffff
aaa aaa
