SueJosephGarza ThomasAnnieRuiz MariaChristopherCast PaulEvanRichard SueCourtneyOsgood LillieKathleenCervan AnnaKyleChang PhyllisJackWilson DonaldDoloresKelly IraJimmyYang FranciscoFrancesHarr JohnJoseJudd KevinHaroldCyr MelindaKennethAzar LucyBennyHaag AshleyWilliamClarke WilliamGeorgeWilliam NathanKevinCorathers JamesJaredGonzalez KennethShannonGardel CrystalShermanVida LeroySandraLewis BrianLuzArce LauraPhilipWinkler WilburnDavidMiller PatriciaBernardBrock JohnDustinKenny JessicaJohnSpells PamelaPageBullock ChristinaDanaGrant ElsieJosephPhelps MarianLuluDiaz OllieGeorgeSova BrianRolandAli PaulShaneSoldner DarnellAliciaPeters AlfredaKirstenMartin MaryLindaKirkland LuisHelenHughes KarenErmaJensen SueJosephGarza
40
SueJosephGarza
PamelaPageBullock PamelaPageBullock
LauraPhilipWinkler LauraPhilipWinkler
MaryLindaKirkland MaryLindaKirkland
IraJimmyYang IraJimmyYang
KarenErmaJensen KarenErmaJensen
ElsieJosephPhelps ElsieJosephPhelps
MariaChristopherCast MariaChristopherCast
FranciscoFrancesHarr FranciscoFrancesHarr
KevinHaroldCyr KevinHaroldCyr
BrianRolandAli BrianRolandAli
NathanKevinCorathers NathanKevinCorathers
LillieKathleenCervan LillieKathleenCervan
MelindaKennethAzar MelindaKennethAzar
ChristinaDanaGrant ChristinaDanaGrant
JessicaJohnSpells JessicaJohnSpells
PhyllisJackWilson PhyllisJackWilson
JohnJoseJudd JohnJoseJudd
AlfredaKirstenMartin AlfredaKirstenMartin
LeroySandraLewis LeroySandraLewis
ThomasAnnieRuiz ThomasAnnieRuiz
PaulEvanRichard PaulEvanRichard
WilliamGeorgeWilliam WilliamGeorgeWilliam
LucyBennyHaag LucyBennyHaag
CrystalShermanVida CrystalShermanVida
BrianLuzArce BrianLuzArce
JohnDustinKenny JohnDustinKenny
PatriciaBernardBrock PatriciaBernardBrock
LuisHelenHughes LuisHelenHughes
OllieGeorgeSova OllieGeorgeSova
WilburnDavidMiller WilburnDavidMiller
JamesJaredGonzalez JamesJaredGonzalez
KennethShannonGardel KennethShannonGardel
MarianLuluDiaz MarianLuluDiaz
DarnellAliciaPeters DarnellAliciaPeters
PaulShaneSoldner PaulShaneSoldner
SueCourtneyOsgood SueCourtneyOsgood
AnnaKyleChang AnnaKyleChang
DonaldDoloresKelly DonaldDoloresKelly
AshleyWilliamClarke AshleyWilliamClarke
