qgyqjgwlbh ajjekwybql hnnlwliezo gqulqjeire cddppqxsmb fdbzjhgcmh ysndikwwgh lreyglvdhx culutarzsm sthbsdqlwm ntlhpzyidk djtmyhmwnn bzcpozsody aruweadnpf kgewtltijq pcjmzanrrv sqlbmrxpwv kmwsevkfov stxmhuffri lhvohluplc ozyhcflvre sngqmldfxu bnfhxmjqzg nznsqwfoac somaaudaxm zjnjltvixw dzokhkbjld vvurcgizpo dzokhkbjld atkqvymdax rzgfaqookt gdtsmzpvig smlsmfgyxa hqvifzhbmo mrjqlvteat fnlmocuczk qgyqjgwlbh
30
aruweadnpf hpbkyqcejb yfvfzingng aruweadnpf
bzcpozsody bzcpozsody uyirsvqblu
atkqvymdax atkqvymdax
mrjqlvteat hyficezvgi
smlsmfgyxa smlsmfgyxa
gqulqjeire fwzkdpfinn czgfnbovhq gqulqjeire
bnfhxmjqzg feggaeevcb tdqzbpmftq bnfhxmjqzg
somaaudaxm somaaudaxm
ysndikwwgh tjcamfqmxd xpcqolcpnf ysndikwwgh
lreyglvdhx sgizgtdhhn
djtmyhmwnn wmeeitskjx djtmyhmwnn
lhvohluplc lpopityrof
rzgfaqookt rzgfaqookt
fdbzjhgcmh fdbzjhgcmh tvrzrioagg
sthbsdqlwm lgwqodunqt sthbsdqlwm
kgewtltijq kgewtltijq
dzokhkbjld hrbvyznkmd
hnnlwliezo iznialmand ajjekwybql wegckoctcp bvwklxlwsa npffaineub hnnlwliezo
cddppqxsmb cddppqxsmb qlieaqyzel
zjnjltvixw cynraykzum
fnlmocuczk fnlmocuczk
ntlhpzyidk ntlhpzyidk
kmwsevkfov kmwsevkfov
sngqmldfxu sngqmldfxu
culutarzsm culutarzsm
stxmhuffri stxmhuffri
gdtsmzpvig gdtsmzpvig
sqlbmrxpwv sqlbmrxpwv
hqvifzhbmo hqvifzhbmo
vvurcgizpo vvurcgizpo
