Soda Poppy Arch Anne Haviland Summit Mabel Spring Poplar Center Ajax Heinz Greenwood High Amador Fulton Florida Muir Cutter Bancroft Menlo Addison Shasta Acacia Garber Colusa Menlo Alvarado Keeler Bristol Hospital Bristol Sojourner Jones Bret Kenilworth Bret Comstock Spring Mabel Terrace Jones Buena Lewiston Edith Lewiston Eunice Marin Kentucky Bataan Bret Yolo Martin Yolo Soda
35
Addison Addison Shasta Byron Columbia
Ajax Ajax Forest
Eunice Allston Eunice
Anne Anne
Arch Arch
Cutter Cutter Bancroft
Bataan Bataan
Menlo Belrose Burnett Menlo
Center Haskell Bowditch Fresno
Greenwood Haste Heinz Greenwood
Bret Vermont Bret
Sojourner Bristol
Soda Browning
Buena Lewiston
Garber Colusa
Comstock Comstock
Acacia Domingo
Edith Edith
Florida Florida
Fulton Fulton
Haviland Haviland
High High
Keeler Pardee Keeler
Hospital Hospital
Kenilworth Kenilworth
Marin Marin Madera
Mabel Mabel
Martin Martin
Muir Muir
Alvarado Overlook
Poplar Poplar
Poppy Poppy
Spring Spring
Summit Summit
Terrace Terrace
