AZ DO BK DQ BK DV CD DV DC AE AN DM BY CN CR AV BP BT AL BT BP BX BP BC AP AJ CH CP CG BD BQ BD CL DA BI CO BW CC DG BL DG AA AK CK DG CV CZ BO BU CJ DB DF AF DF BE AZ BJ CW AI AR AM AS AO BM AX CY CT BU CJ AH BO DT BS DD DT AZ
48
AA AA DL
AE AE
AF AF
AH AH
AI AI
AJ AJ DE
AL AL
AN AN
AO AO
AR AR
AS AS
AV AV
AX AX
BD BD
BE BE
BI BI
BJ BJ
BK BK
BL BL
BO BO
BP BP
BQ BQ
BS BS
BU BU
BW BW
BX BX
CC CC
CD CD
CG CG
CJ CJ
CK CK
CL CL
CN CN
CO CO
CP CP
CR CR
CT CT
CV CV
CY CY
CZ CZ
DB DB
DC DC
DD DD
DM DM
DO DO
DQ DQ
DT DT
DV DV
