Warfield Chilbury Brackcompwang Chilbury Hammenshead Cicombe Todtree Cannerthorne Soddlewick Falport Botherseyworth Falport Pendlewood Faldinghead Ketport Ashfield Sundlerensford Worberbrook Bothingney Horstlescompstoke Suddlecombe Cambingstoke Wyborne Chedberdon Suddleover Chedtree Burglebrough Chedtree Siringwang Chedtree Burglebrough Sudsmith Elmansham Skelling Basringney Suddlecombe Chippingsted Suddlecombe Ellingreham Suddlecombe Cambingstoke Wyborne Cammerrensmoor Stainbrough Ciditch Northall Ciditch Chedderrenswich Southbasport Elcompbridge Chiphead Shaftfield Dribbingworth Bastleseyham Dribbingworth Leatherbleside Dribbingworth Worhall Dribblewick Windling Millendon Windling Dribblewick Skellingden Barndberbrough Worhall Suddleborne Skelling Hammerringey Chelmstanwell Pendingbrook Ketsmith Ashfield Hannenmanswick Ashborne Tipwick Ashborne Hannenmanswick Ashborne Tipwick Cannerthorne Warfield
43
Ciditch Stainbrough
Barndberbrough Barndberbrough
Pendingbrook Whitchester Suddlecastle Pendingbrook
Chedtree Chedtree
Ashfield Ashfield
Suddleborne Suddleborne
Soddlewick Soddlewick
Chippingsted Chippingsted
Ellingreham Suddlecombe Ellingreham
Burglebrough Sudsmith Burglebrough
Suddleover Suddleover
Elmansham Elmansham
Worberbrook Worberbrook
Warfield Warfield
Chilbury Chilbury
Cambingstoke Cambingstoke
Ketport Ketport
Windling Windling
Leatherbleside Leatherbleside
Cammerrensmoor Cammerrensmoor
Botherseyworth Botherseyworth Falport
Tipwick Ashborne Tipwick
Chelmstanwell Chelmstanwell
Horstlescompstoke Horstlescompstoke
Pendlewood Pendlewood
Hannenmanswick Hamsling Hannenmanswick
Chiphead Chiphead
Cicombe Cicombe
Skellingden Skellingden
Brackcompwang Brackcompwang
Dribbingworth Dribbingworth
Todtree Todtree
Bastleseyham Bastleseyham
Chedderrenswich Chedderrenswich
Hammerringey Hammerringey
Southbasport Southbasport
Wyborne Wyborne
Worhall Worhall
Siringwang Siringwang
Northall Northall
Millendon Millendon
Basringney Basringney
Skelling Skelling
