SantaClarita Carrollton Stockton Pomona Allentown Omaha Ontario Boston Ontario Omaha Allentown Stockton Indianapolis Hartford Visalia Sunnyvale Portland Henderson FortWayne Torrance Surprise Lancaster LouisvilleJefferson WestValleyCity RanchoCucamonga Cary Orlando Lafayette Newark StPetersburg Newark Bellevue Independence Garland Alexandria HuntingtonBeach Irvine Bellevue Wichita Stockton SanDiego Chandler Akron Berkeley Stamford SanDiego LongBeach Frisco PembrokePines Austin Frisco LexingtonFa Frisco Lubbock Concord Reno Fremont GardenGrove Victorville Shreveport Thornton Midland FortWorth NewportNews Thornton Huntsville Carrollton Huntsville Thornton Yonkers Thornton Beaumont Escondido SantaClarita
42
Garland Garland Worcester
Yonkers Yonkers
Ontario Ontario
Midland Midland
Sunnyvale Sunnyvale
Boston Boston
Allentown Allentown
Stamford Stamford
HuntingtonBeach Scottsdale Fayetteville
Bellevue Bellevue
Orlando OklahomaCity Orlando Brownsville LosAngeles
Indianapolis Indianapolis
Victorville Victorville
LexingtonFa LexingtonFa
SanDiego Waco StLouis
Visalia Visalia
NewportNews NewportNews
StPetersburg StPetersburg
PembrokePines PembrokePines
Independence SiouxFalls Independence
Omaha Omaha
Chandler Paterson
Stockton Stockton
WestValleyCity WestValleyCity Washington
Austin Austin
Pomona Pomona
Henderson Henderson
LongBeach LongBeach
Lafayette Lafayette
Beaumont Beaumont
Concord Concord
Huntsville Huntsville
Shreveport Shreveport
GardenGrove GardenGrove
Newark Newark
Surprise Surprise
Carrollton Carrollton
LouisvilleJefferson LouisvilleJefferson
Hartford Hartford
Alexandria Alexandria
Wichita Wichita
RanchoCucamonga RanchoCucamonga
