vLeODpVlYSBeYNDYoXha biqCAetglYuANrTRzMiX LGqbVTsFMANIedVHAALW SouQfuEdAivolPXFbygH VhDSPHxolLkNxxDnpUyx fPxvnMVMFwhJbNBURdgD vGdJmIpYPUGRspXiVLdc UgFPXEAdAfcfHGIbNTsq vGdJmIpYPUGRspXiVLdc sBkAYRISjTYinLFSNcKW ajvbaFpYiEBJySPsSLaI FqdjKgdpEanmCnmxJMFA gzxzakmqbxbsOczuQVLG wRjMmrpRuknxqunJrMAE TwgqMzgExFHTIfcwfBnr cZgmtoPGHxdozTaDMiyf DWWCMAjZQQIEKOIiHFQN aWvnTxwRCeZSoCnPnhDt LeLGVrNGvkwLbzIWTNFP aWvnTxwRCeZSoCnPnhDt ZjjqpiSiaWnmxJgUtucv aCucdhmWbhlrgfstQigR BXzACdzjLITNgbmDPlEu UAwuKFcUHFyvaFCTLpOT QQSjCkgLAWAPObYQvNsB jwIBHKkXHTPVsOJwBOsr QQSjCkgLAWAPObYQvNsB RjKEHTlRvtaVBbyqZVAw ubTtmhAXQixwuFvQluYa WWpSpmTaSazKGIcNlBvp ruLqpYqEzGGiKysvsarb AdXveYSBaneNwCQzrdSw QkAjrUUuVdzSMnlfJLcO gMqbbwopmbxmOomqZjfm NAHeKyyhAObyyUEUSkSU ybrQlUhznqOhsvndWAbl uyPyJzKFqWxgSNmpkDrB zxeoSbTqbWPpSzalAtBI MlwlINEFqmyzZNPXRLJF TCAkluAESUWAMGFeNcGN FqdjKgdpEanmCnmxJMFA fPxvnMVMFwhJbNBURdgD klkbOWCZrzPBFVDxhNbj gIttwvzcgONwFblnGIqq NciLXNPTvMoXdbTDZmlg CmbFyJmcvVqyCmJgQxeI fHcdXnOxSadpKeCUwNYm fvEcAuRDdfuHEPLNpaTz sXfgLMwoysnMazVSWnhc fvEcAuRDdfuHEPLNpaTz KgnBXuaAkdTHYMUVRKMG pdXCnKagnvEntNTuPHdK oCvaAQKOXXWgeSNnUmae OVoYVQPnlYoZBBKtyuLk TCAkluAESUWAMGFeNcGN FcEsyaTmqpoyvbDrHjlc AUWwtKSxssKCvZSLDmnh FcEsyaTmqpoyvbDrHjlc mevvwcZLudaokctOWvKe iBYHAWUhqeQPjphQzpdN jzQJaGLLiuQLhhyqBagr iDucfyZGMCbCQbXjbQqM mlipOrSnGcxXtoXBbRyl iDucfyZGMCbCQbXjbQqM CfkBzkPETvagyIDCsLTD iDucfyZGMCbCQbXjbQqM mlipOrSnGcxXtoXBbRyl LOMgYipCQQXQnRqEqRwO qbmGewAditsWkTFHdxjP LOMgYipCQQXQnRqEqRwO vLeODpVlYSBeYNDYoXha
37
fvEcAuRDdfuHEPLNpaTz fvEcAuRDdfuHEPLNpaTz
CfkBzkPETvagyIDCsLTD CfkBzkPETvagyIDCsLTD
ybrQlUhznqOhsvndWAbl ybrQlUhznqOhsvndWAbl
QQSjCkgLAWAPObYQvNsB QQSjCkgLAWAPObYQvNsB
AUWwtKSxssKCvZSLDmnh FcEsyaTmqpoyvbDrHjlc
MlwlINEFqmyzZNPXRLJF MlwlINEFqmyzZNPXRLJF tVzUgXVoBYxBMnkkwFmk
AdXveYSBaneNwCQzrdSw AdXveYSBaneNwCQzrdSw
gzxzakmqbxbsOczuQVLG gEufXNuuWhnlbNYaoQFJ gzxzakmqbxbsOczuQVLG
VhDSPHxolLkNxxDnpUyx PLDOWRIeaCSVLMyDadzC VhDSPHxolLkNxxDnpUyx
ubTtmhAXQixwuFvQluYa RjKEHTlRvtaVBbyqZVAw
zxeoSbTqbWPpSzalAtBI dyUDfEGgAoSshTRjMZZg zxeoSbTqbWPpSzalAtBI
OVoYVQPnlYoZBBKtyuLk OVoYVQPnlYoZBBKtyuLk CPszTohYUHARNedzFlDK
LGqbVTsFMANIedVHAALW WCCOEUYmDvzZlrkDAqoi xQaDpDGAXhDYzSMnMWvb
mlipOrSnGcxXtoXBbRyl NVEtShKeuxpaFIOiyVqE mlipOrSnGcxXtoXBbRyl
LeLGVrNGvkwLbzIWTNFP ASXwCgVTXDdhSXJwFovC
QkAjrUUuVdzSMnlfJLcO QkAjrUUuVdzSMnlfJLcO
TwgqMzgExFHTIfcwfBnr TwgqMzgExFHTIfcwfBnr
ajvbaFpYiEBJySPsSLaI fToHwimUqLsKcKLZHiUX
BXzACdzjLITNgbmDPlEu BXzACdzjLITNgbmDPlEu
wRjMmrpRuknxqunJrMAE iBjjCWwkYToOKfrrLnny TqyFrXuGvuBuqnpYbjKc DqUxIMslnixWfmkjQTmS
cZgmtoPGHxdozTaDMiyf cZgmtoPGHxdozTaDMiyf DWWCMAjZQQIEKOIiHFQN
jzQJaGLLiuQLhhyqBagr jzQJaGLLiuQLhhyqBagr
iDucfyZGMCbCQbXjbQqM iDucfyZGMCbCQbXjbQqM
jwIBHKkXHTPVsOJwBOsr jwIBHKkXHTPVsOJwBOsr
pdXCnKagnvEntNTuPHdK pdXCnKagnvEntNTuPHdK
ruLqpYqEzGGiKysvsarb ruLqpYqEzGGiKysvsarb
qbmGewAditsWkTFHdxjP cvlwIwajcIlbhZbyFgmq
NciLXNPTvMoXdbTDZmlg gIttwvzcgONwFblnGIqq CmbFyJmcvVqyCmJgQxeI NciLXNPTvMoXdbTDZmlg
iBYHAWUhqeQPjphQzpdN iBYHAWUhqeQPjphQzpdN
aCucdhmWbhlrgfstQigR aCucdhmWbhlrgfstQigR
NAHeKyyhAObyyUEUSkSU NAHeKyyhAObyyUEUSkSU gMqbbwopmbxmOomqZjfm
sBkAYRISjTYinLFSNcKW sBkAYRISjTYinLFSNcKW
fPxvnMVMFwhJbNBURdgD fPxvnMVMFwhJbNBURdgD
sXfgLMwoysnMazVSWnhc sXfgLMwoysnMazVSWnhc
UgFPXEAdAfcfHGIbNTsq UgFPXEAdAfcfHGIbNTsq
fHcdXnOxSadpKeCUwNYm fHcdXnOxSadpKeCUwNYm
uyPyJzKFqWxgSNmpkDrB uyPyJzKFqWxgSNmpkDrB
