A0 A99 A90 A89 A88 A76 A91 A92 A93 A92 A91 A76 A88 A89 A90 A85 A80 A84 A80 A79 A75 A74 A65 A64 A63 A51 A66 A67 A68 A67 A66 A51 A63 A64 A65 A60 A55 A59 A55 A54 A50 A49 A40 A39 A38 A26 A41 A42 A43 A42 A41 A26 A38 A39 A40 A35 A30 A34 A30 A29 A25 A24 A15 A14 A13 A1 A16 A17 A18 A17 A16 A1 A13 A14 A15 A10 A5 A9 A5 A4 A0
24
A0 A2 A3
A4 A4 A6
A9 A8
A10 A11 A12
A18 A18
A24 A19 A20 A21 A22
A25 A27 A28
A29 A29 A31
A34 A33
A35 A36 A37
A43 A43
A49 A44 A45 A46 A47
A50 A52 A53
A54 A56 A54
A59 A58
A60 A61 A62
A68 A68
A74 A72 A69 A70 A71
A75 A77 A78
A79 A81 A79
A84 A83
A85 A86 A87
A93 A93
A99 A96 A97 A94 A95
