Soda andrew patagonia garbers davis vilaythong djajadi connor singhal castro meghan chloe berit grace shah ashley ritter walsh sarina rabie ian golden juliann daniel caroline krishnan alvin yip rob sriram lo aidan martinez noor massachusetts kevin ruhi eshaan annie roshan jarrett tamara lewke sunny amanda shen garcia rosen danyal winifred woolf Soda
50
woolf woolf
winifred winifred
danyal danyal
rosen rosen
garcia garcia
shen shen
amanda amanda
sunny sunny
lewke lewke
tamara tamara
jarrett jarrett
roshan roshan
annie annie
eshaan eshaan
ruhi ruhi
kevin kevin
massachusetts massachusetts
noor noor
martinez martinez
aidan aidan
lo lo
sriram sriram
rob rob
yip yip
alvin alvin
krishnan krishnan
andrew andrew
caroline caroline
daniel daniel
juliann juliann
golden golden
ian ian
rabie rabie
sarina sarina
walsh walsh
ritter ritter
ashley ashley
shah shah
grace grace
berit berit
chloe chloe
meghan meghan
castro castro
singhal singhal
connor connor
djajadi djajadi
vilaythong vilaythong
davis davis
garbers garbers
patagonia patagonia
