Jingzhou Wittenau TanahMerah Shively Rangae SaintMichael Frosinone Ouarzazat Veenendaal Shizunaifurukawacho Kabarnet Tabatinga Sarzedo Sanaa Manduria Khangarh BurgbeiMagdeburg Thamaga Ibri Colachel FortLauderdale Jinotega JabalosSaraj Jinotega Chittaranjan SanJosedeOcoa Ketrzyn SanJosedeOcoa Tottori Thamaga Bejucal Malnate Bejucal Depok CoonRapids Sagalo CoonRapids Malnate Lysva Malnate Srinagar Kirovsk Srinagar Kheri Carouge Carmichael elCampello Carmichael BeneBeraq Kiruna Srinagar Entroncamento Chegem Khabarovsk AzZuwaytinah Ronse Bejucal Gangtok Rembangan LondonderryCountyBor Rembangan Crespo ZapadnoyeDegunino Ermelo Shumen Jeypore RioFormoso Radnor Veenendaal Ghugus Jingzhou
50
Sagalo Sagalo
Ghugus Ghugus
Sarzedo Sarzedo
Khabarovsk Khabarovsk
JabalosSaraj JabalosSaraj
SanJosedeOcoa SanJosedeOcoa
elCampello elCampello
Chegem Chegem
Manduria Manduria
Tottori Tottori
Sanaa Sanaa
SaintMichael SaintMichael
RioFormoso RioFormoso
Ketrzyn Ketrzyn
Crespo Crespo
AzZuwaytinah AzZuwaytinah
Kirovsk Kirovsk
Ermelo Ermelo
Thamaga Thamaga
Srinagar Srinagar
Shively Shively
Rembangan Rembangan
Ronse Ronse
LondonderryCountyBor LondonderryCountyBor
Radnor Radnor
Ouarzazat Ouarzazat
CoonRapids CoonRapids
Lysva Lysva
Entroncamento Entroncamento
Colachel Colachel
Rangae Rangae
Tabatinga Tabatinga
BeneBeraq BeneBeraq
Ibri Ibri
Gangtok Gangtok
Carouge Carouge
Shumen Shumen
Chittaranjan Chittaranjan
Jeypore Jeypore
Malnate Malnate
BurgbeiMagdeburg BurgbeiMagdeburg
Kabarnet Kabarnet
FortLauderdale FortLauderdale
Shizunaifurukawacho Shizunaifurukawacho
Veenendaal Veenendaal
Depok Depok
TanahMerah TanahMerah
Bejucal Bejucal
Kheri Kheri
Carmichael Carmichael
