EFLJOTk mQzeU6iv7 SoHxfA vngV9R4 EJOi3LI92xJB q9b8L0oiOJr IRUxJNqQHDtKwk Kpec 1p3lWfo8qHHC 9PHu2NLeEO 8I1AatPM q4W S5 JQX0b jTaOOUL QyWIcdD7GorZtfQJb I0a5SBtiDKckQxXh155L 3 r5x cPnISetFj7gG8o9K AUKNFdTo uyp6KKxfzDAWVnn 4W fMV6tQxP tZ 13GDMZYtkIBDG8SVi5px t8ufBKg6M55z4g 6mx6unEnl K6 qKAN35ZxfJxs2n K6 7F9H97joVTdU8ZEpeb Xn8chReB4cAIE2gsbLF fgxHyKXvIAKSHtMEoO Tb5qjVS0DSkDKD 4pWeD5 0e EFLJOTk
30
IRUxJNqQHDtKwk IRUxJNqQHDtKwk
tZ tZ
4pWeD5 4pWeD5
vngV9R4 vngV9R4
cPnISetFj7gG8o9K cPnISetFj7gG8o9K
8I1AatPM 8I1AatPM
K6 K6
1p3lWfo8qHHC 1p3lWfo8qHHC
6mx6unEnl 6mx6unEnl
SoHxfA SoHxfA
AUKNFdTo AUKNFdTo
JQX0b JQX0b
r5x r5x
fMV6tQxP fMV6tQxP
7F9H97joVTdU8ZEpeb 7F9H97joVTdU8ZEpeb
EJOi3LI92xJB EJOi3LI92xJB
0e 0e
Kpec Kpec
Tb5qjVS0DSkDKD Tb5qjVS0DSkDKD
Xn8chReB4cAIE2gsbLF Xn8chReB4cAIE2gsbLF
9PHu2NLeEO 9PHu2NLeEO
qKAN35ZxfJxs2n qKAN35ZxfJxs2n
fgxHyKXvIAKSHtMEoO fgxHyKXvIAKSHtMEoO
4W 4W
I0a5SBtiDKckQxXh155L I0a5SBtiDKckQxXh155L
mQzeU6iv7 mQzeU6iv7
q9b8L0oiOJr q9b8L0oiOJr
QyWIcdD7GorZtfQJb QyWIcdD7GorZtfQJb
S5 S5
13GDMZYtkIBDG8SVi5px 13GDMZYtkIBDG8SVi5px
