BY5DUgv6 UQ4QaUHy Af1jBIly 2mQchaeu B0wYReom 6GJHoNdy 8e8OWOIi sR6JAufL 2og9s1wD sR6JAufL 8e8OWOIi 6GJHoNdy B0wYReom YLp2gziD 8tOszPqV H8eN9fj5 lvlSObqb CrvusN6e lvlSObqb H8eN9fj5 8tOszPqV E85AysUp aPSEsY2w rZiSDNtK aPSEsY2w E85AysUp Rv8rDvqp 1cr6aFpX Rv8rDvqp 1cr6aFpX PagRRYIg KuVHgP1J Pi99fmGL KJQpAqYk FSF4Na2U w3Radp7c ayFODfwg S9dNuWxm rGjz0gOd AMieum8U GVK6CciB NL9qZEp0 iT0t8noc HXMHfRTC 9IHe97Yy 87yhsuRE HEJxX3gA xZfXXUDQ mjMe14fC 7IV7YjRX JMul31yq WlxPulQd 8ni5D4t7 g5YhtPSt xZfXXUDQ HEJxX3gA 87yhsuRE 9IHe97Yy HXMHfRTC iT0t8noc UmgiH1K9 Pi99fmGL KuVHgP1J yqX5KOVJ xTHVuNZl tDh0gTYH 7CrB3pCm yYTqCbSD Y93BYexY ucMA0iSv R4zDiMu3 0zB29H2A OpfVa1HT 0zB29H2A OpfVa1HT 8KVhuJvd Ym8LPSnY FPDwKJIj q1vN3eei c9Hgvc9w kkvcm3Qd vVYZOPt6 o1w8sSXK gbolqDJc 6nj6dyOK K3J88UDV 1aJdK4y9 K3J88UDV 6nj6dyOK UfRMeyI7 mXjWiYol o1w8sSXK gbolqDJc 6nj6dyOK K3J88UDV a7ZQHfuF hc6YxxqG gd207oOq hc6YxxqG QeSUIsQ1 m0ciW6Mx BY5DUgv6
40
6nj6dyOK 6nj6dyOK gbolqDJc
UfRMeyI7 UfRMeyI7
xTHVuNZl xTHVuNZl yqX5KOVJ
rGjz0gOd AMieum8U rGjz0gOd
OpfVa1HT OpfVa1HT
NL9qZEp0 NL9qZEp0
Rv8rDvqp Rv8rDvqp
ucMA0iSv ucMA0iSv R4zDiMu3
iT0t8noc iT0t8noc UmgiH1K9
S9dNuWxm S9dNuWxm ayFODfwg
BY5DUgv6 H2BV5cDz
sR6JAufL sR6JAufL 8e8OWOIi
xZfXXUDQ HEJxX3gA
gd207oOq gd207oOq
CrvusN6e lvlSObqb CrvusN6e
aPSEsY2w aPSEsY2w
o1w8sSXK mXjWiYol o1w8sSXK
8tOszPqV 8tOszPqV
9IHe97Yy 9IHe97Yy
0zB29H2A 0zB29H2A
K3J88UDV K3J88UDV
Af1jBIly Af1jBIly
WlxPulQd WlxPulQd
YLp2gziD nKZTEeUl
tDh0gTYH tDh0gTYH
2mQchaeu 2mQchaeu
2og9s1wD xULc5Xg4
B0wYReom B0wYReom
QeSUIsQ1 QeSUIsQ1
1cr6aFpX 1cr6aFpX
8ni5D4t7 8ni5D4t7
PagRRYIg PagRRYIg
rZiSDNtK rZiSDNtK
g5YhtPSt g5YhtPSt
q1vN3eei q1vN3eei c9Hgvc9w
hc6YxxqG hc6YxxqG
JMul31yq JMul31yq
7IV7YjRX 7IV7YjRX
1aJdK4y9 1aJdK4y9
FPDwKJIj FPDwKJIj
