Dannemora Hamburg Fleischmanns Hamburg DeRuyter Dexter Germantown Deferiet Dansville Delevan Galeville Fishkill Galeville Germantown Delmar Herricks Harrison Friendship Gardiner Falconer Gasport Oceanside Fair Oceanside Freeport Ghent Depauville Odessa Frewsburg Dunkirk Frewsburg Delhi Franklin Haviland Fishers Forest Fishers Deferiet Germantown Dexter Fulton Nyack Delanson Deer Florida Farnham Freeville Farnham Highland Hempstead Deposit Earlville Firthcliffe Earlville Fire Goshen Highland Farmingville Highland Goshen Flanders Frankfort DeRuyter Fairmount Dexter Hermon Franklinville Gowanda Fredonia Harbor Fayetteville Herkimer Hicksville Depew Geneva Fairview Geneva Fairport Granville Forestville Davis Forestville Freeport Fonda Fabius Dannemora Hamburg Flower Hamburg Dannemora
48
Davis Davis
Dansville Dansville
Deer Deer
Deferiet Deferiet
Delanson Delanson
Delevan Delevan
Delhi Delhi
Delmar Delmar
Depauville Depauville
Depew Depew
Deposit Deposit
DeRuyter DeRuyter
Dexter Dexter
Dunkirk Dunkirk
Earlville Earlville
Fabius Fabius
Fair Fair
Fairmount Fairmount
Fairport Fairport
Fairview Fairview
Falconer Falconer Gardiner
Farmingville Farmingville
Farnham Farnham
Fayetteville Fayetteville
Fire Fire
Firthcliffe Firthcliffe
Fishers Fishers
Fishkill Fishkill
Flanders Frankfort Flanders
Fleischmanns Fleischmanns
Florida Florida
Flower Flower
Fonda Fonda
Forest Forest
Forestville Forestville
Franklin Franklin
Franklinville Franklinville
Fredonia Fredonia
Freeport Freeport
Freeville Freeville
Frewsburg Frewsburg
Friendship Friendship
Fulton Fulton
Galeville Galeville
Gasport Gasport
Geneva Geneva
Germantown Germantown
Ghent Ghent
