h0 h42 h68 h44 h23 h33 h34 h32 h72 h38 h86 h99 h29 h85 h66 h26 h66 h84 h45 h46 h98 h37 h98 h19 h98 h37 h28 h27 h28 h91 h40 h90 h39 h75 h87 h74 h45 h46 h47 h35 h48 h81 h63 h80 h92 h62 h16 h78 h61 h15 h60 h79 h12 h80 h17 h92 h49 h50 h18 h81 h48 h81 h63 h41 h14 h55 h9 h11 h10 h54 h13 h79 h12 h59 h94 h41 h82 h64 h82 h65 h2 h58 h21 h58 h2 h52 h1 h6 h1 h0
30
h1 h1
h21 h2 h21
h6 h3 h4 h5 h6 h7 h8
h9 h9
h10 h10
h11 h11
h12 h12
h13 h13
h14 h14
h15 h15
h62 h16
h17 h17
h18 h18
h19 h19 h36
h27 h28 h27 h20 h40
h64 h22
h23 h33 h43 h44 h23
h85 h29 h24
h45 h25 h45 h46 h47
h26 h26
h72 h30 h38 h31 h32
h34 h34
h35 h35
h37 h37
h39 h39
h41 h41
h0 h42
h48 h48
h49 h49
h50 h50
