Greenhouse AnthonyHall Greenhouse StarrLibrary Greenhouse ImagingCenter Greenhouse BotanGarden Greenhouse BoaltHall Greenhouse BlumHall Greenhouse BlackwellHall Greenhouse BirgeHall Greenhouse BerkeleyWest Greenhouse BerkeleyMuseum Greenhouse BechtelEngineering Greenhouse BARTStation Greenhouse BarrowsHall Greenhouse BarrowLane Greenhouse BarkerHall Greenhouse BanwayBldg Greenhouse BancroftLibrary Greenhouse ArchsEngineers Greenhouse AndersenAud Greenhouse AlumniHouse Greenhouse ObservHill Greenhouse OBrienHall Greenhouse NAnimalFacil Greenhouse NorthGateHall Greenhouse NorthField Greenhouse nrl Greenhouse
27
Greenhouse MosesHall MulfordHall mlk MathSciencesRes maxwell McConeHall McEnerneyHall McLaughlin memorialpool MinorHall MinorHallAdd moffit MorganHall MorrisonHall
nrl nrl
NorthField NorthField
NorthGateHall NorthGateHall
NAnimalFacil NAnimalFacil
OBrienHall OBrienHall
ObservHill ObservHill
AlumniHouse AlumniHouse
AndersenAud AndersenAud
AnthonyHall AnthonyHall
ArchsEngineers ArchsEngineers
BancroftLibrary BancroftLibrary
BanwayBldg BanwayBldg
BarkerHall BarkerHall
BarrowLane BarrowLane
BarrowsHall BarrowsHall
BARTStation BARTStation
BechtelEngineering BechtelEngineering
BerkeleyMuseum BerkeleyMuseum
BerkeleyWest BerkeleyWest
BirgeHall BirgeHall
BlackwellHall BlackwellHall
BlumHall BlumHall
BoaltHall BoaltHall
BotanGarden BotanGarden
ImagingCenter ImagingCenter
StarrLibrary StarrLibrary
