Loc2 Loc73 Loc93 Loc21 Loc7 Loc0 Loc7 Loc21 Loc55 Loc34 Loc78 Loc17 Loc78 Loc91 Loc83 Loc33 Loc60 Loc39 Loc19 Loc44 Loc53 Loc51 Loc6 Loc87 Loc14 Loc87 Loc24 Loc96 Loc67 Loc61 Loc40 Loc38 Loc70 Loc52 Loc2
25
Loc0 Loc0 Loc48
Loc33 Loc1 Loc26 Loc28 Loc46 Loc58 Loc92
Loc2 Loc41 Loc43 Loc13 Loc82 Loc56 Loc27
Loc51 Loc32 Loc3 Loc4 Loc10 Loc45
Loc6 Loc6
Loc7 Loc7
Loc21 Loc8 Loc77
Loc44 Loc9 Loc11
Loc14 Loc14
Loc83 Loc75 Loc35 Loc86 Loc15
Loc61 Loc16 Loc90 Loc80
Loc17 Loc17
Loc19 Loc66 Loc19
Loc55 Loc64 Loc22 Loc71
Loc24 Loc24
Loc34 Loc34
Loc38 Loc54
Loc40 Loc40
Loc52 Loc52
Loc53 Loc53
Loc60 Loc60
Loc67 Loc67
Loc70 Loc74
Loc73 Loc73
Loc91 Loc91
