pace voice financial respect bitter physics pace honor feature interactive throne imposter fortune page lake rob headline mature brake chair mystery enter mystery chair linger dough enhance likely dialogue prison solve tolerate forge vegetarian forge winner solve prison dialogue guarantee buffet guarantee due seize due guarantee king guarantee dialogue tool glasses autonomy output circulation output thumb enhance legislation sign romantic straighten quality straighten swear tablet cigarette demand pain demand pain injury disclose skeleton understand figure understand paper deposit sunrise title shy nationalist shy market mystery approval other swear tablet shy title lake discriminate dip exclusive class audience respect financial voice pace
50
likely likely
prison prison
title title
king king
quality quality
injury injury
paper paper
output output
circulation circulation
page page
voice voice
honor honor
enter enter
throne throne
guarantee guarantee
tablet tablet
thumb thumb
headline headline
dough dough
exclusive exclusive
other other
brake brake
nationalist nationalist
winner winner
cigarette cigarette
buffet buffet
mystery mystery
autonomy autonomy
tolerate tolerate
sign sign
financial financial
legislation legislation
class class
glasses glasses
tool tool
lake lake
sunrise sunrise
linger linger
rob rob
bitter bitter
seize seize
figure figure
shy shy
dip dip
imposter imposter
demand demand
enhance enhance
swear swear
vegetarian vegetarian
pain pain
