C0 C99 C14 C17 C22 C48 C47 C55 C85 C95 C99 C92 C5 C12 C69 C28 C42 C74 C50 C40 C36 C91 C68 C25 C26 C49 C46 C57 C35 C91 C39 C93 C34 C21 C24 C71 C29 C71 C83 C80 C20 C80 C83 C27 C9 C27 C11 C1 C6 C0
29
C0
C1 C1
C5 C5
C6 C6
C9 C9
C11 C11
C12 C12
C14 C14
C17 C17
C20 C20
C21 C21
C22 C22
C24 C24
C25 C25
C26 C26
C27 C27
C28 C28
C29 C29
C34 C34
C35 C35
C36 C36
C39 C39
C40 C40
C42 C42
C95 C44 C53 C56 C58 C59 C67 C69 C70 C75 C76 C77 C81 C83 C84 C85 C87 C89 C93 C94 C95 C96 C97 C98
C46 C46
C47 C47
C50 C50
C55 C55
