9iIwk 5R5Xa rrNj1 Esl6u fS0W8 k64Ok ZgtaX iCgvV ZgtaX TI54i k6V9L vrNke 5ioW1 XZKtP 5ioW1 YH6mk Y7IDR WJNpN 5VT1H 1uRw3 WJNpN AgYPL WJNpN 1uRw3 y89SK 1uRw3 QVYVG LZomt QVYVG 7G74f QVYVG RKW0P jYfXn MA43U ZzWHp MA43U jYfXn Ew56P QVYVG knY3U jAwQw aHGHb RhUVQ QVYVG qkJ6b jT5CK 6EWVx 9iIwk jASvw 0GdkR jASvw 1xmtC h2rea 9iIwk
24
XZKtP 5ioW1 bXinH Be0ab XZKtP dw7aX
Ew56P SgDk6
ZzWHp iEXNY Mj2eQ ZzWHp
7G74f 7G74f
TI54i pXCjI
ZgtaX veOJ7 JgjFI Vake4 ZgtaX
1xmtC XYzcU 1xmtC
LZomt LZomt
qkJ6b qkJ6b
y89SK Ri2t4 y89SK
9iIwk 5R5Xa 9iIwk jASvw
jYfXn jYfXn
Y7IDR YH6mk 4a0W8 Y7IDR
jT5CK 5BDPJ jT5CK
Esl6u BnAjj fS0W8 p9vQm ChXAd 1eRkH
1uRw3 1uRw3 1pxZM
h2rea h2rea
RhUVQ RhUVQ
0GdkR oqPYQ 0GdkR
knY3U jAwQw vE0Pj
AgYPL tnjfN AgYPL
aHGHb WGJpQ kmzhT aHGHb
5VT1H 5VT1H
iCgvV iCgvV
