location46 location59 location65 location64 location63 location62 location61 location46 location45 location44 location45 location46 location47 location48 location49 location50 location51 location50 location49 location48 location49 location50 location51 location52 location53 location54 location55 location56 location78 location77 location76 location81 location76 location75 location74 location72 location71 location70 location69 location68 location67 location66 location86 location88 location86 location66 location58 location50 location28 location24 location17 location11 location5 location4 location5 location6 location12 location18 location19 location26 location30 location26 location25 location29 location25 location24 location23 location22 location23 location24 location25 location18 location12 location13 location12 location11 location10 location11 location17 location24 location28 location50 location42 location37 location35 location21 location15 location9 location8 location14 location20 location34 location36 location41 location46
28
location4 location3 location4 location5
location6 location6
location13 location13 location7
location15 location15
location10 location10 location11
location14 location14
location17 location17
location18 location18
location22 location22
location24 location24
location25 location25
location26 location26
location29 location29
location30 location33 location30
location37 location37
location44 location40 location38 location39
location46 location41
location48 location48
location49 location49
location51 location57
location54 location55
location62 location62 location63
location64 location64
location70 location72 location73 location70
location74 location74
location77 location77 location78
location81 location80 location79
location88 location88 location89 location90 location87
