Abbey Tanya Kayley Mira Carlee Jordin Vivian Karma Helen Yoselin Jamiya Rebecca Ruth Presley Beatrice Lana Lillie Mckinley Kimberly Dana Sophia Alexia Riley Eden Kiera Liberty Nora Avni Haven Shannon Lisa Kristina Matilda Maeve Marisol Harley Ayanna Tara Rayna Lilia Isabella Abbey
40
Isabella Isabella
Alexia Alexia
Avni Avni
Ayanna Ayanna
Beatrice Beatrice
Carlee Carlee
Dana Dana
Eden Eden
Harley Harley
Haven Haven
Helen Helen
Jamiya Jamiya
Jordin Jordin
Karma Karma
Kayley Kayley
Kiera Kiera
Kimberly Kimberly
Kristina Kristina
Lana Lana
Liberty Liberty
Lilia Lilia
Lillie Lillie
Lisa Lisa
Maeve Maeve
Marisol Marisol
Matilda Matilda
Mckinley Mckinley
Mira Mira
Nora Nora
Presley Presley
Rayna Rayna
Rebecca Rebecca
Riley Riley
Ruth Ruth
Shannon Shannon
Sophia Sophia
Tanya Tanya
Tara Tara
Vivian Vivian
Yoselin Yoselin
