Taozhuang Bhit Durazno Bhit Camayenne Artur Hechingen Bang Tupelo Esperanza Gua Middle Gua Ilesa Uran Ramla Azrou Waverly Nonsan Somma Donggongon Vernon Severodvinsk Vernon Besuki Chharra Jackson Chharra Sicklerville Esmeraldas Aytos Uran Pottstown Uran Jinotepe Vernon Caravaca Vernon Calauan Southsea Gauting Rutherglen Rafiganj Villa Oulmes Southsea Sarandi Southsea Wesseling Uran Fort Uran Kallio Uran Jingzhou Uran Jhol Udumalaippettai Norco Longgang Bourbonnais Boo Cibinong Rutherglen Ulu Freetown Southsea Alatyr Memmingen Gudermes Strathfield Rosedale New Bhit Taozhuang
50
Uran Uran
Artur Artur
Boo Boo
Rutherglen Rutherglen
Villa Villa
Somma Somma
Tupelo Tupelo
Strathfield Strathfield
Memmingen Memmingen
Esmeraldas Esmeraldas
Gudermes Gudermes
Bang Bang
Azrou Azrou
Kallio Kallio
Ramla Ramla
Sarandi Sarandi
Pottstown Pottstown
Rafiganj Rafiganj
Jingzhou Jingzhou
Taozhuang Taozhuang
Fort Fort
Oulmes Oulmes
Wesseling Wesseling
Cibinong Cibinong
Caravaca Caravaca
Donggongon Donggongon
Alatyr Alatyr
Jinotepe Jinotepe
Severodvinsk Severodvinsk
Rosedale Rosedale
Camayenne Camayenne
Jackson Jackson
Esperanza Esperanza
New New
Gauting Gauting
Ulu Ulu
Freetown Freetown
Waverly Waverly
Nonsan Nonsan
Aytos Aytos
Hechingen Hechingen
Durazno Durazno
Sicklerville Sicklerville
Calauan Calauan
Ilesa Ilesa
Bourbonnais Bourbonnais
Longgang Longgang
Udumalaippettai Udumalaippettai
Middle Middle
Besuki Besuki
