location4 location26 location48 location22 location87 location10 location0 location86 location7 location62 location44 location11 location1 location15 location5 location99 location59 location61 location27 location52 location2 location55 location3 location75 location4
24
location0 location0 location43 location37 location70
location1 location1 location98 location68 location76
location2 location2
location3 location81 location89 location3
location4 location4 location78
location5 location77 location79
location87 location24 location34 location56 location6
location7 location66
location86 location69 location86
location10 location13
location11 location11
location62 location88 location62
location15 location93 location15
location26 location16 location23
location22 location47
location61 location61 location94
location27 location50 location91 location60
location99 location99 location28 location38
location52 location36 location54
location59 location95
location44 location44
location48 location74
location75 location53 location57 location83 location85
location55 location55
