loc0 loc38 loc27 loc58 loc99 loc60 loc74 loc63 loc2 loc36 loc68 loc87 loc20 loc90 loc44 loc24 loc46 loc30 loc4 loc48 loc32 loc6 loc56 loc42 loc51 loc84 loc78 loc82 loc78 loc86 loc72 loc96 loc52 loc18 loc80 loc18 loc14 loc0
32
loc0 loc0 loc66 loc12 loc62
loc60 loc98 loc60 loc28
loc2 loc2
loc30 loc30
loc4 loc4
loc6 loc6
loc48 loc48 loc10 loc50
loc84 loc8 loc88 loc84
loc14 loc14
loc72 loc64 loc72 loc54
loc99 loc16 loc92
loc18 loc18
loc20 loc20
loc78 loc26 loc34 loc78 loc22
loc24 loc24
loc32 loc32
loc36 loc36
loc38 loc38
loc51 loc40 loc76 loc70
loc42 loc42
loc44 loc44
loc46 loc46
loc52 loc52
loc56 loc56
loc58 loc58
loc68 loc68
loc74 loc74
loc80 loc80
loc82 loc82
loc86 loc86 loc94
loc90 loc90
loc96 loc96
