CH BY DN AK CQ DU CN BF CB DB CY AD BL CS BC CM CL DM CU AF BS AX CA DR CF CW BZ DM CO BG CM DD CZ CD CZ CF DI BW CV AP AJ AN AL BN DQ AV DV BV DP BI DL AU AM AZ DR AT DR DO BD AY CP DT DS DC BA DF BP CJ CV CH
50
AF AF
AJ AJ
AL AL
AM AM
AN AN
AP AP
AT AT
AU AU
AV AV
AY AY
AZ AZ
BC BC
BD BD
BF BF
BG BG
BI BI
BL BL
BN BN
BP BP
BS BS
DS DG BU
BV BV
BY BY
BZ BZ
CA CA
CB CB
CD CD
CF CF
CH
CL CL
CN CN
CP CP
CQ CQ
CS CS
CU CU
CV CV
CW CW
CZ CZ
DB DB
DC DC
DD DD
DF DF
DI DI
DL DL
DM DM
DO DO
DP DP
DQ DQ
DU DU
DV DV
