Qatar America Netherlands CzechRepublic Guyana Gabon Angola CostaRica Kosovo Liberia Danzig Andorra Nicaragua Albania SierraLeone France UnitedKingdom Haiti Egypt DemofChina Mozambique Peru GuineaBissau VaticanCity Lebanon Belarus RussianFederation Senegal Singapore Georgia Uzbekistan Tanzania Tunisia Mali Morocco UAE Mongolia Belgium Australia SanMarino SaintLucia Burundi Macedonia Montenegro Malta Armenia Kyrgyzstan Tuvalu Estonia Sweden Tajikistan Qatar
51
Qatar
Mongolia Mongolia
Albania Albania
America America
Kyrgyzstan Kyrgyzstan
VaticanCity VaticanCity
Armenia Armenia
CzechRepublic CzechRepublic
Peru Peru
Tanzania Tanzania
UnitedKingdom UnitedKingdom
Tuvalu Tuvalu
Mali Mali
UAE UAE
France France
Guyana Guyana
Andorra Andorra
Kosovo Kosovo
Australia Australia
Gabon Gabon
RussianFederation RussianFederation
Nicaragua Nicaragua
Netherlands Netherlands
Tajikistan Tajikistan
Mozambique Mozambique
Burundi Burundi
GuineaBissau GuineaBissau
SierraLeone SierraLeone
Senegal Senegal
Sweden Sweden
Lebanon Lebanon
Montenegro Montenegro
Danzig Danzig
Georgia Georgia
Angola Angola
Haiti Haiti
Liberia Liberia
Belarus Belarus
Morocco Morocco
Uzbekistan Uzbekistan
SanMarino SanMarino
CostaRica CostaRica
Macedonia Macedonia
Tunisia Tunisia
Belgium Belgium
Egypt Egypt
SaintLucia SaintLucia
Singapore Singapore
Estonia Estonia
Malta Malta
DemofChina DemofChina
