l0 h18 h31 h30 h20 l7 h28 l7 h19 h23 h27 l30 h29 h21 h22 h21 h30 h32 l46 h9 h11 l42 l40 h4 h6 l2 h3 h45 h42 h7 h10 h7 h2 h0 h49 h12 h44 h24 h33 h47 h34 h38 h15 h38 l5 l12 h16 l12 h17 h43 h36 l32 h47 h40 l8 h25 h39 h46 l36 h41 l36 l13 l26 h26 h14 h35 h13 l21 h48 h30 h1 l0
47
h0 h0
h1 h1
h2 h2
h3 h8 h3 h5
h4 h4
h6 h6
h7 h7
h9 h9
h10 h10
h11 h11
h12 h12
h13 h13
h14 h14
h15 h15
h16 h16
h17 h17 h37
h18 h18
h19 h19
h20 h20
h21 h21
h22 h22
h23 h23
h24 h24
h25 h25
h26 h26
h27 h27
h28 h28
h29 h29
h30 h30
h31 h31
h32 h32
h33 h33
h34 h34
h35 h35
h36 h36
h38 h38
h39 h39
h40 h40
h41 h41
h42 h42
h43 h43
h44 h44
h45 h45
h46 h46
h47 h47
h48 h48
h49 h49
