point0 point49 point50 point48 point19 point18 point19 point7 point6 point7 point15 point14 point22 point3 point12 point64 point65 point62 point63 point70 point67 point70 point68 point66 point77 point81 point90 point56 point26 point27 point59 point55 point57 point53 point57 point55 point85 point84 point91 point92 point58 point48 point39 point38 point44 point42 point47 point42 point46 point0
23
point0 point48 point50
point3 point8 point9 point4 point5
point6 point6 point7
point12 point12
point14 point14
point18 point19
point22 point22
point27 point24 point25 point26 point27 point28
point38 point35
point44 point42 point44 point45
point47 point47
point53 point53
point59 point60 point61 point55
point56 point56
point58 point58
point65 point64 point65 point71
point66 point68
point67 point72 point70
point81 point75
point77 point76 point77
point85 point84 point85
point90 point93
point92 point92
