BatonRouge Burbank Anchorage AtlanticCity Buffalo AtlanticCity Boulder AnnArbor Beaumont Allentown Arvada Amarillo BoiseCity Aberdeen Aurora Aberdeen Bethlehem Albany Augusta Barnstable Baltimore Atlanta Abilene Albuquerque Boston Bradenton Cambridge BatonRouge
22
Aberdeen Aberdeen
Abilene Abilene
Albany Albany
Albuquerque Albuquerque
Amarillo Amarillo
Anchorage Anchorage
AnnArbor Birmingham AnnArbor Bryan
Arvada Arvada
Atlanta Atlanta Berkeley
AtlanticCity AtlanticCity
Aurora Aurora
Barnstable Barnstable
BatonRouge BatonRouge
Beaumont Beaumont
Bethlehem Bethlehem
BoiseCity BoiseCity
Boston Boston
Boulder Boulder
Bradenton Bradenton
Buffalo Buffalo
Burbank Burbank
Cambridge Cambridge
