LegendsAquaticCenter CITRIS LevineFrickeSoftball GoldmanField SatherTower StarrEastAsianLibrar EllsworthParkingStru LawSchool InvestigativeReporti NorthField SoutheastAsianStudie LeConteHall SodaHall NorthGateHall EucalyptusGrove LewisHall MemorialGlade ValleyLifeSciencesBu LegendsAquaticCenter
18
LegendsAquaticCenter LegendsAquaticCenter GolbousPlace DurantHall
LeConteHall LeConteHall
GoldmanField GoldmanField
StarrEastAsianLibrar StarrEastAsianLibrar
CITRIS CITRIS
ValleyLifeSciencesBu ValleyLifeSciencesBu
SoutheastAsianStudie SoutheastAsianStudie
EllsworthParkingStru EllsworthParkingStru
SatherTower SatherTower
EucalyptusGrove EucalyptusGrove
SodaHall SodaHall
NorthField NorthField
LewisHall LewisHall
InvestigativeReporti InvestigativeReporti
NorthGateHall NorthGateHall
MemorialGlade MemorialGlade
LevineFrickeSoftball LevineFrickeSoftball
LawSchool LawSchool
