zero five twelve eleven ten three zero six thirteen twenty twentyseven thirtyfour thirtyfive thirtyfour thirtythree thirtytwo thirtythree forty fortyone fortytwo fortyone forty thirtynine fortysix fortyfive fortyfour thirtyseven thirtyeight thirtyone thirtytwo twentyfive twentysix nineteen twenty nineteen eighteen seventeen sixteen fifteen sixteen nine eight fourteen seven zero
25
three three
five five
six six
seven seven
nine nine
eleven eleven
twelve twelve
thirteen thirteen
fourteen fourteen
fifteen fifteen
sixteen sixteen
eighteen eighteen
nineteen nineteen
twenty twenty
twentyfive twentyfive
thirtyone thirtyone
thirtytwo thirtytwo
thirtyfour thirtyfour
thirtyfive thirtyfive
thirtyseven thirtyseven
thirtyeight thirtyeight
forty forty
fortytwo fortytwo
fortyfive fortyfive
fortysix fortysix
