Potrero Hume Woffard Ames Calaveras Meyers All Laguna Boulevard Banning Merced Oceanside Chinese Fremont Ida Clayton 18th Smoke Santa Richvale Carmel Fiorini Balsdon Warner Linden Potrero
25
Balsdon Balsdon
Calaveras Calaveras
Meyers Meyers
Woffard Woffard
Banning Banning
Laguna Laguna
Clayton Clayton
Ames Ames
Warner Warner
Carmel Carmel
Fiorini Fiorini
Oceanside Oceanside
Ida Ida
Potrero Potrero
Santa Santa
Richvale Richvale
Hume Hume
Smoke Smoke
Linden Linden
Fremont Fremont
Boulevard Boulevard
18th 18th
All All
Chinese Chinese
Merced Merced
