Glameow Loudred Glameow Inkay Turtwig Wailord Turtwig Fomantis Mudbray Fomantis Throh Fomantis Poochyena Piplup Meganium Gothita Zygarde Ledian Beheeyem Golett Wartortle Furret Electivire Yanma Sigilyph Togepi Feebas Bergmite Gumshoos Bergmite Spiritomb Ivysaur Spinarak Ivysaur Zygarde Buneary Gigalith Spheal Glameow
22
Electivire Electivire Archeops
Spiritomb Spiritomb
Wailord Wailord
Gumshoos Gumshoos
Spinarak Spinarak
Ledian Ledian
Buneary Buneary
Throh Glalie
Bergmite Bergmite
Ivysaur Zygarde
Gothita Meganium
Inkay Inkay
Togepi Togepi
Yanma Yanma
Mudbray Mudbray
Piplup Piplup
Beheeyem Leavanny Beheeyem
Spheal Gothorita Spheal
Furret Furret
Loudred Loudred
Gigalith Gigalith
Golett Golett
