liverance shutter oversleeps handballer coulde moderatrix wellbores tortillons kamencheh refortify catabolism hypanthium asterisk studiously bywoners jitterbugs lethiferal pontage hatrail achieve tightening otate Akkub pallia metamere liverance
25
liverance liverance
metamere metamere
pallia pallia
Akkub Akkub
otate otate
tightening tightening
achieve achieve
hatrail hatrail
pontage pontage
lethiferal lethiferal
jitterbugs jitterbugs
bywoners bywoners
studiously studiously
asterisk asterisk
hypanthium hypanthium
catabolism catabolism
shutter shutter
refortify refortify
kamencheh kamencheh
tortillons tortillons
wellbores wellbores
moderatrix moderatrix
coulde coulde
handballer handballer
oversleeps oversleeps
