Wrightsville Bayonne Changde Pljevlja Zanzibar Necochea Gemena Sayhut Mzimba Gevgelija Rauna Palopo Coihaique Golubac Leeuwarden Hsinchu Temirtau Metz Praya Rivas Maywood Ljutomer Ayacucho Progress Asti Irvington Wrightsville
25
Leeuwarden Leeuwarden
Hsinchu Hsinchu
Irvington Irvington
Bayonne Bayonne
Rauna Rauna
Mzimba Mzimba
Gemena Gemena
Changde Changde
Golubac Golubac
Zanzibar Zanzibar
Rivas Rivas
Temirtau Temirtau
Ljutomer Ljutomer
Pljevlja Pljevlja
Progress Progress
Palopo Palopo
Asti Asti
Necochea Necochea
Sayhut Sayhut
Praya Praya
Metz Metz
Gevgelija Gevgelija
Ayacucho Ayacucho
Coihaique Coihaique
Maywood Maywood
