Acadia Tortugas Bend Voyageurs Smoky Lassen Channel Gateway Teton Isle Brycecanyon Glacier Gunnison Basin Badlands Clark Canyonlands Clark Cuyahoga Biscayne Rocky Caverns Congaree Everglades Katmai Denali Teddy Haleakala Indiana Crater Olympic Arches Sequoia Guadalupe Acadia Capitol Acadia Tortugas Acadia
25
Arches Arches
Badlands Badlands
Bend Bend
Biscayne Biscayne
Gunnison Gunnison
Brycecanyon Brycecanyon
Canyonlands Canyonlands
Capitol Capitol
Caverns Caverns
Channel Channel
Congaree Congaree
Crater Crater
Cuyahoga Cuyahoga
Denali Denali
Tortugas Tortugas
Everglades Everglades
Gateway Gateway
Glacier Glacier
Teton Teton
Basin Basin
Smoky Smoky
Guadalupe Guadalupe
Haleakala Haleakala
Indiana Indiana
Isle Isle
