steward exotic basketball top suffer scrap pastel concern hide farewell adult skip perception company community linear tin minimize appear creation battery ballot crew think deck belief childish steward
25
concern concern
company company
top top
belief belief
hide hide
basketball basketball
battery battery
pastel pastel
crew crew
linear linear
adult adult
minimize minimize
farewell farewell
ballot ballot
scrap scrap
appear appear
creation creation
deck deck
perception perception
childish childish
exotic exotic
think think
skip skip
community community
tin tin
