Nepal Argentina Liechtenstein Tanzania Serbia Niger Vietnam Tajikistan NewZealand Slovakia Estonia Ecuador Belarus Azerbaijan Suriname MarshallIslands TheGambia VaticanCity SaintLucia Fiji Palau Afghanistan Fiji Botswana Belgium UAE Belgium Kuwait Mauritius Panama Georgia Nepal
25
Liechtenstein Liechtenstein
Palau Palau
Vietnam Vietnam
Estonia Estonia
Afghanistan Afghanistan
Georgia Georgia
Panama Panama
MarshallIslands MarshallIslands
Fiji Fiji
Azerbaijan Azerbaijan
NewZealand NewZealand
Kuwait Kuwait
Suriname Suriname
Argentina Argentina
Mauritius Mauritius
SaintLucia SaintLucia
UAE UAE
Belarus Belarus
Botswana Botswana
Serbia Serbia
VaticanCity VaticanCity
Tajikistan Tajikistan
Slovakia Slovakia
Tanzania Tanzania
Niger Niger
