Loc2 Loc27 Loc36 Loc13 Loc31 Loc56 Loc31 Loc73 Loc93 Loc77 Loc21 Loc7 Loc0 Loc7 Loc21 Loc8 Loc49 Loc64 Loc55 Loc22 Loc55 Loc58 Loc57 Loc26 Loc33 Loc1 Loc24 Loc39 Loc28 Loc33 Loc46 Loc33 Loc60 Loc83 Loc15 Loc83 Loc35 Loc83 Loc86 Loc59 Loc75 Loc59 Loc91 Loc78 Loc17 Loc78 Loc34 Loc72 Loc9 Loc44 Loc11 Loc44 Loc53 Loc12 Loc4 Loc18 Loc10 Loc51 Loc45 Loc51 Loc32 Loc12 Loc3 Loc99 Loc19 Loc99 Loc66 Loc99 Loc6 Loc87 Loc14 Loc97 Loc90 Loc97 Loc80 Loc20 Loc16 Loc38 Loc40 Loc70 Loc67 Loc81 Loc52 Loc76 Loc41 Loc89 Loc82 Loc2
50
Loc0 Loc0 Loc48
Loc1 Loc1
Loc2
Loc3 Loc3
Loc4 Loc4
Loc6 Loc6
Loc7 Loc7
Loc8 Loc8
Loc9 Loc9
Loc10 Loc10
Loc11 Loc11
Loc13 Loc13
Loc14 Loc14
Loc15 Loc15
Loc16 Loc16
Loc17 Loc17
Loc19 Loc19
Loc22 Loc22
Loc24 Loc24
Loc26 Loc26
Loc27 Loc27
Loc28 Loc28
Loc31 Loc43
Loc32 Loc32
Loc34 Loc34
Loc35 Loc35
Loc38 Loc54
Loc40 Loc40
Loc41 Loc41
Loc45 Loc45
Loc46 Loc46
Loc52 Loc52
Loc53 Loc53
Loc55 Loc71
Loc56 Loc56
Loc57 Loc92
Loc58 Loc58
Loc60 Loc60
Loc64 Loc64
Loc66 Loc66
Loc67 Loc67
Loc70 Loc74
Loc73 Loc73
Loc75 Loc75
Loc77 Loc77
Loc80 Loc80
Loc82 Loc82
Loc86 Loc86
Loc90 Loc90
Loc91 Loc91
