FacultyClub MLK SutardjaDai BancroftLibrary Library FPF HealthServices EastAsianLibrary Evans PhysicsLibrary HearstGym Pimentel NorthGate EarthLibrary Underhill Etcheverry TAAP Manville SocialLibrary BrainImagingCenter WooHonFai Bechtel Bowles AquaticCenter McCone HearstFieldAnnex NewspapersLibrary AnthropologyLibrary SproulPlaza LawrenceofScience StudentUnion VLSB HearstFountain Stanley OptometryLibrary Jacobs BioscienceLibrary SEAsianLibrary FoundersRock EngineeringLibrary Durant Warren UniversityHouse CesarChavez MartinezCommons PacificFilmArchive Cheit StowPlaza Senior EthnicLibrary MelvinLaboratory Investigative InnovationStudio UpperHearstParking MediaCenter DonnerLaboratory Hilgard HearstGreekTheatre InternationalHouse Davis FoxCottage SimpsonCenter Latimer SummerSession MaxwellField VisualCenter AndersenAuditorium Soda CareerCenter Wheeler Wellman IdaHouse EnergyBuilding OBrien Stephens Birge LeConte Campbell IRLE SpringerGateway BerkeleyWayWest LatinAmerican Unit3 HaasClubhouse Durham ArtHistoryLibrary Boalt LawSchool MSRI Koshland Sproul BanwayBuilding BerkeleyLawLibrary CITRIS MathLibrary AlumniHouse Hildebrand Mulford BancroftDance Giauque Spieker Morrison EarthquakeLibrary FacultyClub
100
FacultyClub FacultyClub
BioscienceLibrary BioscienceLibrary
SutardjaDai SutardjaDai
Etcheverry Etcheverry
SproulPlaza SproulPlaza
Hilgard Hilgard
StudentUnion StudentUnion
EarthquakeLibrary EarthquakeLibrary
UniversityHouse UniversityHouse
LawrenceofScience LawrenceofScience
Pimentel Pimentel
Mulford Mulford
CareerCenter CareerCenter
HearstGym HearstGym
Durham Durham
OBrien OBrien
Library Library
Spieker Spieker
FPF FPF
PacificFilmArchive PacificFilmArchive
BrainImagingCenter BrainImagingCenter
Morrison Morrison
Wheeler Wheeler
Cheit Cheit
Manville Manville
Koshland Koshland
Jacobs Jacobs
Investigative Investigative
EarthLibrary EarthLibrary
EnergyBuilding EnergyBuilding
MediaCenter MediaCenter
StowPlaza StowPlaza
MartinezCommons MartinezCommons
MelvinLaboratory MelvinLaboratory
BancroftDance BancroftDance
AndersenAuditorium AndersenAuditorium
Unit3 Unit3
AnthropologyLibrary AnthropologyLibrary
Stephens Stephens
InternationalHouse InternationalHouse
OptometryLibrary OptometryLibrary
IRLE IRLE
SpringerGateway SpringerGateway
DonnerLaboratory DonnerLaboratory
ArtHistoryLibrary ArtHistoryLibrary
Sproul Sproul
Birge Birge
CITRIS CITRIS
NewspapersLibrary NewspapersLibrary
Warren Warren
PhysicsLibrary PhysicsLibrary
CesarChavez CesarChavez
BerkeleyWayWest BerkeleyWayWest
MSRI MSRI
HealthServices HealthServices
WooHonFai WooHonFai
TAAP TAAP
MathLibrary MathLibrary
AquaticCenter AquaticCenter
UpperHearstParking UpperHearstParking
Evans Evans
BancroftLibrary BancroftLibrary
HearstFieldAnnex HearstFieldAnnex
HearstFountain HearstFountain
BerkeleyLawLibrary BerkeleyLawLibrary
Underhill Underhill
Campbell Campbell
Davis Davis
NorthGate NorthGate
Giauque Giauque
AlumniHouse AlumniHouse
Bowles Bowles
Wellman Wellman
VLSB VLSB
Senior Senior
Stanley Stanley
SocialLibrary SocialLibrary
EastAsianLibrary EastAsianLibrary
SimpsonCenter SimpsonCenter
EthnicLibrary EthnicLibrary
FoxCottage FoxCottage
Hildebrand Hildebrand
MaxwellField MaxwellField
SEAsianLibrary SEAsianLibrary
IdaHouse IdaHouse
Bechtel Bechtel
BanwayBuilding BanwayBuilding
EngineeringLibrary EngineeringLibrary
Durant Durant
Soda Soda
McCone McCone
LatinAmerican LatinAmerican
VisualCenter VisualCenter
LawSchool LawSchool
LeConte LeConte
HearstGreekTheatre HearstGreekTheatre
MLK MLK
Boalt Boalt
Latimer Latimer
FoundersRock FoundersRock
