159 77 190 77 140 14 97 126 172 119 86 119 67 162 191 162 96 78 129 41 148 47 182 48 117 7 72 45 25 138 69 155 69 138 81 28 81 30 11 104 20 87 20 24 193 8 178 8 167 15 71 157 147 40 147 59 100 199 100 139 100 181 23 194 21 194 23 149 4 44 60 44 131 88 29 50 108 38 108 94 1 101 132 101 137 85 188 61 127 146 127 109 180 122 180 193 53 137 76 184 165 65 51 65 26 65 98 65 93 154 2 154 179 16 13 106 13 63 121 166 27 145 27 169 27 173 133 17 36 66 10 200 46 37 46 192 130 107 134 120 134 107 130 64 177 111 128 111 34 111 177 174 177 5 102 123 102 82 102 158 74 185 74 158 99 158 170 79 3 79 32 189 92 116 92 114 35 114 31 156 52 6 164 43 164 159 22 159
100
2 2
3 3
4 4
6 6
7 7
10 10
11 11
13 13
14 14
15 15
17 17
21 21
22 22
24 24
26 26
28 28
31 31
32 32
34 34
35 35
36 36
37 37
38 38
40 40
41 41
43 43
45 45
46 46
47 47
48 48
51 51
52 52
53 53
59 59
60 60
61 61
63 63
64 64
65 65
71 71
72 72
74 74
76 76
77 77
79 79
82 82
85 85
86 86
87 87
88 88
93 93
96 96
97 97
98 98
99 99
100 100
101 101
102 102
106 106
107 107
109 109
111 111
114 114
116 116
120 120
121 121
122 122
123 123
126 126
128 128
132 132
133 133
134 134
137 137
138 138
139 139
140 140
145 145
146 146
148 148
154 154
155 155
156 156
157 157
158 158
165 165
167 167
169 169
172 172
174 174
178 178
180 180
181 181
185 185
190 190
191 191
192 192
193 193
199 199
200 200
