129 44 116 47 58 86 174 19 92 197 137 9 103 125 108 114 151 7 175 178 39 126 69 14 55 31 10 110 73 21 64 53 171 150 121 144 189 48 8 17 155 49 123 57 191 63 96 97 76 96 87 149 88 40 5 33 2 91 61 188 16 54 152 135 82 0 15 145 27 65 177 190 128 26 163 99 56 51 6 85 195 157 29 32 98 109 107 100 105 23 194 71 156 95 59 25 196 25 180 13 50 111 142 111 30 184 30 122 66 158 141 158 81 4 101 84 80 89 130 36 83 129
98
0 0
2 2
4 11 4
5 5
6 6
8 8
9 9
13 13
14 14
15 15
16 16
17 17
21 21
23 23
25 25
26 26
27 160
29 29
105 192 105
33 33
36 36
39 39
40 40
44 44
47 62 183
48 48
49 49
50 50
51 51
53 53
55 55
56 56
57 57
58 58
59 59
61 61
63 63
64 64
65 65
66 66
76 76
80 161
81 81
82 82
84 84
85 85
87 87
88 88
89 89
91 91
92 92
95 95
96 96
97 97
98 98
99 99
100 100
101 101
103 103
107 107
108 108
109 109
110 110
114 114
121 121
122 122
123 123
125 125
126 126
128 128
129
130 130
137 137
141 158
142 142
145 145
150 150
151 151
152 152
155 155
156 156
157 157
163 163
171 171
174 174
175 175
177 177
178 178
180 180
184 184
188 188
189 189
190 190
191 191
194 194
195 195
196 196
197 197
