0 137 0 90 79 4 79 138 160 94 148 71 128 45 128 8 149 82 99 32 25 32 99 73 96 51 47 51 105 19 105 92 124 93 38 93 124 35 100 134 44 134 100 35 184 69 184 40 49 121 11 75 85 68 58 6 51 30 103 20 53 57 142 199 39 199 154 151 145 95 145 151 118 77 125 34 76 7 33 2 33 74 33 72 83 72 28 41 46 22 107 55 63 24 54 108 26 89 23 197 16 57 1 57 18 42 10 122 21 17 13 5 109 31 141 64 9 50 9 107 81 174 56 174 29 14 61 65 3 12 153 66 153 167 175 91 175 125 87 84 97 173 88 198 60 140 0
83
0 0 43 15 86 59 62
1 1
2 2 27 36 78
3 3
4 4
5 5
6 6
7 7
8 8
9 80 9
10 10
11 11
12 12
13 17 13
14 14
16 16
18 18
19 19
20 20
21 21
22 22
23 23
24 24
25 25
26 26
28 28
29 29
30 30
31 31
32 32
33 33
34 34
35 35
137 52 37
38 93 38
39 39
40 40
41 41
42 48 42
44 44
45 45
46 46
47 47
49 49
50 50
51 51
53 53
54 98 54
55 55
56 56
57 57
58 58
60 60
61 61 70
63 63
64 64
65 65
66 66
71 67 71
68 68
69 69
83 72 83
73 73
74 74
75 75
76 76
77 77
79 79
81 81
82 82
84 84
85 85
87 87
88 88
89 89
90 90
91 91
92 92
94 94
95 95
96 96
97 97
99 99
