loc0 loc58 loc158 loc69 loc167 loc163 loc97 loc76 loc82 loc62 loc157 loc112 loc157 loc198 loc131 loc44 loc172 loc44 loc100 loc85 loc173 loc179 loc41 loc119 loc116 loc89 loc191 loc39 loc28 loc187 loc107 loc170 loc147 loc181 loc57 loc199 loc127 loc27 loc127 loc184 loc164 loc165 loc20 loc113 loc186 loc83 loc197 loc150 loc10 loc150 loc109 loc177 loc47 loc75 loc37 loc46 loc144 loc49 loc29 loc130 loc50 loc196 loc50 loc122 loc96 loc134 loc11 loc67 loc65 loc92 loc143 loc56 loc15 loc129 loc162 loc93 loc168 loc66 loc31 loc17 loc156 loc60 loc105 loc52 loc106 loc160 loc45 loc160 loc53 loc78 loc190 loc84 loc8 loc120 loc188 loc183 loc25 loc42 loc138 loc118 loc138 loc32 loc14 loc36 loc185 loc58 loc0
80
loc0
loc8 loc8
loc10 loc10
loc11 loc11
loc14 loc14
loc15 loc15
loc17 loc17
loc20 loc20
loc25 loc25
loc27 loc27
loc28 loc28
loc31 loc31
loc32 loc32
loc36 loc36
loc37 loc37
loc39 loc39
loc41 loc41
loc42 loc42
loc45 loc45
loc46 loc46
loc47 loc47
loc49 loc49
loc52 loc52
loc53 loc160 loc54
loc57 loc57
loc60 loc192
loc66 loc66
loc67 loc67
loc69 loc69
loc75 loc75
loc76 loc182
loc78 loc78
loc82 loc82
loc83 loc83
loc84 loc84
loc85 loc85
loc89 loc89
loc92 loc92
loc93 loc93
loc96 loc96
loc97 loc97
loc100 loc100
loc105 loc105
loc106 loc106
loc109 loc109
loc112 loc112
loc113 loc113
loc116 loc116
loc118 loc118
loc119 loc119
loc120 loc120
loc122 loc122
loc129 loc129
loc130 loc130
loc131 loc131
loc134 loc134
loc138 loc138
loc144 loc144
loc147 loc147
loc150 loc150
loc156 loc156
loc157 loc157
loc162 loc162
loc164 loc164
loc165 loc165
loc167 loc167
loc168 loc168
loc172 loc172
loc177 loc177
loc179 loc179
loc183 loc183
loc184 loc184
loc185 loc185
loc186 loc186
loc187 loc187
loc188 loc188
loc191 loc191
loc196 loc196
loc197 loc197
loc198 loc198
