112 123 40 94 97 172 129 168 83 52 81 71 33 190 36 85 130 124 194 34 183 49 107 152 174 23 146 84 127 126 29 27 53 158 70 72 171 78 181 184 24 131 160 154 187 6 99 41 68 163 42 56 54 9 170 17 105 188 157 21 44 182 75 114 165 144 138 119 59 58 14 162 80 64 66 120 149 136 169 121 60 143 13 96 118 102 151 166 104 0 20 147 11 69 109 73 8 95 28 117 35 112
100
0 0
6 6
8 8
9 9
11 11
13 13
14 14
17 17
20 20
21 21
23 23
24 24
27 27
28 28
29 29
33 33
34 34
35 35
36 36
40 40
41 41
42 42
44 44
49 49
52 52
53 53
54 54
56 56
58 58
59 59
60 60
64 64
66 66
68 68
69 69
70 70
71 71
72 72
73 73
75 75
78 78
80 80
81 81
83 83
84 84
85 85
94 94
95 95
96 96
97 97
99 99
102 102
104 104
105 105
107 107
109 109
114 114
117 117
118 118
119 119
120 120
121 121
123 123
124 124
126 126
127 127
129 129
130 130
131 131
136 136
138 138
143 143
144 144
146 146
147 147
149 149
151 151
152 152
154 154
157 157
158 158
160 160
162 162
163 163
165 165
166 166
168 168
169 169
170 170
171 171
172 172
174 174
181 181
182 182
183 183
184 184
187 187
188 188
190 190
194 194
