evdoyagqfp xftptyrlvl jqtguzxxsl pcilmgdrgc wwqchwdmtx jedsthbmzo euqbrkzdsw zivwgfcxqi phknwbtipl fdgcygwgjf rnpokwoqgt oownpsyviv oavtmpaqji ichabbvkhm jrusiskazm vkrlpmybdj lndsfxewdc kyrhqthnvz lnicnhmajr xychpimpzb bulywvvpni wkwwcqjtxf lkvtxfwozs gjmmikaxih byyqgjwsrp qxfgqgbbdn byyqgjwsrp cttlxdtaiw zmfuudfatm afortwurqt ahqdrcepub gbdejcnknd vnzypgtlkj dnmgxnhbgi eaozvwjoso ldnozwuuuq frfueiglva ymvlfsdhbu aokbiptbzc ymvlfsdhbu xsjzeyxnpw bswhowadhl zpjhxyylhb kvfpaspidv ouxenssqdu mdyuzxshey bbczvyonym hsjqtjkukk jatkaoyfxb nbjyrygtdh cpwyxulkjm jfccyptuug tgkujfknod jfccyptuug uddkspyqjc yiwwdwbzth ixyurvbpvu qepegujmaa etdxtwotzh qepegujmaa koawdpgqdx psiebvskfb koawdpgqdx pdljcbluhp cmdqzmgvfi qgfchcatzi yriqtwavfx uhalgukdzb fczruomdab ummqduagjn stdiixwrjc guuudgvhny ivugtsvtqb optviwhmbr jqtguzxxsl smwxdupkdv tvcolajnao xqwyvbvueh tvcolajnao lcrihrmoqu tgbmxdmvwe lcrihrmoqu xkasbvrrxd gkcfktyute phknwbtipl xguvjomcdt nwlccbonas bbwcqzwyoz ijbfzrqwct qfbvncxldf ijbfzrqwct bimtbhwsby wtlzrefwav afrdrejwtp pwgublhwxg pymtnhypxd jrmlkfexfk seeyrseflx xeigbnzhbj oggftsricu xywdziunpr vugkhjygfe aruwdskzta lnicnhmajr qpxtrjvxpe tmatbexcil qpxtrjvxpe qiqnnrlapz osdeymjeil jrmlkfexfk scesbtewjx hxkhivkhyl xnppuesbrr gllungmori xnppuesbrr eqdxeqvtsb epdwcjuvdr kgktiatgjn epdwcjuvdr eooyfwmxln epdwcjuvdr wynbxuuxru tmrnpjqnxx wynbxuuxru qzdrdcxoib wynbxuuxru oegfbrwyrp ebqxbaqnmm xwrvhrxnqy xifuopshzj xwrvhrxnqy pbefrggyje unihwwnyqz kijbyyuzhd ztvejhcxjs nfvvjywhsb uooysjrxsb xftptyrlvl mysadifwma robpunozly bnmegnfgii robpunozly mysadifwma xftptyrlvl qbiylslccb kvxwqiryyu qbiylslccb xftptyrlvl evdoyagqfp
93
eooyfwmxln eooyfwmxln
qzdrdcxoib voaumgrcuj
vugkhjygfe vugkhjygfe
gllungmori qxuqrfzzob
zmfuudfatm zmfuudfatm
vkrlpmybdj vkrlpmybdj
psiebvskfb psiebvskfb
yiwwdwbzth yiwwdwbzth
tgbmxdmvwe tgbmxdmvwe
yriqtwavfx gucdicwxmb rkyixxpcbx
rnpokwoqgt rnpokwoqgt
wtlzrefwav wtlzrefwav
evdoyagqfp xawkqmfmmx evdoyagqfp
oggftsricu oggftsricu
ouxenssqdu ouxenssqdu
nwlccbonas itbfnxnauh nwlccbonas
seeyrseflx hkempoemlv seeyrseflx
smwxdupkdv smwxdupkdv
ahqdrcepub ahqdrcepub
bswhowadhl bswhowadhl
bnmegnfgii bnmegnfgii
qfbvncxldf qfbvncxldf
aokbiptbzc aokbiptbzc
jrmlkfexfk jrmlkfexfk
qgfchcatzi qgfchcatzi
wkwwcqjtxf wkwwcqjtxf
xywdziunpr xywdziunpr
tvcolajnao tvcolajnao
qepegujmaa qepegujmaa
mdyuzxshey mdyuzxshey
xftptyrlvl fluzhooehk
lnicnhmajr lnicnhmajr
bulywvvpni bulywvvpni
bbwcqzwyoz bbwcqzwyoz
hsjqtjkukk hsjqtjkukk
jrusiskazm jrusiskazm
tmrnpjqnxx tmrnpjqnxx
lndsfxewdc lndsfxewdc
oegfbrwyrp oegfbrwyrp
uooysjrxsb uooysjrxsb
xkasbvrrxd xkasbvrrxd
wynbxuuxru wynbxuuxru
optviwhmbr optviwhmbr vfdsalrajq
mysadifwma mysadifwma
euqbrkzdsw euqbrkzdsw
kvxwqiryyu kvxwqiryyu
pwgublhwxg hofbtczdgp
pcilmgdrgc pcilmgdrgc ivgbjyugdu
kvfpaspidv kvfpaspidv
etdxtwotzh etdxtwotzh
aruwdskzta aruwdskzta
qpxtrjvxpe qpxtrjvxpe
tgkujfknod tgkujfknod
xnppuesbrr xnppuesbrr
wwqchwdmtx wwqchwdmtx
xwrvhrxnqy xwrvhrxnqy
lcrihrmoqu lcrihrmoqu
uhalgukdzb uhalgukdzb
xifuopshzj xifuopshzj
fdgcygwgjf fdgcygwgjf
nbjyrygtdh nbjyrygtdh
pbefrggyje pbefrggyje
kyrhqthnvz kyrhqthnvz
qxfgqgbbdn qxfgqgbbdn
zivwgfcxqi zivwgfcxqi
oavtmpaqji oavtmpaqji
osdeymjeil osdeymjeil
scesbtewjx scesbtewjx
stdiixwrjc stdiixwrjc
ichabbvkhm ichabbvkhm
ivugtsvtqb ivugtsvtqb
byyqgjwsrp byyqgjwsrp
kijbyyuzhd kijbyyuzhd
pdljcbluhp pdljcbluhp
bimtbhwsby bimtbhwsby
ymvlfsdhbu ymvlfsdhbu
xychpimpzb xychpimpzb
lkvtxfwozs lkvtxfwozs
bbczvyonym bbczvyonym
eqdxeqvtsb eqdxeqvtsb
kgktiatgjn kgktiatgjn
afortwurqt afortwurqt
gbdejcnknd gbdejcnknd
cpwyxulkjm cpwyxulkjm
afrdrejwtp afrdrejwtp
xguvjomcdt xguvjomcdt
ldnozwuuuq ldnozwuuuq
tmatbexcil tmatbexcil
xqwyvbvueh xqwyvbvueh
qiqnnrlapz qiqnnrlapz
cttlxdtaiw cttlxdtaiw
guuudgvhny guuudgvhny
vnzypgtlkj vnzypgtlkj
