loc0 loc193 loc67 loc157 loc21 loc129 loc75 loc129 loc3 loc183 loc6 loc186 loc30 loc147 loc93 loc123 loc33 loc114 loc24 loc177 loc15 loc195 loc150 loc52 loc133 loc97 loc142 loc7 loc169 loc26 loc143 loc8 loc143 loc71 loc107 loc35 loc179 loc44 loc161 loc80 loc161 loc98 loc125 loc23 loc188 loc62 loc188 loc86 loc158 loc59 loc158 loc68 loc176 loc14 loc185 loc83 loc131 loc77 loc113 loc41 loc113 loc5 loc113 loc29 loc173 loc128 loc74 loc110 loc74 loc128 loc2 loc137 loc38 loc137 loc20 loc146 loc73 loc136 loc100 loc172 loc55 loc172 loc82 loc172 loc91 loc127 loc64 loc109 loc19 loc109 loc10 loc163 loc1 loc153 loc45 loc153 loc90 loc135 loc18 loc135 loc36 loc135 loc81 loc162 loc9 loc108 loc63 loc117 loc27 loc189 loc57 loc189 loc84 loc174 loc66 loc102 loc48 loc189 loc99 loc189 loc54 loc180 loc72 loc180 loc39 loc192 loc12 loc120 loc22 loc157 loc85 loc166 loc115 loc25 loc115 loc43 loc196 loc16 loc196 loc88 loc187 loc61 loc187 loc34 loc151 loc79 loc166 loc13 loc103 loc58 loc184 loc94 loc184 loc50 loc122 loc95 loc122 loc76 loc148 loc40 loc148 loc31 loc121 loc0
86
loc0
loc1 loc1
loc2 loc2
loc3 loc3
loc157 loc49 loc4
loc5 loc5
loc6 loc6
loc7 loc7
loc8 loc8
loc9 loc9
loc10 loc10
loc110 loc11 loc92 loc47
loc12 loc12
loc13 loc13
loc14 loc14
loc15 loc15
loc16 loc16
loc179 loc89 loc17
loc18 loc18
loc19 loc19 loc46
loc20 loc65 loc20
loc21 loc21
loc22 loc22
loc23 loc23
loc24 loc24
loc25 loc25
loc26 loc26
loc27 loc27
loc136 loc28 loc37
loc29 loc29
loc30 loc30
loc31 loc31
loc131 loc32 loc56
loc33 loc33 loc87
loc34 loc34
loc35 loc35 loc53
loc36 loc36
loc38 loc38
loc39 loc39
loc40 loc40
loc41 loc41
loc150 loc42 loc69 loc78
loc43 loc43
loc44 loc44
loc45 loc45
loc48 loc48
loc50 loc50
loc195 loc96 loc51 loc60
loc52 loc52
loc54 loc54
loc55 loc55
loc57 loc57
loc58 loc58
loc59 loc59
loc61 loc61 loc70
loc62 loc62
loc63 loc63
loc64 loc64
loc66 loc66
loc67 loc67
loc68 loc68
loc71 loc71
loc72 loc72
loc73 loc73
loc74 loc74
loc75 loc75
loc76 loc76
loc77 loc77
loc79 loc79
loc80 loc80
loc81 loc81
loc82 loc82
loc83 loc83
loc84 loc84
loc85 loc85
loc86 loc86
loc88 loc88
loc90 loc90
loc91 loc91
loc93 loc93
loc94 loc94
loc95 loc95
loc97 loc97
loc98 loc98
loc99 loc99
loc100 loc100
