0 42 28 12 90 79 75 10 93 191 66 4 32 16 85 33 76 55 31 97 176 44 176 45 18 177 54 7 96 6 96 17 135 82 136 52 73 14 29 72 181 155 87 5 62 70 94 71 21 13 43 74 37 98 88 8 88 61 100 48 3 57 22 19 146 64 67 25 15 39 65 23 60 189 51 92 104 24 63 80 34 11 1 11 59 40 69 26 50 41 36 77 84 81 20 35 56 35 103 99 78 9 78 99 27 49 195 68 30 0
89
0 91
1 1
10 10 43 2 83
3 58 3
4 4
5 5
6 6
7 7
8 8
9 9
11 11
12 12
13 13
14 14
15 15
16 16
17 89 17
18 18
19 19
20 35 20
21 21
22 22
23 23
24 24
25 25
26 26
27 27
28 28
29 29
30 30
31 31
32 32
33 33
34 34
36 36
37 37 47
155 38 46
39 39
40 40 59
41 41
42 42
44 44
45 45
48 48
49 49
50 50
51 51
52 52
195 53
54 54
55 55
56 56
57 57
60 60
61 61
62 62
63 63
64 64
65 65
66 66
67 67
68 68
69 69
70 70
71 71
72 72
73 73
74 74
75 75
76 76
77 77
99 78 99 86
79 79
80 80
81 81
82 82
84 84
85 85
87 87
88 88
90 90
92 92
93 93
94 94
191 95
96 96
97 97
98 98
100 100
