Soda AG Soda U Soda O Soda FD Soda DQ DP DO Soda BU BT Soda BX Soda AT AU AV AW AX AY AZ Soda BD Soda AD Soda FX Soda FA Soda K J I Soda R Soda BQ BP BO Soda AJ Soda FU Soda FG Soda DJ Soda CA Soda GC Soda FR Soda DZ DY DX DW DV DU DT Soda DA Soda DD Soda GF Soda FJ Soda C Soda F Soda BJ Soda X Soda GK GJ GI Soda AA Soda AO Soda
47
Soda GO
C C
F F
I I
K K
O O
R R
U U
X X
AA AA
AD AD
AG AG
AJ AJ
AO AO
AT AT
AW AW
AX AX
AZ AZ
BD BD
BJ BJ
BO BO
BQ BQ
BT BT
BU BU
BX BX
CA CA
DA DA
DD DD
DJ DJ
DO DO
DQ DQ
DT DT
DU DU
DW DW
DX DX
DZ DZ
FA FA
FD FD
FG FG
FJ FJ
FR FR
FU FU
FX FX
GC GC
GF GF
GI GI
GK GK
