g3ylJsdLuC idQHxtSnxr dj8JMfo3hX QrJxLpX875 2eMl9AO5o8 oWmQcQwHPo WcyuqGYOzU XOxGPscMMG yU6iUY8YgO Qu2MUNKITj pk0Vh75DnH 2fevl06VRg t25XjDwQhD 8ZKCAWlImg tubjzjzUpV M2hatQPY96 CxfzSa2YOV PcFJuErB3q 4TTtdOaCTp biWuM2iRnz MXIvZpEPtW 4znnlMjVra MXIvZpEPtW lfdanPGo3c jBYJ7v19BQ qjDSEKmZMW FqFik17fFH r8njDwxc2t JD3uem81Lg D0kECQ0RvI emYRLTiyj9 LeZK9UvMT9 vnZBjkVngj IGpxjveim7 x7iq98BiN3 uNliYB9ELN LCKLTNE1vp TSSOUimHPg Q1N77BLmyb bsEkAY2K41 j98kcW9qGB jPXsbXPNMq BUMLJo6sc3 srT70dfQEr Pz3egMzKU8 gZXiityEnU Pz3egMzKU8 srT70dfQEr K05xB79KZo 2O61j91J3T 7ZWqK2F5XG 97ZNlakBoq mwzQG3SxnO rCoEuOa7EU 8KtuAXHUy3 rCoEuOa7EU XW1Wn7EqpN GQ4F0g3Mdj TP2TNyk7wl GQ4F0g3Mdj TyL7NE2puV pKK7T4agKn AL20k9yp9D z9nRKYQ1ub AL20k9yp9D Pijq8aHqIR qnkfLCmfDn QTNhZIciNJ CSjLrGbUz3 xtp1B5q0W1 AXNCIbkEJh dC48GQHGzO 1TfvXd6dPZ u4FAx2sHZm 2OsmeZV9xh u4FAx2sHZm g2I4si69gU oVMPVsMWrZ WYEDqSuNRX KpxiCfRqh3 bserQRNqfz S8BtTu4yH9 WAi18jd2vJ fWIjO8yhE3 uvoepIQg9n IA0Uf143OT BNkM7qaRNw XlU2fx0ZPn BNkM7qaRNw yky49wE4YG Pv5LMSkQii yky49wE4YG YAqGe4tKAP FvzkpZRSj8 Oiowits7js 12ECENJIev 7wS9dKOnJR IT4pKw3giW pWVnBerIra bWDewy6WbV oCk2Yieytb Tk8ERvdKxF uIf3wnJUdn fXy828RCG4 KUJdxKVZFO 0wTk0mYkLH KUJdxKVZFO 7g0Idy1nzK 03xK87sjTf nKHFs5cKTX s3eMpsYH00 oIVQ2qkgnR 0hs3CNDF4L oIVQ2qkgnR bhojeHeddF oIVQ2qkgnR h5Si5BAPN0 QTNhZIciNJ 2S929yZddP 1QXjsHNYao 723MhcLxt0 TBzLS0OAYU xjSWG1YKh9 wRn7Oi1bcW 0mnwiU4XrT u4LnQNaaiz yvMowGbkvn vUu8ijgxxf 9LabQjTqkn dMOAUqH7Z3 CUEWGmB7Gt oEdovEhrWM YpRs8m6oyX FmtLnHv2HY 5SSy593K31 WvFZJEkTrw aEo62SfMqH j98kcW9qGB onlLq65Azx idQHxtSnxr g3ylJsdLuC
96
0mnwiU4XrT 0mnwiU4XrT
oCk2Yieytb oCk2Yieytb
97ZNlakBoq 97ZNlakBoq
oWmQcQwHPo oWmQcQwHPo
u4FAx2sHZm u4FAx2sHZm
g2I4si69gU g2I4si69gU
oVMPVsMWrZ oVMPVsMWrZ
mwzQG3SxnO mwzQG3SxnO
TyL7NE2puV TyL7NE2puV
fWIjO8yhE3 KHDeTTvJC1
bWDewy6WbV bWDewy6WbV
s3eMpsYH00 s3eMpsYH00
723MhcLxt0 723MhcLxt0
LCKLTNE1vp LCKLTNE1vp
vUu8ijgxxf vUu8ijgxxf
CSjLrGbUz3 CSjLrGbUz3
Pz3egMzKU8 Pz3egMzKU8
srT70dfQEr srT70dfQEr
wRn7Oi1bcW wRn7Oi1bcW
1QXjsHNYao 1QXjsHNYao
WcyuqGYOzU WcyuqGYOzU
QrJxLpX875 QrJxLpX875
4znnlMjVra 4znnlMjVra
TBzLS0OAYU TBzLS0OAYU
CxfzSa2YOV CxfzSa2YOV
KpxiCfRqh3 KpxiCfRqh3
Pijq8aHqIR Pijq8aHqIR
dj8JMfo3hX dj8JMfo3hX
Tk8ERvdKxF Tk8ERvdKxF
KUJdxKVZFO KUJdxKVZFO
1TfvXd6dPZ 1TfvXd6dPZ mbSdju1TJK
uIf3wnJUdn uIf3wnJUdn
QTNhZIciNJ QTNhZIciNJ
XlU2fx0ZPn XlU2fx0ZPn
IA0Uf143OT IA0Uf143OT
nKHFs5cKTX nKHFs5cKTX
t25XjDwQhD t25XjDwQhD
qjDSEKmZMW qjDSEKmZMW
BUMLJo6sc3 fecMfiAuGC BUMLJo6sc3
03xK87sjTf 7g0Idy1nzK 03xK87sjTf
fXy828RCG4 fXy828RCG4
FvzkpZRSj8 FvzkpZRSj8
2OsmeZV9xh 2OsmeZV9xh
0wTk0mYkLH 0wTk0mYkLH
oIVQ2qkgnR oIVQ2qkgnR
GQ4F0g3Mdj GQ4F0g3Mdj
u4LnQNaaiz u4LnQNaaiz
dMOAUqH7Z3 dMOAUqH7Z3
tubjzjzUpV tubjzjzUpV
WAi18jd2vJ WAi18jd2vJ
S8BtTu4yH9 S8BtTu4yH9
2S929yZddP 2S929yZddP
5SSy593K31 5SSy593K31
CUEWGmB7Gt CUEWGmB7Gt
2O61j91J3T 2O61j91J3T
oEdovEhrWM oEdovEhrWM
M2hatQPY96 M2hatQPY96
K05xB79KZo K05xB79KZo
bhojeHeddF bhojeHeddF
pk0Vh75DnH pk0Vh75DnH
Oiowits7js Oiowits7js
r8njDwxc2t r8njDwxc2t
z9nRKYQ1ub z9nRKYQ1ub
JD3uem81Lg JD3uem81Lg
gZXiityEnU gZXiityEnU
jPXsbXPNMq jPXsbXPNMq
emYRLTiyj9 emYRLTiyj9
XW1Wn7EqpN XW1Wn7EqpN
YpRs8m6oyX YpRs8m6oyX
onlLq65Azx onlLq65Azx
dC48GQHGzO RN0bCAV6rQ
yU6iUY8YgO yU6iUY8YgO
uvoepIQg9n uvoepIQg9n
TP2TNyk7wl TP2TNyk7wl
LeZK9UvMT9 LeZK9UvMT9
YAqGe4tKAP YAqGe4tKAP
x7iq98BiN3 x7iq98BiN3
yky49wE4YG yky49wE4YG WRd4lScvm6
0hs3CNDF4L 0hs3CNDF4L
Pv5LMSkQii Pv5LMSkQii
12ECENJIev 12ECENJIev
8KtuAXHUy3 8KtuAXHUy3
IT4pKw3giW IT4pKw3giW
jBYJ7v19BQ jBYJ7v19BQ
WvFZJEkTrw WvFZJEkTrw
qnkfLCmfDn qnkfLCmfDn
BNkM7qaRNw BNkM7qaRNw
lfdanPGo3c lfdanPGo3c
bsEkAY2K41 bsEkAY2K41
g3ylJsdLuC idQHxtSnxr
h5Si5BAPN0 h5Si5BAPN0
biWuM2iRnz biWuM2iRnz
yvMowGbkvn yvMowGbkvn
xtp1B5q0W1 xtp1B5q0W1
aEo62SfMqH aEo62SfMqH
Q1N77BLmyb Q1N77BLmyb
