1 1bH 1dZ 1aU 1eH 1dP 1cK 1cN 1dK 1bB 1cX 1aQ 1cJ 1eB 1cB 1aA 1aB 1bL 1cI 1dM 1bK 1eF 1cO 1dC 1dO 1bG 1bR 1bQ 1bV 1dY 1aR 1cG 1cR 1bP 1cV 1bM 1aW 1bA 1dD 1cZ 1cP 1dI 1dJ 1eG 1aI 1aZ 1aN 1cE 1aT 1dA 1dF 1bE 1aM 1eE 1dV 1dS 1aY 1bO 1cT 1eJ 1eC 1bF 1bD 1dH 1aV 1bC 1cQ 1aE 1bU 1aJ 1cS 1eX 1eD 1bX 1dN 1bT 1cH 1bY 1dR 1dT 1bJ 1cW 1bN 1cF 1aK 1aX 1cY 1dG 1bW 1cD 1dW 1bS 1cU 1aC 1eI 1aS 1eA 1aP 1dE 1aL 1
100
1 1
1aA 1aA
1aB 1aB
1aC 1aC
1aE 1aE
1aI 1aI
1aJ 1aJ
1aK 1aK
1aL 1aL
1aM 1aM
1aN 1aN
1aP 1aP
1aQ 1aQ
1aR 1aR
1aS 1aS
1aT 1aT
1aU 1aU
1aV 1aV
1aW 1aW
1aX 1aX
1aY 1aY
1aZ 1aZ
1bA 1bA
1bB 1bB
1bC 1bC
1bD 1bD
1bE 1bE
1bF 1bF
1bG 1bG
1bH 1bH
1bJ 1bJ
1bK 1bK
1bL 1bL
1bM 1bM
1bN 1bN
1bO 1bO
1bP 1bP
1bQ 1bQ
1bR 1bR
1bS 1bS
1bT 1bT
1bU 1bU
1bV 1bV
1bW 1bW
1bX 1bX
1bY 1bY
1cB 1cB
1eX 1cC
1cD 1cD
1cE 1cE
1cF 1cF
1cG 1cG
1cH 1cH
1cI 1cI
1cJ 1cJ
1cK 1cK
1cN 1cN
1cO 1cO
1cP 1cP
1cQ 1cQ
1cR 1cR
1cS 1cS
1cT 1cT
1cU 1cU
1cV 1cV
1cW 1cW
1cX 1cX
1cY 1cY
1cZ 1cZ
1dA 1dA
1dC 1dC
1dD 1dD
1dE 1dE
1dF 1dF
1dG 1dG
1dH 1dH
1dI 1dI
1dJ 1dJ
1dK 1dK
1dM 1dM
1dN 1dN
1dO 1dO
1dP 1dP
1dR 1dR
1dS 1dS
1dT 1dT
1dV 1dV
1dW 1dW
1dY 1dY
1dZ 1dZ
1eA 1eA
1eB 1eB
1eC 1eC
1eD 1eD
1eE 1eE
1eF 1eF
1eG 1eG
1eH 1eH
1eI 1eI
1eJ 1eJ
