153 20 89 31 4 86 13 196 76 124 76 7 76 182 75 136 181 146 194 135 117 16 126 59 152 28 74 134 150 168 11 26 172 79 108 41 137 177 35 169 147 42 147 189 8 189 78 163 162 56 100 127 160 37 160 187 122 98 88 98 2 179 112 3 23 90 40 92 171 92 83 186 52 186 19 81 119 156 50 128 96 49 167 93 188 36 120 21 184 18 184 21 161 95 77 53 145 178 131 138 61 138 139 43 139 60 0 195 80 140 80 39 70 180 197 68 118 69 192 5 29 109 99 58 113 34 12 129 15 170 153
97
50 50
81 81
83 83
40 40
96 96
29 29
89 89
7 7
126 126
56 56
180 180
86 86
16 16
178 178
41 41
23 23
95 95
90 90
188 188
19 19
77 77
20 20
153 153
192 192
137 137
13 13
5 5
79 79
99 99
163 163
15 15
197 197
156 156
70 70
136 136
160 160
42 42
35 35
93 93
2 2
128 128
161 161
120 47 120 36
195 195
187 187
122 122
127 127
172 172
68 68
194 194
18 184
146 146
196 196
119 119
145 145
98 98
170 170
34 34
167 167
49 49
53 53
140 140
177 177
21 21
88 88
152 152
112 112
108 108
134 134
135 135
52 52
118 118
60 60
124 124
131 131
182 182
26 26
3 3
169 169
43 43
4 4
113 113
12 12
37 37
0 0
58 58
138 138
28 28
168 168 150
74 74
147 147
171 171
8 8
179 179
11 11
61 61
129 129
