Porterton Wallton Davisstad Newmanburgh Gallowaymouth Newmanburgh Davisstad Leechester Castanedachester Leechester Pettyton Bondmouth Pettyton Jonesfurt Pettyton Leechester Davisstad Jacksonton Singletonton Jacksonton Davisstad Wallton Derekmouth Geraldside Michellehaven Geraldside Joseport Geraldside Derekmouth Charlesberg Sethland Charlesberg Weberbury Kimberlyburgh Weberbury Charlesberg Kevinberg Patriciabury Kevinberg Adamside Kevinberg Charlesberg Derekmouth Jeffreyfort Johnsonchester Jeffreyfort Garytown Audreyfort Garytown Jeffreyfort Derekmouth Wallton Danielleport Scottburgh Laurenbury Scottburgh Danielleport Melissaview Cheyennefurt Thompsonshire Cheyennefurt Watsonville Cheyennefurt Melissaview Campbellhaven Annberg Campbellhaven Melissaview Danielleport Cooperton Lopezborough Waltersmouth Lopezborough Cooperton Danielleport Wallton Porterton Dianashire Burgessview Billton Banksburgh Yvonneborough Parkermouth Yvonneborough Banksburgh Simmonsburgh Michaelville Simmonsburgh Banksburgh Billton Burgessview Marcusburgh Matthewburgh Virginiastad Robinsonmouth Virginiastad Matthewburgh Bondfort Adamview Bondfort Shawnmouth Bondfort Matthewburgh Marcusburgh Fletcherland Kingview Williamschester Kingview Fletcherland Marcusburgh Tylerbury Jamestown Wilsonstad Jamestown Tylerbury Marcusburgh Burgessview Williamfort Thomasville Lopezburgh Byrdfurt Lopezburgh Thomasville Williamfort Moodyburgh Heatherberg Thomasborough Heatherberg Moodyburgh Gregoryberg Moodyburgh Williamfort Williamport Ashleystad Holthaven Ashleystad Codyton Ashleystad Williamport Williamfort Burgessview Dianashire Ashleyborough Osborneville Christophermouth Shawnhaven Christophermouth Osborneville Payneview Jacksonville Payneview Teresafort Smithtown Teresafort Calvinton Teresafort Payneview Barnesmouth Harrisport Barnesmouth Payneview Osborneville Ashleyborough Clarkberg Reevestown Judithview Michaelview Judithview Reevestown Clarkberg Burtonview Murphyside Bakertown Murphyside Burtonview Clarkberg Ashleyborough Paulburgh Walltown Johnberg Walltown Callahantown Maryport Callahantown Walltown Scotttown Jacksonview Scotttown Walltown Paulburgh Robertsstad Toddtown Robertsstad Paulburgh Ashleyborough Dianashire Porterton
44
Waltersmouth Adamport Adkinsberg
Lopezburgh Leahmouth
Laurenbury Hallstad Haleview
Toddtown Swansonshire Abigailhaven
Johnberg Williamshire
Sethland Osbornemouth Ellisstad Tannerhaven
Bondmouth Taylorton Bondmouth Mercedesmouth
Tylerbury Hansonbury
Gregoryberg Millerborough Smithfort
Kimberlyburgh Kimberlyburgh Clarkport Candiceland
Thompsonshire Thompsonshire
Jonesfurt Jonesfurt
Codyton Codyton Mindyview Ryanside
Joseport Hallborough Gabrielburgh Hodgesstad Kylieview
Gallowaymouth Josephstad Rioshaven
Byrdfurt Loweryborough Garciamouth Byrdfurt
Michaelview Michaelview Clarenceview
Michellehaven Fordhaven Ramosborough Cranemouth Joneschester
Shawnmouth Buckleyside Priceville Shawnmouth
Audreyfort Patriciaside Audreyfort
Calvinton Calvinton
Parkermouth Shawnfort Parkermouth
Smithtown Abigailville Jacksonland Smithtown
Michaelville Michaelville Williamland
Adamview Adamview Harrisborough
Holthaven Holthaven Vickiville
Singletonton Jermaineton Clarkbury
Fletcherland Ortizberg
Robinsonmouth Horneside Johnsonberg Robinsonmouth
Wilsonstad Wilsonstad
Williamschester Williamschester Mirandaview
Annberg Houstonchester Annberg Dyerport
Jacksonview Danielville Jacksonview
Johnsonchester Susanfort Nealfurt
Jacksonville Jennifertown Feliciaville Christopherhaven
Shawnhaven Candaceborough Dannyside
Bakertown Derekville Bakertown Jameston
Watsonville Robertomouth Christyland Watsonville
Harrisport Harrisport Clarkborough Brendaview
Castanedachester Suttonville
Thomasborough Masseyside Thomasborough Ortegaberg
Adamside Adamside Bradberg Andrewschester
Maryport Combsville Maryport Reynoldsview
Patriciabury Thomasmouth Patriciabury Troyfort
