89 69 183 109 112 130 107 31 6 140 49 111 144 160 122 61 87 100 199 128 23 96 32 98 179 119 70 192 136 3 64 18 121 33 25 44 99 37 41 81 38 75 78 27 9 48 27 78 101 169 5 172 59 124 125 114 143 102 148 13 82 147 65 191 97 193 73 133 194 141 79 36 197 188 21 86 173 94 151 45 135 156 51 189 29 86 56 155 178 187 132 195 39 85 146 58 16 118 1 127 80 149 190 11 83 88 127 4 12 89
100
1 1
3 3
4 4
5 5
6 6
9 9
11 11
12 12
13 13
16 16
18 18
21 21
23 23
25 25
27 27
29 29
31 31
32 32
33 33
36 36
37 37
38 38
39 39
41 41
44 44
48 48
49 49
51 51
56 56
58 58
59 59
61 61
64 64
65 65
69 69
70 70
73 73
75 75
78 78
79 79
80 80
81 81
82 82
83 83
85 85
86 86
88 88
94 94
96 96
97 97
98 98
99 99
100 100
101 101
102 102
107 107
109 109
111 111
112 112
114 114
118 118
121 121
122 122
124 124
125 125
127 127
128 128
130 130
132 132
133 133
135 135
136 136
140 140
141 141
144 144
146 146
147 147
148 148
149 149
151 151
155 155
156 156
160 160
169 169
172 172
173 173
178 178
179 179
183 183
187 187
188 188
189 189
190 190
191 191
192 192
193 193
194 194
195 195
197 197
199 199
