dldkilltnmhfepsteins msddkilllthepsteinfn dlfdkilltepsteinhnms killmdshdtnflepstein fdskillndtmepsteinlh killmdshdtnflepstein sdndhepsteinltkillfm dfkilllepsteinsnmhtd epsteindmshtfldnkill hmndfkillslepsteintd dftkillhmldnepsteins mndtkillepsteindlfhs ldfsmnepsteinkilltdh dkillldfepsteintsmnh dlshdtepsteinnkillfm tdnfmdhepsteinslkill fmtnkilldepsteindhsl mkillldnhepsteinstfd fmtnkilldepsteindhsl hsepsteinfkillnmddtl hndsmfkilltldepstein fhdmnepsteindkillslt tldkillhsfnmepsteind depsteinlfnmkilldsht lhepsteintndkilldsmf depsteinlfnmkilldsht slepsteinkillfmddhtn killtdslhfdepsteinnm mhdskillldftnepstein killtdslhfdepsteinnm shfnmltepsteindkilld killdldepsteinmfsthn dnldkillhmfstepstein killthsepsteindmlfdn depsteinslkillhdftmn killmfndshdtepsteinl hmdkilllnepsteinfsdt killhtdmdlnsfepstein nfltdmkillsdepsteinh lsmftnepsteinkillhdd dflstmkillepsteindhn killdepsteinmfltdshn tsdnhkilllmepsteindf tdfkillslepsteinhdmn sldhnfmtdkillepstein msepsteintlhnfkilldd shepsteinnkillftlddm tepsteinhsdkillmldfn epsteinldtnfmshdkill fdmtdepsteinkilllsnh killhdfnsepsteinmltd fsepsteindkillhmtdln skillthlfndepsteindm mkillthfdlnepsteinds dtsmdnlhfepsteinkill epsteinsnmflhtdkilld epsteintfhndkilllmsd tdkillepsteinsmhdfnl lepsteindnhstfdmkill fhnmkillepsteinsdltd depsteinftndhmkillsl hepsteinnfdmlsdtkill depsteinftndhmkillsl epsteindkilltlmnhsfd depsteinftndhmkillsl fthlkillnepsteindsdm thnkillmddsepsteinfl fthlkillnepsteindsdm nftmskilldldepsteinh mdkillnlsdtepsteinhf lhsntdepsteindkillmf lmkillepsteintsndfhd hepsteinntdkillsdmfl depsteintkilllnmsfdh hepsteinntdkillsdmfl lmkillepsteintsndfhd ndshkilldmlepsteinft ndkillthdepsteinlsmf lkillfthdsepsteindnm dtnkillsepsteinmdfhl lkillfthdsepsteindnm nsepsteinfmdkillhldt hnskillepsteintfdmld hnsepsteinmkillfddtl dhtepsteinkillsdflmn killepsteinfdlhdtnms skillmfepsteinthddnl dkillnmhldstfepstein hdntepsteinkilllsdfm mhkillepsteinddlfsnt hdntepsteinkilllsdfm dkillnmhldstfepstein epsteinshlkilldmnfdt dfdepsteintlnskillhm ldepsteindhkilltsmfn mfndlsdepsteinhkillt dsftepsteindhkillmnl sdlhfnmdepsteintkill dsftepsteindhkillmnl mfndlsdepsteinhkillt dmldfhskillntepstein mdkillntepsteindfhsl tndskilldfepsteinmhl dkillnmsfhtlepsteind tndskilldfepsteinmhl nmdhepsteinkilltfsld epsteinhnkillsldfdmt mkilldlshdtfepsteinn epsteinhdkillltsmfdn dhsepsteintlkillmfnd fddsmepsteintnkillhl ntmdhepsteinsdkillfl epsteinfthkilldnslmd mdkilllfdnstepsteinh lkillepsteintdshmfnd hdmndfepsteinstkilll nepsteindhkillltmsfd sndldftmkillepsteinh dhkillldsepsteintnmf epsteinfsltkillnhddm fmltddhnepsteinskill epsteinfsltkillnhddm dhkillldsepsteintnmf killtdmsdfhnepsteinl ltfnsdhepsteinkilldm tepsteinmdfldhnskill ltfnsdhepsteinkilldm killtepsteinddhlmnsf hnddkilltslmfepstein thdlskillnfdmepstein lepsteinkilldhfmstnd thdlskillnfdmepstein dmtlsfhnkilldepstein dhmkillfdltnsepstein lkilldtnmsepsteindfh tsmdepsteinkillhfdln killfthnmsdlepsteind killsepsteindmtflhnd msddkilllthepsteinfn dldkilltnmhfepsteins
98
fmltddhnepsteinskill fmltddhnepsteinskill
tdfkillslepsteinhdmn tdfkillslepsteinhdmn
hnskillepsteintfdmld hnskillepsteintfdmld
nfltdmkillsdepsteinh nfltdmkillsdepsteinh
lsmftnepsteinkillhdd lsmftnepsteinkillhdd
epsteinhnkillsldfdmt epsteinhnkillsldfdmt
killtdmsdfhnepsteinl killtdmsdfhnepsteinl
dlshdtepsteinnkillfm dlshdtepsteinnkillfm
mdkillntepsteindfhsl mdkillntepsteindfhsl
tsmdepsteinkillhfdln tsmdepsteinkillhfdln
tdkillepsteinsmhdfnl tdkillepsteinsmhdfnl
killtdslhfdepsteinnm shfnmltepsteindkilld killtdslhfdepsteinnm
depsteinftndhmkillsl depsteinftndhmkillsl
msepsteintlhnfkilldd msepsteintlhnfkilldd
lmkillepsteintsndfhd lmkillepsteintsndfhd
killfthnmsdlepsteind killfthnmsdlepsteind
fhdmnepsteindkillslt fhdmnepsteindkillslt
fddsmepsteintnkillhl fddsmepsteintnkillhl
ndshkilldmlepsteinft ndshkilldmlepsteinft
nmdhepsteinkilltfsld nmdhepsteinkilltfsld
ntmdhepsteinsdkillfl ntmdhepsteinsdkillfl
fdskillndtmepsteinlh fdskillndtmepsteinlh
tepsteinmdfldhnskill tepsteinmdfldhnskill
slepsteinkillfmddhtn slepsteinkillfmddhtn
killmfndshdtepsteinl killmfndshdtepsteinl
dhsepsteintlkillmfnd dhsepsteintlkillmfnd
msddkilllthepsteinfn msddkilllthepsteinfn
tldkillhsfnmepsteind depsteinlfnmkilldsht tldkillhsfnmepsteind
killdldepsteinmfsthn killdldepsteinmfsthn
sdlhfnmdepsteintkill sdlhfnmdepsteintkill
nftmskilldldepsteinh nftmskilldldepsteinh
skillthlfndepsteindm skillthlfndepsteindm
epsteinfthkilldnslmd epsteinfthkilldnslmd
lepsteindnhstfdmkill lepsteindnhstfdmkill
epsteindmshtfldnkill epsteindmshtfldnkill
dkillnmsfhtlepsteind dkillnmsfhtlepsteind
sndldftmkillepsteinh sndldftmkillepsteinh
killdepsteinmfltdshn killdepsteinmfltdshn
dkillnmhldstfepstein dkillnmhldstfepstein
killhtdmdlnsfepstein killhtdmdlnsfepstein
thdlskillnfdmepstein thdlskillnfdmepstein
fsepsteindkillhmtdln epsteinlmkillfshnddt fsepsteindkillhmtdln
mndtkillepsteindlfhs mndtkillepsteindlfhs
ndkillthdepsteinlsmf ndkillthdepsteinlsmf
hsepsteinfkillnmddtl hsepsteinfkillnmddtl
epsteintfhndkilllmsd epsteintfhndkilllmsd
ltfnsdhepsteinkilldm ltfnsdhepsteinkilldm
dldkilltnmhfepsteins
fmtnkilldepsteindhsl fmtnkilldepsteindhsl
epsteindkilltlmnhsfd epsteindkilltlmnhsfd
hepsteinnfdmlsdtkill hepsteinnfdmlsdtkill
killhdfnsepsteinmltd killhdfnsepsteinmltd
mkillthfdlnepsteinds mkillthfdlnepsteinds
sldhnfmtdkillepstein sldhnfmtdkillepstein
mkilldlshdtfepsteinn mkilldlshdtfepsteinn
dtnkillsepsteinmdfhl dtnkillsepsteinmdfhl
lkilldtnmsepsteindfh lkilldtnmsepsteindfh
thnkillmddsepsteinfl thnkillmddsepsteinfl
ldepsteindhkilltsmfn ldepsteindhkilltsmfn
epsteinsnmflhtdkilld epsteinsnmflhtdkilld
dnldkillhmfstepstein dnldkillhmfstepstein
hnsepsteinmkillfddtl hnsepsteinmkillfddtl
lhepsteintndkilldsmf lhepsteintndkilldsmf
nepsteindhkillltmsfd nepsteindhkillltmsfd
sdndhepsteinltkillfm sdndhepsteinltkillfm
fhnmkillepsteinsdltd fhnmkillepsteinsdltd
dfkilllepsteinsnmhtd dfkilllepsteinsnmhtd
tndskilldfepsteinmhl tndskilldfepsteinmhl
killtepsteinddhlmnsf killtepsteinddhlmnsf
dlfdkilltepsteinhnms dlfdkilltepsteinhnms
mdkillnlsdtepsteinhf mdkillnlsdtepsteinhf
epsteinldtnfmshdkill epsteinldtnfmshdkill
epsteinhdkillltsmfdn epsteinhdkillltsmfdn
dtsmdnlhfepsteinkill dtsmdnlhfepsteinkill
dhtepsteinkillsdflmn dhtepsteinkillsdflmn
dmldfhskillntepstein dmldfhskillntepstein
dflstmkillepsteindhn dflstmkillepsteindhn
hmndfkillslepsteintd hmndfkillslepsteintd
tsdnhkilllmepsteindf tsdnhkilllmepsteindf
lhsntdepsteindkillmf lhsntdepsteindkillmf
dmtlsfhnkilldepstein dmtlsfhnkilldepstein
ldfsmnepsteinkilltdh ldfsmnepsteinkilltdh
dhmkillfdltnsepstein dhmkillfdltnsepstein
mhkillepsteinddlfsnt mhkillepsteinddlfsnt
lkillepsteintdshmfnd lkillepsteintdshmfnd
hmdkilllnepsteinfsdt hmdkilllnepsteinfsdt
fdmtdepsteinkilllsnh fdmtdepsteinkilllsnh
depsteinslkillhdftmn depsteinslkillhdftmn
skillmfepsteinthddnl skillmfepsteinthddnl
depsteintkilllnmsfdh depsteintkilllnmsfdh
lepsteinkilldhfmstnd lepsteinkilldhfmstnd
dfdepsteintlnskillhm dfdepsteintlnskillhm
mkillldnhepsteinstfd mkillldnhepsteinstfd
mdkilllfdnstepsteinh mdkilllfdnstepsteinh
hepsteinntdkillsdmfl hepsteinntdkillsdmfl
mhdskillldftnepstein mhdskillldftnepstein
killthsepsteindmlfdn killthsepsteindmlfdn
tepsteinhsdkillmldfn tepsteinhsdkillmldfn
