149 100 101 102 104 103 105 109 111 109 105 100 107 116 115 117 126 122 123 125 140 125 121 116 107 100 149 060 062 054 053 056 053 054 059 054 063 079 078 077 076 075 074 085 074 086 087 088 084 072 063 090 091 092 097 096 099 090 063 064 063 054 062 070 062 060 149 000 001 002 013 024 015 006 015 024 025 026 027 028 038 048 038 037 036 044 031 024 013 002 001 000 149
28
006 006
026 026
031 031
037 037
048 048
053 050 053 054
056 056 066
059 059
149 060
063 065
064 064
070 067 068 069
076 080 081
078 083 078
079 079
085 085
087 089 086
088 088
091 091
096 096
097 097
103 103
104 104
111 111
115 115
122 126
123 123
140 142
