FortCollins Hollywood ElMonte FortWorth Canton KansasCity CapeCoral Lakewood Lafayette Hampton Laredo CollegeStation Lakeland Bellevue Independence Hemet Harlingen Arlington Danbury Evansville Clearwater Chicago McAllen Bridgeport Bradenton Dallas Jefferson Marysville Aberdeen Barnstable Appleton Fayetteville Brownsville FortWayne Joliet Anchorage Lancaster Erie Davenport CathedralCity Leominster Manchester Atlanta Louisville Lubbock Inglewood Hickory Arvada Fargo BonitaSprings Baltimore AnnArbor Bakersfield AtlanticCity Jacksonville Gilbert Augusta BatonRouge Burbank Indianapolis Garland GrandRapids Eugene BoiseCity Henderson Bremerton Denton Bremerton Allentown Bremerton Elkhart Champaign Harrisburg Fontana Fremont Cary Irving Brighton Lacey Detroit Bethlehem Beaumont Kalamazoo Fresno Houston DalyCity Greensboro Abilene Greensboro LittleRock Chandler DesMoines GreenBay ColoradoSprings Anaheim LasVegas Irvine Austin Lorain CedarRapids AppleValley Amarillo Alexandria FortWaltonBeach Akron FortCollins
89
Aberdeen Aberdeen
Abilene Abilene
Akron Akron Elizabeth
Davenport Albuquerque
Alexandria Alexandria
Allentown Allentown
Amarillo Amarillo
Anaheim Anaheim
Anchorage Anchorage
AnnArbor AnnArbor
LasVegas Cleveland Kennewick Layton Denver Austin
AppleValley AppleValley
Appleton Appleton
Harlingen Knoxville Harlingen
Arvada Arvada
Atlanta Atlanta
Augusta Augusta
Bakersfield Bakersfield
Baltimore Baltimore
Barnstable Barnstable
Beaumont Beaumont
Bellevue Bellevue
FortWorth Berkeley
Bethlehem Bethlehem
CollegeStation Boise CollegeStation ElPaso
BoiseCity BoiseCity
BonitaSprings BonitaSprings
Bradenton Bradenton
Bremerton Bremerton
Brighton Brighton
Brownsville Brownsville
Burbank Burbank
Canton DavidsonCounty
CapeCoral CapeCoral
Laredo Frederick Carrollton
Cary Cary
CathedralCity Leominster
CedarRapids CedarRapids
Champaign Champaign
Chandler Chandler
Chicago Chicago
ColoradoSprings ColoradoSprings
FortCollins FortCollins
Dallas Dallas
DalyCity DalyCity
Danbury Danbury
Denton Grayslake
DesMoines DesMoines
Detroit Detroit
ElMonte ElMonte
Elkhart Elkhart
Erie Erie
Eugene Eugene
Evansville Evansville
Joliet Joliet LasCruces Fairfield
Fargo Fargo
Fayetteville Fayetteville
Fontana Fontana
FortWaltonBeach FortWaltonBeach
Fremont Fremont
Fresno Fresno
Garland Garland
Gilbert Gilbert
GrandRapids GrandRapids
Hampton Hampton
Harrisburg Harrisburg
Hemet Hemet
Henderson Henderson
Hickory Hickory
Hollywood Hollywood
Houston Houston
Independence Independence
Indianapolis Indianapolis
Inglewood Inglewood
Irvine Irvine
Irving Irving
Jacksonville Jacksonville
Jefferson Jefferson
Kalamazoo Kalamazoo
Lacey Lacey
Lafayette Lafayette
Lakeland Lakeland
Lakewood Lakewood
Lancaster Lancaster
LittleRock LittleRock
Lorain Lorain
Louisville Louisville
Lubbock Lubbock
Manchester Manchester
