152 75 50 185 183 9 81 166 35 95 184 7 96 85 61 45 160 157 121 62 0 62 145 60 89 108 136 8 187 156 1 58 112 31 111 168 21 73 165 116 90 41 91 150 149 24 173 94 105 140 169 134 139 36 87 28 42 13 38 6 144 65 139 101 37 126 69 82 102 181 102 82 53 59 115 54 170 123 78 154 51 172 130 180 66 68 56 161 4 113 5 182 12 33 43 19 79 27 97 152
67
0 0 95
154 2
5 5
8 8
9 9
12 12
13 13
21 73 92
24 143 151
27 27
28 28
31 31
35 35
36 142
37 37
38 38
136 136
41 41
42 42
45 45
50 153 50
51 51
53 53
54 54
56 56
58 58
60 60
65 65 139
68 66 171
75 75
78 78
79 79
81 81
85 85
87 87
89 89
90 90
91 163
94 94
96 96
97 97
101 101
105 105
111 111
112 112
113 113
116 116
121 121
126 126
130 130
134 134
185 183
144 144
145 145
149 149
157 157
160 175
165 165
166 166
168 168
169 169
170 170
172 172
180 180
181 181
182 182
184 184
