55 39 31 46 27 36 35 21 29 16 34 13 25 11 23 9 7 15 18 2 12 6 4 3 110 20 100 85 99 93 87 94 103 102 96 106 112 104 107 108 98 89 75 80 81 73 90 79 77 92 69 83 71 67 58 70 62 61 51 72 65 41 63 60 49 42 45 52 54 57 37 48 44 32 55
74
2 2
3 3
4 4
6 6
7 7
9 9
11 11
12 12
13 13
15 15
16 16
18 18
20 20
21 21
23 23
25 25
27 27
29 29
31 31
32 32
34 34
35 35
36 36
37 37
39 39
41 41
42 42
44 44
45 45
46 46
48 48
49 49
51 51
52 52
54 54
55 55
57 57
58 58
60 60
61 61
62 62
63 63
65 65
67 67
69 69
70 70
71 71
72 72
73 73
75 75
77 77
79 79
80 80
81 81
83 83
85 85
87 87
89 89
90 90
92 92
93 93
94 94
96 96
98 98
99 99
100 100
102 102
103 103
104 104
106 106
107 107
108 108
110 110
112 112
