5 4 33 137 156 76 81 19 151 109 75 109 58 152 58 38 193 29 164 140 2 7 165 173 165 63 165 42 137 42 44 86 135 35 110 188 35 26 70 178 71 119 67 41 67 139 10 112 82 129 146 129 82 171 104 83 117 136 170 74 187 154 46 48 199 166 122 166 32 179 78 100 192 18 190 16 74 31 74 191 194 191 64 37 177 18 85 184 196 77 143 172 159 90 149 72 43 47 45 14 45 158 80 158 102 55 138 61 113 118 56 118 113 197 149 28 180 65 30 25 105 17 53 0 27 174 101 1 99 23 95 116 134 50 134 116 138 69 153 69 183 51 183 69 138 34 9 34 133 68 133 186 189 103 162 52 121 157 39 92 39 94 109 84 168 22 175 96 155 40 123 62 36 91 36 11 20 94 5
101
1 1
2 2
5
9 9
10 10
11 11
14 14
16 16
17 17
18 18
20 20
22 22
25 25
26 26
28 28
31 31
32 32
33 33
34 34
37 37
39 39
41 41
42 42
43 43
44 44
46 46
47 47
48 48
50 50
51 51
52 52
53 53
55 55
56 56
58 58
61 61
63 63
64 64
67 67
68 68
69 69
71 71
75 75
76 76
77 77
78 78
80 80
81 81
83 83
85 85
91 91
92 92
96 96
99 99
100 100
101 101
102 102
103 103
104 104
105 105
110 110
116 116
122 122
123 123
133 133
135 135
137 137
138 138
140 140
143 143
146 146
149 149
151 151
152 152
153 153
154 154
156 156
157 157
158 158
159 159
162 162
164 164
168 168
170 170
171 171
173 173
174 174
177 177
178 178
179 179
180 180
183 183
184 184
187 187
188 188
189 189
192 192
193 193
194 194
196 196
199 199
