COM NER MTQ NER GNQ GUY GNQ PAK HUN COD CHN SHN SGS LBR SGS NZL SGS KHM IDN COL CHL JPN LBN KOR HKG KAZ HKG GUM HTI CAN COK HND MAR HND GRC GMB NGA FSM FIN GAB ETH EGY GIB GHA GEO ESP ECU ESH FRA GBR GIN FSM NGA NFK JEY PAN MHL MAC MHL CPV RWA DMA DJI MUS MYT POL PNG PRY MOZ PRY NPL MMR HMD HRV SAU DOM DZA MYS IRN IRQ IRN NIU CZE CYP DEU CXR MWI ITA MWI ATG AUS NIC ABW NIC IRL NIC LUX LAO KNA CRI MLT PSE NRU CAF CIV BVT LKA KWT LTU LIE CPV MLI MEX POL COG POL ARE ARM AND ALB QAT SGP RUS BLZ BEN BLM BOL BMU BOL BHR BDI AZE BIH BHS BIH PRY MDA GLP REU SDN REU COM
97
SHN SHN
SGS SGS
SDN SDN
RWA RWA
RUS RUS
REU REU AFG
PSE PSE
PRY PRY
POL POL
PNG PNG
PAN PAN
PAK PAK
NZL NZL
NRU NRU
NPL NPL
NIU NIU
NIC NIC
NFK ALA NFK
NER NER
MYT MYT
MTQ MTQ
MOZ MOZ
MMR MMR
MLI MLI
MEX MEX
MDA MDA
MAR MAR
MAC MAC
LUX LUX
LTU LTU
LKA LKA
LIE LIE
LBR LBR
LBN LBN
LAO LAO
KWT KWT
KOR KOR
KNA KNA
KHM KHM
KAZ KAZ
JPN JPN
JEY JEY
ITA ITA
IRQ IOT
IRN IRN
IRL IRL
IDN IDN
HUN HUN
HTI HTI
HRV HRV
HND HND
HMD HMD
HKG HKG
GUY GNQ
GUM GUM
GRC GRC
GMB GMB
GIN GIN
GIB GIB
GHA GHA
GEO GEO
GBR GBR
GAB GAB
FSM FSM
FRA FRA
FIN FIN
ESP ESP
ESH ESH
EGY EGY
ECU ECU
DZA DZA
DMA DMA
DJI DJI
DEU DEU
CYP CYP
CXR CXR
CPV CPV
COL COL
COK COK
COG COG
COD COD
CIV CAF CIV
CHN CHN
CAN CAN
BOL BHR
BMU BMU
BLM BLM
BHS BHS
BEN BEN
BDI BDI
AZE AZE
AUS AUS
ATG ATG
ARM ARM
ARE ARE
ALB ALB
ABW ABW
