139 176 125 131 73 144 142 119 89 1 178 8 157 114 79 182 108 111 130 112 113 189 127 105 22 41 44 84 9 78 21 30 13 43 64 101 32 148 75 91 122 85 11 18 57 39 60 7 74 58 1 47 77 138 82 69 72 2 161 95 81 67 33 104 146 23 14 15 31 25 141 48 26 153 106 174 188 6 191 187 109 37 5 35 65 16 172 186 162 165 177 27 96 145 158 98 156 123 152 197 173 128 184 147 198 139
98
1 1
2 2
5 5
7 7
8 8
9 9
11 11
13 13
14 14
15 15
16 16
18 18
21 21
22 22
23 23
25 25
26 26 71
27 27
30 30
31 31
32 32
33 33
35 35
37 37
39 39
41 41
43 43
44 44
47 47
48 48
57 57
58 58
60 60
64 64
65 65
67 67
69 69 118
72 72
74 74
75 75
77 77
78 78
79 79
81 81
82 82
84 84
85 85
89 89
91 91
95 95
96 96
98 98
101 101 134
104 104
105 105
106 106
108 108
109 109
111 111
112 112
113 113
114 114
119 119
122 122
123 123
125 125
127 127
128 128
130 130
131 131
138 138
139
141 141
142 142
144 144
145 145
146 146
147 147
148 148
152 152
153 153
156 156
157 157
158 158
161 161
165 165
172 172
173 173
176 176
178 178
182 182
184 184
186 186
187 187
188 188
189 189
191 191
198 198
