Monroe Clarksville Huntsville Lakeland Ten Jacksonville Anaheim Hialeah Mesa Carrollton Charleston Johnson Boulder Athens Cary Manchester Chesapeake Asheville Fairfield Irving Austin Muskegon Lafayette Hickory Hartford Glendale Amarillo Mesquite Burlington Dayton Merced Montgomery Detroit Three Kailua Boise Albany Cambridge Lowell Aberdeen Havre Lancaster Hagerstown Antioch Daytona Anchorage Apple Fayetteville Davidson Rapids Birmingham Mobile Leominster Bedford Naples Viejo Hampton Prairie Denton Hayward Kissimmee Seven Laredo Akron Bradenton Kennewick Denver Monterey Four Canton Kenosha Baltimore Killeen Clarke Hesperia Brownsville Layton Abilene Bridgeport Arlington Huntington Elkhart Erie Cleveland Julian Baton Corpus Bethlehem Gilbert Modesto Dallas Gainesville Vista Greensboro Melbourne Lacey Elizabeth Miami Allentown Lewisville Monroe
100
Athens Athens
Hagerstown Hagerstown
Lancaster Lancaster
Asheville Asheville
Clarke Clarke
Monterey Monterey
Laredo Laredo
Carrollton Carrollton
Modesto Modesto
Boulder Boulder
Bridgeport Bridgeport
Ten Ten
Apple Apple
Johnson Johnson
Birmingham Birmingham
Kenosha Kenosha
Corpus Corpus
Lowell Lowell
Clarksville Clarksville
Huntington Huntington
Viejo Viejo
Lafayette Lafayette
Abilene Abilene
Hialeah Hialeah
Austin Austin
Naples Naples
Anaheim Anaheim
Seven Seven
Melbourne Melbourne
Lewisville Lewisville
Davidson Davidson
Kissimmee Kissimmee
Monroe Monroe
Bethlehem Bethlehem
Gainesville Gainesville
Cary Cary
Glendale Glendale
Prairie Prairie
Charleston Charleston
Baltimore Baltimore
Antioch Antioch
Kennewick Kennewick
Detroit Detroit
Mobile Mobile
Lacey Lacey
Albany Albany
Elkhart Elkhart
Lakeland Lakeland
Dallas Dallas
Baton Baton
Leominster Leominster
Gilbert Gilbert
Bedford Bedford
Four Four
Cleveland Cleveland
Canton Canton
Denton Denton
Miami Miami
Havre Havre
Hampton Hampton
Chesapeake Chesapeake
Hayward Hayward
Hickory Hickory
Layton Layton
Jacksonville Jacksonville
Amarillo Amarillo
Huntsville Huntsville
Hesperia Hesperia
Fayetteville Fayetteville
Killeen Killeen
Arlington Arlington
Cambridge Cambridge
Boise Boise
Akron Akron
Greensboro Greensboro
Aberdeen Aberdeen
Mesa Mesa
Denver Denver
Kailua Kailua
Elizabeth Elizabeth
Erie Erie
Dayton Dayton
Hartford Hartford
Muskegon Muskegon
Vista Vista
Fairfield Fairfield
Montgomery Montgomery
Allentown Allentown
Three Three
Merced Merced
Daytona Daytona
Brownsville Brownsville
Anchorage Anchorage
Rapids Rapids
Irving Irving
Burlington Burlington
Manchester Manchester
Bradenton Bradenton
Mesquite Mesquite
Julian Julian
