Soda Fairfield WursterHall ZellerbachPlayhouse MulfordHall ZellerbachHall WellmanHall SternHall MLK Healdsburg Unit1 HertzHall BancroftLibrary EastGate ChouHall Belmont StadiumRimWay HearstMiningCircle ClearyHall Pinole MartinezCommons Brisbane Oakley Orinda GiauqueHall Alameda GilmanHall GoldmanField WheelerHall KroeberHall WestCircle Cory BlumHall Saratoga Hayward Unit3 Albany SanRafael ClarkKerrCampus LowerSproulPlaza Pacifica Hillsborough SanRamon EvansHall FoundersRock MinorHallAddition StHelena KleebergerFieldHouse SatherTower Pittsburg Insectary Campanile Benicia IshiCourt SanPablo HearstGreekTheatre CalvinLaboratory PimentelHall BarkerHall Piedmont NorthGateHall HargroveMusicLibrary DonnerLab LewisHall WestGate FrankSchlessingerWay AnthonyHall SproulPlaza Emeryville WicksonNaturalArea EtcheverryHall Soda
70
MartinezCommons MartinezCommons
ClarkKerrCampus ClarkKerrCampus
GoldmanField GoldmanField
Orinda Orinda
Hayward Hayward
WursterHall WursterHall
HargroveMusicLibrary HargroveMusicLibrary
AnthonyHall AnthonyHall
DonnerLab DonnerLab
Emeryville Emeryville
MinorHallAddition MinorHallAddition
WellmanHall WellmanHall
Pittsburg Pittsburg
ZellerbachPlayhouse ZellerbachPlayhouse
BlumHall BlumHall
SternHall SternHall
PimentelHall PimentelHall
Oakley Oakley
ClearyHall ClearyHall
MulfordHall MulfordHall
StadiumRimWay StadiumRimWay
Pinole Pinole
MLK WomenFacultyClub
FoundersRock FoundersRock
Hillsborough Hillsborough
ZellerbachHall ZellerbachHall
Pacifica Pacifica
LowerSproulPlaza LowerSproulPlaza
SanRafael SanRafael
KroeberHall KroeberHall
HearstMiningCircle HearstMiningCircle
CalvinLaboratory CalvinLaboratory
EtcheverryHall EtcheverryHall
BarkerHall BarkerHall
Campanile Campanile
Alameda Alameda
KleebergerFieldHouse KleebergerFieldHouse
Saratoga Saratoga
GiauqueHall GiauqueHall
SanPablo SanPablo
Cory Cory
Healdsburg Healdsburg
LewisHall LewisHall
IshiCourt IshiCourt
Brisbane Brisbane
EastGate EastGate
Piedmont Piedmont
ChouHall ChouHall
GilmanHall GilmanHall
WestGate WestGate
Albany Albany
Fairfield Fairfield
Insectary Insectary
StHelena StHelena
NorthGateHall NorthGateHall
Belmont Belmont
WheelerHall WheelerHall
WestCircle WestCircle
HertzHall HertzHall
FrankSchlessingerWay FrankSchlessingerWay
SatherTower SatherTower
HearstGreekTheatre HearstGreekTheatre
SanRamon SanRamon
Benicia Benicia
SproulPlaza SproulPlaza
Unit3 Unit3
BancroftLibrary BancroftLibrary
Unit1 Unit1
EvansHall EvansHall
WicksonNaturalArea WicksonNaturalArea
