0 2 3 4 5 4 3 2 0 22 0 21 0 23 24 9 10 26 28 29 34 38 75 95 96 97 96 95 75 38 34 29 35 39 37 84 87 82 83 99 85 99 78 76 16 15 14 17 18 19 18 17 14 47 48 49 92 90 92 49 50 93 89 94 88 80 43 91 46 47 45 42 45 47 14 13 14 31 40 31 30 33 41 81 79 81 41 33 30 12 73 69 65 70 65 61 65 69 73 12 28 27 28 26 10 11 71 68 64 60 51 57 59 63 67 72 10 8 74 66 62 58 56 52 55 54 53 54 55 52 56 58 62 66 74 8 9 7 25 7 0
70
0 0 1 2
3 3
4 4
5 5 6
9 24 9 7
8 8
10 10
11 11
12 12
13 13
14 17 14 47
15 15
16 16 99
18 18
19 19 20
21 21
22 22
23 23
25 25
26 26 28
27 27 77
29 34 29
30 32 30
31 31
33 33 36
35 35 39
37 84 37
38 38
40 40
41 41
42 42 86
43 43 44
45 45
46 91 46
49 48 49 50
51 51
52 52
53 53
54 54 55
56 56
57 57
58 58
59 59
60 60
61 61
62 62
63 63
64 64
65 65 69
66 66 74
67 67
68 68
70 70
71 71
72 72
73 73
75 75
76 76
78 78
79 81 79
80 80
82 82 87
83 83
85 85
88 88 94
89 89 93
90 90 92
95 95
96 96
97 97 98
