114 78 161 119 74 175 173 51 108 62 149 35 1 117 75 164 154 182 188 81 100 98 67 91 28 85 199 53 95 47 92 47 26 18 63 133 10 25 76 190 29 0 187 135 93 171 127 155 8 69 22 111 115 37 5 41 5 195 196 134 177 167 96 147 32 24 179 36 7 3 103 3 4 84 9 87 169 146 183 176 130 16 54 132 12 132 70 43 197 198 89 59 131 42 112 105 143 109 181 148 181 21 178 66 15 48 33 14 31 124 166 150 174 94 102 170 49 114
99
0 0
1 1
9 38
3 3
4 4
5 5
7 7
10 10
12 12
14 14
15 15
16 16
18 18
21 21
24 24
25 191
26 26
28 28
29 29
31 31
32 32
33 33
35 35
36 36
37 115 37
41 41
42 42
43 43
47 47
49 49
51 51
53 53
59 59
62 62
63 63
66 66
67 67
69 69
70 70
74 74
75 75
76 76
78 78
81 81
84 84
87 87
89 89
91 91
92 92
93 93
94 94
95 95
96 96
98 98
100 100
102 102
103 103
105 105
108 108
109 109
111 111
112 112
114 114
117 117
119 119
124 124
127 127
131 131
133 133
134 134
135 135
146 146
147 147
148 148
149 149
150 150
154 154
155 155
161 161
164 164
166 166
167 167
169 169
170 170
171 171
173 173
174 174
175 175
176 176
177 177
181 181
182 182
183 183
187 187
188 188
195 195
196 196
197 197
199 199
