zero one two three zero six thirteen twenty twentyseven thirtyfour thirtythree forty fortyseven fiftyfour sixtyone sixtyeight seventyfive eightytwo eightynine ninetysix onehunthree onehunten onehunseventeen onehuntwentyfour onehunthirtyone onehunthirtyeight onehunfortyfive onehunfiftytwo onehunfiftynine onehunsixtysix onehunseventythree onehuneighty onehuneightyseven onehunninetyfour onehunninetythree onehunninetytwo onehunninetyone onehunninety onehunninetyone onehuneightyfour onehuneightyfive onehuneightysix onehuneightyseven onehuneighty onehuneightyone onehuneightytwo onehunseventysix onehunseventyseven onehunseventyeight onehunseventyone onehunseventy onehunsixtynine onehunseventyfive onehunseventyfour onehunseventythree onehunsixtysix onehunsixtyfive onehunsixtyfour onehunsixtythree onehunsixtyfour onehunfiftyseven onehunfiftyeight onehunfiftynine onehunsixty onehunsixtyone onehunfiftyfour onehunfortyeight onehunfortynine onehunfifty onehunfortythree onehunfortyfour onehunfortyfive onehunfortysix onehunfortyseven onehunforty onehunthirtyfour onehunthirtyfive onehunthirtyfour onehuntwentyseven onehuntwentyeight onehuntwentynine onehunthirty onehunthirtyone onehuntwentyfour onehuntwentythree onehuntwentytwo onehuntwentyone onehuntwenty onehuntwentysix onehunnineteen onehunthirteen onehunfourteen onehunfifteen onehunsixteen onehunseventeen onehuneighteen onehuneleven onehunten onehunnine onehuneight onehunone onehun ninetynine onehunfive ninetyeight ninetytwo ninetythree ninetyfour eightyseven eightyeight eightynine eightytwo eightythree eightyfour seventyeight seventynine seventytwo seventyone seventyseven seventysix seventyfive seventysix sixtynine seventy sixtyfour sixtyfive sixtysix sixtyseven sixty fiftynine fiftyeight fiftyseven fiftyeight fiftynine fiftytwo fiftythree fiftyfour fiftyfive fiftysix fortynine fortythree fortyfour fortyfive thirtyeight thirtyseven thirtysix twentynine thirtyfive thirtyfour twentyseven twentysix twentyfive twentyfour twentythree sixteen fifteen sixteen seventeen ten eleven twelve thirteen fourteen seven zero
100
one one
two two
three three
six six
seven seven
ten ten
eleven eleven
twelve twelve
fourteen fourteen
fifteen fifteen
sixteen sixteen
seventeen seventeen
twenty twenty
twentythree twentythree
twentyfive twentyfive
twentysix twentysix
twentyseven twentyseven
twentynine twentynine
thirtythree thirtythree
thirtyfour thirtyfour
thirtyseven thirtyseven
thirtyeight thirtyeight
fortythree fortythree
fortyfour fortyfour
fortyfive fortyfive
fortynine fortynine
fiftytwo fiftytwo
fiftythree fiftythree
fiftyfive fiftyfive
fiftyseven fiftyseven
fiftyeight fiftyeight
sixty sixty
sixtyfour sixtyfour
sixtysix sixtysix
sixtyseven sixtyseven
sixtynine sixtynine
seventy seventy
seventyone seventyone
seventytwo seventytwo
seventyfive seventyfive
seventyseven seventyseven
seventyeight seventyeight
seventynine seventynine
eightytwo eightytwo
eightythree eightythree
eightyfour eightyfour
eightyseven eightyseven
ninetyeight ninetyeight
ninetynine ninetynine
onehunone onehunone
onehuneight onehuneight
onehunten onehunten
onehuneleven onehuneleven
onehunthirteen onehunthirteen
onehunsixteen onehunsixteen
onehunseventeen onehunseventeen
onehuneighteen onehuneighteen
onehunnineteen onehunnineteen
onehuntwentyone onehuntwentyone
onehuntwentythree onehuntwentythree
onehuntwentyfour onehuntwentyfour
onehuntwentysix onehuntwentysix
onehuntwentyseven onehuntwentyseven
onehuntwentyeight onehuntwentyeight
onehunthirty onehunthirty
onehunthirtyfive onehunthirtyfive
onehunforty onehunforty
onehunfortythree onehunfortythree
onehunfortyfour onehunfortyfour
onehunfortyfive onehunfortyfive
onehunfortysix onehunfortysix
onehunfortynine onehunfortynine
onehunfifty onehunfifty
onehunfiftyfour onehunfiftyfour
onehunfiftyseven onehunfiftyseven
onehunfiftynine onehunfiftynine
onehunsixty onehunsixty
onehunsixtyone onehunsixtyone
onehunsixtythree onehunsixtythree
onehunsixtyfour onehunsixtyfour
onehunsixtyfive onehunsixtyfive
onehunsixtysix onehunsixtysix
onehunsixtynine onehunsixtynine
onehunseventy onehunseventy
onehunseventyone onehunseventyone
onehunseventythree onehunseventythree
onehunseventyfour onehunseventyfour
onehunseventyfive onehunseventyfive
onehunseventysix onehunseventysix
onehunseventyeight onehunseventyeight
onehuneighty onehuneighty
onehuneightyone onehuneightyone
onehuneightytwo onehuneightytwo
onehuneightyfour onehuneightyfour
onehuneightyseven onehuneightyseven
onehunninety onehunninety
onehunninetyone onehunninetyone
onehunninetytwo onehunninetytwo
onehunninetythree onehunninetythree
onehunninetyfour onehunninetyfour
