0 3 117 191 140 104 18 109 45 95 100 95 45 109 164 142 105 21 103 116 112 172 112 175 154 106 150 106 151 106 153 158 108 115 108 194 118 98 36 125 101 68 15 76 182 114 180 114 183 114 65 104 138 178 113 78 110 78 113 12 132 102 2 107 4 90 171 119 55 92 117 3 0
40
0
102 131 133
110 168 169 170
119 197 198 199
101 128 129 130 124 126 127
116 188 189 190
100 120 121 122 123
103 136 137 134 135
104 139
105 141 143 144 145 146
106 152 147 148 149
107 155
108 160 156 157 159
109 161 162 163 165 166 167
112 176 177 173 174
113 179
114 184 185 181
115 186 187
117 192 193
118 195 196
125 125
132 132
138 138
140 140
142 142
150 150
151 151
153 153
154 154
158 158
164 164
171 171
172 172
175 175
178 178
180 180
182 182
183 183
191 191
194 194
