S BR AD AN CQ Q BQ Q BS Q BT AN BU AN BV I AZ AB AE Q AG AN AH AW Y J AQ Q AO Q AS AN CW AN CL K AR B BD A AP M CN AW BF G CD F CM CB BW AN CO AN CP H CK AC CC AW BX AN BY AW BZ AW CA Q CE AN AV AN AX Q BA Q BB Q BC Q BL Q BJ Q BI Q BH Q BG AN BE N CR C AU AN AT P AF L U O CF E CV AW CU AW CS R AJ AN AK AN AL AN AM D BP AN BO AN BN AN BM AN CH AN CI AN CJ V AA CT Z AY W AI T BK S
99
A A
B B
C C
D D
E E
F F
G G
H H
I I
J J
K K
L L
M M
N N
O O
P P
Q Q
R R X
S S
T T
U U
V V
W W
Y Y
Z Z
AA AA
AB AB
AC AC
AD AD
AE AE
AF AF
AG AG
AH AH
AI AI
AJ AJ
AK AK
AL AL
AM AM
AN AN
AO AO
AP AP
AQ AQ
AR AR
AS AS
AT AT
AU AU
AV AV
AW AW
AX AX
AY AY
AZ AZ
BA BA
BB BB
BC BC
BD BD
BE BE
BF BF
BG BG
BH BH
BI BI
BJ BJ
BK BK
BL BL
BM BM
BN BN
BO BO
BP BP
BQ BQ
BR BR
BS BS
BT BT
BU BU
BV BV
BW BW
BX BX
BY BY
BZ BZ
CA CA
CB CB
CC CC
CD CD
CE CE
CF CF
CH CH
CI CI
CJ CJ
CK CK
CL CL
CM CM
CN CN
CO CO
CP CP
CQ CQ
CR CR
CS CS
CT CT
CU CU
CV CV
CW CW
