Bowles Birge Bechtel Baker Strada Baker Bechtel Cory Extension Cory Bechtel Minor Memorial Maxwell Memorial AlphaSigmaPhi Memorial Minor Bechtel Wilde StrawberryCreek Wolf Unit2 Milano IndianRock Milano Unit2 Greek Stebbins Safeway Stebbins Greek Moses Wellman Sutardja Kah Gregoire Kresge Boalt VLSB Chez VLSB LeConte Campanile Wurster McCone Spats Stonefire PiLambda Stonefire Spats McCone Wurster Campanile Bongo Artichokes Bongo Campanile LeConte ALS LeConte Stanley Campbell Koshland Campbell MemorialStadium Hargrove BearFoodCourt SigmaPhiOmega Evan Blackwell McLaughlin Blackwell Evan Moffitt Cloyne Moffitt Evan Jacob Foothill Davis Hildebrand YogurtPark Hildebrand Davis Foothill Haviland Morgan Haviland Foothill Dwinelle HearstAnnex Lothlorien HearstAnnex Dwinelle Haas Pavilion Haas Crossroads Lawrence UCTheatre Lawrence Crossroads Haas Dwinelle Foothill Unit1 Foothill Jacob TopDog GammaPhiBeta TopDog Starbucks TopDog Fenwick Barker Fenwick TopDog Jacob Hertz CVStarr Unit3 CKerr Ridge CKerr Unit3 CVStarr Hertz Jacob Cory Stanley Moses RareTea Gypsys RareTea Moses Pimentel Stacks Pimentel South Latimer Edwards Latimer MLK Latimer Mulford Bowles LaVals Bowles Calvin Etcheverry Calvin Bowles
57
Evan Evan
Bechtel Birge
Foothill Foothill
Campbell Campbell Doe
LeConte RSF
Edwards Easterly Edwards
Campanile Campanile
Memorial TacoBell
Moses Moses
VLSB VLSB Boalt
Wellman Wellman
Koshland Koshland
Mulford Crescent Mulford
HearstAnnex HearstAnnex
Haas Haas
Wurster Wurster Zellerbach
Unit1 Unit1
McLaughlin GenPlantBio Blackwell
MLK Rochdale
Greek Greek
Maxwell Maxwell Barrows
Calvin Calvin Graduate
Etcheverry Etcheverry
Sutardja Sutardja
Davis Browns
Kresge Kresge PeoplesPark Castro
Stacks Stacks Sherman
YogurtPark YogurtPark Hildebrand
Morgan Morgan Martinez
Baker Baker Simons Daiso
Unit2 Wolf Unit2
Unit3 WayWest Unit3 CKerr
Pavilion Pavilion
LaVals LaVals
Bongo ShengKee Bongo
Strada Strada RoseGarden
IndianRock IndianRock
Chez NorthGate
Crossroads Crossroads
UCTheatre UCTheatre NCEM
Safeway Safeway
Gypsys Gypsys
Cloyne Cloyne
Ridge Ridge
Lothlorien Lothlorien
Wilde Wilde
Spats Spats
Starbucks Chipotle MFoundry
Artichokes Cheeseboard
Extension Extension
PiLambda PiLambda PiAlphaPhi
StrawberryCreek StrawberryCreek
Barker Barker
BearFoodCourt BearFoodCourt
AlphaSigmaPhi AlphaSigmaPhi
GammaPhiBeta GammaPhiBeta
ALS ALS
