142 121 137 135 97 164 59 21 157 21 150 99 141 179 116 98 12 197 38 118 190 183 0 26 149 22 185 5 115 39 132 187 85 89 85 103 18 181 153 23 153 181 18 70 92 9 14 9 136 47 7 47 136 9 33 133 41 152 68 128 122 64 69 158 195 178 37 24 76 48 137 66 44 66 106 127 106 111 90 143 77 160 108 148 46 4 174 3 91 78 186 55 186 78 60 124 60 193 16 177 126 140 171 63 131 35 131 63 171 140 129 140 30 139 145 72 27 147 58 130 175 34 100 163 8 31 8 45 159 151 93 151 144 151 167 142
60
3 3
4 4
7 7
14 14
16 16
21 21
22 22
23 23
30 30
31 31
33 33
34 34
35 35
38 38
39 39
41 41
44 44
46 46
48 48
55 55
58 58
60 60
63 63
64 64
69 69
70 70
76 76
77 77
89 89
90 90
91 91
93 93
97 97
106 106
108 108
115 115
121 121
124 124
127 127
129 129
133 133
137 137
140 140
141 141
144 144
145 145
150 150
151 151
157 157
158 158
159 159
167 167
174 174
177 177
178 178
181 181
183 183
186 186
195 195
197 197
