5 33 68 155 68 17 55 57 87 53 123 131 123 53 40 36 82 36 40 92 22 58 86 109 86 41 39 88 39 31 3 0 6 11 27 7 77 9 10 15 163 15 10 9 12 25 43 25 37 44 37 45 152 45 59 101 104 101 59 118 59 96 54 20 19 52 143 144 176 144 143 52 56 52 80 26 1 70 105 70 1 95 8 21 32 50 32 91 90 23 14 5
42
0 51
1 177
5
7 35
9 9
10 160
11 113 85
12 178 191
14 196 63
163 163
19 169 145
21 21
23 23 103
27 27
31 31
32 32
43 183
44 106
45 45
50 50
54 54
56 102
57 57
58 58
59 76 127
155 155 68
77 77
80 80
82 179
88 168
91 91
92 92
95 121
96 96
101 101 111
104 104
105 105
109 130 109
118 126
131 140
176 176 194 180
152 152
