zMnoKpsz12d1Y6CixoCL vPVOeWczn8eJlf3Gviol BKvWsgveG3lQHgeNBv62 ybqDdUoaPknlNwzZFeto FHGlzd4VlMUVjTba9Qjm ybqDdUoaPknlNwzZFeto fat0ktgmwPXvqLhmWfJ0 mNuLv0WHsIRpWEdSUREd fat0ktgmwPXvqLhmWfJ0 YqOJXOtRcgzFFRGKRutM HAc1Ylu9mrUmnheKISnK YqOJXOtRcgzFFRGKRutM hzqXRQPGO5tnMpQYDdxn bclRgmmOqfg3PHQz06qB hzqXRQPGO5tnMpQYDdxn 8s4ukhLgGBoor0D87KUr hzqXRQPGO5tnMpQYDdxn XKYNaFpYuIx7Zx7vNANa hzqXRQPGO5tnMpQYDdxn g6l3PryZJRSAXJGUyq22 Armxs904ujfdAYn9LtOF g6l3PryZJRSAXJGUyq22 jS5XJP3bXemMgWyvfsmt CcIlGrru613gqyngyuYo jS5XJP3bXemMgWyvfsmt ZSg6FSZaRCTLmeHoLgMI jS5XJP3bXemMgWyvfsmt 50qWynRev5CSErzk8Yih Vkpfkc0JUDpakJkZipKD 50qWynRev5CSErzk8Yih QTgsp1BfPDsixeeH6QUT 50qWynRev5CSErzk8Yih 3fQHkf8pseCy7Ys4Kez5 50qWynRev5CSErzk8Yih JOo21iuZtHvP9sSModQZ e7oVwvEXzQVG9DeK8uQS olgHJpCT79b6HED7FUWa e7oVwvEXzQVG9DeK8uQS BVbv363irLjfCXrWQjqn MDHuBmBbeFOGqzpuNmVz BVbv363irLjfCXrWQjqn FwLnZPETaUkrkp7dE0hH dakEfF8eF1B4IYsSGGLe 9XhdonQsTDmLQknJ4xeP dakEfF8eF1B4IYsSGGLe YIAlamFOfZeHd5qDll32 dakEfF8eF1B4IYsSGGLe yE3wNgUIJB0oZwUjLCMo dakEfF8eF1B4IYsSGGLe oJor9EUgXhaXPDmChml7 UkKARQyd3ZxfrQwOeW0R u91JdIwHTd2zumpXCvmK UkKARQyd3ZxfrQwOeW0R JKKWZrMfMDLTYQt6t5Ap UkKARQyd3ZxfrQwOeW0R 5jE3DcSbPJWRITx0u2Kf 9q9h29089dBsNERnjXsd 5jE3DcSbPJWRITx0u2Kf RIRtIJewArUY7i7A6OEl szEChRtMF49nUq5i634G RIRtIJewArUY7i7A6OEl hH5yU5IgxmmStVnXEBJ1 3mTCmcCkVhhFn533BM03 hH5yU5IgxmmStVnXEBJ1 oougNPfNRCSRCWJrOUlb hH5yU5IgxmmStVnXEBJ1 Y2BEa9hp0T63SlTWXenG hH5yU5IgxmmStVnXEBJ1 WCUwzDEkBlRrgSeSv9vv 15e7umNMnawEegsOhkYh WCUwzDEkBlRrgSeSv9vv ofmz95sRAyIS0ShQndvb WCUwzDEkBlRrgSeSv9vv 5cjkSqVe5mFfFhCgwe8r WCUwzDEkBlRrgSeSv9vv QHym2s92VJ8ycxMeFawz B56U06r3nz3RZaXVmiK2 Y0dqIYSR4P9Br1Cq3f9U B56U06r3nz3RZaXVmiK2 MyPRIiIVlLarPoP5nZfy B56U06r3nz3RZaXVmiK2 IcoYVabhkC8yNYJgy44V dBvruVRsFq4ihmzPj7nf IcoYVabhkC8yNYJgy44V 1Tm2BSSz9mj8o3m9o0TB ZcpnIKUrL8i4GzxAolZX 1Tm2BSSz9mj8o3m9o0TB 5VNO6t8qAcR3d5jJgfi4 1Tm2BSSz9mj8o3m9o0TB OcyqfDTyG7wfT1rvpitz TuA4wNSOMjTMUxZ5fZWx WdpiLe9uZpnuS9WMphYw TuA4wNSOMjTMUxZ5fZWx GhNWfyijkz8OKJbptIGO EvdCmEq3CXPDtnZYkiVu GhNWfyijkz8OKJbptIGO VxRxz5foWagBafuSz1m4 GhNWfyijkz8OKJbptIGO lcq8BXTLE4WDnj4JF3yo GhNWfyijkz8OKJbptIGO kHWDWFJURX8TBbDnLSlR M3MAG2lM6nUmTjQ3nD4D PrzulPuk0tqiNKmdjp0X M3MAG2lM6nUmTjQ3nD4D z2nBS9pweVYpDmW0fMRS M3MAG2lM6nUmTjQ3nD4D GfpGWz1SaDeisCQVEJrI M3MAG2lM6nUmTjQ3nD4D EFVi1RMWM28DYYdOxVze WErCaTW8MMgw3ZAta1gT zMnoKpsz12d1Y6CixoCL
60
zMnoKpsz12d1Y6CixoCL
FwLnZPETaUkrkp7dE0hH ZvocIzADG7dBR58wmnu8 9c21VhIQJbtu6kG4NZT4 KBGTLYOWLSviflcWwd9y
kHWDWFJURX8TBbDnLSlR W8ft2Hcg1VXPVNTpprS3 dUDrtIP8WIldh2FT7uba mTYxpEwVJTp369cmBN7S
dBvruVRsFq4ihmzPj7nf dBvruVRsFq4ihmzPj7nf
QHym2s92VJ8ycxMeFawz QFT8yfDPa0xDNdRMchX3 KP4zLIZ5LMWJ6mkRn6BX pkPHvGrHHriGlmiL3mRW
JOo21iuZtHvP9sSModQZ T7hLF9jTtc4htoAH0PWD oDA5VKbLZuTPP2ZEB14d QmCq2RCVgnssPOgSwAr8
ZcpnIKUrL8i4GzxAolZX ZcpnIKUrL8i4GzxAolZX
szEChRtMF49nUq5i634G szEChRtMF49nUq5i634G
ybqDdUoaPknlNwzZFeto WELPo1XEQnG4JejlB13A z6gtkXCB2ntSiYsjrque
9XhdonQsTDmLQknJ4xeP 9XhdonQsTDmLQknJ4xeP
yE3wNgUIJB0oZwUjLCMo yE3wNgUIJB0oZwUjLCMo
XKYNaFpYuIx7Zx7vNANa XKYNaFpYuIx7Zx7vNANa
UkKARQyd3ZxfrQwOeW0R OMLAPgVr1RosMrpENk9K
lcq8BXTLE4WDnj4JF3yo lcq8BXTLE4WDnj4JF3yo
jS5XJP3bXemMgWyvfsmt Vv2apUMOUSvB9J5u8yJr
TuA4wNSOMjTMUxZ5fZWx JzMVZjOikutQZg00S8wX jdgXkfbupFQ0XUNJEyvU
5jE3DcSbPJWRITx0u2Kf NieXnWTTyXxCRp5CSl0i gM8AHyLc0ZjUxmDMuXzJ
B56U06r3nz3RZaXVmiK2 xBNbU9Yu51mQvClxjQdr
bclRgmmOqfg3PHQz06qB bclRgmmOqfg3PHQz06qB
WdpiLe9uZpnuS9WMphYw WdpiLe9uZpnuS9WMphYw
oougNPfNRCSRCWJrOUlb oougNPfNRCSRCWJrOUlb
OcyqfDTyG7wfT1rvpitz G6KTAOxQU8MNiSLazU1t sNJuS4R6b6KAUX5QI4md uqAmYQiu3O0THeAaPzKH
IcoYVabhkC8yNYJgy44V U8fsnzMIN4aMdzToihTq GaG5DAqLVuTD09GfUl6l
ZSg6FSZaRCTLmeHoLgMI ZSg6FSZaRCTLmeHoLgMI
g6l3PryZJRSAXJGUyq22 RvFA5khunRjN3Z7dmUKr 2DqN6NYyebkVczAnrbNI
e7oVwvEXzQVG9DeK8uQS ARorC1kPdEun4czh3dmX bUGtOHLCdzsNiRxcLtaT
oJor9EUgXhaXPDmChml7 TzlCRBgA0Q2cCjETm7Vx FDT7h4JKMRWa9fcDNmXs C3qGKxHtliSTI7oOnHoB
fat0ktgmwPXvqLhmWfJ0 qSLkk45Evo68Y4JhMUq7 mUERvxQcAO2XlgBTPRGA
YqOJXOtRcgzFFRGKRutM JPD2uBroiElzO4z72vhQ Ryx97mzVLWHytqmLAKlJ
BVbv363irLjfCXrWQjqn 34ScKN0pHkNmnxdkoIOC nfdt04yvrwrpPVPzIy2c
3fQHkf8pseCy7Ys4Kez5 3fQHkf8pseCy7Ys4Kez5
5VNO6t8qAcR3d5jJgfi4 5VNO6t8qAcR3d5jJgfi4
RIRtIJewArUY7i7A6OEl cthtNVKVABeolrPabegT FqxzURcIHYyg2FOpiXCN
GfpGWz1SaDeisCQVEJrI GfpGWz1SaDeisCQVEJrI
FHGlzd4VlMUVjTba9Qjm FHGlzd4VlMUVjTba9Qjm
CcIlGrru613gqyngyuYo CcIlGrru613gqyngyuYo
u91JdIwHTd2zumpXCvmK u91JdIwHTd2zumpXCvmK
olgHJpCT79b6HED7FUWa olgHJpCT79b6HED7FUWa
3mTCmcCkVhhFn533BM03 3mTCmcCkVhhFn533BM03
MyPRIiIVlLarPoP5nZfy MyPRIiIVlLarPoP5nZfy
5cjkSqVe5mFfFhCgwe8r 5cjkSqVe5mFfFhCgwe8r
z2nBS9pweVYpDmW0fMRS z2nBS9pweVYpDmW0fMRS
Armxs904ujfdAYn9LtOF Armxs904ujfdAYn9LtOF
Y2BEa9hp0T63SlTWXenG Y2BEa9hp0T63SlTWXenG
PrzulPuk0tqiNKmdjp0X PrzulPuk0tqiNKmdjp0X
1Tm2BSSz9mj8o3m9o0TB 07iKiKtYzy9bLoKUo0ve
ofmz95sRAyIS0ShQndvb ofmz95sRAyIS0ShQndvb
8s4ukhLgGBoor0D87KUr 8s4ukhLgGBoor0D87KUr
JKKWZrMfMDLTYQt6t5Ap JKKWZrMfMDLTYQt6t5Ap
Y0dqIYSR4P9Br1Cq3f9U Y0dqIYSR4P9Br1Cq3f9U
VxRxz5foWagBafuSz1m4 VxRxz5foWagBafuSz1m4
15e7umNMnawEegsOhkYh 15e7umNMnawEegsOhkYh
HAc1Ylu9mrUmnheKISnK HAc1Ylu9mrUmnheKISnK
Vkpfkc0JUDpakJkZipKD Vkpfkc0JUDpakJkZipKD
QTgsp1BfPDsixeeH6QUT QTgsp1BfPDsixeeH6QUT
MDHuBmBbeFOGqzpuNmVz MDHuBmBbeFOGqzpuNmVz
YIAlamFOfZeHd5qDll32 YIAlamFOfZeHd5qDll32
EvdCmEq3CXPDtnZYkiVu EvdCmEq3CXPDtnZYkiVu
mNuLv0WHsIRpWEdSUREd mNuLv0WHsIRpWEdSUREd
9q9h29089dBsNERnjXsd 9q9h29089dBsNERnjXsd
