Ippudo Platano Soda HildebrandHall NatApartment BetaLounge NatApartment Rachas Gadani HalalGuys Gadani Marugame BobbyGPizza InternationalHouse Raretea BanshoRamen LiKaShing Crossroads SouthHall Ucha YogurtPark OptometryBuilding YogurtPark LaVals Target LaVals YogurtPark GreatChina SatherGate GreatChina YogurtPark TraderJoes Gather Spats WursterHall HearstGym Flavia SmokesPoutinerie TheDwight SmokesPoutinerie LewisHall Cafe3 ExtremePizza LaNote TacoBell LaNote Homeroom PokeBar Plentea ClarkKerr BSC TukTukThai Venus TukTukThai DavisHall Cinnaholic TripleRock Cinnaholic Slivers Cinnaholic Tilden LatimerHall Jupiter Morganhall Jupiter TopDog Firewings Quicklys BerkeleyArtStudio SaturnCafe BerkeleyArtStudio Mezzo GiauqueHall Ikea Milkbomb Blackwell SuperDuperBurgers Pappys HearstAnnex McDonalds Morrisonhall McDonalds HearstAnnex Bowles Namaste StrawberryCreek TennisCourts BobaNinja TToust ImmThai TToust BobaNinja TennisCourts TPTea TennisCourts BancroftLibrary Cheeseboard BancroftLibrary LittleCampanile EastAsianLibrary Campbell MemorialGlade Campbell HearstMining Chipotle Wheeler GSPP EastBaySpiceCompany HesseHall Kips Muraccis Kips HesseHall ThaiBasil BrandyMelville FireTrails MulfordHall FireTrails TheHabit Homeroom Underhill HortonHall Shengkee LowerSproul Artichokes SnackShack AmoebaMusic GrizzlyPeak UdupiPalace HavilandHall Bonchon HavilandHall Fengcha Ikes Eureka Ikes Gongcha Ikes SweetheartCafe PeoplesCafe PurpleKow Flavia UCafe Flavia AndrewsApartment UrbanOutfitters Cornerstone Campanile ChezPanisse Campanile LeConte Cafe3 ThaiNoodle Doe JambaJuice SteamTrains KroeberHall SteamTrains Underhill Wikiwiki LeConte AshaTeaHouse Barrows Safeway Barrows BerkeleyBart BigC TenderGreens BigC BerkeleyBart SproulHall BerkeleyBart HappyLemon BerkeleyBart LaBurrita Unit3 NoodleGirl Teazone NoodleGirl MSRI NorthHall Yifang Chipotle HearstMining Campbell EastAsianLibrary Gypsys Platano Ippudo
101
Wheeler Wheeler
HortonHall HortonHall
KroeberHall KroeberHall
LatimerHall LatimerHall
LewisHall LewisHall
Morganhall Morganhall
Morrisonhall Morrisonhall
MulfordHall MulfordHall
NorthHall NorthHall
OptometryBuilding OptometryBuilding
AshaTeaHouse AshaTeaHouse
McDonalds McDonalds
Bonchon Bonchon
Firewings Firewings
HappyLemon HappyLemon
Ucha Ucha
Artichokes Artichokes
TacoBell TacoBell
Gongcha Gongcha
Yifang Yifang
Fengcha Fengcha
UCafe UCafe
SproulHall SproulHall
TPTea TPTea
SatherGate SatherGate
StrawberryCreek StrawberryCreek
BigC BigC
ClarkKerr ClarkKerr
Crossroads Crossroads
Cafe3 Cafe3
Raretea Raretea
Underhill Underhill
TraderJoes TraderJoes
Safeway Safeway
Marugame Marugame
Kips Kips
Pappys Pappys
BetaLounge BetaLounge
Spats Spats
Cornerstone Cornerstone
TripleRock TripleRock
LowerSproul LowerSproul
WursterHall WursterHall
Shengkee Shengkee
Plentea Plentea
Chipotle Chipotle
ImmThai ImmThai
Milkbomb Milkbomb
MemorialGlade MemorialGlade
EastAsianLibrary EastAsianLibrary
ThaiNoodle ThaiNoodle
Mezzo Mezzo
Slivers Slivers
Ikes Ikes
Teazone Teazone
PokeBar PokeBar
Quicklys Quicklys
TopDog TopDog
Gypsys Gypsys
SnackShack SnackShack
SmokesPoutinerie SmokesPoutinerie
GreatChina GreatChina
ThaiBasil ThaiBasil
Eureka Eureka
BSC BSC
Platano Platano
EastBaySpiceCompany EastBaySpiceCompany
TenderGreens TenderGreens
PeoplesCafe PeoplesCafe
SuperDuperBurgers SuperDuperBurgers
Target Target
JambaJuice JambaJuice
HalalGuys HalalGuys
ExtremePizza ExtremePizza
Gadani Gadani
Wikiwiki Wikiwiki
TheHabit TheHabit
Homeroom Homeroom
Cheeseboard Cheeseboard
ChezPanisse ChezPanisse
LaNote LaNote
Rachas Rachas
BobaNinja BobaNinja
SweetheartCafe SweetheartCafe
Ippudo
TukTukThai TukTukThai
Gather Gather
Venus Venus
SaturnCafe SaturnCafe
Jupiter Jupiter
AmoebaMusic AmoebaMusic
GrizzlyPeak GrizzlyPeak
LaBurrita LaBurrita
AndrewsApartment AndrewsApartment
BerkeleyArtStudio BerkeleyArtStudio
TheDwight TheDwight
BanshoRamen BanshoRamen
LittleCampanile LittleCampanile
Namaste Namaste
Muraccis Muraccis
UrbanOutfitters UrbanOutfitters
