Hayward Shreveport Seaside CapeCoral Bloomington CapeCoral Mesquite Escondido Monroe NewYork Kalamazoo NewYork Tucson Deltona Salem Hampton Newark Hampton Gastonia Laredo GreenBay Lafayette Waterbury Newburgh Carrollton SiouxFalls RichmondCounty PortArthur Lacey Savannah OverlandPark Anchorage Utica Norwich SanBuenaventura Oxnard SanBuenaventura Anaheim Columbus Anaheim Eugene Boise Eugene BatonRouge PuntaGorda Hemet Mobile Detroit Duluth SaintPaul GrandRapids Vancouver Henderson NewYorkCity Henderson Topeka Downey Burlington Norwalk StLouis Norwalk SouthLyon NewBedford Orem Bethlehem Orem Fresno SouthBend Bakersfield SouthBend Youngstown Barnstable Youngstown Pueblo PortSaintLucie Olympia PortSaintLucie ThousandOaks Huntsville Kissimmee Marina Frederick Marina NewportNews SimiValley Aberdeen SantaClara VeroBeach PembrokePines Racine PembrokePines Layton Marysville Stamford LasVegas Nashua Tyler Arvada Scranton Sarasota HuntingtonBeach LakeCharles Spartanburg Springfield Harlingen Murrieta Cincinnati Independence RoundLakeBeach Lorain Scottsdale Omaha Champaign Charlotte Champaign York Reno Ogden CathedralCity StPaul CorpusChristi PalmBay Hagerstown Plano Greenville OverlandPark Trenton Louisville Trenton Flint Fullerton Roseville Hialeah Albuquerque Torrance Melbourne Lubbock Bryan Birmingham Bryan HavredeGrace JohnsonCity SanAntonio ElPaso ElMonte McAllen Elkhart Modesto Hartford NorthLasVegas Hartford Shreveport Hayward
100
PuntaGorda PuntaGorda
Tyler Tyler
Cincinnati Cincinnati
ThousandOaks ThousandOaks
Norwich Norwich
PalmBay PalmBay
Tucson Tucson
Utica Utica
Pueblo Pueblo
Albuquerque Albuquerque
Laredo Laredo
NewportNews NewportNews
Barnstable Barnstable
JohnsonCity JohnsonCity
Greenville Greenville
Eugene Eugene
Racine Racine
Nashua Nashua
RoundLakeBeach RoundLakeBeach
Harlingen Harlingen
Newburgh Newburgh
HavredeGrace HavredeGrace
Charlotte Charlotte
OverlandPark OverlandPark
Omaha Omaha
Topeka Topeka
CapeCoral CapeCoral
Deltona Deltona
Anchorage Anchorage
Marina Marina
Salem Salem
LasVegas LasVegas
Downey Downey
Hagerstown Hagerstown
Birmingham Birmingham
SanBuenaventura SanBuenaventura
Mesquite Mesquite
Flint Flint
McAllen McAllen
Lubbock Lubbock
CorpusChristi CorpusChristi
Layton Layton
Fullerton Fullerton
Bethlehem Bethlehem
NorthLasVegas NorthLasVegas
StLouis StLouis
GrandRapids GrandRapids
Frederick Frederick
Boise Boise
Arvada Arvada
Oxnard Oxnard
Hemet Hemet
Scranton Scranton
Fresno Fresno
Waterbury Waterbury
LakeCharles LakeCharles
Stamford Stamford
Olympia Olympia
RichmondCounty RichmondCounty
Duluth Duluth
Modesto Modesto
Henderson Henderson
HuntingtonBeach HuntingtonBeach
Huntsville Huntsville
Lacey Lacey
Burlington Burlington
Columbus Columbus
Savannah Savannah
Vancouver Vancouver
Detroit Detroit
Hialeah Hialeah
CathedralCity CathedralCity
NewYorkCity NewYorkCity
Marysville Marysville
GreenBay GreenBay
Bakersfield Bakersfield
Monroe Monroe
Louisville Louisville
ElPaso ElPaso
VeroBeach SantaClara
Kissimmee Kissimmee
Newark Newark
Torrance Torrance
Hartford Hartford
Plano Plano
Bloomington Bloomington
Kalamazoo Kalamazoo
NewBedford NewBedford
SiouxFalls SiouxFalls
Elkhart Elkhart
Champaign Champaign
Anaheim Anaheim
SaintPaul SaintPaul
York York
Spartanburg Spartanburg
Scottsdale Scottsdale
Aberdeen Aberdeen
Mobile Mobile
Melbourne Melbourne
Ogden Ogden
