0 199 190 194 190 199 191 189 174 173 157 162 157 159 157 156 155 154 153 152 151 147 139 144 139 137 136 137 130 129 128 125 124 125 128 127 126 121 112 111 107 106 105 104 90 99 98 89 94 89 88 75 86 74 76 74 82 74 73 72 73 65 64 63 62 66 62 52 51 41 40 41 51 50 51 43 42 32 44 32 20 22 23 21 31 30 31 21 19 1 6 1 0
37
1 17 2 4 15
6 7
20 25
23 23
30 30
32 33
40 40
42 42
50 48
44 44
52 56 53 54
64 64
66 67
72 72
75 86 87
76 76
82 83
89 91 101
90 108
94 94
99 99
105 105
112 120 114
124 124
127 127
129 130
136 136
144 146 142
147 148
153 154
157 168 172
159 158
162 163
174 176 186 178 182
190 192
191 198
194 194
