IvOdahrtFwzZ fblrDraNAUxK IQvKLYGCcCbd HEwqlaeMfSzl tARvBeqQDqSY fiHhqLtPfdZy aSpDrTbKBytW LNoKVqXhLEzn AhJBAeSEuUkL aXlcDzbXwAJW ocysUjOwnenm RQBxIsRWzmfl pjemGRILnFei QDhUZstsJKtV UGahWpWtmUQn OIjApACwnyqG DiKlonktcqTP EwXugPkGUVkm AQgpWBullbIi touUfboeiIya ctZWqndwhbJm IcNVObbuvzWY zypYDSZfKAvD ubtvaUeVUfmV gkTmCiZxFrJw PFpQuVVRxbvV sTgUExIipvWV RGYiIUdVAiVL YGzazHdyrGCd hLCSOZLNEdhX xXoCKkdkKAne nyTRNDRCsANl lRgeGnDJBtMa cQFNlImsTWTM wXjNgGRCXYRl ybLCwZqVZKud WUqhotrexTBp JpwDMOwQmqOp yHOsEGOhjOLt sFSBpaJxLpBT TZmWJenJbEsV ZPYnROAizafx wHeDieHMYzAK oKIKkmsSWzmH nxbMBCPhfQij yFQWQWtUUMle lznMKRYSMheH XwPJYwaGcHxO uzYTzVwixczQ qFGlIHDqKyPA mgKEFEWheOqk yVSfaizVeLPT zCWezcJmUGqs KtoZVrQmJWki hPSXtHMMyKAK NxxrxPgsnMqG EOKLHvbbCToE dXlgwkdKhUmB EKWhDcEeEkGK nschEYWjrAsr ypApeqMQPnQA QxNjgiXciQma NMSHhfMtAJZb WWtfhwMSzfGW HVwGkspnDHbf nKmMbiEuiffc jXOmYlZmvqnI SKbQkQUhqQEt FkNlSGMBOUbz WsLfQLsirtHk gXcuqckdTdIP evRMhyiHKGXv WnABnktZDxMx WHSGrQQrrotE qlMzHEurfTvO zcAOlsVDUDkc WRiugWLCujBI PKHkuTHeRXhO TglqUXfjbefC TTwdgXpOLyxF QFfSmYtuSTPl AoaIXEzdsCrm mvdksSctoMVi ppfBOAvWYXyJ YvLRANdegrdA qxhFFIUEfnzV quZcTYtpBjSn cRekprdsHHWw nlzJUuBrsbXD oOIjuHJcVRiV IfTQNEFsiTgr jXgKDXnEJsra GvyjKkGcUdcI vkOqMvrCUWYf mZUBOQTZyXOM cpNycWVdmzHJ gJMLzBkWmUoV JNoAmCxHcsYw QZQElPdcHxru UYTxhnOtiPHB zOkfhFVfOKVi IvOdahrtFwzZ
100
ZPYnROAizafx ZPYnROAizafx
fiHhqLtPfdZy fiHhqLtPfdZy
IQvKLYGCcCbd IQvKLYGCcCbd
ctZWqndwhbJm ctZWqndwhbJm
IcNVObbuvzWY IcNVObbuvzWY
pjemGRILnFei pjemGRILnFei
cpNycWVdmzHJ cpNycWVdmzHJ
ypApeqMQPnQA ypApeqMQPnQA
QZQElPdcHxru QZQElPdcHxru
qxhFFIUEfnzV qxhFFIUEfnzV
TZmWJenJbEsV TZmWJenJbEsV
EwXugPkGUVkm EwXugPkGUVkm
nlzJUuBrsbXD nlzJUuBrsbXD
AoaIXEzdsCrm AoaIXEzdsCrm
jXgKDXnEJsra jXgKDXnEJsra
TTwdgXpOLyxF TTwdgXpOLyxF
mZUBOQTZyXOM mZUBOQTZyXOM
vkOqMvrCUWYf vkOqMvrCUWYf
zypYDSZfKAvD zypYDSZfKAvD
mvdksSctoMVi mvdksSctoMVi
OIjApACwnyqG OIjApACwnyqG
mgKEFEWheOqk mgKEFEWheOqk
hLCSOZLNEdhX hLCSOZLNEdhX
EKWhDcEeEkGK EKWhDcEeEkGK
fblrDraNAUxK fblrDraNAUxK
gkTmCiZxFrJw gkTmCiZxFrJw
nxbMBCPhfQij nxbMBCPhfQij
UYTxhnOtiPHB UYTxhnOtiPHB
wXjNgGRCXYRl wXjNgGRCXYRl
HEwqlaeMfSzl HEwqlaeMfSzl
wHeDieHMYzAK wHeDieHMYzAK
QDhUZstsJKtV QDhUZstsJKtV
xXoCKkdkKAne xXoCKkdkKAne
yFQWQWtUUMle yFQWQWtUUMle
DiKlonktcqTP DiKlonktcqTP
qlMzHEurfTvO qlMzHEurfTvO
evRMhyiHKGXv evRMhyiHKGXv
oOIjuHJcVRiV oOIjuHJcVRiV
QFfSmYtuSTPl QFfSmYtuSTPl
quZcTYtpBjSn quZcTYtpBjSn
KtoZVrQmJWki KtoZVrQmJWki
WWtfhwMSzfGW WWtfhwMSzfGW
zOkfhFVfOKVi zOkfhFVfOKVi
lznMKRYSMheH lznMKRYSMheH
aSpDrTbKBytW aSpDrTbKBytW
GvyjKkGcUdcI GvyjKkGcUdcI
lRgeGnDJBtMa lRgeGnDJBtMa
touUfboeiIya touUfboeiIya
ocysUjOwnenm ocysUjOwnenm
SKbQkQUhqQEt SKbQkQUhqQEt
WRiugWLCujBI WRiugWLCujBI
WsLfQLsirtHk WsLfQLsirtHk
AQgpWBullbIi AQgpWBullbIi
NMSHhfMtAJZb NMSHhfMtAJZb
ppfBOAvWYXyJ ppfBOAvWYXyJ
cQFNlImsTWTM cQFNlImsTWTM
HVwGkspnDHbf HVwGkspnDHbf
WHSGrQQrrotE WHSGrQQrrotE
EOKLHvbbCToE EOKLHvbbCToE
PFpQuVVRxbvV PFpQuVVRxbvV
RGYiIUdVAiVL RGYiIUdVAiVL
JpwDMOwQmqOp JpwDMOwQmqOp
WUqhotrexTBp WUqhotrexTBp
YGzazHdyrGCd YGzazHdyrGCd
qFGlIHDqKyPA qFGlIHDqKyPA
hPSXtHMMyKAK hPSXtHMMyKAK
LNoKVqXhLEzn LNoKVqXhLEzn
ubtvaUeVUfmV ubtvaUeVUfmV
yVSfaizVeLPT yVSfaizVeLPT
nschEYWjrAsr nschEYWjrAsr
dXlgwkdKhUmB dXlgwkdKhUmB
tARvBeqQDqSY tARvBeqQDqSY
QxNjgiXciQma QxNjgiXciQma
JNoAmCxHcsYw JNoAmCxHcsYw
YvLRANdegrdA YvLRANdegrdA
AhJBAeSEuUkL AhJBAeSEuUkL
cRekprdsHHWw cRekprdsHHWw
sTgUExIipvWV sTgUExIipvWV
nyTRNDRCsANl nyTRNDRCsANl
IfTQNEFsiTgr IfTQNEFsiTgr
XwPJYwaGcHxO XwPJYwaGcHxO
aXlcDzbXwAJW aXlcDzbXwAJW
TglqUXfjbefC TglqUXfjbefC
jXOmYlZmvqnI jXOmYlZmvqnI
uzYTzVwixczQ uzYTzVwixczQ
WnABnktZDxMx WnABnktZDxMx
UGahWpWtmUQn UGahWpWtmUQn
gJMLzBkWmUoV gJMLzBkWmUoV
yHOsEGOhjOLt yHOsEGOhjOLt
gXcuqckdTdIP gXcuqckdTdIP
FkNlSGMBOUbz FkNlSGMBOUbz
zCWezcJmUGqs zCWezcJmUGqs
PKHkuTHeRXhO PKHkuTHeRXhO
ybLCwZqVZKud ybLCwZqVZKud
NxxrxPgsnMqG NxxrxPgsnMqG
oKIKkmsSWzmH oKIKkmsSWzmH
nKmMbiEuiffc nKmMbiEuiffc
RQBxIsRWzmfl RQBxIsRWzmfl
sFSBpaJxLpBT sFSBpaJxLpBT
zcAOlsVDUDkc zcAOlsVDUDkc
