Granbull Bulbasaur Reuniclus Bulbasaur Typhlosion Chinchou Bonsly Sylveon Altaria Malamar Floatzel Relicanth Unown Electrike Chatot Slakoth Ninjask Bergmite Serperior Heatmor Cinccino Golbat Reshiram Machamp Hitmontop Absol Lileep Remoraid Machamp Happiny Magmortar Goomy Lapras Torracat Exeggcute Binacle Whimsicott Kirlia Swanna Mimikyu Glalie Charizard Tyrunt Mightyena Bronzor Roserade Carnivine Mantine Gorebyss Lycanroc Raichu Arbok Rufflet Quilava Whiscash Rockruff Pidgeot Mudsdale Pancham Mudsdale Greninja Torkoal Greninja Blissey Magmar Bagon Charmander Heatran Lampent Smeargle Cosmog Crawdaunt Azurill Krookodile Cascoon Torchic Jolteon Buizel Aipom Dustox Aipom Nuzleaf Staryu Deoxys Metagross Carbink Infernape Spewpa Floette Beedrill Butterfree Cubone Fletchling Probopass Electivire TypeNull Gliscor Tsareena Staravia Feraligatr Luvdisc PorygonZ Grumpig Budew Skitty Kangaskhan Jirachi Darkrai Diggersby Metapod Chespin Spiritomb Spinda Mawile Trumbeak Ampharos Kyurem Crabominable Flygon Electrode Granbull
100
Tsareena Tsareena
Absol Absol
Unown Unown
Roserade Roserade
Dustox Dustox
Heatran Heatran
Butterfree Butterfree
Ampharos Ampharos
Spiritomb Spiritomb
Torchic Torchic
Cosmog Cosmog
Arbok Arbok
Cascoon Cascoon
Torracat Torracat
Chinchou Chinchou
Crawdaunt Crawdaunt
Slakoth Slakoth
Mimikyu Mimikyu
Pancham Vivillon
Happiny Happiny
Krookodile Corphish Krookodile
Quilava Quilava
Kangaskhan Kangaskhan
Rockruff Rockruff
Bonsly Bonsly
Grumpig Grumpig
Spinda Spinda
Cinccino Cinccino
Budew Budew
Sylveon Sylveon
Mawile Mawile
Beedrill Beedrill
Lampent Lampent
Greninja Greninja
Malamar Malamar
Buizel Buizel
Jolteon Jolteon
Mantine Mantine
Charizard Charizard
Gliscor Gliscor
Binacle Binacle
Relicanth Relicanth
Raichu Raichu
Cubone Cubone
Heatmor Heatmor
Swanna Swanna
Diggersby Diggersby
Whiscash Whiscash
Metagross Metagross
TypeNull TypeNull
Whimsicott Whimsicott
Lycanroc Lycanroc
Mightyena Mightyena
Floette Floette
Jirachi Jirachi
Mudsdale Mudsdale
Darkrai Darkrai
Reuniclus Reuniclus
Remoraid Remoraid
Magmar Magmar
Rufflet Rufflet
Reshiram Reshiram
Crabominable Crabominable
Machamp Machamp
Charmander Charmander
Electrode Electrode
Serperior Serperior
Golbat Golbat
Infernape Infernape
Hitmontop Hitmontop
Trumbeak Trumbeak
Flygon Flygon
Bronzor Bronzor
Bergmite Bergmite
Torkoal Torkoal
Granbull
Goomy Goomy
Metapod Metapod
Probopass Probopass
Lapras Lapras
Carnivine Carnivine
Pidgeot Pidgeot
Exeggcute Exeggcute
Carbink Carbink
Magmortar Magmortar
Electrike Electrike
Ninjask Ninjask
PorygonZ PorygonZ
Lileep Lileep
Feraligatr Feraligatr
Floatzel Floatzel
Glalie Glalie
Deoxys Deoxys
Chespin Chespin
Luvdisc Luvdisc
Blissey Blissey
Chatot Chatot
Typhlosion Typhlosion
Nuzleaf Nuzleaf
Skitty Skitty
