21 129 128 105 104 103 104 105 106 109 176 149 142 99 142 139 138 139 1 2 3 2 1 139 168 169 107 193 192 191 13 12 61 60 59 8 7 8 9 120 51 120 121 65 175 88 147 55 185 143 157 17 77 17 160 23 160 74 75 137 125 115 119 159 186 33 155 165 25 179 161 179 178 63 83 63 178 91 92 101 27 43 73 87 38 37 189 37 36 35 76 31 113 171 15 5 127 126 180 181 134 188 135 188 111 188 113 81 11 41 131 130 122 117 170 108 167 108 79 48 19 48 47 116 133 116 47 86 85 150 53 150 151 191 151 141 89 93 156 45 156 187 20 154 29 36 97 95 195 95 197 163 197 50 49 52 39 136 69 66 145 66 69 171 82 177 183 172 173 172 153 152 21
97
1 1
3 3
5 5
7 7
9 9
11 11
13 13
15 15
17 17
19 19
21 21
23 23
25 25
27 27
29 29
31 31
33 33
35 35
37 37
39 39
41 41
43 43
45 45
47 47
49 49
51 51
53 53
55 55
169 57 169
59 59
61 61
63 63 71
65 65
66 67
69 69
73 73
75 75
77 77
79 79
81 81
83 83
85 85
87 87
88 175
89 89
91 91
93 93
95 95
97 97
99 99
101 101
103 103
105 105
107 107
109 109
111 111
113 113
115 115
117 117
119 119
121 121
122 123
125 125
127 127
129 129
131 131
133 133
135 135
137 137
138 139
141 141
143 143
145 145
147 147
149 149
151 151
153 153
155 155
157 157
159 159
161 161
163 163
165 165
167 167
171 171
173 173
177 177
179 179
181 181
183 183
185 185
187 187
189 189
191 191
193 193
195 195
197 197
