Essos TheRiverStyx Tartarus TheUnderworld Neddingtown Grimbarrow Steeltown Soda Glimthain Netherfort Astapor Arcwallow Winterfell Severen GooLagoon Hogwarts Sanlow FireNation ProBendingArena KnifesEdge TheGreatDivide RepublicCity Blackwater BikiniBottom Pendle Arrowcave Westeros Vintas Neddington BaSingSe Dragonstone Yll CastleBlack Lockinge TheVale TheWaystoneInn Endor SatishVille TheChumBucket TheGodswood HighGarden TheCommonwealth Batcave TheReshiIsles Trebon Glimthain Ellesmera Alderaan TheSpiritWorld CaveofTwoLovers Jakku Toffingburg Riverrun DiagonAlley Shinovar Helgrind DuWeldenvarden Toperhagen TheKrustyKrab Duskhollow Boatwright Aerodenn MountOlympus Valyria ShriekingShack FlourishBlotts Bobbingbourne Penketh Alethkar WesternAirTemple TheBoilingRock Ivormere Accrington TheFae Urubaen TheEyrie Peridrift Chrofall Castamere Karth TheWhompingWillow FleaBottom WesternAirTemple Omashu Meereen Lorien WitheredHeath Arkham TheSpine BeyondtheWall Braavos Newarre Azir JahKeved Carvahall Gizton Dubwall Tarbean Hogsmead TheAturanEmpire Ademre Barkamsted ShatteredPlains Keld JarrensOutpost Essos
99
Jakku Jakku
Karth Karth
Toffingburg Toffingburg
Alethkar Alethkar
HighGarden HighGarden
TheFae TheFae Atlantas
Peridrift Peridrift
Castamere Castamere
Urubaen Urubaen
Toperhagen Toperhagen
WesternAirTemple WesternAirTemple
Riverrun Riverrun
MountOlympus MountOlympus
Duskhollow Duskhollow
Accrington Accrington
Chrofall Chrofall
TheEyrie TheEyrie
DiagonAlley DiagonAlley
Valyria Valyria
ShriekingShack ShriekingShack
KnifesEdge KnifesEdge
Helgrind Helgrind
TheCommonwealth TheCommonwealth
Grimbarrow Grimbarrow
Lorien Lorien
TheSpine TheSpine
FlourishBlotts FlourishBlotts
Shinovar Shinovar
Vintas Vintas
Astapor Astapor
Dragonstone Dragonstone
Meereen Meereen
GooLagoon GooLagoon
JahKeved JahKeved
TheWhompingWillow TheWhompingWillow
Trebon Trebon
Yll Yll
Penketh Penketh
Severen Severen
Dubwall Dubwall
Bobbingbourne Bobbingbourne
Azir Azir
TheBoilingRock TheBoilingRock
BaSingSe BaSingSe
WitheredHeath WitheredHeath
Ademre Ademre
Braavos Braavos
Winterfell Winterfell
Newarre Newarre
Hogwarts Hogwarts
Tarbean Tarbean
Steeltown Steeltown
DuWeldenvarden DuWeldenvarden
TheKrustyKrab TheKrustyKrab
Boatwright Boatwright
TheSpiritWorld TheSpiritWorld
Arkham Arkham
Aerodenn Aerodenn
FireNation FireNation
Tartarus Tartarus
Arcwallow Arcwallow
Alderaan Alderaan
BeyondtheWall BeyondtheWall
Sanlow Sanlow
TheGreatDivide TheGreatDivide
Keld Keld
TheRiverStyx TheRiverStyx
JarrensOutpost JarrensOutpost
Barkamsted Barkamsted
Batcave Batcave
Essos Essos
Westeros Westeros
Carvahall Carvahall
RepublicCity RepublicCity
Hogsmead Hogsmead
BikiniBottom BikiniBottom
Ellesmera Ellesmera
Arrowcave Arrowcave
Neddington Neddington
Neddingtown Neddingtown
Netherfort Netherfort
Soda Soda
TheUnderworld TheUnderworld
ProBendingArena ProBendingArena
ShatteredPlains ShatteredPlains
FleaBottom FleaBottom
CaveofTwoLovers CaveofTwoLovers
Blackwater Blackwater
Omashu Omashu
CastleBlack CastleBlack
Endor Endor
Lockinge Lockinge
TheReshiIsles TheReshiIsles
TheVale TheVale
SatishVille SatishVille
Gizton Gizton
TheChumBucket TheChumBucket
TheGodswood TheGodswood
Ivormere Ivormere
