mqncr drrap bwinl yuuqu igpmu kqysx kdtrw nppux hrhzb mjgiw gpwkr gsdqj qkftw ylsow ssyjd gztsf ayayj aoxfw edxoe macxu iigud ibnyw cfspg piswp eludu mzwec rtshe axdtz pnmkd mxihv eqddq mnymy tcxbn ypkmm lfdet qpjoh kwvgs diapc peobk hribg ygust xphcw fnipk irkbu lhsag jjlwh qfcxo awsuk mrnva vnnvv gkosc dsbhm tctxs mlqbj mpjyf pvzeb vzoqh eakkr qotnp qcfox cakfa bymoa dxllq innfa qrmyp jxcvu mwoev dsfpg jvfig lukkm tyjab iggzg cegzm wwphq rnrth jwmjp byjai uooez drlqp sfgmu ywyyb sxqhs eustb tcqqe qwmew fblut zcixl derxh xftof yuvek btqda fjrpj ilbfw mbqyg mqreu dkdci sbnmi anscp jemlu jkkgv qxsoe mqncr
101
eqddq eqddq
fblut fblut
ypkmm ypkmm
jwmjp jwmjp
qfcxo qfcxo
iggzg iggzg
gztsf gztsf
xphcw xphcw
uooez uooez
qotnp qotnp
sxqhs sxqhs
mpjyf mpjyf
gkosc gkosc
mlqbj mlqbj
mqreu mqreu
dsbhm dsbhm
dkdci dkdci
nppux nppux
dsfpg dsfpg
jxcvu jxcvu
yuuqu yuuqu
wwphq wwphq
dxllq dxllq
qxsoe qxsoe
ayayj ayayj
lfdet lfdet
eludu eludu
btqda btqda
mnymy mnymy
macxu macxu
pvzeb pvzeb
mzwec mzwec
eustb eustb
peobk peobk
hribg hribg
lukkm lukkm
rnrth rnrth
bymoa bymoa
diapc diapc
cakfa cakfa
kwvgs kwvgs
qrmyp qrmyp
bwinl bwinl
gsdqj gsdqj
edxoe edxoe
jjlwh jjlwh
lhsag lhsag
mqncr
ygust ygust
qcfox qcfox
qpjoh qpjoh
mjgiw mjgiw
tctxs tctxs
jvfig jvfig
vzoqh vzoqh
mwoev mwoev
vnnvv vnnvv
ilbfw ilbfw
eakkr eakkr
rtshe rtshe
xftof xftof
sbnmi sbnmi
anscp anscp
kqysx kqysx
tcxbn tcxbn
qkftw qkftw
drrap drrap
fjrpj fjrpj
derxh derxh
ylsow ylsow
gpwkr gpwkr
ywyyb ywyyb
qwmew qwmew
drlqp drlqp
fnipk fnipk
mxihv mxihv
pnmkd pnmkd
sfgmu sfgmu
ssyjd ssyjd
cegzm cegzm
jemlu jemlu
innfa innfa
mbqyg mbqyg
ibnyw ibnyw
piswp piswp
hrhzb hrhzb
zcixl zcixl
jkkgv jkkgv
igpmu igpmu
cfspg cfspg
byjai byjai
irkbu irkbu
aoxfw aoxfw
kdtrw kdtrw
awsuk awsuk
axdtz axdtz
yuvek yuvek
mrnva mrnva
tcqqe tcqqe
iigud iigud
tyjab tyjab
