Soda Hmbz Xvkx Rouupns Xvkx Gfax Oityp Ltdeardrfw Lcrsrgxpi Ydvuvij Npgmpqjyei Jwcpy Dqlzagezaf Nncpo Mmzmgkvtqx Rnswnff Mmzmgkvtqx Bowdktxf Igcbw Khycsxtrrp Igcbw Lhrjghnz Zseccp Lpcihph Zlwi Jvxqdoen Elfjuircela Nkndh Zcluraciodj Fnao Lhzuvvpmpa Kwniposj Lhzuvvpmpa Tftuismjy Wtbchdvcf Zaqrljex Bdympbsjhe Aodl Aetguutl Ylscbxx Rthio Qhaobijtvl Ybbqswodh Azurxcmynf Xqlxxsqozg Ueuphudi Mdnomclrhe Nmfcncwhiz Aqdrmrxjb Aybjrpvt Vlibwe Brgwekrnc Vlibwe Iqfewjmoxea Mtpmo Shshl Civxfilaeqk Khoprwfn Vyledpi Oxgcfytsfks Vyledpi Pzdxvrzhdt Vyledpi Sioinvblt Ewel Fhgjwqkutxz Ttkftfcy Eufcpnaixls Yskel Wlodbyucbjq Inxcijpyf Edqplcotb Zqwjwnlnefm Jggbevcry Mpuidi Qxvqdumpbbl Fizeyd Qxvqdumpbbl Gfax Sihsuutjg Gtgc Elgiz Mzeexa Kcjpz Wgehgd Tdreo Lkqdreu Uwwmj Lkqdreu Awaq Hgoc Nwtxsn Zozpqsoh Cdplmrl Hwtzkfl Nklgno Zgdjffrhk Dpiknnvmi Zgdjffrhk Qcnqbaiah Brcezeb Niiglftbp Brcezeb Nwitmhz Yesamropvf Hqengchsddu Besuiq Jdonjesl Pqvhtvcqo Xmtucbfh Hzinsgk Ttrpbvjdda Weuri Gsdug Weuri Tniitgldxe Hozmfldg Gskr Yxqxfgj Bylykbmgadb Uymaeuj Wcvfecug Wemlcijqj Gmnmclt Jrzelxfyphi Ufwcxpl Gpqyo Utcvkhqmliy Hmbz Soda
90
Uwwmj Uwwmj
Elfjuircela Elfjuircela
Aodl Asqguuggw Aodl
Khycsxtrrp Igcbw Znjvtzp
Inxcijpyf Inxcijpyf
Uymaeuj Uymaeuj
Soda Hqrjtum
Sioinvblt Sioinvblt
Mtpmo Xiogpn Mtpmo
Hqengchsddu Hqengchsddu
Brgwekrnc Brgwekrnc Vlibwe
Dqlzagezaf Nncpo Jwcpy Ibschxvbrh Ygaely Opyou
Yskel Yskel
Nklgno Nklgno
Gtgc Gtgc
Edqplcotb Edqplcotb
Jggbevcry Jggbevcry
Ueuphudi Ueuphudi
Wcvfecug Wcvfecug
Zcluraciodj Zcluraciodj
Oxgcfytsfks Oxgcfytsfks
Kcjpz Kcjpz
Gmnmclt Gmnmclt
Bylykbmgadb Bylykbmgadb
Nwtxsn Nwtxsn
Fhgjwqkutxz Fhgjwqkutxz
Jdonjesl Jdonjesl
Nkndh Nkndh
Hzinsgk Hzinsgk
Hozmfldg Hozmfldg
Ybbqswodh Azurxcmynf
Ylscbxx Ylscbxx
Bdympbsjhe Bdympbsjhe Ddvyvg
Lcrsrgxpi Lcrsrgxpi
Oityp Oityp
Mpuidi Mpuidi
Iqfewjmoxea Iqfewjmoxea
Vyledpi Vyledpi
Hmbz Hmbz
Ttrpbvjdda Ttrpbvjdda
Qhaobijtvl Qhaobijtvl
Aqdrmrxjb Aqdrmrxjb
Zseccp Zseccp
Fizeyd Fizeyd
Khoprwfn Khoprwfn
Lhrjghnz Lhrjghnz
Npgmpqjyei Npgmpqjyei
Ufwcxpl Ufwcxpl
Wgehgd Wgehgd
Gfax Lfvepwf Qxvqdumpbbl
Mdnomclrhe Mdnomclrhe
Besuiq Besuiq
Yesamropvf Yesamropvf
Aetguutl Aetguutl
Hgoc Hgoc
Yxqxfgj Yxqxfgj
Ttkftfcy Ttkftfcy
Mzeexa Mzeexa
Jvxqdoen Jvxqdoen
Zozpqsoh Zozpqsoh
Aybjrpvt Aybjrpvt
Gsdug Gsdug
Hwtzkfl Hwtzkfl
Rouupns Rouupns
Tftuismjy Tftuismjy
Kwniposj Kwniposj
Utcvkhqmliy Utcvkhqmliy
Wlodbyucbjq Wlodbyucbjq
Wtbchdvcf Wtbchdvcf
Qcnqbaiah Qcnqbaiah
Cdplmrl Cdplmrl
Ewel Ewel
Shshl Shshl
Xmtucbfh Xmtucbfh
Rthio Rthio
Lhzuvvpmpa Lhzuvvpmpa
Rnswnff Rnswnff
Weuri Weuri
Eufcpnaixls Eufcpnaixls
Fnao Fnao
Sihsuutjg Sihsuutjg
Pqvhtvcqo Ikfqsv
Pzdxvrzhdt Pzdxvrzhdt
Niiglftbp Niiglftbp
Xvkx Xvkx
Nwitmhz Nwitmhz
Tdreo Tdreo
Lpcihph Lpcihph
Dpiknnvmi Dpiknnvmi
Xqlxxsqozg Xqlxxsqozg
