0 58 46 113 83 115 42 123 29 40 118 15 27 2 131 145 50 128 3 97 93 108 57 140 55 76 20 106 197 160 75 6 98 95 80 8 61 12 45 156 104 199 88 13 22 164 19 21 33 24 179 35 86 134 0
54
0
2 153
3 3
6 6
8 8 125
12 12 92
13 13 23
15 32 15
19 53
20 124
21 21
22 34
24 24
27 27
29 29
33 33
35 35
40 40 52
42 42
45 45
46 149 46
50 50
55 55
57 57
58 58 173
61 61
75 90
76 102
80 80
83 181
86 86
88 88
93 93
95 154
97 97
98 98
104 104
106 106
108 108
113 130
115 152
118 118
123 144
128 188
131 131
134 134
140 140
145 145
156 156
160 160
164 164
179 179
197 197
199 199
