KMZ BMH MMI MWN DEW VZI ENU PSZ OUR RHL FYE HON WDE BTR GMG ACK EXX NSY TFL YQU XYT LRF ZCR YET KVT IEN DZY KAL MBM DGD GEV CSI IYC WVO RDP WYK URI CEA SZK ZUA WZI FZZ NLD UAO YFA BWL LCB VIF BUN OBR COR KQK HTU KDO XXL PWL ZES FBZ HGZ XPB GJK IKT BVP HSN HTV VNH QOE MWC NDM XFP KNQ QUS AFO JTH VTA EFO XNH WPB EVY YWR YGM YEC PKG RWN XWZ HDY WDN WXC GVH XNM EKW GJW KDF MQG HPL KDH GAZ CDW VSQ KBZ NYW KMZ
101
KMZ
OUR OUR
PSZ PSZ
BMH BMH
DEW DEW
NYW NYW
MWN MWN
RHL RHL
GAZ GAZ
MMI MMI
KDH KDH
KDF KDF
WDN WDN
EKW EKW
VSQ VSQ
CDW CDW
VZI VZI
GJW GJW
KBZ KBZ
XNM XNM
WXC WXC
HPL HPL
YEC YEC
ENU ENU
RWN RWN
YWR YWR
HDY HDY
WPB WPB
MQG MQG
EFO EFO
GVH GVH
YGM YGM
XNH XNH
PKG PKG
XWZ XWZ
VNH VNH
EVY EVY
MWC MWC
NDM NDM
VTA VTA
AFO AFO
HSN HSN
JTH JTH
QUS QUS
FBZ FBZ
KNQ KNQ
QOE QOE
HGZ HGZ
XFP XFP
XPB XPB
BVP BVP
GJK GJK
HTU HTU
HTV HTV
IKT IKT
XXL XXL
ZES ZES
BUN BUN
PWL PWL
UAO UAO
LCB LCB
KQK KQK
KDO KDO
BWL BWL
VIF VIF
COR COR
WYK WYK
OBR OBR
WZI WZI
FZZ FZZ
KAL KAL
ZUA ZUA
URI URI
IYC IYC
GEV GEV
CEA CEA
MBM MBM
NLD NLD
YFA YFA
DGD DGD
CSI CSI
RDP RDP
WVO WVO
DZY DZY
YET YET
KVT KVT
TFL TFL
SZK SZK
ZCR ZCR
IEN IEN
BTR BTR
EXX EXX
LRF LRF
WDE WDE
YQU YQU
ACK ACK
GMG GMG
NSY NSY
FYE FYE
HON HON
XYT XYT
