0 3 114 2 153 81 89 85 117 7 68 71 187 43 93 43 11 5 36 35 110 4 97 139 48 37 60 49 144 78 55 52 151 75 22 96 6 16 177 74 177 67 100 24 180 88 83 95 83 134 59 98 87 17 70 1 84 54 162 140 46 58 33 25 79 66 56 10 50 90 45 44 65 102 73 112 30 91 26 64 72 69 28 77 42 47 62 76 20 105 8 105 51 32 57 29 39 63 86 161 142 27 41 94 40 92 40 14 133 31 133 154 19 12 34 99 15 23 15 61 9 61 80 193 38 53 21 13 18 0
98
13 13
97 97
48 48
31 31
87 87
95 95
81 81
44 44
17 17
74 74
29 29
40 40
4 4
21 82 21
25 25
16 16
85 85
88 88
6 6
86 86
68 68
93 93
75 75
53 53
50 50
3 3
70 70
61 61
58 58
19 19
60 60
64 64
33 33
73 73
46 46
80 80
14 14
52 52
42 42
83 83
99 99
49 49
34 34
65 65
27 27
41 41
22 22
79 79
18 18
5 5
1 1
15 15
55 55
2 2
43 43
84 84
20 20
54 54
94 94
37 37
69 69
66 66
0 0
92 92
110 35
32 32
62 62
10 10
28 28
56 56
38 38
71 71
78 78
90 45 90
24 24
47 47
12 12
7 7
59 59
98 98
72 72
23 23
63 63
9 9
57 57
67 67
36 36
89 89
39 39
8 8
30 30
26 26
96 96
11 11
76 76
77 77
51 51
91 91
