2 41 85 9 60 9 85 41 143 19 129 48 175 126 114 107 43 80 43 107 114 126 175 87 8 13 138 164 117 102 45 181 34 23 11 26 63 131 156 131 128 198 100 198 147 32 147 115 104 44 104 166 113 99 165 140 149 3 149 171 179 16 133 16 179 171 18 14 22 76 51 176 174 28 174 182 189 122 189 182 67 116 103 172 61 172 137 30 15 57 94 62 96 62 139 55 130 55 139 62 90 177 90 95 82 178 155 196 121 7 79 7 121 199 97 144 106 144 97 183 91 27 141 27 98 36 152 162 173 59 5 125 31 10 194 93 101 150 127 12 81 25 37 86 65 4 161 4 112 190 92 190 112 158 110 158 163 188 35 199 195 56 52 145 193 50 42 50 1 187 1 58 73 83 38 46 38 186 0 186 136 119 68 53 157 49 157 2
90
0 0 192
2 2
3 3
4 4
80 80 54 118 6
7 121 7
8 8
60 142
11 26
12 12
13 138 13
14 14
15 15
171 171 179
23 23
25 25
27 27
28 28
30 30
32 32
34 34
35 35
36 36
38 38
41 85
42 42
44 44
46 46
48 48
49 49 157
50 50
51 51
52 52
53 53
55 55
56 56
73 73 58
59 59
61 61
62 90
63 63
67 67
76 76
79 79
82 82
86 86
92 92
93 93
94 94
95 95
96 96
97 97
98 98
100 100
103 116
106 106
110 110
112 112
113 113
114 114
115 115
119 119
122 122 189
125 125
126 126
128 128
130 130
131 131
133 133
136 136
139 139
141 141
145 145
149 149
156 156
158 158
161 161
164 164
165 165
173 173
174 174
177 177
178 178
181 181
182 182
187 187
188 188
193 193
194 194
196 196
