ffffff uu uuu o x aaa qqqqqq ggggggg bbbbbb tttttt eeeee dddd a jjjj rrrrr ggggg ffffffff nnnnnn ttttttt sssss bbbbbbb dd zzzzz kkkkkkkk gggggggg q ee wwwwww tttt ffff eeee mm ssssss ttttt zzz jjjjjj sssssss oooooo yyyyyyy sss yy qqq kkkkkk ggg bbbbbbbb e rrrrrr ccccccc xxxxxxx hhhh lll iiii aaaaaa iiiiiiii hhh s xxxx rr eeeeeee aa pppppppp vvvvvv vvvvv jjjjj iiiiiii uuuuuu b llllll llllllll vvv wwwww ooooo ssss ppppp cc gggg pppp cccccc qq m kkkk mmmm nnn xxx ii aaaa xxxxx ll uuuuuuu ffffff
89
pppppppp pppppppp
kkkk kkkk
o o
m m eeeeee
xxxxxxx xxxxxxx
jjjjj k
ggggg ggggg
yyyyyyy yyyyyyy
nnnnnn fffff nnnnnn
xxxxx xxxxx
iiii oooooooo
jjjj jjjj
qq qq
pppp pppp
xxxx xxxx wwww
ggg aaaaaaaa mmmmmmmm
cc cc jjj
mmmm tt mmmm
bbbbbbbb bbbbbbbb
qqq qqq
ssssss ssssss
lll lll
mm mm
cccccc cccccc
sss sss
dd j dd d cccc
iiiiiii lllllll iiiiiii
ccccccc ccccccc
kkkkkk kkkkkk
ffff ffff
bbbbbbb bbbbbbb
vvv vvv
kkkkkkkk kkkkkkkk
yy yy
b b
eeee eeee
ttttttt ttttttt
x x
ffffff ffffff
eeeeeee eeeeeee
aaaaaa aaaaaa
uu uu
sssss sssss
ii ii
eeeee eeeee
nnn nnn
gggggggg gggggggg hhhhhhh
dddd dddd
aa aa
ooooo ooooo
sssssss sssssss
hhh hhh
uuuuuu uuuuuu
aaaa aaaa
a a
llllll llllll
aaa aaa
zzz zzz
ssss ssss
bbbbbb bbbbbb
ll ll
xxx xxx
rr rr
wwwww wwwww
vvvvvv vvvvvv
tttttt tttttt
s s
qqqqqq qqqqqq
hhhh hhhh
ee ee
rrrrrr rrrrrr
e e
uuuuuuu uuuuuuu
q q
zzzzz zzzzz
oooooo oooooo
ggggggg ggggggg
vvvvv vvvvv
rrrrr rrrrr
gggg gggg
ffffffff ffffffff
wwwwww wwwwww
llllllll llllllll
iiiiiiii iiiiiiii
tttt tttt
jjjjjj jjjjjj
ppppp ppppp
ttttt ttttt
uuu uuu
