AlbertFredHaines JoannCharlieWilkinso DenaJewellDavis CassandraJaniceGlove JannaDavidCarranza KevinThomasHiggins KevinCharlesEvans KathleenSherryDay EdwardErnestSinger StephenWilliamCoffma StevenNeilNguyen SandraHarryStewart RosaPatrickYankey RickyJamesBrumfield IsaacGregGargano MarkAngelaMccloud MistyRobertKing DwainJoeFeldman ElmerDemetriusLark ThomasEssieEwing JessicaChristopherHa DeeAmandaBartley JohnRichardSmith JudeJanetHarcourt PerryJamesBennett CynthiaConnieWright HeidiMayJohnson JamesJordanZamora EricJamesJuckett RonaldEdnaArant MarkDianeDuchon BrettDominickSonnier ClaudeBobbyBaker JoStephenMay LawrenceBarryHadden JosephAmandaMullen EdwardDennisStewart DianeElisePickett JudyPearlineKaminski MaryJamesDavila DebraJaneFitzgerald MarthaJackRobinson MarciaWalterKirschma EricTinaPerea JimmyFlorTasson GaryCharlesHudson GlennaMichaelBorden LynnKennethChavez BradleyDeborahSaball FerdinandLukeJackson RolandGregoryWatson KellyJohnnaOles DeniseBrunoWilliam LillianJuanAncona ManuelaJoseBailey WadeSonnyMcbride HowardKennethCollins PeterJosephBarbee DorisJeffreyBinger BernicePennyRiddick CraigJohnLard KathleenJoseClark GeorgeWilliamJackson AnnDeannaLarzazs EricTammyScott MichaelMarkHolloway GeorgeHenryVillar WilliamDavidGray JohnBrendaFuller JackieSharonScherrer TravisMichelleMeller CherylMaryMorgan JeremyJamesChavez MichaelElizabethWeav StormyOllieYork RobinStephenWebster TommyAmandaMartin ZacharyWarrenKarth AlbertFredHaines
78
AlbertFredHaines AlbertFredHaines
WilliamDavidGray WilliamDavidGray
DeniseBrunoWilliam DeniseBrunoWilliam
GeorgeHenryVillar GeorgeHenryVillar
JoannCharlieWilkinso JoannCharlieWilkinso
DianeElisePickett DianeElisePickett
DwainJoeFeldman DwainJoeFeldman
RolandGregoryWatson RolandGregoryWatson
RobinStephenWebster RobinStephenWebster
FerdinandLukeJackson FerdinandLukeJackson
LillianJuanAncona LillianJuanAncona
EricTammyScott EricTammyScott
ManuelaJoseBailey ManuelaJoseBailey
WadeSonnyMcbride WadeSonnyMcbride
RonaldEdnaArant RonaldEdnaArant
BernicePennyRiddick BernicePennyRiddick
MarthaJackRobinson MarthaJackRobinson
GeorgeWilliamJackson GeorgeWilliamJackson
MarciaWalterKirschma MarciaWalterKirschma
JudyPearlineKaminski JudyPearlineKaminski
JohnRichardSmith JohnRichardSmith
StevenNeilNguyen StevenNeilNguyen
KathleenSherryDay KathleenSherryDay
DeeAmandaBartley DeeAmandaBartley
MaryJamesDavila MaryJamesDavila
ClaudeBobbyBaker ClaudeBobbyBaker
MichaelElizabethWeav MichaelElizabethWeav
KellyJohnnaOles KellyJohnnaOles
StephenWilliamCoffma StephenWilliamCoffma
JackieSharonScherrer JackieSharonScherrer
GlennaMichaelBorden GlennaMichaelBorden
CynthiaConnieWright CynthiaConnieWright
DorisJeffreyBinger DorisJeffreyBinger
MistyRobertKing MistyRobertKing
JosephAmandaMullen JosephAmandaMullen
JamesJordanZamora JamesJordanZamora
JohnBrendaFuller JohnBrendaFuller
JimmyFlorTasson JimmyFlorTasson
KathleenJoseClark KathleenJoseClark
CherylMaryMorgan CherylMaryMorgan
JessicaChristopherHa JessicaChristopherHa
PeterJosephBarbee PeterJosephBarbee
KevinThomasHiggins KevinThomasHiggins
StormyOllieYork StormyOllieYork
BrettDominickSonnier BrettDominickSonnier
EdwardErnestSinger EdwardErnestSinger
LawrenceBarryHadden LawrenceBarryHadden
ZacharyWarrenKarth ZacharyWarrenKarth
EricJamesJuckett EricJamesJuckett
ElmerDemetriusLark ElmerDemetriusLark
HowardKennethCollins HowardKennethCollins
RickyJamesBrumfield RickyJamesBrumfield
CassandraJaniceGlove CassandraJaniceGlove
JannaDavidCarranza JannaDavidCarranza
TommyAmandaMartin TommyAmandaMartin
DebraJaneFitzgerald DebraJaneFitzgerald
MarkAngelaMccloud MarkAngelaMccloud
LynnKennethChavez LynnKennethChavez
MichaelMarkHolloway MichaelMarkHolloway
BradleyDeborahSaball BradleyDeborahSaball
ThomasEssieEwing ThomasEssieEwing
PerryJamesBennett PerryJamesBennett
IsaacGregGargano IsaacGregGargano
GaryCharlesHudson GaryCharlesHudson
JudeJanetHarcourt JudeJanetHarcourt
JoStephenMay JoStephenMay
EdwardDennisStewart EdwardDennisStewart
KevinCharlesEvans KevinCharlesEvans
DenaJewellDavis DenaJewellDavis
HeidiMayJohnson HeidiMayJohnson
AnnDeannaLarzazs AnnDeannaLarzazs
MarkDianeDuchon MarkDianeDuchon
JeremyJamesChavez JeremyJamesChavez
CraigJohnLard CraigJohnLard
EricTinaPerea EricTinaPerea
RosaPatrickYankey RosaPatrickYankey
SandraHarryStewart SandraHarryStewart
TravisMichelleMeller TravisMichelleMeller
