0 15 31 47 63 48 33 18 3 18 19 34 19 4 5 6 7 23 8 7 6 5 21 5 20 36 50 36 51 36 52 68 53 54 40 25 10 11 12 28 43 58 73 57 41 56 71 70 85 101 85 86 87 103 104 103 87 86 85 100 85 84 99 98 99 84 83 82 81 80 96 80 95 80 79 78 79 94 93 94 109 124 123 108 92 91 107 122 106 90 75 76 75 60 45 30 15 0
48
0 0
3 18 3
21 5
7 7
8 8
10 10
12 13
15 15
20 35 20
23 23
25 25
28 28
30 30
31 45 46 31
34 34
36 36
40 40
41 41 55
47 47
48 63
50 50
51 51
52 52
56 56
57 57
68 68
70 70
71 71
73 73
75 75
76 76
78 78
96 80
83 83
101 85
87 88
90 105 90
93 93
95 95 110 111
98 98
100 100 115 116
103 103
104 119
106 120 121 106
108 108
109 109
122 122
124 124
