0 18 185 27 185 54 98 54 120 108 102 108 89 84 42 109 127 191 137 191 134 128 184 73 36 97 104 60 83 14 4 141 152 20 121 81 78 186 197 58 64 118 17 175 106 199 48 31 22 150 69 135 180 179 196 26 176 26 8 166 8 39 151 178 193 25 156 46 156 168 125 133 10 12 130 87 159 107 117 119 29 47 67 96 45 182 77 50 157 70 155 28 103 170 1 183 139 76 194 163 161 145 160 85 99 85 19 146 136 91 63 74 126 111 149 111 51 79 164 24 164 35 138 35 9 65 173 44 110 153 38 6 116 75 32 116 154 49 0
98
0
4 4
6 6
9 9
10 10 100
12 12
14 14
17 17
18 18
19 19
20 20
22 22
24 24
25 25
26 26
27 27
28 28
29 95
31 31
32 32 116
36 36
38 38
39 39
42 42
44 44
46 156
47 47
48 48
49 49
50 50
51 51 111
58 58
60 83
63 63
64 64
65 65
67 67
69 69
70 70
74 74
75 75
77 77
78 78
79 79
81 81
85 85
87 87
89 89
91 91
96 96
98 98
99 99
102 102
103 103
104 104
106 106
108 108
109 109
117 117
119 119
120 120
121 121
125 125
126 126
128 128
130 130
133 133
134 134
137 137
138 138
139 139
145 145
146 146
149 149
151 151
155 155
157 157
159 159
160 160
163 163
166 166
168 168
170 170
173 173
175 175
176 176
178 178
179 179
180 180
182 182
184 184
185 185
186 186
193 193
194 194
196 196
197 197
199 199
