Plano SantaClara Irving Pasadena Sunnyvale Norman MorenoValley Warren SanFrancisco Rochester OklahomaCity Cary LasVegas Vallejo KansasCity Garland Omaha Oxnard Atlanta Vancouver Beaumont Denver Hayward BatonRouge Montgomery Memphis Charleston Mesa OWO Chesapeake Wichita Waco Ontario VirginiaBeach Lincoln Seattle Huntsville Lafayette Pikachu JerseyCity Anaheim Elizabeth Lancaster Torrance Akron Escondido Hollywood Fontana SanJose Glasses Stamford Allentown Killeen Tampa ThousandOaks McAllen GrandPrairie Portland Tampa Laredo SantaRosa FortCollins SiouxFalls SantaAna Tulsa LouisvilleJefferson Reno Norfolk FortLauderdale AnnArbor StLouis Frisco Mesquite Worcester Thornton Anchorage Philadelphia GardenGrove Salinas Davidson NewHaven SanAntonio Chicago Denton Raleigh Glendale Houston Pomona Spokane CorpusChristi SantaClarita Fremont Madison SanBernardino Knoxville Brownsville Corona Surprise Greensboro Surprise NewOrleans Dallas Hartford Mobile HuntingtonBeach SimiValley HuntingtonBeach AugustaRichmond Fullerton Irvine LittleRock Irvine Olathe Miami Cincinnati Tallahassee Hampton Tallahassee Riverside Rockford Plano
101
Vancouver Vancouver
Sunnyvale Sunnyvale
LittleRock LittleRock
Mobile Mobile
AugustaRichmond AugustaRichmond
SanJose SanJose
FortLauderdale FortLauderdale
Pomona Pomona
Garland Garland
SantaClarita SantaClarita
SiouxFalls SiouxFalls
Mesquite Mesquite
Rockford Rockford
StLouis StLouis
GrandPrairie GrandPrairie
Oxnard Oxnard
Irving Irving
Norman Norman
Anchorage Anchorage
JerseyCity JerseyCity
GardenGrove GardenGrove
Allentown Allentown
Laredo Laredo
Olathe Olathe
SanFrancisco SanFrancisco
Tulsa Tulsa
Davidson Davidson
Montgomery Montgomery
Greensboro Greensboro
Portland Portland
OklahomaCity OklahomaCity
Charleston Charleston
SimiValley SimiValley
CorpusChristi CorpusChristi
Corona Corona
Cary Cary
Stamford Stamford
Denver Denver
Escondido Escondido
Ontario Ontario
Lincoln Lincoln
Anaheim Anaheim
OWO OWO
Vallejo Vallejo
Plano
Hayward Hayward
Dallas Dallas
Chicago Chicago
Huntsville Huntsville
Wichita Wichita
Akron Akron
Denton Denton
Cincinnati Cincinnati
Brownsville Brownsville
Glendale Glendale
Waco Waco
Madison Madison
Hartford Hartford
Atlanta Atlanta
Killeen Killeen
Lancaster Lancaster
Thornton Thornton
Beaumont Beaumont
Hampton Hampton
ThousandOaks ThousandOaks
Torrance Torrance
NewOrleans NewOrleans
Surprise Surprise
Norfolk Norfolk
LouisvilleJefferson LouisvilleJefferson
Warren Warren
Memphis Memphis
Hollywood Hollywood
Riverside Riverside
Raleigh Raleigh
Irvine Irvine
McAllen McAllen
Pikachu Pikachu
LasVegas LasVegas
Worcester Worcester
Glasses Glasses
Tampa Tampa
MorenoValley MorenoValley
Omaha Omaha
FortCollins FortCollins
Knoxville Knoxville
SantaClara SantaClara
AnnArbor AnnArbor
Mesa Mesa
Houston Houston
Miami Miami
SanBernardino SanBernardino
NewHaven NewHaven
Elizabeth Elizabeth
Pasadena Pasadena
Salinas Salinas
Fremont Fremont
Lafayette Lafayette
HuntingtonBeach HuntingtonBeach
SantaRosa SantaRosa
SanAntonio SanAntonio
