0 68 18 150 130 156 145 174 149 165 194 168 183 191 197 171 177 138 134 144 153 173 193 131 162 186 159 154 135 179 185 196 20 198 20 188 20 172 20 187 20 184 20 195 20 181 20 180 20 167 20 166 143 175 142 151 146 133 137 176 199 158 132 18 136 18 148 18 152 18 68 0
55
0
18 160 161 192 163 164 169 170 139 140 141 178 147 182 189 155 157 190
130 130
131 131
132 132
133 133
134 134
135 135
136 136
137 137
138 138
142 142
143 143
144 144
145 145
146 146
148 148
149 149
150 150
151 151
152 152
153 153
154 154
156 156
158 158
159 159
162 162
165 165
166 166
167 167
168 168
171 171
172 172
173 173
174 174
175 175
176 176
177 177
179 179
180 180
181 181
183 183
184 184
185 185
186 186
187 187
188 188
191 191
193 193
194 194
195 195
196 196
197 197
198 198
199 199
