0 198 197 196 191 193 192 186 189 186 187 186 181 176 180 179 176 171 173 171 166 169 170 166 171 176 181 185 184 181 183 181 186 192 191 195 191 196 197 198 0 1 3 1 6 7 6 11 14 11 13 12 11 16 17 16 19 16 21 26 32 33 31 34 35 31 37 38 36 39 36 42 41 46 51 52 53 51 57 58 56 61 65 64 61 66 68 66 70 66 71 72 73 71 76 78 76 80 79 76 81 84 81 87 86 92 91 96 100 99 96 98 97 96 101 106 108 107 106 109 106 112 113 111 114 111 116 121 127 126 130 129 126 131 136 141 143 142 141 144 145 141 146 149 146 151 156 162 161 164 165 161 163 162 156 159 156 151 152 153 151 155 151 146 141 136 139 140 136 138 137 136 131 135 131 126 128 127 121 122 121 116 118 116 111 112 106 101 102 103 101 104 105 101 96 91 95 94 91 93 92 86 90 86 87 81 82 83 81 76 71 75 74 71 66 61 63 62 61 56 60 59 56 57 51 46 47 48 46 41 44 41 42 36 37 31 32 26 29 30 26 27 26 21 24 25 21 22 21 16 11 6 1 0
101
0
3 3
7 7
12 12
13 13
14 14
17 17
19 19
22 22
24 24
25 25
27 27
29 29
30 30
32 32
33 33
34 34
35 35
38 38
39 39
42 42
44 44
47 47
48 48
52 52
53 53
58 58
59 59
60 60
62 62
63 63
64 64
65 65
68 68
70 70
72 72
73 73
74 74
75 75
78 78
79 79
80 80
82 82
83 83
84 84
87 87
90 90
93 93
94 94
95 95
97 97
98 98
99 99
100 100
102 102
103 103
104 104
105 105
107 107
108 108
109 109
112 112
113 113
114 114
118 118
122 122
127 127
128 128
129 129
130 130
135 135
137 137
138 138
139 139
140 140
142 142
143 143
144 144
145 145
149 149
152 152
153 153
155 155
159 159
162 162
163 163
164 164
165 165
169 169
170 170
173 173
179 179
180 180
183 183
184 184
185 185
187 187
189 189
192 192
193 193
195 195
