Acton Compton Bowles Buttonwillow Boronda Beckwourth Calistoga Anaheim Bystrom Aromas Bootjack Azusa Brea Bishop Carson Calwa Arcadia Belmont Brisbane Corning Arcata Belden Alhambra Cambria Almanor Cambria Cayucos Arvin Bishop Clearlake Ashland Alhambra Burlingame Alhambra Brawley Biggs Byron Fruitdale Avenal Chowchilla Avery Capitola Barstow Calimesa Burbank Camarillo Burbank Arcadia Belvedere Bonita Carrick Alameda Berkeley Armona Danville Blythe Arbuckle Biola Brentwood Calabasas Beaumont Benicia Alpaugh Bell Cerritos Bluewater Cartago Bodfish Cotati Boron Cotati August Castroville Fontana Alpine Columbia Carpinteria Columbia Avalon Alamo Banning Fresno Artesia Diablo Clayton Adelanto Bradbury Bakersfield Canyondam Bakersfield Burney Duarte Carmichael Duarte Cupertino Bloomington Ceres Auburn Farmersville Covelo Foresthill Altadena Foresthill Covelo Caruthers Bradley Arnold Campbell Crockett Calipatria Crockett Cabazon Amesti Broadmoor Cerritos Aptos Fairfield Alturas Florin Calexico Blairsden Atherton Blairsden Calexico Anderson Caribou Folsom Bayview Albany Escondido Atwater Emeryville Folsom Antioch Atascadero Bonsall Atascadero Angwin Bolinas Bellflower Carlsbad Acton
101
Acton
Adelanto Adelanto
Alameda Alameda
Alamo Alamo
Albany Albany
Alhambra Alhambra
Almanor Almanor
Alpaugh Alpaugh
Alpine Alpine
Altadena Altadena
Alturas Alturas
Amesti Amesti
Anaheim Anaheim
Anderson Anderson
Angwin Angwin
Antioch Antioch
Aptos Aptos
Arbuckle Arbuckle
Arcadia Arcadia
Arcata Arcata
Armona Armona
Arnold Arnold
Aromas Aromas
Artesia Artesia
Arvin Arvin
Ashland Ashland
Atascadero Atascadero
Atherton Atherton
Atwater Atwater
Cupertino Auberry
Auburn Auburn
August August
Avalon Avalon
Avenal Avenal
Avery Avery
Azusa Azusa
Bakersfield Bakersfield
Banning Banning
Barstow Barstow
Bayview Bayview
Beaumont Beaumont
Beckwourth Beckwourth
Belden Belden
Bell Bell
Bellflower Bellflower
Belmont Belmont
Belvedere Belvedere
Benicia Benicia
Berkeley Berkeley
Biggs Biggs
Biola Biola
Bishop Bishop
Blairsden Blairsden
Bloomington Bloomington
Bluewater Bluewater
Blythe Blythe
Bodfish Bodfish
Bolinas Bolinas
Bonita Bonita
Bonsall Bonsall
Bootjack Bootjack
Boron Boron
Boronda Boronda
Bowles Bowles
Bradbury Bradbury
Bradley Bradley
Brawley Brawley
Brea Brea
Brentwood Brentwood
Brisbane Brisbane
Broadmoor Broadmoor
Burbank Burbank
Burlingame Burlingame
Burney Burney
Buttonwillow Buttonwillow
Byron Byron
Bystrom Bystrom
Cabazon Cabazon
Calabasas Calabasas
Calexico Calexico
Calimesa Calimesa
Calipatria Calipatria
Calistoga Calistoga
Calwa Calwa
Camarillo Camarillo
Cambria Cambria
Campbell Campbell
Canyondam Canyondam
Capitola Capitola
Caribou Caribou
Carlsbad Carlsbad
Carmichael Carmichael
Carpinteria Carpinteria
Carrick Carrick
Carson Carson
Cartago Cartago
Caruthers Caruthers
Castroville Castroville
Cayucos Cayucos
Ceres Ceres
Cerritos Cerritos
