6 4 1 4 6 13 11 13 12 13 20 19 20 18 20 27 25 27 34 33 34 32 34 41 48 55 53 55 54 55 62 61 62 60 62 69 68 69 67 69 76 74 76 75 76 83 81 83 82 83 90 89 90 88 90 97 96 97 95 97 104 103 104 111 110 111 109 106 109 111 118 116 118 117 118 125 124 125 123 125 132 130 132 131 132 139 137 139 138 139 146 145 146 144 146 153 152 153 151 153 160 159 160 158 160 167 165 167 166 167 174 172 174 181 180 181 179 181 188 186 188 187 188 195 194 195 193 195 6 5 6
57
1 1
5 2
6 6
11 11
12 10 12
18 18
19 17 19
25 25 27 22
32 32
33 30 31
41 41 38 39
48 43 44 47
53 50 53
54 51
60 60 62
61 61
67 64
68 65
69 69
74 74 76
75 75
81 77
82 80 83
88 88
89 87
90 90
95 91
96 96 94
103 100 101 103
109 105
106 106
110 110
116 112 116
117 115
123 120
124 122 124
130 126
131 128 129
137 133 134
138 136
144 140
145 145 142
151 148
152 149 150
158 154 155
159 160
165 161 165
166 166
172 169 172
174 174
179 179
180 177
181 181
186 186 182
187 184
193 189 190
194 194
