Loc1 Loc100 Loc156 Loc192 Loc157 Loc103 Loc157 Loc38 Loc72 Loc46 Loc49 Loc76 Loc199 Loc14 Loc187 Loc182 Loc187 Loc99 Loc131 Loc7 Loc88 Loc18 Loc88 Loc101 Loc60 Loc174 Loc118 Loc93 Loc183 Loc22 Loc3 Loc153 Loc150 Loc8 Loc150 Loc44 Loc197 Loc58 Loc129 Loc58 Loc50 Loc98 Loc85 Loc135 Loc149 Loc135 Loc75 Loc40 Loc128 Loc91 Loc194 Loc27 Loc178 Loc147 Loc78 Loc65 Loc70 Loc23 Loc124 Loc69 Loc51 Loc193 Loc0 Loc193 Loc109 Loc155 Loc61 Loc47 Loc31 Loc47 Loc168 Loc47 Loc83 Loc47 Loc176 Loc28 Loc190 Loc134 Loc106 Loc66 Loc188 Loc56 Loc180 Loc56 Loc165 Loc160 Loc112 Loc170 Loc45 Loc62 Loc45 Loc167 Loc96 Loc186 Loc122 Loc158 Loc20 Loc158 Loc140 Loc158 Loc132 Loc4 Loc171 Loc4 Loc133 Loc164 Loc11 Loc126 Loc141 Loc126 Loc33 Loc146 Loc145 Loc191 Loc6 Loc191 Loc159 Loc36 Loc113 Loc151 Loc59 Loc151 Loc113 Loc77 Loc179 Loc52 Loc179 Loc39 Loc142 Loc107 Loc10 Loc137 Loc10 Loc67 Loc10 Loc143 Loc196 Loc13 Loc64 Loc189 Loc12 Loc5 Loc54 Loc162 Loc144 Loc162 Loc9 Loc108 Loc57 Loc108 Loc17 Loc162 Loc37 Loc162 Loc154 Loc48 Loc172 Loc30 Loc1
93
Loc0 Loc0
Loc1 Loc16
Loc3 Loc3
Loc5 Loc5
Loc6 Loc6
Loc7 Loc7
Loc8 Loc8
Loc9 Loc9
Loc11 Loc11
Loc12 Loc15
Loc13 Loc13
Loc14 Loc14
Loc17 Loc17
Loc18 Loc18
Loc165 Loc177 Loc19 Loc110
Loc20 Loc20
Loc22 Loc53
Loc23 Loc23
Loc46 Loc46
Loc146 Loc25 Loc97 Loc175
Loc27 Loc27
Loc30 Loc30
Loc31 Loc31
Loc70 Loc32 Loc95
Loc33 Loc33
Loc36 Loc74
Loc37 Loc37
Loc38 Loc38
Loc39 Loc39
Loc40 Loc111
Loc44 Loc44
Loc50 Loc50
Loc51 Loc51
Loc52 Loc52
Loc54 Loc54
Loc56 Loc195
Loc57 Loc57
Loc59 Loc59 Loc123
Loc60 Loc60
Loc61 Loc61
Loc62 Loc62
Loc64 Loc71
Loc65 Loc65
Loc67 Loc67
Loc75 Loc75
Loc76 Loc76
Loc77 Loc77
Loc83 Loc83 Loc163
Loc85 Loc85
Loc91 Loc91
Loc194 Loc94
Loc96 Loc96
Loc99 Loc99
Loc100 Loc100
Loc101 Loc101
Loc103 Loc103
Loc106 Loc106
Loc107 Loc107
Loc109 Loc109
Loc118 Loc118
Loc122 Loc122
Loc124 Loc124
Loc128 Loc128
Loc129 Loc129
Loc132 Loc132
Loc133 Loc133
Loc137 Loc137
Loc140 Loc140
Loc141 Loc141
Loc143 Loc143
Loc144 Loc144
Loc145 Loc145
Loc147 Loc147
Loc149 Loc149
Loc151 Loc151
Loc153 Loc153
Loc154 Loc154
Loc159 Loc159
Loc160 Loc160
Loc167 Loc167
Loc168 Loc168
Loc170 Loc170
Loc171 Loc171
Loc172 Loc172
Loc176 Loc176
Loc180 Loc180
Loc182 Loc182
Loc183 Loc183
Loc188 Loc188
Loc189 Loc189
Loc190 Loc190
Loc192 Loc192
Loc197 Loc197
