pace other likely comfortable likely viable atmosphere rent sunrise audience ignore shiver ignore due ignore liver tool swear coast linger dough physics linger vegetarian exile vegetarian market banana driver banana widen error interactive election lifestyle cotton dialogue home flag injury tolerate decisive greeting begin science mercy financial injection gallon coffin bitter rage bitter certain drawer chew offset enter feature demand rob excuse dip exclusive vegetarian pardon chair respect throne boom quality autonomy paper terminal forge confrontation development skeleton knot country single joint output joint illusion enemy stress enemy control enemy ask candle triple country throne structure bowel brake headline smile bleed curriculum bleed environment interface electronics swop joystick guarantee attraction railcar assume acceptance nationalist page mature native development exempt buffet pipe blonde virgin winner assignment winner virgin profound view dive coincide identity straighten pig pier bleed spoil ex teacher hospitality terms thumb terms deter note tablet imposter quadruple other pace
100
pace pace
likely likely
excuse excuse
feature feature
skeleton skeleton
environment environment
injury injury
output output
due due
page page
audience audience
profound profound
throne throne
guarantee guarantee
physics physics
exempt exempt
tablet tablet
injection injection
market market
forge forge
thumb thumb
headline headline
dough dough
exclusive exclusive
other other
assignment assignment
brake scheme
buffet buffet
autonomy autonomy
respect respect
pig pig
financial financial
interactive interactive
tool tool
rob rob
dip dip
imposter imposter
swear swear
shiver shiver
coast coast
stress stress
mature mature
chair chair
rent rent
straighten straighten
boom boom
acceptance acceptance
rage rage
comfortable comfortable
structure structure
decisive decisive
spoil spoil
dive dive
atmosphere atmosphere
attraction attraction
ask ask
smile smile
pardon pardon
knot knot
curriculum curriculum
coincide coincide
exile exile
ignore ignore
teacher teacher
drawer drawer
widen widen
terms deter
election election
country country
note note
liver liver
home home
development development
cotton cotton
error error
mercy mercy
virgin virgin
confrontation confrontation
control control
railcar railcar
electronics electronics
begin begin
identity identity
greeting greeting
viable viable
lifestyle lifestyle
enemy enemy
interface interface
offset offset
candle candle
swop swop
driver driver
pipe pipe
coffin coffin
native native
flag flag
bowel bowel
illusion illusion
triple triple
quadruple quadruple
