Abbey Alivia Alexus Ashley Aniya Aryana Jamiya Ariel Sophia Kaley Kayden Lacey Kenzie Kaydence Juliette Kiley Jimena Jaden Janiya Imani Ingrid Ciara Lainey Emma Jillian Claire Emilie Diana Dayami Dana Iyana Bryanna Carly Christine Carlie Camilla Jade Carleigh Chasity Avni Gillian Aubree Elianna Denisse Haven Carlee Alia Noelle Tara Mckinley Shyanne Rylee Taniyah Riley Zaria Parker Mya Sharon Sophie Neveah Natalee Zion Nia Mireya Kristin Leila Jazmyn Myah Keyla Madilynn Mira Matilda Kira Mckayla Kristina Lucille Lilia Lilyana Melina Maggie Laylah Jasmin Kimberly Kiana Lindsay Zara Baylee Alexia Brooklyn Arielle Abbey
90
Abbey Abbey
Alexia Alexia
Alexus Alexus
Alia Alia
Alivia Alivia
Aniya Aniya
Ariel Ariel
Arielle Arielle
Aryana Aryana
Ashley Ashley
Aubree Aubree
Avni Avni
Baylee Baylee
Brooklyn Brooklyn
Bryanna Bryanna
Camilla Camilla
Carlee Carlee
Carleigh Carleigh
Carlie Carlie
Carly Carly
Chasity Chasity
Christine Christine
Ciara Ciara
Claire Claire
Dana Dana
Dayami Dayami
Denisse Denisse
Diana Diana
Elianna Elianna
Emilie Emilie
Emma Emma
Gillian Gillian
Haven Haven
Imani Imani
Ingrid Ingrid
Iyana Iyana
Jade Jade
Jaden Jaden
Jamiya Jamiya
Janiya Janiya
Jasmin Jasmin
Jazmyn Jazmyn
Jillian Jillian
Jimena Jimena
Juliette Juliette
Kaley Kaley
Kayden Kayden
Kaydence Kaydence
Kenzie Kenzie
Keyla Keyla
Kiana Kiana
Kiley Kiley
Kimberly Kimberly
Kira Kira
Kristin Kristin
Kristina Kristina
Lacey Lacey
Lainey Lainey
Laylah Laylah
Leila Leila
Lilia Lilia
Lilyana Lilyana
Lindsay Lindsay
Lucille Lucille
Madilynn Madilynn
Maggie Maggie
Matilda Matilda
Mckayla Mckayla
Mckinley Mckinley
Melina Melina
Mira Mira
Mireya Mireya
Mya Mya
Myah Myah
Natalee Natalee
Neveah Neveah
Nia Nia
Noelle Noelle
Parker Parker
Riley Riley
Rylee Rylee
Sharon Sharon
Shyanne Shyanne
Sophia Sophia
Sophie Sophie
Taniyah Taniyah
Tara Tara
Zara Zara
Zaria Zaria
Zion Zion
