Ilesa Resplendor Great Tyoply Great Ada Krymsk GernikaLumo LonsleSaunier Jiangyan Brunswick Zeist Shagamu Bang Tupelo Memmingen WaltonontheNaze Landshut Bon An Bobigny Sillanwali Sishui Barracas Aurora Jagna Stupino Villaquilambre Palafrugell Viewpark Malden Claremont MitryMory Ponta Sirsi Itacoatiara Valletta Sceaux Hermsdorf Aleshtar Alfenas Polohy Bavly Gariadhar Bensheim Copperas Bensheim PointeClaire Liberia Paredes Calauan Shaowu Chacabuco Ramla Yingkou Ventimiglia Tharu Aistala DehiwalaMount Tupiza Valday Lodwar Puducherry American Alexandria PortVila Milledgeville Puerto Onex Tiruppuvanam Espoo Lille Marburg Palm Oberhausen Sorsogon Perth Niort Perth UlanUde Perth Clermont Perth Brzeg Kyzylorda Bensheim Campobasso Bensheim Oulmes Mexborough Meizhou Toledo Davis Talipparamba Tak Bogovinje Mouscron Uran Azrou Milagro Rhosllanerchrugog Jashpurnagar Magomeni Minas Dahlem Minas New Belper Guli Belper Skalica Belper Zaozhuang Rutland Stuttgart Aklera Foshan Ilesa
100
Bensheim Bensheim
Perth Perth
MitryMory MitryMory
Hermsdorf Hermsdorf
Calauan Calauan
Ventimiglia Ventimiglia
Valday Valday
Uran Uran
Malden Malden
Milledgeville Milledgeville
Jagna Jagna
Marburg Marburg
Polohy Polohy
Foshan Foshan
Puducherry Puducherry
Sishui Sishui
Memmingen Memmingen
Davis Davis
Alexandria Alexandria
Meizhou Meizhou
Rhosllanerchrugog Rhosllanerchrugog
Azrou Azrou
Lille Lille
Oulmes Oulmes
Tiruppuvanam Tiruppuvanam
Mexborough Mexborough
Puerto Puerto
Onex Onex
Brunswick Brunswick
Jiangyan Jiangyan
LonsleSaunier LonsleSaunier
Claremont Claremont
GernikaLumo GernikaLumo
Dahlem Dahlem
Tharu Tharu
UlanUde UlanUde
New New
Milagro Milagro
Great Great
Ada Ada
Tyoply Tyoply
Resplendor Resplendor
Ilesa Ilesa
Alfenas Alfenas
Aleshtar Aleshtar
Campobasso Campobasso
Bogovinje Bogovinje
Mouscron Mouscron
Tak Tak
Talipparamba Talipparamba
Barracas Barracas
Aurora Aurora
American American
Gariadhar Gariadhar
Bavly Bavly
Ponta Ponta
Sirsi Sirsi
Itacoatiara Itacoatiara
Guli Guli
Sceaux Sceaux
Valletta Valletta
Landshut Landshut
Bon Bon
WaltonontheNaze WaltonontheNaze
Yingkou Yingkou
Ramla Ramla
Shaowu Shaowu
Chacabuco Chacabuco
Aklera Aklera
Rutland Rutland
Zaozhuang Zaozhuang
Stuttgart Stuttgart
Viewpark Viewpark
Sillanwali Sillanwali
Bobigny Bobigny
An An
Copperas Copperas
Lodwar Lodwar
Jashpurnagar Jashpurnagar
Kyzylorda Kyzylorda
Brzeg Brzeg
Paredes Paredes
Magomeni Magomeni
Tupelo Tupelo
Bang Bang
Sorsogon Sorsogon
Shagamu Shagamu
Toledo Toledo
Skalica Skalica
Oberhausen Oberhausen
Palm Palm
PointeClaire PointeClaire
Tupiza Tupiza
DehiwalaMount DehiwalaMount
Villaquilambre Villaquilambre
Niort Niort
Stupino Stupino
PortVila PortVila
Palafrugell Palafrugell
Clermont Clermont
