0 10 20 21 31 42 51 61 70 80 90 101 102 103 104 94 95 105 114 125 124 123 122 111 110 120 130 140 150 151 152 143 133 132 142 151 161 160 170 181 182 183 184 185 186 196 197 198 199 189 178 188 187 186 175 176 167 166 165 164 153 154 155 146 147 148 158 149 139 129 118 117 127 116 107 108 98 99 89 78 77 87 96 86 76 67 68 57 48 37 38 39 29 18 9 8 17 16 6 5 4 5 15 26 35 45 54 64 73 83 82 81 71 72 73 64 53 43 33 24 23 22 12 2 1 0
100
2 2
4 4
5 5
8 8
9 9
12 12
15 15
16 16
17 17
18 18
20 20
21 21
22 22
24 24
26 26
29 29
31 31
33 33
37 37
39 39
42 42
43 43
45 45
48 48
51 51
53 53
61 61
64 64
67 67
68 68
70 70
71 71
72 72
73 73
76 76
77 77
80 80
81 81
82 82
83 83
86 86
87 87
89 89
94 94
95 95
96 96
98 98
99 99
101 101
102 102
103 103
104 104
105 105
107 107
108 108
111 111
114 114
116 116
118 118
120 120
122 122
123 123
125 125
127 127
129 129
130 130
132 132
133 133
139 139
140 140
146 146
147 147
149 149
150 150
151 151
152 152
153 153
154 154
155 155
158 158
160 160
161 161
164 164
165 165
166 166
167 167
175 175
176 176
178 178
181 181
182 182
183 183
184 184
186 186
187 187
188 188
189 189
196 196
198 198
199 199
