0 3 0 130 133 130 99 114 150 152 150 20 180 182 181 182 180 183 47 120 122 120 123 67 66 12 11 12 10 13 2 28 2 40 43 40 135 52 135 138 135 137 136 137 160 162 161 162 160 144 140 142 141 132 131 132 186 42 41 42 186 132 141 72 129 170 172 170 94 105 44 55 58 32 30 65 68 65 145 148 145 95 97 95 87 85 195 197 195 79 184 154 190 192 191 92 91 92 90 64 189 74 54 69 179 124 159 149 139 134 39 35 37 36 37 35 38 35 185 187 185 75 78 75 100 15 25 27 118 115 80 82 108 102 101 77 116 117 168 117 166 117 128 125 104 17 16 17 113 110 57 56 57 110 0
101
0
2 2
3 3
11 11
12 12
13 13
15 15
16 16
17 17
20 20
25 25
27 27
28 28
30 30
32 32
35 35
36 36
37 37
38 38
39 39
41 41
42 42
43 43
44 44
47 47
52 52
54 54
55 55
56 56
57 57
58 58
64 64
65 65
66 66
67 67
68 68
69 69
72 72
74 74
78 78
79 79
82 82
87 87
91 91
92 92
94 94
95 95
97 97
99 99
100 100
101 101
102 102
104 104
105 105
108 108
110 110
113 113
114 114
116 116
118 118
120 120
122 122
123 123
124 124
125 125
128 128
129 129
131 131
132 132
133 133
134 134
135 135
136 136
138 138
139 139
141 141
142 142
144 144
145 145
148 148
149 149
152 152
154 154
159 159
160 160
161 161
166 166
168 168
172 172
179 179
180 180
181 181
182 182
183 183
184 184
186 186
187 187
189 189
192 192
195 195
197 197
