99 176 102 58 149 154 122 48 26 199 39 199 42 74 166 84 160 120 171 177 0 162 53 37 180 37 190 16 17 16 97 43 66 43 56 96 132 96 157 172 157 119 196 88 76 161 139 33 139 12 1 19 184 95 183 95 24 194 168 86 2 192 71 112 71 80 62 73 62 108 106 159 131 105 92 52 28 129 8 47 2 40 2 63 85 174 85 127 85 186 137 150 137 185 45 41 45 111 7 18 153 20 138 170 113 114 113 148 113 124 113 30 113 59 64 165 191 21 5 182 68 187 117 116 27 46 55 144 169 104 130 104 31 82 69 25 69 93 94 107 163 107 9 81 158 81 100 49 123 49 126 118 4 118 142 156 70 175 15 175 188 34 32 152 90 152 98 36 155 110 151 6 75 79 178 14 35 176 99
95
0 0
1 1
4 4
5 5
8 8
9 9
49 10 125
12 12
129 61
15 15
17 17
18 18
20 20
21 78
52 167 22 103
24 24
25 25
26 26
27 27
28 28
30 30
33 33
34 34
35 35
39 39
40 40
41 41
42 42
47 47
113 51
53 53
55 55
56 56
59 59
62 164
63 63
66 66
68 68
69 83 173
70 70
73 73
75 75
80 80
82 82
86 146 181
88 88
90 90
92 92
94 94
97 97
98 98
99 99
100 100
102 102
106 106
111 111
112 112
114 114
117 117
119 119
122 122
123 123
124 124
126 126
127 127
130 130
131 131
132 132
142 142
148 148
149 149
150 150
151 151
155 155
158 158
160 160
161 161
163 163
165 165
166 166
168 168
169 169
170 170
171 171
172 172
174 174
178 178
180 180
183 183
184 184
185 185
186 186
188 188
190 190
192 192
