htb26qt 59yzvtv l8yypbh ht1efrhmh itrx5fucdq 6k7du hwu8dv9jgknbm pwqxinlzb3s i6lsw66h pmyqr 4w6uhigzl gd5ct4 t4iedm ysiw8m4l yg6hizqty kxhc6t8tu 8m3pascg uzsjpl5f5 dt4ljfgjkizpq ozag34bm9 9lvbrlgk k3qywmpr wqkqf hq5mh8mi vrem3ey3kg44 obabms ml5lp1nmef q42s9z886w5 aplkk57cpzm 7hz6j8 yr44oj2 dlkmpx x73l73jp hyc885fvjls fej54ps5j 8jea4n4ez ynuam4f8 1161ildqnj piawzpgtzz9 7pbkkbbpw grn3uqx9y h1gz5hzz yhp7wbv9 zjh83ae nd9xavj zou7sx9w 5stwoup art44ncra 37v6d vl6czuab 3khitn6 iffsi a5u8g4sej yx6dguko p9mtts og6n7bgq8h nm7ud 1jhmm8m85 e7lxs f92ere3 tjwldi euhqqqmdpe ushjdkdhm9 6u4sf1gi 8gc7dka8lfy txlltgki vqthskq y3eg7gqq6 9egqgrh7x4e kwtb3cg g2g6fxcwr2l yhvc7zg pt2n7hl tu8xxomxhi hc2hf5t8 mucolb1r ay5sahonq84 mw8g2qjo1 1ca2x2cnc ic2r4blmm9 ilaz9q 812l47wm 4ka6l1c8w 9oii82xaa 52a3fj2zh 87jxa htb26qt
85
wqkqf wqkqf
txlltgki txlltgki
ozag34bm9 ozag34bm9
l8yypbh l8yypbh
ushjdkdhm9 ushjdkdhm9
yhp7wbv9 yhp7wbv9
y3eg7gqq6 y3eg7gqq6
7hz6j8 7hz6j8
itrx5fucdq itrx5fucdq
og6n7bgq8h og6n7bgq8h
6k7du 6k7du
yg6hizqty yg6hizqty
7pbkkbbpw 7pbkkbbpw
ynuam4f8 ynuam4f8
4ka6l1c8w 4ka6l1c8w
tu8xxomxhi tu8xxomxhi
9oii82xaa 9oii82xaa
812l47wm 812l47wm
hwu8dv9jgknbm hwu8dv9jgknbm
pt2n7hl pt2n7hl
kxhc6t8tu kxhc6t8tu
aplkk57cpzm aplkk57cpzm
vqthskq s9vu9xx884
i6lsw66h i6lsw66h
9egqgrh7x4e 9egqgrh7x4e
mucolb1r mucolb1r
zjh83ae zjh83ae
8m3pascg 8m3pascg
obabms obabms
h1gz5hzz h1gz5hzz
vl6czuab vl6czuab
ay5sahonq84 ay5sahonq84
uzsjpl5f5 uzsjpl5f5
ic2r4blmm9 ic2r4blmm9
dt4ljfgjkizpq dt4ljfgjkizpq
x73l73jp x73l73jp
k3qywmpr k3qywmpr
q42s9z886w5 q42s9z886w5
art44ncra art44ncra
1161ildqnj 1161ildqnj
yr44oj2 yr44oj2
yx6dguko yx6dguko
f92ere3 f92ere3
pwqxinlzb3s pwqxinlzb3s
grn3uqx9y grn3uqx9y
hc2hf5t8 hc2hf5t8
1ca2x2cnc 1ca2x2cnc
8jea4n4ez 8jea4n4ez
87jxa 87jxa
4w6uhigzl 4w6uhigzl
ilaz9q ilaz9q
37v6d 37v6d
hyc885fvjls hyc885fvjls
hq5mh8mi hq5mh8mi
piawzpgtzz9 piawzpgtzz9
8gc7dka8lfy 8gc7dka8lfy
a5u8g4sej a5u8g4sej
t4iedm t4iedm
59yzvtv 59yzvtv
yhvc7zg yhvc7zg
iffsi iffsi
zou7sx9w zou7sx9w
tjwldi tjwldi
9lvbrlgk 9lvbrlgk
p9mtts p9mtts
g2g6fxcwr2l g2g6fxcwr2l
5stwoup 5stwoup
nd9xavj nd9xavj
htb26qt
nm7ud nm7ud
pmyqr pmyqr
6u4sf1gi 6u4sf1gi
euhqqqmdpe euhqqqmdpe
dlkmpx dlkmpx
ht1efrhmh ht1efrhmh
1jhmm8m85 1jhmm8m85
gd5ct4 gd5ct4
mw8g2qjo1 mw8g2qjo1
kwtb3cg kwtb3cg
ysiw8m4l ysiw8m4l
e7lxs e7lxs
vrem3ey3kg44 vrem3ey3kg44
52a3fj2zh 52a3fj2zh
fej54ps5j fej54ps5j
3khitn6 3khitn6
