0 1 4 10 21 44 90 44 89 44 21 43 87 175 87 176 87 43 21 10 22 46 93 188 93 46 94 190 94 46 22 45 92 45 91 184 91 45 22 10 4 9 20 41 83 41 84 170 84 41 20 42 85 42 20 9 19 40 81 163 81 40 82 40 19 39 79 39 80 39 19 9 4 1 3 7 16 33 16 34 70 34 69 34 16 7 15 32 66 32 65 132 65 32 15 31 64 129 64 31 15 7 3 8 17 36 73 36 17 35 72 146 72 35 71 143 71 35 17 8 18 37 75 37 76 37 18 38 78 158 78 38 18 8 3 1 0 2 5 12 26 54 26 53 26 12 25 51 103 51 25 12 5 11 23 48 23 47 96 47 95 47 23 11 24 49 24 50 101 50 102 50 24 11 5 2 6 14 30 62 125 62 30 14 29 59 119 59 29 14 6 13 28 57 28 58 28 13 27 55 27 56 27 13 6 2 0
55
0
22 187 183
5 105 106
29 120 121 122
17 144 145 149 150
31 128 130 131 127
38 155 156 157
40 164
20 169 173 174
43 177 178
55 112 111
57 115 116
30 123 124 126
33 136 137 138 135
69 139 140
75 152 151
80 161 162
89 179 180
48 195 196 197 198
49 100 199
51 104
53 107 108
54 109 110
56 113 114
58 117 118
66 133 134
70 141 142
73 147 148
76 153 154
79 160 159
82 165 166
83 168 167
85 171 172
90 181 182
92 185 186
94 189
95 192 191
96 193 194
101 101
102 102
103 103
119 119
125 125
129 129
132 132
143 143
146 146
158 158
163 163
170 170
175 175
176 176
184 184
188 188
190 190
