Liam Evan Jude Jace Jude Zachary Hunter Isaiah Hunter Thomas Emmett Xavier Ryan Nolan Logan Nolan Elijah Adrian Elijah Nolan Miles Luke Finn Jacob Finn Kevin Nathan Connor Jasper Elliot Grayson Alexander Grayson Elliot Brody David Aaron Michael Aaron Chase Greyson Eric Samuel Eric Messiah Zion Rhett Zion Messiah John Matthew John Messiah Weston Jaxson Angel Anthony Maxwell Dean Beau William Landon Bennett Hayden Austin Rowan Theodore Jude Joseph Robert Giovanni Abraham Kaleb Elias Kaleb Santiago Carter Elliott Caleb Cameron Gabriel Victor Dominic Joel Dylan Lincoln Dylan Andrew Oliver Patrick Easton Richard Aiden Richard Preston Jonathan Brayden Asher Brayden Brantley Ethan Brantley Kai Christopher Kai Carson Kai Justin Josiah Julian Matteo Jameson Benjamin Jaxon Benjamin Jameson Hudson Jameson Daniel Nicholas Silas Braxton Jackson Ezra Ezekiel Jeremiah Ezekiel Maddox Xander Oscar Levi Oscar Dawson Alejandro Ian Alejandro Dawson Tucker Charles Tucker Colton Adam Malachi Bryson Leo Bryson Malachi Edward Sebastian Edward Wyatt Gael Dawson Marcus Tyler Eli Sawyer Steven James Isaac Kaleb Antonio Owen Antonio Grant Cooper Grant Max Jayden Bentley Camden Noah Lucas Joshua Jack Jordan Liam
81
Liam Liam Jordan
Noah Noah Maverick
William William
James James
Logan Logan
Benjamin Benjamin
Charles Charles Mason
Elijah Elijah
Oliver Oliver
Jacob Jacob
Lucas Lucas Joshua
Michael Michael
Alexander Alexander
Ethan Ethan
Daniel Daniel
Matthew Matthew
Aiden Aiden Mateo Easton
Malachi Henry Adam
Joseph Joseph
Jackson Jackson
Samuel Samuel
Sebastian Sebastian
David David
Carter Carter
Wyatt Wyatt
Jayden Jayden
John John
Owen Owen
Dylan Dylan
Luke Luke
Gabriel Gabriel
Anthony Anthony
Isaac Isaac
Grayson Grayson
Jack Jack
Julian Julian
Levi Levi
Christopher Christopher
Andrew Andrew
Lincoln Lincoln
Ryan Ryan
Jaxon Jaxon
Nathan Nathan
Aaron Aaron
Isaiah Isaiah
Thomas Thomas
Caleb Caleb
Josiah Josiah
Rhett Christian
Hunter Hunter
Eli Eli
Jonathan Jonathan
Connor Connor
Landon Landon
Adrian Adrian
Asher Asher
Cameron Cameron
Leo Leo
Theodore Theodore
Jeremiah Ezekiel Jeremiah
Hudson Hudson
Robert Robert
Nolan Nolan
Nicholas Nicholas
Ezra Jose Ezra
Colton Colton
Angel Angel
Brayden Brayden
Dominic Dominic
Austin Austin
Ian Ian
Elias Elias
Jaxson Jaxson
Greyson Greyson
Carson Carson
Evan Evan
Bryson Bryson
Jace Jace
Cooper Cooper
Xavier Xavier
Marcus Parker
