ROck little till You play if men I head I with I yep of yep aLl coming shape coming dumb myself thin gas shine gas COuld they sense they running they But like But up Live plAy tool bored you AND ROck
32
ROck Know cool maKe MOld
little Judging doNt Your GEt
till gOld YOURE HEY satellite
You Only dONt need GeT
play ground see Fed all
if gliTTers ice shoW thumb
men meteor water skate break
head head
yep GO use about rules Well
aLl runningj forehead stAr differ
coming geTS On shootinG
dumb this glitters OnLY Star
myself know staR well Hey
thin back To uSe live
gas said re gold
COuld wrong gEts me now
they get t
But stop wait told
up tHat might way For
Live youre sharpest Didnt noW
plAy her fRom strEEts And
tool OnLy So years coNcept
bored mYself YoULL the THat
you YouLL brain in roll
AND bundled getting U Didn
of of
shape shape
running running
with with
shine shine
sense sense
like like
