1 66 71 57 12 23 60 3 53 36 121 49 37 46 90 56 99 43 186 176 174 86 13 138 128 130 199 132 127 110 147 95 116 157 83 64 92 103 119 153 31 42 14 7 162 185 175 101 193 161 156 163 152 129 182 194 140 108 15 58 26 18 89 52 88 93 91 51 142 137 115 136 98 96 159 105 78 82 190 1
79
1
3 3
7 7
12 12
13 13
14 14
15 15
18 18
23 23
26 26
31 31
36 36
37 84
42 42
43 43
46 46
49 49
51 51
52 52
53 53
56 56
57 57
58 58
60 60
64 64
66 66
71 71
78 78
82 82
83 83
86 86
88 88
89 89
90 90
91 91
92 92
93 93
95 95
96 96
98 98
99 99
101 101
103 103
105 105
108 108
110 110
115 115
116 116
119 119
121 121
127 127
128 128
129 129
130 130
132 132
136 136
137 137
138 138
140 140
142 142
147 147
152 152
153 153
156 156
157 157
159 159
161 161
162 162
163 163
174 174
175 175
176 176
182 182
185 185
186 186
190 190
193 193
194 194
199 199
