55 91 48 115 63 106 158 29 113 114 28 172 28 76 67 9 44 8 53 127 54 97 40 42 62 179 122 15 135 15 13 61 16 4 71 189 111 137 83 33 186 159 59 119 152 30 126 164 27 170 160 136 124 105 134 116 32 150 49 41 148 109 175 74 107 69 77 78 153 184 163 10 133 58 166 140 43 66 88 26 147 181 146 90 56 85 75 185 131 89 149 171 125 80 86 188 128 81 118 14 36 14 17 168 11 161 20 151 45 12 162 177 173 101 182 57 55
97
8 8
9 9
11 11
12 12
13 13
15 15
16 16
17 17
20 20
26 26
27 27
29 29
30 30
32 32
33 33
36 36
40 40
41 41
42 42
43 43
45 45
48 48
49 49
53 53
54 54
55
56 56
57 57
58 58
59 59
61 61
62 62
63 63
66 66
67 67
71 71
74 74
76 76
77 77
78 78
80 80
81 81
83 83
85 85
86 86
88 88
90 90
91 91
97 97
101 101
105 105
106 106
107 107
109 109
111 111
113 113
114 114
115 115
116 116
118 118
119 119
122 122
126 126
131 131
133 133
134 134
135 135
137 137
140 140
146 146
148 148
149 149
150 150
151 151
152 152
153 153
158 158
159 159
160 160
162 162
163 163
166 166
168 168
170 170
171 171
172 172
173 173
175 175
177 177
179 179
181 181
182 182
184 184
185 185
186 186
188 188
189 189
