IIII1I1 IIIllll 11I1Ill 11I1lll 1lIIl11 II111I1 11IIl1I IIII1ll III1lII l1IlIII llI1IlI IlllI11 lIIIllI 1IlII1I I1I11I1 lIlllll IIIlI1l IIlIIII 11lI11I l1IlIl1 lII1lll lI11l1l 1lI11l1 1IIlIIl lll1lII lII1I11 lll1lII I1I111I IIlIlI1 IIllIl1 I1I1111 IIII1I1
24
lll1lII I11IIlI
11I1Ill 11I1Ill
IIII1ll 11IIl1I IIII1ll
lI11l1l lI11l1l
IIIlI1l lI1l1II
III1lII III1lII
IIllIl1 IIllIl1
1IlII1I 1IlII1I
lIlllll lIlllll
l1IlIII l1IlIII
1lI11l1 1lI11l1
11I1lll 11I1lll
llI1IlI IlllI11
lIIIllI lIIIllI
IIII1I1 II1I1Il
IIlIIII IIlIIII
l1IlIl1 l1IlIl1
I1I111I I1I111I
I1I1111 I1I1111
11lI11I 11lI11I
II111I1 II111I1
IIlIlI1 IIlIlI1
lII1I11 lII1I11
1IIlIIl 1IIlIIl
