50 102 50 162 50 187 50 9 50 133 50 129 50 126 50 148 50 115 50 180 50 38 50 169 50 118 50 185 50 71 50 120 50 57 50 136 50 49 50 197 50 18 50 121 50 111 50 76 50 138 50 182 50 157 50 41 50 127 50 128 50 134 50 142 50 14 50 86 50 10 50 156 50 186 50 4 50 69 50 56 50 47 50 99 50 153 50 179 50 92 50 108 50 13 50 54 50 139 50 7 50 195 50 101 50 110 50 96 50 29 50 124 50 36 50 44 50 81 50 107 50 1 50 25 50 198 50 176 50 31 50 141 50 170 50 147 50 85 50 78 50 30 50 82 50 77 50 143 50 146 50 112 50 117 50 123 50 51 50 55 50 109 62 109 84 109 50 0 50
84
0 0
1 1
50 161 164 40 172 144 177 80 83 113 53 181 23 88 89 125 27 61
4 4
7 7
9 9
10 10
13 13
14 14
18 18
25 25
29 29
30 30
31 31
36 36
38 38
41 41
44 44
47 47
49 49
51 51
54 54
55 55
56 56
57 57
62 62
69 69
71 71
76 76
77 77
78 78
81 81
82 82
84 84
85 85
86 86
92 92
96 96
99 99
101 101
102 102
107 107
108 108
110 110
111 111
112 112
115 115
117 117
118 118
120 120
121 121
123 123
124 124
126 126
127 127
128 128
129 129
133 133
134 134
136 136
138 138
139 139
141 141
142 142
143 143
146 146
147 147
148 148
153 153
156 156
157 157
162 162
169 169
170 170
176 176
179 179
180 180
182 182
185 185
186 186
187 187
195 195
197 197
198 198
