Soda loc3 loc64 loc199 loc179 loc45 loc92 loc57 loc157 loc59 loc20 loc40 loc137 loc75 loc92 loc151 loc104 loc163 loc42 loc171 loc154 loc163 loc104 loc129 loc17 loc23 loc74 loc13 loc34 loc14 loc118 loc34 loc32 loc34 loc84 loc34 loc138 loc34 loc94 loc83 loc50 loc43 loc27 loc131 loc55 loc194 loc35 loc134 loc99 loc9 loc99 loc115 loc101 loc164 loc47 loc87 loc192 loc170 loc196 loc142 loc185 loc196 loc51 loc196 loc61 loc196 loc52 loc126 loc68 loc60 loc183 loc22 loc100 loc95 loc89 loc8 loc15 loc180 loc10 loc147 loc38 loc193 loc114 loc111 loc112 loc128 loc31 loc24 loc198 loc166 loc109 loc166 loc198 loc39 loc136 loc30 loc111 loc122 loc77 loc173 loc107 loc173 loc77 loc41 loc141 loc102 loc37 loc181 loc26 loc188 loc26 loc27 loc43 loc65 loc82 loc184 loc90 loc179 loc53 loc140 loc25 loc106 loc36 loc145 loc36 loc106 Soda
69
Soda Soda
loc3 loc3
loc145 loc145 loc172 loc156 loc6
loc142 loc142 loc7
loc8 loc8
loc9 loc9
loc10 loc10
loc30 loc11 loc30 loc39
loc13 loc13
loc14 loc88 loc121 loc14
loc15 loc15 loc79
loc17 loc17
loc20 loc20
loc22 loc22
loc23 loc74 loc23
loc24 loc24
loc53 loc25 loc58 loc53
loc26 loc26
loc109 loc28 loc109
loc112 loc128
loc32 loc32 loc189
loc34 loc34
loc35 loc35
loc36 loc106 loc36
loc37 loc37 loc181
loc38 loc38
loc75 loc40 loc137 loc75 loc72
loc41 loc41 loc77
loc42 loc42
loc45 loc45
loc50 loc50
loc51 loc51 loc155 loc103
loc55 loc55
loc157 loc57 loc59 loc157
loc61 loc61
loc199 loc64 loc80 loc199
loc65 loc65
loc82 loc82
loc83 loc83
loc84 loc97 loc84 loc167
loc87 loc192
loc90 loc90
loc94 loc94
loc95 loc95
loc100 loc100 loc165
loc101 loc101
loc107 loc146 loc107 loc173
loc111 loc111
loc114 loc114
loc118 loc118
loc122 loc122
loc126 loc126
loc131 loc131
loc136 loc136
loc138 loc138
loc140 loc140
loc141 loc141
loc147 loc147
loc151 loc151
loc154 loc154
loc163 loc163
loc170 loc170
loc171 loc171
loc180 loc180
loc183 loc183
loc185 loc185
loc188 loc188
loc193 loc193
loc194 loc194
