Soda loc43 loc35 loc30 loc35 loc43 loc38 loc16 loc45 loc9 loc11 loc29 loc5 loc31 loc10 loc3 loc20 loc3 loc46 loc6 loc2 loc7 loc4 loc1 loc25 loc1 loc19 loc8 loc13 loc23 loc42 loc23 loc13 loc11 loc2 loc22 loc41 loc15 loc37 loc39 loc16 loc38 loc43 loc12 loc43 loc17 Soda
24
Soda
loc11 loc1 loc11
loc2 loc2
loc3 loc3
loc4 loc4
loc5 loc5
loc8 loc8
loc9 loc9
loc10 loc10
loc12 loc12
loc15 loc15 loc14
loc16 loc16
loc17 loc17
loc19 loc19
loc20 loc20
loc22 loc22
loc25 loc25
loc29 loc29
loc30 loc30
loc31 loc31
loc35 loc48
loc42 loc42
loc45 loc45
loc46 loc46
