81 115 8 125 179 195 69 77 53 92 52 27 127 86 178 197 80 12 18 141 180 198 154 123 96 58 24 14 182 33 71 109 124 78 34 48 88 188 23 100 85 20 59 64 117 150 196 191 200 93 121 152 108 16 36 89 145 17 70 138 41 162 74 90 103 156 165 49 87 95 153 56 65 42 132 97 170 126 167 107 9 43 158 46 45 135 184 57 130 199 183 84 76 164 35 1 159 81
97
1 1
8 8
9 9
12 12
14 14
16 16
17 17
18 18
20 20
23 23
24 24
27 27
33 33
34 34
35 35
36 36 189
41 41
42 42
43 43
45 45
46 46
48 48
49 49
52 52
53 53
56 56
57 57
58 58
59 59
64 64
65 65
69 69
70 70
71 71
74 74
76 76
77 77
78 78 166
80 80
81 81
84 84
85 85
86 86
87 87
88 88
89 89
90 90
92 92
93 93
95 95
96 96
97 97
100 100
103 103
107 107
108 108
109 109
115 161 115
117 117
121 121
123 123
124 124
125 125
126 126
127 127
130 130
132 132
135 135
138 138
141 141
145 145
150 150
152 152
153 153
154 154
156 156
158 158
159 159
162 162
164 164
165 165
167 167
170 170
178 178
179 179
180 180
182 182
183 183
184 184
188 188
191 191
195 195
196 196
197 197
198 198
199 199
200 200
