destitute Loomis Rio Darwin ripe papal septillion transpiration septillion creekside Hewlett decor swordfish Vega Andersen Halstead embassy Dominican Bleeker minion amateur slowdown schedule connubial Fisk anvil tate diligent swingy midget balustrade Isfahan MN Hindi Gilmore funny fatten trill yogurt Elizabethan combine extractor mediate bobble McCall shroud choice stanza Injun illusion bifurcate Modesto Auberge jewel namesake destitute
51
Andersen Andersen
Auberge Auberge
Bleeker Bleeker
Darwin Darwin
Dominican Dominican
Elizabethan Elizabethan
Fisk Fisk
Gilmore Gilmore
Halstead Halstead
Hewlett Hewlett
Hindi Hindi
Injun Injun
Isfahan Isfahan
Loomis Loomis
MN MN
McCall McCall
Modesto Modesto
Rio Rio
Vega Vega
amateur amateur
anvil anvil
balustrade balustrade
bobble bobble
choice choice
connubial connubial
creekside creekside
decor decor
destitute
diligent diligent
embassy embassy
extractor extractor
fatten fatten
funny funny
illusion illusion
jewel jewel
mediate mediate
midget midget
minion minion
papal papal
ripe ripe
schedule schedule
septillion septillion
shroud shroud
slowdown slowdown
stanza stanza
swingy swingy
swordfish swordfish
tate tate
transpiration transpiration
trill trill
yogurt yogurt
