woebegone switchmen funny wingspread shovel choice lexicon Vega lexicon slowdown involuntary backplate relaxation Irvin mack Zorn December Hewlett Durango sinh monotonous dreadnought monotonous MN casserole felony tate felony babysat balustrade whatsoever Sunday PDP Stephen simulate Stephen cowhand Andersen extrovert Tucson deduce Curtis sphalerite noon inform millennium funky swordfish Modesto stanza administer trill fulsome embroil papal archive swingy Fisk mediate Auberge car softball anvil connubial Winchester bat directory numerology diligent McCall septillion oriole bunch midstream Amtrak creekside bowman yearn barnacle broil thirteen catenate Darwin Elizabethan Simon yogurt trimester illusion trimester postscript bifurcate update icon torus coarse atom transonic encumbrance woebegone
81
Amtrak Wheller
Andersen Andersen
Auberge Auberge Rodney
Curtis Curtis
Darwin Darwin
December December
Durango Reilly Durango
Elizabethan Goodrich
Winchester Winchester
Fisk Fisk
switchmen funny Gilmore imperishable
Hewlett Hewlett
Irvin Irvin
felony felony equipping thoroughfare Isfahan
MN exothermic
McCall McCall
Modesto Modesto
PDP limitate PDP
Simon Simon
Stephen Stephen
Sunday Sunday silage
Tucson Tucson
Vega Vega
Zorn Zorn
administer administer
anvil anvil
archive archive dull
babysat babysat
backplate backplate
barnacle barnacle
bat bat
bifurcate bifurcate
broil broil
bunch bunch
car car
casserole renaissance casserole
catenate catenate
choice choice
coarse coarse
involuntary involuntary mitre spill
connubial connubial
cowhand explosion
deduce deduce
diligent diligent
directory directory
dreadnought monotonous dreadnought
embroil embroil
woebegone
extrovert extrovert
fulsome fulsome
funky funky
illusion griddle trimester illusion transfuse
icon icon
inform millennium inform secondary
mack mack
mediate mediate
midstream midstream
numerology numerology viscous
noon noon
oriole oriole
papal papal
postscript postscript
relaxation relaxation
septillion septillion
shovel shovel
simulate simulate
sinh sinh
slowdown slowdown
softball softball
sphalerite sphalerite
stanza stanza
swingy swingy
swordfish swordfish
tate tate
thirteen thirteen
transonic transonic
update update
whatsoever whatsoever
wingspread wingspread
yearn yearn
yogurt yogurt
