Chattanooga Cleveland SanAntonio Memphis Oxnard Tacoma Huntsville Fremont Honolulu SanFrancisco ElkGrove McAllen ElkGrove Savannah FortLauderdale Indianapolis Riverside Scottsdale Tempe Scottsdale OverlandPark Surprise Carrollton Wichita Fayetteville Richmond Fayetteville FortWorth VirginiaBeach Glendale SanJose Jacksonville Killeen SantaAna NewOrleans Newark RanchoCucamonga Akron Hayward SantaClarita NewYork Syracuse Irvine Norfolk Raleigh Norfolk SaintPaul Washington Chandler PortStLucie Vancouver Austin Vancouver Detroit BatonRouge Bakersfield Oceanside CapeCoral LittleRock Shreveport LittleRock Phoenix Anchorage Midland Mobile Olathe Mobile GrandPrairie Hollywood Louisville Lubbock Corona Fresno Worcester Fresno GrandRapids Fresno Plano Yonkers Durham MorenoValley Tallahassee Buffalo Pomona Fontana Tucson SanBernardino Boise SanBernardino Joliet Madison Lincoln Madison Denton Lexington Baltimore Aurora Orange Frisco KansasCity Jackson Brownsville Boston Salem Ontario GardenGrove Salinas Murfreesboro Charlotte SanDiego Arlington ChulaVista Anaheim MorenoValley Henderson Toledo Atlanta Chicago Naperville Orlando Albuquerque LosAngeles Albuquerque Waco Albuquerque Cincinnati Paterson Cincinnati DesMoines NewportNews Alexandria Spokane Springfield Berkeley Knoxville ElPaso Chattanooga
101
NewYork NewYork
LosAngeles LosAngeles
Chicago Chicago
Phoenix Phoenix
SanAntonio SanAntonio
SanDiego SanDiego
SanJose SanJose
Austin Austin
Jacksonville Jacksonville
FortWorth FortWorth
SanFrancisco SanFrancisco
Charlotte Charlotte
Indianapolis Indianapolis
Washington Washington
Boston Boston
ElPaso ElPaso
Memphis Memphis
Louisville Louisville
Baltimore Baltimore
KansasCity KansasCity
Raleigh Raleigh
Wichita Wichita
Cleveland Cleveland
Bakersfield Bakersfield
Aurora Aurora
Anaheim Anaheim
Honolulu Honolulu
SantaAna SantaAna
Riverside Riverside
Lexington Lexington
Henderson Henderson
SaintPaul SaintPaul
Cincinnati Cincinnati
Anchorage Anchorage
Plano Plano
Lincoln Lincoln
Orlando Orlando
Irvine Irvine
Newark Newark
Toledo Toledo
Durham Durham
ChulaVista ChulaVista
Madison Madison
Buffalo Buffalo
Lubbock Lubbock
Scottsdale Scottsdale
Glendale Glendale
Fremont Fremont
Boise Boise
Richmond Richmond
BatonRouge BatonRouge
Spokane Spokane
DesMoines DesMoines
Tacoma Tacoma
SanBernardino SanBernardino
Fontana Fontana
SantaClarita SantaClarita
Oxnard Oxnard
Fayetteville Fayetteville
GrandRapids GrandRapids
Yonkers Yonkers
Akron Akron
LittleRock LittleRock
PortStLucie PortStLucie
GrandPrairie GrandPrairie
Tallahassee Tallahassee
Tempe Tempe
CapeCoral CapeCoral
Shreveport Shreveport
Frisco Frisco
Knoxville Knoxville
Worcester Worcester
Brownsville Brownsville
Vancouver Vancouver
FortLauderdale FortLauderdale
Ontario Ontario
Chattanooga
NewportNews NewportNews
Oceanside Oceanside
Salem Salem
GardenGrove GardenGrove
Corona Corona
Springfield Springfield
Jackson Jackson
Alexandria Alexandria
Hayward Hayward
Pomona Pomona
Naperville Naperville
Joliet Joliet
Savannah Savannah
Paterson Paterson
McAllen McAllen
Syracuse Syracuse
Midland Midland
Berkeley Berkeley
Murfreesboro Murfreesboro
Olathe Olathe
Orange Orange
Denton Denton
Waco Waco
Surprise Surprise
