0 23 88 7 50 34 55 90 84 76 15 64 48 139 63 46 24 6 9 83 2 31 97 59 32 41 5 75 74 21 93 21 154 80 43 69 1 58 56 14 78 36 77 150 68 140 86 66 145 16 47 22 51 13 182 70 25 57 4 60 54 49 54 92 128 35 37 85 44 134 62 12 53 20 81 89 29 82 99 27 96 67 39 94 71 10 198 87 18 11 26 79 17 8 30 72 194 61 28 38 42 45 65 98 91 73 0
95
0 0
1 1
2 2
154 80 3
4 4
5 5
6 6
7 7
8 8
9 9 52
10 10
11 11
12 12
13 13
14 14
15 33 15
16 16
17 17
18 18
128 19
20 20
21 21
22 22
23 23
24 24
25 25
26 26
27 27
28 28
29 29
30 30
31 31
32 32
34 34
35 35
36 36
37 37
38 38
39 39
83 40 83
41 41
42 42
43 43
44 44
45 45
46 46
47 47
48 48
49 49
50 50
51 51
53 53
54 54
55 55
56 56
57 57
58 58
59 59
60 60
61 61
62 62
63 63
64 64
65 65
66 66
67 67
68 68
69 69
70 70
71 71
72 72
73 73
74 74
75 75
76 76
150 77
78 78
79 79
81 81
82 82
84 84
85 85
86 86
87 87 95
88 88
89 89
90 90
91 91
92 92
93 93
94 94
96 96
97 97
98 98
99 99
