fab8g 4GEPG yM9nQ HaHFT Bw1D7 F7m3U nScgp o4F0A Vjk2Z lJJK2 gwQSf cm8oa wiGnS RhMSo KWmhW BWyM2 sF84c Nbb6U cDkiZ PpZP8 iy8Ty kCdcu bD2TR wKKkJ BJ1iC RnwlC qchZ3 c17Qf TQZik KzS0e G944F uQK8T b4E7v lcarA 015ql CT8M8 Q0oXi tEdSo lJfgZ KB016 VIl39 LBzlR 8xyrX fr0Bd HKgVO 1SvIs 2Z0oU 1xx4U adW6k fhc2k L54Jg tQXF5 FW6DI n9AEE 1OpM2 0YoJb XDGuI 7J90B O1QPI TtUXd AGorf P5ucv 4b2sA obqW1 8tK4L dAx9s aiycm guI5B BybTG GHmnJ 4ORRk eDWES x8KLa 1pNjr pesnn 8PY0r 9u8oD l0HDP nRTkO 5Ix1v DHhK9 Lqz0g rzyrR H6HgM g1WJz 3XMfZ f5Qx2 Gt2w1 mgHYN RgC1Q 9ZatH VUKiE B3NSd cQMFl 3FUsL bepE0 G91ym Flgse ZlgGe ciJ7c fab8g
100
H6HgM H6HgM
f5Qx2 f5Qx2
VUKiE VUKiE
rzyrR rzyrR
cQMFl cQMFl
Gt2w1 Gt2w1
g1WJz g1WJz
RgC1Q RgC1Q
3XMfZ 3XMfZ
9ZatH 9ZatH
Lqz0g Lqz0g
bepE0 bepE0
B3NSd B3NSd
G91ym G91ym
mgHYN mgHYN
4GEPG 4GEPG
3FUsL 3FUsL
ZlgGe ZlgGe
fab8g fab8g
Flgse Flgse
ciJ7c ciJ7c
yM9nQ yM9nQ
HaHFT HaHFT
F7m3U F7m3U
Bw1D7 Bw1D7
Vjk2Z Vjk2Z
o4F0A o4F0A
sF84c sF84c
nScgp nScgp
cm8oa cm8oa
cDkiZ cDkiZ
lJJK2 lJJK2
KWmhW KWmhW
wiGnS wiGnS
RhMSo RhMSo
BJ1iC BJ1iC
Nbb6U Nbb6U
BWyM2 BWyM2
qchZ3 qchZ3
kCdcu kCdcu
RnwlC RnwlC
TQZik TQZik
wKKkJ wKKkJ
bD2TR bD2TR
c17Qf c17Qf
uQK8T uQK8T
KzS0e KzS0e
G944F G944F
PpZP8 PpZP8
gwQSf gwQSf
b4E7v b4E7v
iy8Ty iy8Ty
Q0oXi Q0oXi
lJfgZ lJfgZ
2Z0oU 2Z0oU
CT8M8 CT8M8
lcarA lcarA
KB016 KB016
015ql 015ql
tEdSo tEdSo
1xx4U 1xx4U
VIl39 VIl39
1SvIs 1SvIs
fhc2k fhc2k
LBzlR LBzlR
fr0Bd fr0Bd
8xyrX 8xyrX
adW6k adW6k
L54Jg L54Jg
HKgVO HKgVO
FW6DI FW6DI
1OpM2 1OpM2
n9AEE n9AEE
XDGuI XDGuI
AGorf AGorf
4b2sA 4b2sA
O1QPI O1QPI
tQXF5 tQXF5
dAx9s dAx9s
4ORRk 4ORRk
0YoJb 0YoJb
TtUXd TtUXd
aiycm aiycm
8tK4L 8tK4L
7J90B 7J90B
GHmnJ GHmnJ
P5ucv P5ucv
obqW1 obqW1
DHhK9 DHhK9
x8KLa x8KLa
guI5B guI5B
eDWES eDWES
pesnn pesnn
BybTG BybTG
1pNjr 1pNjr
l0HDP l0HDP
9u8oD 9u8oD
nRTkO nRTkO
8PY0r 8PY0r
5Ix1v 5Ix1v
