DK CP CA HC DI FG BH BW ED FW HJ CE BE CX CI DF GT FP CY HD EO FN FA CD AY CC AM EQ DP GZ DL CS EN BF BV DM GX EB AZ CR BC EL DD DB AU DO DT BP GR EW AB GG CM FB AA GN EM HF ES CK AT CW BI DX AN AV BM CU EY HI GY EA FH FT AO AG FD DU GV BR GB EF CG AK FZ HB DN BZ EP DE ET CT HE DZ BL DK
94
AA AA
AB AB
AG AG
AK AK
AM AM
AN AN
AO AO
AT AT
AU AU
AV AV
AY AY
AZ AZ
BC BC
BE BE
BF BF
BH BH
BI BI
BL BL
BM BM
BP BP
BR BR
BV BV
BW BW
BZ BZ
CA CA
CC CC
CD CD
CE CE
CG CG
CI CI
CK CK
CM CM
CP CP
CR CR
CS CS
CT CT
CU CU
CW CW
CX CX
CY CY
DB DB
DD DD
DE DE
DF DF
DI DI
DL DL
DM DM
DN DN
DO DO
DP DP
DT DT
DU DU
DX DX
DZ DZ
EA EA
EB EB
ED ED
EF EF
EL EL
EM EM
EN EN
EO EO
EP EP
EQ EQ
ES ES
ET ET
EW EW
EY EY
FA FA
FB FB
FD FD
FG FG
FH FH
FN FN
FP FP
FT FT
FW FW
FZ FZ
GB GB
GG GG
GN GN
GR GR
GT GT
GV GV
GX GX
GY GY
GZ GZ
HB HB
HC HC
HD HD
HE HE
HF HF
HI HI
HJ HJ
