BerkeleyArtMuseumand BancroftLibrary SatherTower FallProgramforFreshm SpiekerAquaticsCompl MulfordHall LawrenceHallofScienc HaasSchoolofBusiness UniversityHouse EvansDiamond Demography Library AlumniHouse NorthField KoshlandHall InsectaryGreenhouse AcademicInnovationSt MariesHouse PacificFilmArchiveBe FacultyGlade McLaughlinHall Sebastians SutardjaDaiHall GolbousPlace UniversityHealthServ LawrenceBerkeleyNati KoretVisitorCenter MathematicalSciences MartinezCommons GoldmanField EnergyBiosciencesBui BowlesHall ManvilleHall CesarEChavezStudentC GianniniHall CaliforniaHall EdwardsTrackStadiumG InvestigativeReporti WellmanHall EastAsianStudiesInst FoxCottage2350Bowdit LowerHearstParkingSt InternationalHouse Unit1ResidentHall SimonHall MaxwellFamilyFieldan BanwayBuilding AHammock MagnesCollectionofJe NaturalResourcesLabo ZellerbachHall HenryHWheelerBrainIm FacultyClub ClarkKerrCampus LeConteHall HearstMemorialMining CheitHall UpperHearstParkingSt MosesHall EvansHall EllsworthParkingStru GraduateTheologicalU StanleyHall CoryHall ObservatoryHill LatinAmericanStudies SimpsonCenterforStud MorrisonHall HavilandHall PublicAffairsOfficeo BancroftDanceStudio LiKaShingCenter BarrowsHall AnthonyHall McConeHall IRLE ChancellorsEsplanade WarrenHall CareerCenter ArchitectsEngineersA LawSchool BerkeleyArtMuseumand
81
BerkeleyArtMuseumand BerkeleyArtMuseumand LegendsAquaticCenter
LowerHearstParkingSt LowerHearstParkingSt
PacificFilmArchiveBe PacificFilmArchiveBe
FoxCottage2350Bowdit FoxCottage2350Bowdit
KoshlandHall KoshlandHall
Unit1ResidentHall Unit1ResidentHall
LeConteHall LeConteHall
EdwardsTrackStadiumG EdwardsTrackStadiumG
ArchitectsEngineersA ArchitectsEngineersA
HavilandHall HavilandHall
AnthonyHall AnthonyHall
LawrenceBerkeleyNati LawrenceBerkeleyNati
CesarEChavezStudentC CesarEChavezStudentC
HenryHWheelerBrainIm HenryHWheelerBrainIm
NorthField NorthField
MartinezCommons MartinezCommons
AlumniHouse AlumniHouse
WarrenHall WarrenHall
CaliforniaHall CaliforniaHall
AcademicInnovationSt AcademicInnovationSt
BowlesHall BowlesHall
Library Library
CheitHall CheitHall
AHammock AHammock
StanleyHall StanleyHall
LawSchool LawSchool
GoldmanField GoldmanField
MaxwellFamilyFieldan MaxwellFamilyFieldan
HaasSchoolofBusiness HaasSchoolofBusiness
UniversityHouse UniversityHouse
MulfordHall MulfordHall
BarrowsHall BarrowsHall
KoretVisitorCenter KoretVisitorCenter
PublicAffairsOfficeo PublicAffairsOfficeo
WellmanHall WellmanHall
ChancellorsEsplanade ChancellorsEsplanade
InvestigativeReporti InvestigativeReporti
GraduateTheologicalU GraduateTheologicalU
SatherTower SatherTower
FacultyGlade FacultyGlade
EastAsianStudiesInst EastAsianStudiesInst
ZellerbachHall ZellerbachHall
BancroftLibrary BancroftLibrary
SutardjaDaiHall SutardjaDaiHall
SimonHall SimonHall
FacultyClub FacultyClub
SimpsonCenterforStud SimpsonCenterforStud
HearstMemorialMining HearstMemorialMining
CareerCenter CareerCenter
MosesHall MosesHall
SpiekerAquaticsCompl SpiekerAquaticsCompl
EvansHall EvansHall
McConeHall McConeHall
GianniniHall GianniniHall
NaturalResourcesLabo NaturalResourcesLabo
MorrisonHall MorrisonHall
McLaughlinHall McLaughlinHall
IRLE IRLE
UpperHearstParkingSt UpperHearstParkingSt
ClarkKerrCampus ClarkKerrCampus
LatinAmericanStudies LatinAmericanStudies
ManvilleHall ManvilleHall
LawrenceHallofScienc LawrenceHallofScienc
LiKaShingCenter LiKaShingCenter
Sebastians Sebastians
EnergyBiosciencesBui EnergyBiosciencesBui
MathematicalSciences MathematicalSciences
EllsworthParkingStru EllsworthParkingStru
FallProgramforFreshm FallProgramforFreshm
InternationalHouse InternationalHouse
GolbousPlace GolbousPlace
EvansDiamond EvansDiamond
CoryHall CoryHall
UniversityHealthServ UniversityHealthServ
ObservatoryHill ObservatoryHill
MagnesCollectionofJe MagnesCollectionofJe
BancroftDanceStudio BancroftDanceStudio
Demography Demography
BanwayBuilding BanwayBuilding
MariesHouse MariesHouse
InsectaryGreenhouse InsectaryGreenhouse
