a de cq fl dj fs em ey dm cd bz ch cb by br bv bm bl bf bi bc bd bb aw az ar ap al an ah ak aj ag ae ab df fr fd fv ev dx eu ew fa fh do ck b du o ee c dv l dt m k j h eg p w gb fz gm fn gl ep e cs fy ec dg gh fb eq cu dq er fu ga fg gp en dn gn ff cp aa u y t cl ci cv ex ed ct et ea a
100
a a
b b
c c
e e
h h
j j
k k
l l
m m
o o
p p
t t
u u
w w
y y
aa aa
ab ab
ae ae
ag ag
ah ah
aj aj
ak ak
al al
an an
ap ap
ar ar
aw aw
az az
bb bb
bc bc
bd bd
bf bf
bi bi
bl bl
bm bm
br br
bv bv
by by
bz bz
cb cb
cd cd
ch ch
ci ci
ck ck
cl cl
cp cp
cq cq
cs cs
ct ct
cu cu
cv cv
de de
df df
dg dg
dj dj
dm dm
dn dn
do do
dq dq
dt dt
du du
dv dv
dx dx
ea ea
ec ec
ed ed
ee ee
eg eg
em em
en en
ep ep
eq eq
er er
et et
eu eu
ev ev
ew ew
ex ex
ey ey
fa fa
fb fb
fd fd
ff ff
fg fg
fh fh
fl fl
fn fn
fr fr
fs fs
fu fu
fv fv
fy fy
fz fz
ga ga
gb gb
gh gh
gl gl
gm gm
gn gn
gp gp
