Pantheon Spectre Ezreal Nunu WraithKing Jax Lucian Jayce Slark Maokai LoneDruid Oracle Ashe Shyvana TrollWarlord MasterYi ArcWarden Ahri Xerath Malphite Tiny Anivia Disruptor KogMaw CrystalMaiden Heimerdinger Akali Ziggs CentaurWarrunner Galio Phoenix BountyHunter Bard Skarner Magnus Tailyah Bristleback Morgana Jinx Draven Lux Talon NightStalker Rumble SpiritBreaker ChaosKnight Lich Kled Jhin Pantheon
49
MasterYi MasterYi
Tailyah Tailyah
Ahri Ahri
Galio Galio
Phoenix Phoenix
Spectre Spectre
Ezreal Ezreal
KogMaw KogMaw
Jayce Jayce
Morgana Morgana
TrollWarlord TrollWarlord
Oracle Oracle
Jax Jax
Shyvana Shyvana
Akali Akali
Malphite Malphite
Anivia Anivia
Bristleback Bristleback
Skarner Skarner
Bard Bard
SpiritBreaker SpiritBreaker
Slark Slark
Lich Lich
CrystalMaiden CrystalMaiden
ArcWarden ArcWarden
Ashe Ashe
Kled Kled
Magnus Magnus
Maokai Maokai
Nunu Nunu
BountyHunter BountyHunter
Rumble Rumble
Jinx Jinx
Lucian Lucian
Xerath Xerath
CentaurWarrunner CentaurWarrunner
Disruptor Disruptor
Heimerdinger Heimerdinger
Tiny Tiny
ChaosKnight ChaosKnight
Lux Lux
Jhin Jhin
Draven Draven
Ziggs Ziggs
WraithKing WraithKing
Talon Talon
NightStalker NightStalker
LoneDruid LoneDruid
Pantheon
