zero five six thirteen twenty twentyseven thirtyfour thirtyfive fortytwo thirtysix thirtyseven thirtyeight thirtynine forty thirtynine fortysix fortyfive thirtyeight thirtyone thirtytwo twentyfive eighteen nineteen twenty twentyone fifteen sixteen nine ten eleven twelve thirteen fourteen seven zero three zero
26
zero
three three
five five
six six
seven seven
nine nine
eleven eleven
twelve twelve
thirteen thirteen
fourteen fourteen
fifteen fifteen
sixteen sixteen
eighteen eighteen
nineteen nineteen
twenty twenty
twentyfive twentyfive
thirtyone thirtyone
thirtytwo thirtytwo
thirtyfour thirtyfour
thirtyfive thirtyfive
thirtyseven thirtyseven
thirtyeight thirtyeight
forty forty
fortytwo fortytwo
fortyfive fortyfive
fortysix fortysix
