context road interaction construction aspect teaching care attempt fat store anxiety thanks currency wood bit soil ability state while departure reality satisfaction bread farmer bedroom context
25
context context
aspect aspect
construction construction
teaching teaching
bedroom bedroom
satisfaction satisfaction
state state
departure departure
reality reality
road road
ability ability
attempt attempt
bread bread
soil soil
currency currency
farmer farmer
interaction interaction
wood wood
while while
bit bit
thanks thanks
anxiety anxiety
fat fat
store store
care care
