0 11 3 56 3 75 3 4 87 4 80 66 80 17 70 65 5 86 25 31 35 64 89 31 57 0 100 106 100 104 100 102 100 107 100 101 112 101 108 101 111 101 110 101 109 101 113 101 115 101 100 105 100 103 100 0
32
0
89 89 1 26
11 58 55
4 96 4 14 49 51 63
5 42 5
25 24 25 59
64 72 7
86 98 99 10 43 81 82 83 20 85 86 90 62
17 68 44 77 13 17 22
75 75 18 54 28 29
57 57 21
31 53 31
35 35
56 56
65 65 70
66 66
87 87
100 100
101 117 101 198
102 102 118 121 123 124
103 128 130 127
104 104 136
105 105 138
106 106 142 144 145 146 147 149
107 152 153 151
108 160 154 156 158
109 109 167
110 168 169 171 172 173 175
111 177 178
112 112 179 180 182
113 113 188 189
115 194 196
