clod blackberry stateroom sagittal sign Yankton Kingsbury Yankton decrease Yankton onomatopoeia Yankton officious Yankton Dunbar lever shriek lever axon lever linger lever spit presto Spaulding presto disseminate phonic bowline phonic pundit phonic perennial lever behalf lever Brooklyn presto post presto Gloria presto cur Yankton syllogistic mortgagee pole scrounge Dunlap presto Lethe presto sneaky presto Illinois lever Stratton phonic aide Yankton Levitt phonic ferrite presto coincide presto twirly presto servicemen presto foxglove phonic Saskatchewan agronomy walrus blackberry ambiguity sagittal Hyde blackberry clod
41
clod callus
stateroom stateroom
sign sign
Kingsbury Kingsbury
decrease decrease
sagittal anchor vicious bauble Barnet objector resurrect collateral salmon furlough abridge
onomatopoeia onomatopoeia
officious officious
Dunbar Dunbar
shriek shriek
axon axon
linger linger
spit spit
Spaulding Spaulding
disseminate disseminate
bowline bowline
pundit pundit
perennial perennial
behalf behalf
Brooklyn Brooklyn
post post
Gloria Gloria
cur cur
syllogistic syllogistic
pole pole
Dunlap Dunlap
Lethe Lethe
sneaky sneaky
Illinois Illinois
Stratton Stratton
aide aide
Levitt Levitt
ferrite ferrite
coincide coincide
twirly twirly
servicemen servicemen
foxglove foxglove
Saskatchewan Saskatchewan
walrus walrus
ambiguity ambiguity
Hyde Hyde
