Vernon Anaheim Industrial Potrero Cabbage Sacramento Calaveras Cressey Tijuana Escalon Bakersfield Cypress Yankee Buena Coddingtown Donner Bonny Woody Pleasant Cambridge Alamo Glencoe Capuchino Brundage Winterhaven Wallace Lake Smoke Escondido Yurok Garcia Sulpizio Antelope Timbuctoo Moores Manker Cudahy Santa Sherman Costa California Beach South Balboa Fullerton Presidio Roseland Dulzura Flinn Mecca Collins Civic Rowland Kaiser Hoffman Clayton Marshall Industry Warner Ritter Three Blue Fiorini Richvale Bodad Grasslands Hammer Parchester Quail Terra Smith Bangor Saint Robertsville Stockdale All Davenport Downtown Ramona Rough Le Del Helm Carmel Delta Veterans Forbestown Bell Bradley Huron Cerro Temecula Pacheco Fox Chittenden Armstrong Sunny Strawberry Louis Crestmont Portola Vernon
100
California California
Portola Portola
Cerro Cerro
Sunny Sunny
Forbestown Forbestown
Sherman Sherman
Terra Terra
Industry Industry
Balboa Balboa
Rough Rough
Capuchino Capuchino
Strawberry Strawberry
Veterans Veterans
Yankee Yankee
All All
Garcia Garcia
Wallace Wallace
Richvale Richvale
Sacramento Sacramento
Kaiser Kaiser
Donner Donner
Chittenden Chittenden
Alamo Alamo
Brundage Brundage
Hammer Hammer
Timbuctoo Timbuctoo
Bodad Bodad
Fullerton Fullerton
Stockdale Stockdale
Cypress Cypress
Dulzura Dulzura
Del Del
Clayton Clayton
Saint Saint
Armstrong Armstrong
Crestmont Crestmont
Ritter Ritter
South South
Anaheim Anaheim
Hoffman Hoffman
Temecula Temecula
Louis Louis
Delta Delta
Rowland Rowland
Mecca Mecca
Fox Fox
Roseland Roseland
Helm Helm
Industrial Industrial
Beach Beach
Lake Lake
Cambridge Cambridge
Blue Blue
Bonny Bonny
Bradley Bradley
Glencoe Glencoe
Smith Smith
Winterhaven Winterhaven
Buena Buena
Fiorini Fiorini
Bangor Bangor
Manker Manker
Pleasant Pleasant
Presidio Presidio
Tijuana Tijuana
Bell Bell
Quail Quail
Grasslands Grasslands
Flinn Flinn
Cudahy Cudahy
Moores Moores
Parchester Parchester
Ramona Ramona
Davenport Davenport
Downtown Downtown
Calaveras Calaveras
Costa Costa
Marshall Marshall
Coddingtown Coddingtown
Smoke Smoke
Collins Collins
Yurok Yurok
Civic Civic
Le Le
Santa Santa
Cressey Cressey
Escalon Escalon
Robertsville Robertsville
Three Three
Warner Warner
Antelope Antelope
Potrero Potrero
Escondido Escondido
Huron Huron
Carmel Carmel
Woody Woody
Sulpizio Sulpizio
Pacheco Pacheco
Bakersfield Bakersfield
Cabbage Cabbage
