Hayward CedarRapids Asheville Durham Waterloo Yonkers Huntsville KansasCity McAllen BelAir York NewBedford Aurora Tucson PalmBay Torrance McHenry Springdale Barnstable Medford SaintLouis Harlingen Waco NewOrleans Burbank Chicago Burbank Danbury Atlanta Abilene GrandRapids Abilene Downey Rochester AtlanticCity SaintPaul Bradenton Tucson Washington LakeCharles Newark NewYorkCity Kennewick PuntaGorda Omaha Topeka Montgomery ThousandOaks Montgomery SantaCruz Fontana Murrieta Tampa Murrieta Winston Memphis Winston Hickory Tyler Hickory Charlotte RichmondCounty Hampton Modesto Corona Deltona Durham Bloomington Durham Asheville Hayward SantaClara Hayward
48
PuntaGorda PuntaGorda
Tyler Tyler
ThousandOaks ThousandOaks
PalmBay PalmBay
Tucson Tucson
Barnstable Barnstable
Yonkers Yonkers
Burbank Burbank
McHenry McHenry
Harlingen Harlingen
Charlotte Charlotte
Omaha Omaha
Topeka Topeka
Deltona Deltona
Danbury Danbury
Downey Downey
Asheville Asheville
McAllen McAllen
Chicago Chicago
GrandRapids GrandRapids
BelAir Monroe BelAir
Aurora Bakersfield Aurora
CedarRapids CedarRapids
LakeCharles LakeCharles
Bradenton Bradenton
RichmondCounty RichmondCounty
SantaCruz SantaCruz
Modesto Modesto
Hickory HuntingtonBeach Hickory
Huntsville Huntsville
NewYorkCity NewYorkCity
Tampa Tampa
Springdale Springdale
SantaClara SantaClara
Atlanta Atlanta
Durham Durham
Newark Newark
Torrance Torrance
Memphis Memphis
Kennewick Kennewick
Bloomington Bloomington
NewBedford NewBedford
SaintPaul SaintPaul
York York
Waco Waco
Waterloo Waterloo
Hampton Hampton
Hayward
