MHnVCXOJJwOI crcFIKqbaYTC GLfJulJDWdHA SJPfUQrbAbqM jmWqilJNXyuV cXYRsTNMJDHO RWoTZCNhceUR NkzUoyRYPnbb oClepMbylsqk GoPPViXuIoMW phTlHtTwrYOU FhVNapbaoZOZ svpVoYHpEpjH JCPkGQQBkgge PCNGxUSnzrYJ KKNtdnAHmUpc SPoMbAzxrqrj ltlOmMSvjmIL bVDkAfQbeTmx YbGvPudTcbyh ilCjMogPnNTK NmmqQKqzdERM MlFqcqjWiUdI AZrILCuGwbtV YfpLHnDpSXzc UvfnFwkwYqFk MHnVCXOJJwOI
26
SJPfUQrbAbqM SJPfUQrbAbqM
ilCjMogPnNTK ilCjMogPnNTK
SPoMbAzxrqrj SPoMbAzxrqrj
YbGvPudTcbyh YbGvPudTcbyh
NmmqQKqzdERM NmmqQKqzdERM
svpVoYHpEpjH svpVoYHpEpjH
bVDkAfQbeTmx bVDkAfQbeTmx
crcFIKqbaYTC crcFIKqbaYTC
MHnVCXOJJwOI
jmWqilJNXyuV jmWqilJNXyuV
MlFqcqjWiUdI MlFqcqjWiUdI
PCNGxUSnzrYJ PCNGxUSnzrYJ
cXYRsTNMJDHO cXYRsTNMJDHO
KKNtdnAHmUpc KKNtdnAHmUpc
NkzUoyRYPnbb NkzUoyRYPnbb
phTlHtTwrYOU phTlHtTwrYOU
GLfJulJDWdHA GLfJulJDWdHA
oClepMbylsqk oClepMbylsqk
RWoTZCNhceUR RWoTZCNhceUR
YfpLHnDpSXzc YfpLHnDpSXzc
ltlOmMSvjmIL ltlOmMSvjmIL
FhVNapbaoZOZ FhVNapbaoZOZ
GoPPViXuIoMW GoPPViXuIoMW
AZrILCuGwbtV AZrILCuGwbtV
UvfnFwkwYqFk UvfnFwkwYqFk
JCPkGQQBkgge JCPkGQQBkgge
