ssp100 25 4 2 1 2 3 8 9 8 3 18 19 20 19 16 12 15 18 23 27 87 91 89 91 87 93 87 98 99 97 92 27 33 53 43 47 39 51 29 56 45 37 41 55 31 49 35 27 71 63 59 26 58 61 67 61 58 60 64 60 65 60 58 26 59 62 68 62 69 62 59 63 71 27 23 3 5 7 5 3 2 4 25 ssp100
39
12 12
15 15
19 22
20 20 21
1 1 2
4 4
7 24
8 11 10
9 9
ssp100
59 59
64 64 73
65 65 74
67 79
68 81 68
69 82
27 27
29 29
31 31
33 33
35 35
37 37
39 39
41 41
43 43
45 45
47 47
49 49
51 51
53 53
55 55
56 56
87 88
91 95
89 96
93 94 93 90
98 98 99
97 97
92 92
