1 58 59 12 82 8 52 24 31 69 54 69 31 24 81 87 81 34 76 34 27 83 27 89 68 80 64 42 75 42 64 74 64 88 49 66 51 66 49 50 49 5 70 86 70 63 60 53 72 44 67 61 46 85 46 22 41 55 45 56 47 62 43 62 77 38 65 38 57 79 57 73 16 90 16 36 48 36 78 40 71 40 30 3 1 84 1
51
1
41 41
42 42
43 43
44 44
45 45
46 46
47 47
48 48
49 49
50 50
51 51
52 52
53 53
54 54
55 55
56 56
57 57
58 58
59 59
60 60
61 61
62 62
63 63
64 64
65 65
66 66
67 67
68 68
69 69
70 70
71 71
72 72
73 73
74 74
75 75
76 76
77 77
78 78
79 79
80 80
81 81
82 82
83 83
84 84
85 85
86 86
87 87
88 88
89 89
90 90
