Soda Northern Aruba Liberia Hong Palau Pitcairn Japan Latvia Moldova Korea British Belize Christmas Sao Kyrgyzstan Antigua Republic Algeria Niger United Albania New Saint Mayotte Ireland Macedonia Burundi Congo Luxembourg Argentina Pakistan Cambodia Finland Lebanon Singapore Rwanda Nigeria Fiji Netherlands Jamaica Estonia Iraq Iran Macao Lesotho Lao Kiribati Mexico Bahamas Indonesia Cyprus Egypt Sint Croatia Malawi Burkina Soda
50
United United
Cambodia Cambodia
Aruba Aruba
Saint Saint
Argentina Argentina
Sint Sint
Japan Japan
Jamaica Jamaica
Albania Albania
Antigua Antigua
Sao Sao
Macao Macao
New New
Malawi Malawi
Korea Korea
Indonesia Indonesia
Finland Finland
Burkina Burkina
Niger Niger
Hong Hong
Pitcairn Pitcairn
Luxembourg Luxembourg
Bahamas Bahamas
Ireland Ireland
Pakistan Pakistan
Palau Palau
Nigeria Nigeria
Northern Northern
Algeria Algeria
Kiribati Kiribati
Belize Belize
Moldova Moldova
Croatia Croatia
Lebanon Lebanon
Rwanda Rwanda
Burundi Burundi
Fiji Fiji
Liberia Liberia
Netherlands Netherlands
Republic Republic
Lao Lao
Kyrgyzstan Kyrgyzstan
Mayotte Mayotte
Iraq Iraq
British British
Latvia Latvia
Mexico Mexico
Egypt Egypt
Singapore Singapore
Congo Congo
