FleaBottom RockofKuthian Olivanders TheBurningPlains Yll HighGarden Vintas Vroengard Ademre TheBoilingRock UtgardMountain Glimthain Lorien ShriekingShack TheSpine Carvahall Westopolis Arkham MinistryofMagic Accrington Carvahall TheVale Dagobah TheGreatDivide Trebon Eggmanland Batcave GringottsBank Ebonfall SatishVille Trebon Urubaen Bobbingbourne FleaBottom
26
Olivanders Olivanders
Vintas Vintas
Yll Yll
TheBoilingRock TheBoilingRock
TheBurningPlains TheBurningPlains
Batcave Batcave
SatishVille SatishVille
Eggmanland Eggmanland
TheVale TheVale
Trebon Trebon
TheSpine Coalwatch
ShriekingShack ShriekingShack
UtgardMountain UtgardMountain
TheGreatDivide TheGreatDivide
Glimthain Glimthain
Bobbingbourne Bobbingbourne
Accrington Accrington
FleaBottom
MinistryofMagic MinistryofMagic
HighGarden HighGarden
Westopolis Westopolis
Ademre Ademre
Urubaen Urubaen
Arkham Arkham
Ebonfall Ebonfall
GringottsBank GringottsBank
