140 135 108 28 123 176 55 83 57 84 175 117 49 190 146 94 137 197 97 93 173 93 39 198 151 29 168 69 168 127 45 5 45 21 19 11 79 130 118 172 162 47 159 8 166 12 196 10 188 178 22 112 62 59 134 34 61 177 32 115 53 169 139 182 104 25 132 25 165 18 96 9 167 62 114 133 185 133 80 40 80 42 4 103 76 125 23 65 23 154 6 180 41 101 7 179 149 128 149 95 158 160 158 91 14 85 184 50 44 50 107 102 13 122 51 122 56 150 27 161 186 170 152 77 35 89 82 73 147 123 153 140
98
4 4
5 5
6 6
7 7
8 8
9 9
10 10
11 11
12 193 12
13 13
14 14
77 77
18 18
19 19
21 21
22 22
151 151
25 25
27 27
28 123
29 29
32 32
34 134
35 35
162 36
39 39
40 40
41 41
42 42
44 44
45 45
47 47
49 49
50 50
51 51
53 53
55 55
56 56
57 57
59 59
61 177 61
62 62
65 65
69 168
73 73
76 76
79 79
80 80
82 82
83 83 142
84 84
85 85
89 89
93 93
94 94
95 95
96 96
97 97
101 101
102 102
103 103
104 104
108 108
112 112
114 114
115 115
117 117
125 125
127 127
128 128
130 130
132 132
133 133
135 135
139 139
140
146 146
150 150
153 153
154 154
158 158
159 159
160 160
161 186
166 166
167 167
169 169
170 170
173 173
175 175
176 176
178 178
179 179
182 182
185 185
190 190
196 196
197 197
