0 84 13 140 2 112 188 112 195 125 183 124 26 124 45 157 41 157 88 152 19 152 59 171 74 132 194 43 194 119 134 114 103 114 1 7 123 128 52 128 153 82 29 82 153 128 3 128 99 137 172 120 196 106 191 181 68 181 61 97 186 89 186 150 138 57 55 174 24 197 90 143 11 143 121 102 51 100 145 38 145 50 39 36 160 131 91 108 48 16 66 169 141 95 65 104 147 23 67 27 67 94 92 129 58 56 77 21 73 182 12 69 161 69 142 30 72 105 96 46 96 175 86 164 85 49 85 167 98 170 98 166 98 167 14 167 189 71 187 9 139 9 32 35 185 109 10 176 10 149 20 149 107 81 64 148 64 81 101 83 198 0
101
0
1 1
2 2
3 3
9 9
10 10
11 11
12 12
13 13
14 14
16 16
19 19
20 20
21 21
23 23
24 24
26 26
27 27
29 29
35 35
38 38
39 39
41 41
43 43
45 45
46 46
49 49
50 50
51 51
52 52
55 55
56 56
57 57
59 59
64 64
66 66
67 67
68 68
69 69
71 71
72 72
73 73
74 74
77 77
82 82
83 83
85 85
86 86
89 89
90 90
92 92
94 94
95 95
97 97
99 99
100 100
101 101
102 102
103 103
104 104
105 105
106 106
107 107
108 108
112 112
119 119
123 123
124 124
125 125
129 129
132 132
137 137
138 138
139 139
141 141
142 142
143 143
147 147
148 148
150 150
152 152
157 157
160 160
161 161
164 164
166 166
167 167
169 169
170 170
172 172
175 175
176 176
182 182
185 185
186 186
188 188
189 189
195 195
196 196
197 197
198 198
