0 24 54 118 149 70 20 64 170 84 96 11 16 163 168 38 69 22 69 184 190 74 111 78 90 4 156 166 198 134 130 124 105 60 194 192 104 61 6 39 196 62 148 58 94 114 2 30 7 172 191 120 79 158 86 102 178 188 88 34 142 82 32 82 136 138 89 26 154 106 12 18 52 48 97 146 97 29 36 44 40 72 40 155 122 28 76 150 174 50 110 180 176 92 68 92 56 92 140 101 139 8 87 14 116 182 100 162 126 132 0
91
0 0 24
2 2
4 4
6 6
191 80
8 8
149 160 10 66
11 112
12 12
14 14
16 16
18 18 42
20 20
178 178
22 22
89 108
26 152 26
28 28
30 30
32 32 128
34 34
36 36
38 38
40 40
44 44
139 46
48 48
50 50
52 52
54 54
56 56
58 58
60 60
61 164
62 62
64 64
68 68
70 70
72 72
74 74
76 76
78 78
79 98
82 82
84 84
86 86
88 88
90 90
92 92
94 94
96 96
100 100
101 144
102 102
104 104
106 106
180 176 180 110
114 114
116 116
118 118
120 120
122 122
124 124
126 126
130 130
132 132
134 134
136 136
138 186 138
140 140
142 142
146 146
148 148
150 150
154 154
156 156
158 158
162 162
166 166
168 168
170 170
172 172
174 174
182 182
184 184
188 188
190 190
192 192
194 194
196 196
198 198
