ffffff uu a dddd aaa qqqqqq ggggggg bbbbbb eeeee tttttt kkkkkkkk jjjj rrrrr fffff nnnnnn ggggg xxxxx ffffffff d cccc j dd ttttttt sssss bbbbbbb zzzzz q gggggggg hhhhhhh ee wwwwww tttt mm ssssss ttttt zzz jjjjjj eeee ffff oooooo sssssss qqq yy yyyyyyy sss aaaaaaaa kkkkkk mmmmmmmm bbbbbbbb e rrrrrr ccccccc xxxxxxx hhhh lll oooooooo aaaaaa xxxx wwww rr eeeeeee aa pppppppp vvvvvv k lllllll iiiiiii vvvvv uuuuuu b llllll llllllll vvv wwwww ooooo ssss pppp gggg jjj cc ppppp s hhh iiiiiiii x o uuu nnn tt mmmm kkkk eeeeee m cccccc qq xxx ii aaaa ll uuuuuuu ffffff
100
pppppppp pppppppp
kkkk kkkk
o o
m m
xxxxxxx xxxxxxx
ggggg ggggg
yyyyyyy yyyyyyy
nnnnnn nnnnnn
xxxxx xxxxx
jjjj jjjj
qq qq
pppp pppp
xxxx xxxx
cc cc
mmmm mmmm
mmmmmmmm mmmmmmmm
bbbbbbbb bbbbbbbb
qqq qqq
fffff fffff
ssssss ssssss
lll lll
mm mm
eeeeee eeeeee
cccccc cccccc
sss sss
d d
iiiiiii iiiiiii
ccccccc ccccccc
kkkkkk kkkkkk
ffff ffff
jjj jjj
bbbbbbb bbbbbbb
vvv vvv
kkkkkkkk kkkkkkkk
yy yy
b b
eeee eeee
ttttttt ttttttt
x x
ffffff ffffff
eeeeeee eeeeeee
aaaaaa aaaaaa
uu uu
sssss sssss
ii ii
eeeee eeeee
nnn nnn
gggggggg gggggggg
dddd dddd
aaaaaaaa aaaaaaaa
aa aa
ooooo ooooo
tt tt
sssssss sssssss
hhh hhh
uuuuuu uuuuuu
aaaa aaaa
a a
llllll llllll
aaa aaa
lllllll lllllll
zzz zzz
j j
hhhhhhh hhhhhhh
ssss ssss
bbbbbb bbbbbb
ll ll
xxx xxx
rr rr
wwwww wwwww
vvvvvv vvvvvv
tttttt tttttt
s s
qqqqqq qqqqqq
hhhh hhhh
ee ee
rrrrrr rrrrrr
e e
uuuuuuu uuuuuuu
q q
wwww wwww
zzzzz zzzzz
oooooo oooooo
k k
ggggggg ggggggg
dd dd
vvvvv vvvvv
cccc cccc
rrrrr rrrrr
gggg gggg
ffffffff ffffffff
wwwwww wwwwww
llllllll llllllll
iiiiiiii iiiiiiii
tttt tttt
jjjjjj jjjjjj
ppppp ppppp
ttttt ttttt
oooooooo oooooooo
uuu uuu
