199 82 196 190 152 190 25 113 1 108 13 101 50 178 93 56 93 47 129 22 63 68 63 143 15 91 12 91 133 105 77 51 77 88 21 73 21 59 114 11 57 61 20 60 44 5 39 29 7 177 23 177 41 177 79 38 83 55 3 55 94 62 183 87 149 89 138 30 66 14 86 156 74 192 58 192 74 156 119 4 119 156 86 65 76 106 42 106 76 65 8 98 34 67 103 182 35 159 80 45 104 85 99 139 158 28 158 71 2 27 19 70 134 53 163 75 163 17 163 49 0 49 150 54 176 189 96 9 96 174 40 33 40 174 146 142 26 142 184 6 72 46 47 36 107 145 37 145 130 120 32 84 122 183 52 102 64 194 159 78 167 115 157 31 97 31 193 92 43 81 16 48 151 10 24 199
93
0 0 49
1 1
2 2
3 18 3
4 4
5 5
6 6
7 7
8 8
9 9
10 24 10
11 11
12 91 12
13 13
14 14
15 15
16 16
17 17
19 19
20 20
21 21
22 22
23 23
25 25
26 26
27 27
28 28
29 29
30 30
31 31
32 32
33 33
34 34 98
35 35
36 36
37 37
38 38
39 90 39
40 40
41 41
42 42
43 43
44 44
45 45
46 46
47 47
48 48
50 50
51 51
52 52
53 53
54 54
55 55
56 56 93
57 57
58 58
59 59
60 60
61 61
62 62
63 63
64 64
65 65
66 66
67 67
68 68
152 69
134 70
71 71
72 72
73 73
192 74
75 75
76 76
77 77
78 78
79 79
80 80
81 81
82 82
83 83
84 84
85 85
86 86
87 87
88 88
89 89
92 92
94 94
189 95
96 96
97 97
99 99
