Egsmith Barnton Ashbourne Stapbeck Ashbourne Barnton Wychbourne Wenwold Stainby Brackbrough Wenbeck Watchcombe Pemlow Sudwich Wetwick Nortley Stainbrough Egtree Chelmden Egtree Wychnell Burfield Wywick Burfield Shaftbridge Penborne Staplake Edgey Shaftbage Ashdown Farnsmith Wychsmith Chelmwang Hornborough Cookford Chelmbeck Flitgrove Sudtree Leathermere Burbourne Wenside Alfchester Wenside Waltditch Egsmith
35
Egsmith
Chelmden Chelmden
Barnton Barnton
Leathermere Leathermere
Chelmbeck Chelmbeck
Alfchester Alfchester
Wychsmith Wychsmith
Brackbrough Brackbrough
Nortley Nortley
Wychbourne Wychbourne Egavon
Penborne Penborne
Wywick Wywick
Chelmwang Chelmwang
Ashdown Ashdown
Shaftbridge Shaftbridge
Stainbrough Stainbrough
Stapbeck Stapbeck
Waltditch Waltditch
Wenside Wenside
Wenwold Wenwold
Egtree Egtree
Stainby Stainby
Shaftbage Shaftbage
Staplake Staplake Wychbeck
Ashbourne Ashbourne
Wenbeck Wenbeck
Cookford Cookford
Sudtree Sudtree
Farnsmith Farnsmith
Wychnell Wychnell
Flitgrove Flitgrove
Pemlow Pemlow
Edgey Edgey
Burbourne Burbourne
Wetwick Wetwick
