qtq cnv zgf npu wuc uxr pxi uwp yvu hxo ukh idl mbx wpo jta htv eqm tro tmd tro viv nhr slq wiq fne hxp brk ooc art nfy tnl nfy iuz bsz ili yiz rut qbj dkn qbj mnv lah xos lah llr uca qnn tvy plx ifc fsl wuf vsu wpq rwt ahv krg uoz kza qfc qbe qfc unk pxs unk udq tmc udq pwa thz txk rod zye ooi xax fgo bai egz vub egz cjp zqn fib gup bpm cxu qoe nkx pkx orc hpb orc ynq ptq vlt unf nhk qof lxt gak qjm lnv bwq qyi qls qlo cpw lfh spp lfh rxi hhe zbn vaf ase itg jxq lbs pta pjx sfp rju blo zgs eku thd jno thd ahy xdz wju qtq
100
pta pta
xdz xdz
hhe hhe
htv htv
itg itg
xax xax
nhk nhk
qtq qtq
ptq ptq
hpb hpb
ase ase
krg krg
gup gup
ifc ifc
pxs pxs
qbe qbe
jno jno
kza kza
pkx pkx
qnn qnn
nkx nkx
dkn dkn
wuc wuc
sfp sfp
cpw cpw
zgf zgf
ooi ooi
uxr uxr
eqm eqm
vub vub
pwa pwa
ynq ynq
tmc tmc
wju wju
jta jta
idl idl
bai bai
fgo fgo
zbn zbn
hxo hxo
bsz bsz
qjm qjm
tro tro
rut rut
lah lah
nfy nfy
egz egz
uca uca
npu npu
pjx pjx
vlt vlt
vaf vaf
mnv mnv
hxp hxp
wiq wiq
qfc qfc
nhr nhr
lxt lxt
rxi rxi
tmd tmd
uoz uoz
wuf wuf
slq slq
ili ili
fsl fsl
lnv lnv
uwp uwp
txk txk
yiz yiz
mbx mbx
iuz iuz
zgs zgs
cxu cxu
gak gak
udq udq
zqn zqn
rju rju
ooc ooc
plx plx
lfh lfh
thz thz
ukh ukh
thd thd
viv viv
qlo qlo
wpq wpq
rwt rwt
brk brk
ahv ahv
cjp cjp
orc orc
xos xos
qls qls
cnv cnv
qbj qbj
rod rod
vsu vsu
tnl tnl
ahy ahy
spp spp
