Whitgrove Sodberling Bothenton Sodberling Ellerbridge Boothingchester Wycastle Boothingchester Ellerbridge Suddingover Chedworth Sundendford Botbeck Abcester Sifield Enderbeck Marlbeck Tippenbrook Suddenmoor Staincombe Suddenmoor Egmerhampton Suddenmoor Melwood Endleshall Candleswick Skellingover Stapbrook Wetwick Hampingbascombe Sirenshall Cannerthorne Waltbeck Hampingcastle Basditch Hampingworth Worford Falderseythorne Durbrook Sodport Skelberden Hamscombe Alfmere Leatherport Farndlesover Watchlake Tippingbage Dartden Cirerham Wolley Elfield Falworth Whitringlake Milthorne Rothingcombe Faldenhall Wethampton Egsted Southmere Ribberrenston Farnditch Abglewold Wychditch Rothendcombe Bastlebury Emmerley Southbury Bassinghead Marlcester Nortwell Todhampton Clereennell Bromstanham Ribbenhall Boothingmanstree Ketchester Staplow Ketnell Toddenmoor Ketnell Siey Redcombe Casbrook Toddenmerbrough Endingnell Toddenmerbrough Horstleover Warsmith Horsnell Siavon Abgleham Sundlethorne Fullensborne Blansbrook Hamwold Wendleringdown Stainbrough Tippendham Warblestancester Basbage Bothenhall Worrenberwang Tipstoke Burlake Endleberey Dribberham Wychcompwold Skellenshot Egbeck Stapbrough Reddingtree Eley Reddingtree Stapbrough Penby Ciringnell Elside Wetsmith Warsmith Falderbrough Marlbrook Wychchester Prestwick Reddendeney Worhall Hannersmith Shaftborough Hannersmith Bursmith Dribblecombe Whitgrove
97
Hampingworth Hampingworth
Staplow Staplow
Wetsmith Wetsmith
Horsnell Horsnell
Boothingmanstree Boothingmanstree
Bastlebury Bastlebury
Sodport Sodport
Sirenshall Sirenshall
Alfmere Alfmere
Emmerley Emmerley
Skellenshot Skellenshot Cihead
Prestwick Prestwick
Worhall Worhall
Rothendcombe Rothendcombe
Nortwell Nortwell
Eley Eley
Wetwick Wetwick
Worrenberwang Worrenberwang
Sifield Sifield
Blansbrook Blansbrook
Bromstanham Bromstanham
Falworth Falworth
Abcester Abcester
Falderseythorne Falderseythorne
Leatherport Leatherport
Elside Elside
Tippenbrook Tippenbrook
Dartden Dartden
Durbrook Durbrook
Hampingcastle Hampingcastle
Dribblecombe Dribblecombe
Stapbrough Stapbrough
Chedworth Chedworth
Tippendham Tippendham
Watchlake Watchlake
Basditch Basditch
Egmerhampton Egmerhampton
Ketchester Ketchester
Tipstoke Tipstoke
Dribberham Dribberham
Whitgrove Whitgrove
Wycastle Wycastle Bootwick
Rothingcombe Rothingcombe
Bothenhall Bothenhall
Reddendeney Reddendeney
Endleshall Melwood
Endleberey Endleberey
Candleswick Candleswick
Hamwold Hamwold
Sundlethorne Sundlethorne
Shaftborough Shaftborough
Whitringlake Whitringlake
Enderbeck Enderbeck
Penby Penby
Casbrook Casbrook
Siavon Siavon
Farnditch Farnditch
Botbeck Botbeck
Abglewold Abglewold
Southmere Southmere
Suddenmoor Suddenmoor
Milthorne Milthorne
Clereennell Clereennell
Egsted Egsted
Sundendford Sundendford
Ellerbridge Ellerbridge
Ribberrenston Ribberrenston
Wychchester Wychchester
Suddingover Suddingover
Cannerthorne Cannerthorne
Ketnell Ketnell
Worford Worford Rotherlow
Skellingover Skellingover
Southbury Southbury
Horstleover Horstleover
Abgleham Abgleham
Farndlesover Farndlesover
Wendleringdown Wendleringdown
Skelberden Skelberden
Waltbeck Waltbeck
Wolley Wolley
Hampingbascombe Hampingbascombe
Wethampton Wethampton
Bursmith Bursmith
Staincombe Staincombe
Siey Siey
Sodberling Sodberling
Bothenton Bothenton
Tippingbage Tippingbage
Marlcester Marlcester
Faldenhall Faldenhall
Toddenmoor Toddenmoor
Wychcompwold Wychcompwold
Marlbrook Marlbrook
Redcombe Redcombe
Endingnell Endingnell
Todhampton Todhampton
