Warfield Basringney Suddlecombe Ellingreham Suddlecombe Chippingsted Elmswang Millendon Windling Dribblewick Skellingden Barndberbrough Worhall Dribbingworth Leatherbleside Dribbingworth Bastleseyham Hammenshead Cicombe Todtree Cambingstoke Wyborne Cammerrensmoor Suddleborne Ketport Ashfield Sundlerensford Worberbrook Bothingney Horstlescompstoke Pendlewood Falport Botherseyworth Falport Soddlewick Hamsling Hannenmanswick Ashborne Tipwick Cannerthorne Chedderrenswich Ciditch Northall Ciditch Stainbrough Fulbourne Southbasport Elcompbridge Chiphead Pendingbrook Suddlecastle Pendingbrook Ketsmith Whitchester Siringwang Chedtree Suddleover Chedtree Burglebrough Sudsmith Elmansham Skelling Hammerringey Chelmstanwell Brackcompwang Chilbury Warfield
50
Barndberbrough Barndberbrough
Suddlecastle Suddlecastle
Chedtree Chedtree
Ashfield Ashfield
Suddleborne Suddleborne
Soddlewick Soddlewick
Chippingsted Chippingsted
Ellingreham Ellingreham
Burglebrough Burglebrough
Suddleover Suddleover
Elmansham Elmansham
Worberbrook Worberbrook
Whitchester Whitchester
Warfield Warfield
Chilbury Chilbury
Cambingstoke Cambingstoke
Ketport Ketport
Windling Windling
Leatherbleside Leatherbleside
Cammerrensmoor Cammerrensmoor
Botherseyworth Botherseyworth
Tipwick Tipwick
Chelmstanwell Chelmstanwell
Horstlescompstoke Horstlescompstoke
Pendlewood Pendlewood
Pendingbrook Pendingbrook
Hannenmanswick Hannenmanswick
Chiphead Chiphead
Cicombe Cicombe
Skellingden Skellingden
Brackcompwang Brackcompwang
Dribbingworth Dribbingworth
Stainbrough Stainbrough
Todtree Todtree
Bastleseyham Bastleseyham
Chedderrenswich Chedderrenswich
Hammerringey Hammerringey
Ashborne Ashborne
Falport Falport
Southbasport Southbasport
Wyborne Wyborne
Worhall Worhall
Siringwang Siringwang
Hamsling Hamsling
Northall Northall
Millendon Millendon
Sudsmith Sudsmith
Basringney Basringney
Suddlecombe Suddlecombe
Skelling Skelling
