13 148 132 199 129 105 112 179 151 171 185 110 175 190 118 109 127 108 152 198 163 106 119 191 168 138 170 181 194 114 130 121 122 100 178 147 172 156 115 167 144 141 113 133 162 111 169 150 137 123 125 120 143 107 186 189 177 142 146 124 103 155 136 196 158 188 187 176 166 183 157 192 131 126 164 116 104 173 160 195 153 139 101 165 159 161 128 149 102 135 145 154 134 184 197 193 174 180 140 117 182 13
100
100 100
101 101
102 102
103 103
104 104
105 105
106 106
107 107
108 108
109 109
110 110
111 111
112 112
113 113
114 114
115 115
116 116
117 117
118 118
119 119
120 120
121 121
122 122
123 123
124 124
125 125
126 126
127 127
128 128
129 129
130 130
131 131
132 132
133 133
134 134
135 135
136 136
137 137
138 138
139 139
140 140
141 141
142 142
143 143
144 144
145 145
146 146
147 147
148 148
149 149
150 150
151 151
152 152
153 153
154 154
155 155
156 156
157 157
158 158
159 159
160 160
161 161
162 162
163 163
164 164
165 165
166 166
167 167
168 168
169 169
170 170
171 171
172 172
173 173
174 174
175 175
176 176
177 177
178 178
179 179
180 180
181 181
182 182
183 183
184 184
185 185
186 186
187 187
188 188
189 189
190 190
191 191
192 192
193 193
194 194
195 195
196 196
197 197
198 198
199 199
