oUyBZvEHNPOWtAsHANHU JGmrlhNqKarRJZMikIzR gUlgGYCPZjsRiFLqnVun DsLevMWgWFWOQXFMbaQy znYRMYifzQwyixuIXDnz IuNNJvHSmYKpVBzmzuJX fDAbzsYfiXDxOIsITcQl NVPacTSrBMpDkMBotiWB fDAbzsYfiXDxOIsITcQl IuNNJvHSmYKpVBzmzuJX rqqedkokePZFdhDbMNpX IUJDEWwYxhQimsCqnrFH rqqedkokePZFdhDbMNpX NBTlGJqSnWahMvuDlXAm hpQFeVriPZmwKZcYFAWN PojKKQvEDmFOnJinujFi CcspnGXfrmzZRWjdMjLd XZRBuctXhYPbWardFSZS QMnEKXGwZYUlreveNjwA XZRBuctXhYPbWardFSZS CcspnGXfrmzZRWjdMjLd oMKDNkBacLxexXKHqXfF UcwddMmmNJxPoUiuiyvm VVzvLIOwARaWwhQTKPrx OWCblOtQanZakRLMqMxz eWVKeYegIFOJxvfRkjek QFaSXENOfunmdZIBqDsS UMfDYlvFlUVuogMRkWNG lPMfQyVLDIZczBuDgsVQ UMfDYlvFlUVuogMRkWNG QFaSXENOfunmdZIBqDsS JKNUHFrXPStBWMuUOVkj CCYBPFZgoOONzoEeTKzC MeohNnftDTzllMTGwxnG eqwycKZriorIAbsUBjxu tItiZloipgPmLuONrNnZ cAvnOxZJtanpVvcAxJHM tItiZloipgPmLuONrNnZ ikjgYLaZRolSrbIYyKBd CXrruomvXfADUrHxMwZi ikjgYLaZRolSrbIYyKBd tItiZloipgPmLuONrNnZ eqwycKZriorIAbsUBjxu hNRcEeFjmsmOnuOdNAXl eWGFHgdBASXJbxQbYrCG oUyBZvEHNPOWtAsHANHU
25
oUyBZvEHNPOWtAsHANHU oUyBZvEHNPOWtAsHANHU
PojKKQvEDmFOnJinujFi PojKKQvEDmFOnJinujFi
eqwycKZriorIAbsUBjxu eqwycKZriorIAbsUBjxu
hpQFeVriPZmwKZcYFAWN hpQFeVriPZmwKZcYFAWN
QMnEKXGwZYUlreveNjwA QMnEKXGwZYUlreveNjwA
NVPacTSrBMpDkMBotiWB NVPacTSrBMpDkMBotiWB
cAvnOxZJtanpVvcAxJHM cAvnOxZJtanpVvcAxJHM
OWCblOtQanZakRLMqMxz OWCblOtQanZakRLMqMxz
eWVKeYegIFOJxvfRkjek eWVKeYegIFOJxvfRkjek
hNRcEeFjmsmOnuOdNAXl hNRcEeFjmsmOnuOdNAXl
lPMfQyVLDIZczBuDgsVQ lPMfQyVLDIZczBuDgsVQ
CCYBPFZgoOONzoEeTKzC CCYBPFZgoOONzoEeTKzC
IuNNJvHSmYKpVBzmzuJX IuNNJvHSmYKpVBzmzuJX
eWGFHgdBASXJbxQbYrCG eWGFHgdBASXJbxQbYrCG
oMKDNkBacLxexXKHqXfF oMKDNkBacLxexXKHqXfF
CcspnGXfrmzZRWjdMjLd CcspnGXfrmzZRWjdMjLd
znYRMYifzQwyixuIXDnz znYRMYifzQwyixuIXDnz
IUJDEWwYxhQimsCqnrFH IUJDEWwYxhQimsCqnrFH
gUlgGYCPZjsRiFLqnVun gUlgGYCPZjsRiFLqnVun
JKNUHFrXPStBWMuUOVkj JKNUHFrXPStBWMuUOVkj
CXrruomvXfADUrHxMwZi CXrruomvXfADUrHxMwZi
UMfDYlvFlUVuogMRkWNG UMfDYlvFlUVuogMRkWNG
MeohNnftDTzllMTGwxnG MeohNnftDTzllMTGwxnG
VVzvLIOwARaWwhQTKPrx VVzvLIOwARaWwhQTKPrx
NBTlGJqSnWahMvuDlXAm NBTlGJqSnWahMvuDlXAm
