LesLilas Nahorkatiya Haora SaintCyrlEcole SantanadoLivramento CapimGrosso MonteAlegre Kambove ChalcodeDiazCovarrub BlueIsland Pezinok Escada Pozzuoli Haripur Langenhorn Acireale Baramula Sorada Oerlinghausen Belalcazar Kairouan Turek PriegodeCordoba Bury Braila Morwa Ortaca Itororo Shchekino Angleton SenadorPompeu Gunzenhausen Kineshma SpanishTown Izhevsk Biskra SouthSaintPaul Kemise Shurugwi Manacapuru Korsakov NahiyatashShinafiyah SenaMadureira Twante Rivas Garbsen Aringay Kaifeng Butuan Mandan Gowurdak EastLongmeadow Wangon EastLongmeadow Tabou Embu WestIslip Embu Battambang AinArnat Gorgan Shimofurano Arzamas Sobue Johnston Wenchi Hangu Daokou Sosnovka Shieli Yafo Vaniyambadi Prostejov Mabopane Rhondda Anjarah Khulm Lloydminster GuaMusang Andrychow SanJuandelaMaguana NoblePark Kotka PortoVelho FetestiGara Mocoa Fuxin Nagar FortWorth Skelmersdale Vyazniki Ontinyent Ibirataia Hirosaki TagbilaranCity MineralnyeVody AshtonunderLyne Shchekino Espiye GongdanglegiKulon VillaPauladeSarmient KotRadhaKishan HaciendaLaCalera Acarau Akcaabat Arang Zhaodong Aracuai AinBessem LesLilas
101
LesLilas
Kaifeng Kaifeng
Gorgan Gorgan
Fuxin Fuxin
Zhaodong Zhaodong
Anjarah Anjarah
VillaPauladeSarmient VillaPauladeSarmient
PriegodeCordoba PriegodeCordoba
HaciendaLaCalera HaciendaLaCalera
Twante Twante
Ontinyent Ontinyent
SaintCyrlEcole SaintCyrlEcole
Mocoa Mocoa
AshtonunderLyne AshtonunderLyne
Izhevsk Izhevsk
Wenchi Wenchi
Hirosaki Hirosaki
Gowurdak Gowurdak
Biskra MadinatHamad
Embu Embu
Espiye Espiye
AinArnat AinArnat
EastLongmeadow EastLongmeadow
Daokou Daokou
SpanishTown SpanishTown
Vaniyambadi Vaniyambadi
Johnston Johnston
Aracuai Aracuai
Shieli Shieli
MineralnyeVody MineralnyeVody
Oerlinghausen Oerlinghausen
Kemise Kemise
Langenhorn Langenhorn
Sosnovka Sosnovka
Baramula Baramula
WestIslip WestIslip
Acarau Acarau
GuaMusang GuaMusang
FortWorth FortWorth
Tabou Tabou
Manacapuru Manacapuru
NoblePark NoblePark
Sorada Sorada
Yafo Yafo
Ibirataia Ibirataia
MonteAlegre MonteAlegre
Khulm Khulm
Morwa Morwa
Kairouan Kairouan
SanJuandelaMaguana SanJuandelaMaguana
Itororo Itororo
Haripur Haripur
Battambang Battambang
Arzamas Arzamas
TagbilaranCity TagbilaranCity
Bury Bury
Ortaca Ortaca
Akcaabat Akcaabat
Shurugwi Shurugwi
Turek Turek
Belalcazar Belalcazar
KotRadhaKishan KotRadhaKishan
Nagar Nagar
Pozzuoli Pozzuoli
Lloydminster Lloydminster
Wangon Wangon
SantanadoLivramento SantanadoLivramento
CapimGrosso CapimGrosso
SouthSaintPaul SouthSaintPaul
Vyazniki Vyazniki
Kotka Kotka
Haora Haora
BlueIsland BlueIsland
Kineshma Kineshma
Skelmersdale Skelmersdale
Gunzenhausen Gunzenhausen
SenaMadureira SenaMadureira
Rhondda Rhondda
PortoVelho PortoVelho
Shimofurano Shimofurano
Andrychow Andrychow
Prostejov Prostejov
AinBessem AinBessem
Mabopane Mabopane
Hangu Hangu
Kambove Kambove
Rivas Rivas
ChalcodeDiazCovarrub ChalcodeDiazCovarrub
Shchekino Shchekino
Braila Braila
Butuan Butuan
Acireale Acireale
SenadorPompeu SenadorPompeu
Korsakov Korsakov
Escada Escada
NahiyatashShinafiyah NahiyatashShinafiyah
Angleton Angleton
FetestiGara FetestiGara
Sobue Sobue
Pezinok Pezinok
Garbsen Garbsen
