0 196 190 188 187 183 176 185 175 182 173 174 171 172 163 169 162 148 168 160 166 151 146 134 159 144 121 125 132 126 119 115 114 116 109 110 113 107 102 105 104 100 97 96 103 88 93 83 86 85 81 76 78 77 72 84 70 71 67 68 65 64 62 58 66 60 59 55 56 53 48 41 43 57 52 51 42 37 38 40 32 35 39 25 30 24 26 23 21 22 20 14 19 8 6 10 3 5 191 195 0
100
0 0
3 3
5 5
6 6
8 8
10 10
14 14
19 19
20 20
21 21
22 22
23 23
24 24
25 25
26 26
30 30
32 32
35 35
37 37
38 38
39 39
40 40
41 41
42 42
43 43
48 48
51 51
52 52
53 53
55 55
56 56
57 57
58 58
59 59
60 60
62 62
64 64
65 65
66 66
67 67
68 68
70 70
71 71
72 72
76 76
77 77
78 78
81 81
83 83
84 84
85 85
86 86
88 88
93 93
96 96
97 97
100 100
102 102
103 103
104 104
105 105
107 107
109 109
110 110
113 113
114 114
115 115
116 116
119 119
121 121
125 125
126 126
132 132
134 134
144 144
146 146
148 148
151 151
159 159
160 160
162 162
163 163
166 166
168 168
169 169
171 171
172 172
173 173
174 174
175 175
176 176
182 182
183 183
185 185
187 187
188 188
190 190
191 191
195 195
196 196
