93 71 20 169 155 124 172 101 105 132 67 132 57 86 111 84 128 116 82 63 163 52 151 51 45 159 122 140 64 170 108 90 176 147 121 34 56 22 41 171 125 141 81 2 73 161 137 49 117 168 164 87 136 177 53 39 16 76 4 24 107 98 126 65 66 11 99 14 26 19 154 72 110 40 91 47 54 79 61 95 36 109 1 119 115 131 38 131 129 74 27 102 75 130 75 113 77 143 165 43 146 46 80 94 138 18 62 70 174 93
89
1 1
2 2
24 24 4
14 14
18 18 157
19 19
20 20
26 26
27 27
34 34
36 36
38 38
39 39
40 40
43 43
46 46
47 47
49 49
51 51
52 52
53 53
56 56
57 57
61 61
62 62
63 63
64 64
65 65
66 66
67 67
70 70
72 72
73 73
74 74
75 75
76 76
77 77
79 79
80 80
81 81
82 82
84 84
86 86
87 87
90 90
91 91 110
93
95 95
98 98
99 99
101 101
102 102
105 105
108 108
109 109
111 111
115 115
116 116
117 117
119 119
121 121
122 122
124 124
125 125
129 129
130 130
131 131
136 136
137 137
138 138
140 140
141 141
143 143
146 146
147 147
151 151
154 154
155 155
161 161
163 163
165 165
168 168
169 169
170 170
171 171
172 172
174 174
176 176
177 177
