0 20 30 31 40 51 52 62 63 64 73 84 94 92 82 80 90 91 111 112 123 143 132 151 150 161 162 172 171 180 192 193 184 173 174 175 185 186 196 198 178 168 158 159 149 139 119 89 58 77 87 97 107 126 137 138 148 147 157 167 156 155 135 124 115 114 104 105 95 85 75 76 66 57 56 46 47 28 19 8 17 27 26 36 35 45 55 54 43 33 24 15 6 5 4 3 13 22 12 0
97
0 11
3 3
4 4
6 6
8 8
19 19
12 12
13 13
15 15
17 17
20 20
22 22
24 24
26 26
27 27
28 28
30 30
31 31
33 33
35 35
36 36
40 40
43 43
45 45
46 46
47 47
51 51
52 52
54 54
55 55
56 56
57 57
58 58
62 62
63 63
64 64
66 66
73 73
75 75
76 76
77 77
80 80
82 82
84 84
85 85
87 87
89 89
90 90
91 91
92 92
94 94
95 95
104 104
105 105
107 107
111 111
112 112
114 114
115 115
119 119
123 123
124 124
126 126
132 132
135 135
137 137
138 138
139 139
143 143
147 147
148 148
149 149
150 150
151 151
155 155
156 156
157 157
158 158
159 159
161 161
162 162
167 167
168 168
171 171
172 172
173 173
174 174
175 175
178 178
180 180
184 184
185 185
186 186
198 188
192 192
193 193
196 196
