pace king guarantee due seize sunrise title shy nationalist thumb enhance legislation sign romantic straighten quality headline shiver joint dip exclusive buffet exclusive class disclose injury prison solve winner forge vegetarian linger dough enhance likely dialogue tool glasses autonomy output circulation gate mystery enter mystery chair brake chair mystery approval other swear tablet cigarette demand pain understand figure understand paper deposit honor feature interactive throne imposter fortune page lake rob bitter respect financial voice pace
50
pace
likely likely
prison prison
title title
king king
quality quality
injury injury
paper paper
output output
circulation circulation
page page
voice voice
honor honor
enter enter
throne throne
guarantee guarantee
tablet tablet
forge tolerate
thumb thumb
headline headline
dough dough
exclusive exclusive
other other
brake brake
nationalist shy nationalist
winner winner
cigarette cigarette
buffet buffet
mystery mystery
autonomy autonomy
sign sign
financial financial
legislation legislation
class class
glasses glasses
tool tool
lake lake
sunrise sunrise
linger linger
rob rob
bitter bitter
seize seize
figure figure
dip dip
imposter imposter
demand demand
enhance enhance
swear swear
vegetarian vegetarian
pain pain
