pride thank tribe mechanism traction colon car berry scrap predict leash maze suffer breakin glide bracket ballot fuss minimize linear salmon inhibition present formation feign knit east community dramatic lobby wrong huge equinox steward exotic deck makeup magnitude hide denial celebration integrated mosaic company vote transaction belief contract loud seller skip battery craftsman dilemma think creation rabbit work whole fortune offensive dose merit direct create concern transmission farewell absorption snap trance dedicate deter crew cancel perception tin mind gift line adult magnetic nationalism partnership pupil shelter homosexual appear prove basketball bring dialect desk valid childish pastel thread top domestic pride
99
concern concern
company company
top top
belief belief
hide hide
basketball accessible basketball
battery battery
pastel pastel
crew crew
linear linear
adult adult
minimize minimize
farewell farewell
ballot ballot
scrap scrap
appear appear
creation creation
deck deck
perception perception
childish childish
exotic exotic
think think
skip skip
community community
tin tin
suffer suffer
merit merit
colon colon
bracket bracket
breakin breakin
prove prove
pride pride
nationalism nationalism
magnitude magnitude
transmission transmission
contract contract
mechanism mechanism
cancel cancel
direct direct
line line
absorption absorption
dose dose
predict predict
feign feign
maze maze
pupil pupil
fuss fuss
celebration celebration
steward steward
snap snap
whole whole
salmon salmon
partnership partnership
present present
dramatic dramatic
traction traction
thread thread
wrong wrong
desk desk
shelter shelter
denial denial
knit knit
glide glide
dialect dialect
lobby lobby
gift gift
east east
leash leash
loud loud
magnetic magnetic
valid valid
formation formation
huge huge
berry berry
bring bring
integrated integrated
equinox equinox
car car
fortune fortune
tribe tribe
create create
seller seller
makeup makeup
homosexual homosexual
deter deter
offensive offensive
mosaic mosaic
trance trance
thank thank
rabbit rabbit
mind mind
inhibition inhibition
work work
craftsman craftsman
domestic domestic
dedicate dedicate
dilemma dilemma
vote vote
transaction transaction
