Qatar Australia Gabon Guyana VaticanCity Tuvalu Peru UnitedKingdom Kyrgyzstan Armenia Mongolia Egypt DemofChina UAE Malta Senegal Lebanon Liberia Kosovo CostaRica Danzig Belarus Angola Morocco Uzbekistan Montenegro Macedonia Nicaragua Albania France Andorra SierraLeone Tunisia America Belgium Singapore SaintLucia Estonia Netherlands Haiti Sweden Mozambique Mali Georgia SanMarino Burundi GuineaBissau RussianFederation Tanzania Tajikistan Qatar
49
Mongolia Mongolia
Albania Albania
America America
Kyrgyzstan Kyrgyzstan
VaticanCity VaticanCity CzechRepublic
Armenia Armenia
Peru Peru
Tanzania Tanzania
UnitedKingdom UnitedKingdom
Tuvalu Tuvalu
Mali Mali
UAE UAE
France France
Guyana Guyana
Andorra Andorra
Kosovo Kosovo
Australia Australia
Gabon Gabon
RussianFederation RussianFederation
Nicaragua Nicaragua
Netherlands Netherlands
Tajikistan Tajikistan
Mozambique Mozambique
Burundi Burundi
GuineaBissau GuineaBissau
SierraLeone SierraLeone
Senegal Senegal
Sweden Sweden
Lebanon Lebanon
Montenegro Montenegro
Danzig Danzig
Georgia Georgia
Angola Angola
Haiti Haiti
Liberia Liberia
Belarus Belarus
Morocco Morocco
Uzbekistan Uzbekistan
SanMarino SanMarino
CostaRica CostaRica
Macedonia Macedonia
Tunisia Tunisia
Belgium Belgium
Egypt Egypt
SaintLucia SaintLucia
Singapore Singapore
Estonia Estonia
Malta Malta
DemofChina DemofChina
