Albania Gabon Vanuatu Paraguay Burkina MountAthos Pakistan Fiji Burma Venezuela SaintLucia Israel Luxembourg Latvia Estonia France Finland Romania VaticanCity Qatar Rwanda Mauritania Mauritius Norway CapeVerde Panama SaoTomPrincipe Liechtenstein Germany Djibouti Tunisia RussianFederation EquatorGuinea NorthKorea UAE SriLanka IvoryCoast Bulgaria Bahamas Cyprus Niger Togo Kiribati Thailand Kosovo America Yemen Newfoundland BosHerzegovina Eritrea Maldives Peru Grenada SierraLeone SolomonIslands Hungary Malaysia Lesotho Andorra Switzerland Jamaica NewZealand SaudiArabia Japan Belarus Argentina Mongolia TheGambia Italy Cuba Lithuania Kazakhstan Poland PapuaNewGuinea Algeria Serbia Rome Seychelles Tanzania Portugal Greece Suriname Ukraine Danzig Dominica CentralAfricanRep Bhutan Chile Brazil Cambodia Mali Slovenia Laos Australia Nepal SaintKitts Philippines UnitedKingdom Guatemala Ethiopia Comoros Albania
100
Paraguay Paraguay
Vanuatu Vanuatu
Ethiopia Ethiopia
Latvia Latvia
Venezuela Venezuela
Burkina Burkina
Gabon Gabon
Comoros Comoros
Pakistan Pakistan
Fiji Fiji
MountAthos MountAthos
Mauritius Mauritius
SaintLucia SaintLucia
Burma Burma
Luxembourg Luxembourg
Finland Finland
Estonia Estonia
Israel Israel
VaticanCity VaticanCity
Romania Romania
Qatar Qatar
Rwanda Rwanda
Mauritania Mauritania
CapeVerde CapeVerde
Liechtenstein Liechtenstein
Germany Germany
Norway Norway
France France
Panama Panama
SaoTomPrincipe SaoTomPrincipe
RussianFederation RussianFederation
Djibouti Djibouti
Bahamas Bahamas
EquatorGuinea EquatorGuinea
Tunisia Tunisia
UAE UAE
Bulgaria Bulgaria
SriLanka SriLanka
NorthKorea NorthKorea
IvoryCoast IvoryCoast
Niger Niger
Cyprus Cyprus
Kiribati Kiribati
Thailand Thailand
Yemen Yemen
America America
Eritrea Eritrea
Newfoundland Newfoundland
SierraLeone SierraLeone
Peru Peru
Kosovo Kosovo
Guatemala Guatemala
BosHerzegovina BosHerzegovina
Chile Chile
Maldives Maldives
Dominica Dominica
SolomonIslands SolomonIslands
Bhutan Bhutan
CentralAfricanRep CentralAfricanRep
Ukraine Ukraine
Suriname Suriname
Danzig Danzig
Togo Togo
Portugal Portugal
Seychelles Seychelles
Algeria Algeria
Rome Rome
PapuaNewGuinea PapuaNewGuinea
Greece Greece
Lithuania Lithuania
Poland Poland
Grenada Grenada
Tanzania Tanzania
SaintKitts SaintKitts
Mongolia Mongolia
Serbia Serbia
Argentina Argentina
Cuba Cuba
Italy Italy
Belarus Belarus
Kazakhstan Kazakhstan
Japan Japan
TheGambia TheGambia
Switzerland Switzerland
Jamaica Jamaica
NewZealand NewZealand
Lesotho Lesotho
Andorra Andorra
SaudiArabia SaudiArabia
Hungary Hungary
Brazil Brazil
Mali Mali
Philippines Philippines
Nepal Nepal
Cambodia Cambodia
UnitedKingdom UnitedKingdom
Malaysia Malaysia
Laos Laos
Australia Australia
Slovenia Slovenia
