SaintPaul Indianapolis Mesa Pittsburgh Philadelphia SanFrancisco Stockton Houston Chesapeake Lubbock StPetersburg Henderson StPetersburg Milwaukee Columbus Glendale Hialeah OklahomaCity FortWayne Anchorage FortWayne Aurora Omaha Miami KansasCity NewOrleans Chandler Greensboro Dallas Tucson Detroit Denver JerseyCity Lexington Fresno Plano LosAngeles Austin SanAntonio Arlington Wichita Lincoln Minneapolis BatonRouge FortWorth LongBeach Baltimore ChulaVista Cincinnati ChulaVista Charlotte Phoenix Durham WinstonSalem Oakland Atlanta Toledo Tampa SanDiego SanJose Madison Louisville Memphis Honolulu Newark Garland SaintPaul
44
LosAngeles ElPaso
Houston Houston
Phoenix Phoenix
SanAntonio SanAntonio
SanDiego SanDiego
Dallas Dallas
SanJose SanJose
Austin Austin
FortWorth FortWorth
Columbus Columbus
Charlotte Charlotte
Indianapolis Indianapolis
Denver Denver
Memphis Memphis
OklahomaCity OklahomaCity
Baltimore Baltimore
Milwaukee Milwaukee
Tucson Tucson Raleigh
Fresno Spokane
Atlanta Atlanta
LongBeach LongBeach
Minneapolis Bakersfield
Tampa Tampa
NewOrleans NewOrleans
Aurora Aurora
Honolulu Honolulu
Durham SantaAna Durham
Lexington Lexington
Stockton Stockton
Henderson Henderson StPetersburg
Cincinnati Cincinnati
Pittsburgh Pittsburgh
Anchorage Anchorage
Plano Plano
Lincoln Lincoln
Newark Newark Scottsdale
FortWayne FortWayne
JerseyCity JerseyCity Laredo
Madison Madison
Chandler Chandler
Lubbock Lubbock
Glendale Glendale Hialeah
WinstonSalem WinstonSalem
Chesapeake Chesapeake
