Hernandezville Joelview Downsville Joelview Mitchellchester Lopezmouth Heathermouth Lopezmouth Dixonton Keithton Dixonton Francesmouth Dixonton Lopezmouth Mitchellchester Sheabury Maysfort Huynhton Maysfort Sheabury Mitchellchester Joelview Farmerside Gabriellabury Courtneyfurt Gabriellabury Murphyberg Gabriellabury Farmerside Ryanton Williamsmouth Ryanton Farmerside Ralphtown Stricklandbury Tylermouth Stricklandbury Ralphtown Garciaport Charlesburgh Garciaport Ralphtown Farmerside Joelview Hernandezville Beckyshire Derekton Thomaschester Derekton Wallaceville Morenoside Wallaceville Derekton Beckyshire Ponceville Bridgesville Riveramouth Bradshawside Riveramouth Martinton Riveramouth Bridgesville Dennisstad Wilsonburgh Dennisstad Bridgesville Esparzaberg Thomasburgh Esparzaberg Kristinbury Esparzaberg Bridgesville Ponceville Garymouth Camposstad Donaldstad Camposstad Garymouth Christophertown Crystaltown Christophertown Garymouth Ponceville Mcculloughchester Jonestown Kellyfort Jonestown Barbarachester Jonestown Mcculloughchester Crystalchester Smithmouth Crystalchester Mcculloughchester Ponceville Beckyshire Hernandezville
22
Kellyfort Kellyfort Tinatown Pittsland
Crystaltown Crystaltown Johnsontown
Downsville Haasville Tammychester Rebeccaton
Thomasburgh Thomasburgh Johnsonmouth Sanchezland
Charlesburgh Angelaview Charlesburgh
Morenoside Amberfurt Johnport
Barbarachester Barbarachester Jonesberg
Thomaschester Belindamouth
Kristinbury Allenberg Kristinbury
Donaldstad Williamsville Thomastown Donaldstad
Courtneyfurt Contrerasland Morrisbury
Bradshawside Bradshawside Wandaside
Smithmouth Robertborough Smithmouth
Murphyberg Hendersonchester
Wilsonburgh Josephton Wilsonburgh Harristown
Heathermouth Emilymouth Robertsfort Lopezview
Martinton Martinton Brianland Deborahfort
Keithton Andrewland Keithton Aprilstad
Tylermouth Deanstad Tylermouth
Francesmouth Francesmouth Richardville
Williamsmouth Mcdonaldmouth Johnstonmouth Adkinsfurt
Huynhton Huynhton
