WNYCV 1UWW5 QSI1X F07YB XDKMD 1NBGE 1XUNX BO3AW GXYLV HR8IA OE5TB EQWAL 4ZK1T TNA9G KRLTG 77EY5 2FT0Z URMBF CHXFM GAXPM 9HVLF XRQ65 2KYXC 5I6U4 V11OW 1BUOS ZA57Z BMC9X CUG55 H8ZPW ULCTZ 7CXN0 XPFOM WH9QK 65TK9 HHCET H212X XBRKQ HZ80H EYREL QTZLJ 42QVU KR27P B8UZ8 1ACIU XD7IR 18R1B UUOP5 F5YBY 91RFG TG5ZG X2AM4 KB443 YMTTJ UGOIO XTUSM K1ZSD WNYCV
51
XRQ65 XRQ65
OE5TB OE5TB
91RFG 91RFG
KB443 KB443
XPFOM XPFOM
1BUOS 1BUOS
X2AM4 X2AM4
BO3AW BO3AW
18R1B 18R1B
GXYLV GXYLV
HR8IA HR8IA
ULCTZ ULCTZ
1NBGE 1NBGE
CUG55 CUG55
WNYCV
HHCET HHCET
7CXN0 7CXN0
EQWAL EQWAL
1ACIU 1ACIU
TG5ZG TG5ZG
QSI1X QSI1X
QTZLJ QTZLJ
77EY5 77EY5
5I6U4 5I6U4
UGOIO UGOIO
UUOP5 UUOP5
ZA57Z ZA57Z
2FT0Z 2FT0Z
GAXPM GAXPM
B8UZ8 B8UZ8
XDKMD XDKMD
XD7IR XD7IR
BMC9X BMC9X
9HVLF 9HVLF
YMTTJ YMTTJ
XBRKQ XBRKQ
H8ZPW H8ZPW
F5YBY F5YBY
V11OW V11OW
K1ZSD K1ZSD
XTUSM XTUSM
KRLTG KRLTG
42QVU 42QVU
URMBF URMBF
1UWW5 1UWW5
EYREL EYREL
65TK9 65TK9
HZ80H HZ80H
H212X H212X
F07YB F07YB
2KYXC 2KYXC
