DZA GBR FRA FRO GEO HND DMA DJI DMA ATA ATF ASM DOM AUS GUY CUB GUY GUM GRD GUM HMD GUY GRC BRA BEN BLR BES BLM BFA BGD CYM CZE CXR CYM ARE DNK CUW DOM BHS BRB CAN CIV CHE COD BRN BEL BDI BGR GLP GRL HKG CMR CCK COG CAF BVT GGY ERI FSM GHA ECU FIN AFG ABW AFG FIN FLK FIN ESP AND ALB DZA
48
HND HND
HMD HMD
HKG HKG
GUM GNQ
GRD GRD
GRC GRC
GLP GLP
GHA GHA
GEO GEO
GBR GBR
FSM FSM
FRO FRO
FRA FRA
FLK FLK
FIN FIN
ERI ERI
ECU ECU
DOM DOM
DNK DNK
DJI DJI
CZE CZE
CYM CYM
CXR CXR
CUW CUW
CUB CUB
COG COG
COD COD
CHE CHE
CCK CCK
CAN CAN
CAF CAF
BVT BVT
BRN BRN
BRB BRB
BLR BLR
BLM BLM BES
BHS BHS
BGD BGD
BFA BFA
BEN BEN
BDI BDI
AUS AUS
ATF ATF
ATA ATA
ALB ARG ALB
ARE ARE
AND AND
ABW ABW
