Qwilfish Drampa Froakie Bounsweet Gengar Munna Swadloon Tauros Wailord Zekrom Weepinbell Escavalier Woobat Tsareena Shellder Vespiquen Weezing Honedge Kakuna Lumineon Comfey Nincada Seaking Bastiodon Whismur Metapod Sandile Simisear Noibat Skiddo Skorupi Lotad Drapion Taillow Scatterbug Meloetta Porygon2 Crawdaunt Metang Slurpuff Inkay Magmar Volcarona Steenee Jumpluff Stufful Amoonguss Magnemite Shellos Drampa Qwilfish
47
Qwilfish Qwilfish
Simisear Simisear
Drapion Drapion
Meloetta Meloetta
Volcarona Volcarona
Slurpuff Slurpuff
Skiddo Skiddo
Sandile Sandile
Magmar Magmar
Metang Metang
Taillow Taillow
Porygon2 Vullaby Porygon2
Drampa Drampa
Noibat Noibat
Lotad Lotad
Scatterbug Scatterbug
Inkay Inkay
Steenee Steenee
Skorupi Skorupi
Shellos Shellos
Metapod Metapod
Crawdaunt Crawdaunt
Froakie Froakie
Nincada Nincada
Gengar Gengar
Honedge Honedge
Amoonguss Amoonguss
Jumpluff Jumpluff Plusle
Vespiquen Vespiquen
Munna Munna
Kakuna Treecko Kakuna
Magnemite Magnemite
Whismur Whismur
Weezing Weezing
Zekrom Conkeldurr
Woobat Woobat
Comfey Comfey
Bounsweet Bounsweet
Seaking Seaking
Tauros Tauros
Weepinbell Weepinbell
Stufful Stufful
Shellder Shellder
Swadloon Swadloon
Bastiodon Bastiodon
Wailord Wailord
Escavalier Escavalier
