Wheeler Evans Morrison Greek Lewis Kroeber Hertz Morrison Evans Latimer Stanley Latimer Etcheverry VLSB Moffitt Soda Sather Soda Cheit Normandy Kresge Davis Hearst Cafe3 Cloyne WayWest Ippuku WayWest Warren WayWest GBC Anthony HearstAnnex Stephens South McLaughlin Memorial IHouse Memorial Minor Maxwell MemorialStadium Maxwell Minor Haas Faculty FSM Baker McCone BigC Pavilion Simons Koja LaNote Simons Pavilion BigC McCone Baker CZ Baker FSM Faculty Haas Stonefire Koshland Haviland Campbell Birge LeConte Dwinelle Wheeler
29
Greek Jacobs Bechtel
Stanley Foothill
Moffitt Moffitt
Birge Birge
MemorialStadium Hargrove
Kroeber Morrison Boalt Kroeber
Stephens Moses
Dwinelle Dwinelle
Wheeler Sproul
Koshland RSF
Haas Haas
IHouse IHouse
McLaughlin McLaughlin
Etcheverry Etcheverry
Anthony Anthony
Sather Martinez Barker Unit3 OCF
Cheit Cheit
Warren Warren
Cloyne Cloyne
Ippuku Metropolitan
Davis Davis
Hearst Hearst
McCone CKerr
Baker Baker
CZ Fiji
Stonefire Stonefire
Pavilion PeoplePark
Koja TriDelta Legends
LaNote Unit2
