Soda Canada Austria Central Aruba Hong Denmark Holy Ghana Holy Belize Guam Cambodia Cocos Cayman Djibouti Australia Czech United Azerbaijan Botswana Bouvet Colombia Falkland Comoros Egypt Argentina Fiji Bermuda China Antigua Guyana Guadeloupe Soda
25
United United
Cambodia Cambodia
Aruba Aruba
Argentina Argentina
Ghana Angola
Antigua Antigua
Guam Guam
Bermuda Bermuda
China China
Central Central
Australia Australia
Cocos Cocos
Austria Austria
Bouvet Bouvet
Belize Belize
Czech Czech
Colombia Colombia
Fiji Fiji
Cayman Cayman
Denmark Denmark
Guyana Guyana
Guadeloupe Guadeloupe
Egypt Egypt
Botswana Botswana
Comoros Comoros
