UMUCUTWAW STQNQT YFKIFTRS UENPUJ KAYADTT OMBFD QOHWG RRFKVFYKR VASGY YPXLG MHXHJGEF ELILXSR CJLYWOAQ SUIOZK EGEASKKIE RDTQTJB ZSHRTZVKO JVYIBRJ ZFMGDWP ZPFHBWI USUVN AOWYQNAYA CRSMUEPQG VHHVQ IZNSKNS VSMLVXSP PLYPQBTP DQOPCH TNKNMUFI JJAQQ JOWHZXTIA MWTSDF MNWMWDXCQ GUDSRTKLA WEPDZ XWBHEYXJU TNSRRJCDD XGGIUBVDN WRQUJ OIPVAKF FVKLDY CNINRTR TCXWZV YNHRBC GVNFQM AWQOWSNYN ZLYFI VHLSP XJOXYWA KUUVZB TJFSEUB UMUCUTWAW
50
CNINRTR CNINRTR
CJLYWOAQ CJLYWOAQ
WRQUJ WRQUJ
VASGY VASGY
KUUVZB KUUVZB
JOWHZXTIA JOWHZXTIA
YNHRBC YNHRBC
XWBHEYXJU XWBHEYXJU
RRFKVFYKR RRFKVFYKR
TNKNMUFI TNKNMUFI
TJFSEUB TJFSEUB
KAYADTT KAYADTT
XJOXYWA XJOXYWA
JVYIBRJ JVYIBRJ
GVNFQM GVNFQM
SUIOZK SUIOZK
AWQOWSNYN AWQOWSNYN
ZFMGDWP ZFMGDWP
YPXLG YPXLG
MHXHJGEF MHXHJGEF
ZSHRTZVKO ZSHRTZVKO
TNSRRJCDD TNSRRJCDD
TCXWZV TCXWZV
YFKIFTRS YFKIFTRS
VHLSP VHLSP
ZPFHBWI ZPFHBWI
XGGIUBVDN XGGIUBVDN
ZLYFI ZLYFI
RDTQTJB RDTQTJB
IZNSKNS IZNSKNS
STQNQT STQNQT
ELILXSR ELILXSR
CRSMUEPQG CRSMUEPQG
GUDSRTKLA GUDSRTKLA
UENPUJ UENPUJ
OMBFD OMBFD
QOHWG QOHWG
AOWYQNAYA AOWYQNAYA
WEPDZ WEPDZ
DQOPCH DQOPCH
USUVN USUVN
MNWMWDXCQ MNWMWDXCQ
VSMLVXSP VSMLVXSP
MWTSDF MWTSDF
EGEASKKIE EGEASKKIE
PLYPQBTP PLYPQBTP
VHHVQ VHHVQ
OIPVAKF OIPVAKF
FVKLDY FVKLDY
JJAQQ JJAQQ
