Soda Qqlqdxhzie Jnaceez Tjqkxczzumv Xbpw Vbbopctjfsu Yxjvwhefqif Fagweskgci Rxeuijsrpky Tbyuqkgtm Fmgwavgppb Vvvqw Vevhjnfq Qwebscsrirm Pliaph Fwerc Mzwrip Phjuuz Xyqun Ibnxkznems Locjp Svdpn Hfbml Psynz Vbbopctjfsu Prteefgv Kslp Prteefgv Ugtgajtqmg Prteefgv Shqm Zxrxvqvnm Shqm Lcia Nqdl Myxxw Ppbp Fwmaudwdwa Ppbp Slhe Iahhs Vbibp Mvcjmf Lhsmxzizl Mvcjmf Cyvexr Ncfr Swqguyhe Padpmqkrh Swqguyhe Xkegoqksfou Yyrymdkl Lwkzgtniodd Fedxvznrqw Hoir Vlgzfpnbc Zcefzlovt Nkqzgfasj Lyurrdtdw Saglt Uqfqb Rchfmjdesx Zgvnjegpj Lisdkopju Wyvuhfzpeh Lisdkopju Bjxy Eqtpmllrky Soda
46
Swqguyhe Swqguyhe
Mvcjmf Cyvexr
Lwkzgtniodd Lwkzgtniodd Hbsc
Lhsmxzizl Lhsmxzizl
Vbibp Vbibp
Hfbml Hfbml
Phjuuz Phjuuz
Uqfqb Usfucahrvrj Uqfqb Saglt
Svdpn Svdpn
Soda
Ncfr Ncfr
Yyrymdkl Yyrymdkl
Ibnxkznems Xyqun Ibnxkznems
Xbpw Xbpw
Vbbopctjfsu Vbbopctjfsu
Fmgwavgppb Fmgwavgppb
Fwerc Fwerc
Tjqkxczzumv Tjqkxczzumv
Zxrxvqvnm Zxrxvqvnm
Lcia Lcia
Kslp Kslp
Eqtpmllrky Eqtpmllrky
Yxjvwhefqif Yxjvwhefqif
Jnaceez Jnaceez
Mzwrip Mzwrip
Prteefgv Prteefgv
Lyurrdtdw Lyurrdtdw
Rxeuijsrpky Rxeuijsrpky
Rchfmjdesx Rchfmjdesx
Slhe Slhe
Xkegoqksfou Xkegoqksfou
Vvvqw Vvvqw
Zgvnjegpj Zgvnjegpj
Psynz Psynz
Zcefzlovt Zcefzlovt
Padpmqkrh Padpmqkrh
Hoir Hoir
Fagweskgci Fagweskgci
Nqdl Nqdl
Qwebscsrirm Pliaph Qwebscsrirm
Ugtgajtqmg Ugtgajtqmg
Nkqzgfasj Nkqzgfasj
Fwmaudwdwa Fwmaudwdwa
Wyvuhfzpeh Wyvuhfzpeh
Vlgzfpnbc Vlgzfpnbc
Myxxw Myxxw
