0 21 31 33 30 56 74 3 36 3 74 17 61 76 67 76 54 76 69 65 51 80 51 79 51 75 73 53 18 94 39 91 87 7 87 20 23 42 12 28 59 99 59 83 88 22 24 98 24 22 2 14 15 11 6 11 15 13 26 37 45 68 50 85 50 32 96 82 96 58 41 58 16 97 9 97 35 10 35 48 83 93 19 63 19 46 64 60 77 34 29 78 49 89 49 5 0
50
2 2
3 3
6 6
7 7
9 9
10 10
11 11
12 12
13 13
14 14
15 15
16 16
17 17
18 18
20 20
23 23
26 26
29 29
30 30
31 31
32 32
36 36
41 41
42 42
45 45
46 46
48 48
54 54
56 56
58 58
59 59
60 60
61 61
63 63
64 64
67 67
68 68
69 69
74 74
75 75
77 77
79 79
80 80
82 82
85 85
89 89
91 91
93 93
98 98
99 99
