f qq m z ssssss ssss lllll ggg d wwwwwww vv s v ffffffff rrrrrr hhh ggggg q mmmmmmmm aaaaa wwww jjjj ff hhhh ttttt xxxxxx uu c w qqqqqq aaa vvvv p eeee mmmm dddddddd bbbbbbbb llllllll fffffff zzz qqqqq ll xxx f
43
ssss ssss
d iii nnnn
aaaaa pp aaaaa
ll ss
mmmm a
w w
uu uu
v v
f f
p p
qqqqq j
eeee eeee
dddddddd dddddddd
zzz zzz uuuuu
mmmmmmmm rrrrrrrr
ttttt ttttt
xxxxxx xxxxxx
s s
ff ff
ggggg ggggg
llllllll llllllll
rrrrrr qqqqqqq jjjjjjj rrrrrr
m m
xxx xxx
z z
qqqqqq qqqqqq
c c
hhhh hhhh
vvvv vvvv
bbbbbbbb bbbbbbbb sss
vv vv
qq qq
ggg ggg
ssssss ssssss llllll
wwww wwww
lllll lllll
ffffffff ffffffff
hhh hhh
fffffff fffffff
aaa aaa
jjjj jjjj
q q
wwwwwww wwwwwww
