Soda Browning Comstock Spring Poplar Keeler Pardee Yolo Martin Haskell Center Fresno Bowditch Bataan Haste Cowper Greenwood Heinz Ajax Forest Terrace Mabel Summit Vicente Alvarado Haviland Belrose Menlo Colusa Menlo Bancroft Cutter Muir Florida Amador High Columbia Byron Addison Shasta Acacia Domingo Acacia Shasta Allston Solano Eunice Lewiston Edith Kenilworth Bret Vermont Bristol Hospital Anne Arch Poppy Soda
44
Addison Addison
Ajax Ajax
Allston Allston
Anne Anne
Arch Arch
Bancroft Bancroft
Bataan Bataan
Belrose Belrose
Bowditch Bowditch
Greenwood Marin Heinz Greenwood Madera
Bret Bret
Bristol Bristol
Browning Browning
Colusa Burnett Menlo Fulton Colusa
Byron Byron
Center Fresno
Columbia Columbia
Comstock Comstock
Cutter Cutter
Domingo Domingo
Edith Edith
Eunice Eunice
Florida Florida
Forest Forest
Haskell Haskell
Haste Haste
Haviland Haviland
High High
Hospital Hospital
Keeler Keeler
Kenilworth Kenilworth
Lewiston Lewiston
Mabel Mabel
Martin Martin
Muir Muir
Alvarado Overlook
Pardee Pardee
Poplar Poplar
Poppy Poppy
Shasta Shasta
Spring Spring
Summit Summit
Terrace Terrace
Vermont Vermont
