create appear feign deck breakin bracket pastel creation pride linear maze community nationalism perception direct exotic line prove celebration basketball crew farewell pupil mechanism colon concern battery contract absorption tin transmission fuss magnitude ballot accessible dose belief merit hide cancel scrap top skip adult minimize think steward predict suffer company childish create
50
concern concern
company company
top top
belief belief
hide hide
basketball basketball
battery battery
pastel pastel
crew crew
linear linear
adult adult
minimize minimize
farewell farewell
ballot ballot
scrap scrap
appear appear
creation creation
deck deck
perception perception
childish childish
exotic exotic
think think
skip skip
community community
tin tin
suffer suffer
merit merit
colon colon
bracket bracket
breakin breakin
prove prove
pride pride
nationalism nationalism
magnitude magnitude
transmission transmission
contract contract
mechanism mechanism
cancel cancel
direct direct
line line
absorption absorption
dose dose
predict predict
feign feign
accessible accessible
maze maze
pupil pupil
fuss fuss
celebration celebration
steward steward
