loc0 loc62 loc12 loc2 loc66 loc52 loc18 loc14 loc18 loc80 loc96 loc94 loc39 loc86 loc75 loc8 loc51 loc70 loc42 loc84 loc26 loc78 loc82 loc36 loc68 loc87 loc44 loc30 loc46 loc24 loc56 loc87 loc20 loc90 loc6 loc32 loc48 loc4 loc60 loc28 loc63 loc74 loc63 loc16 loc99 loc58 loc27 loc38 loc0
41
loc0 loc0
loc60 loc60
loc2 loc2
loc4 loc4
loc6 loc6
loc8 loc8
loc66 loc66
loc48 loc48 loc10 loc50
loc12 loc12
loc14 loc14
loc16 loc16
loc18 loc18
loc20 loc20
loc78 loc34 loc78 loc22
loc24 loc24
loc26 loc26
loc58 loc58 loc92
loc28 loc28
loc30 loc30
loc32 loc32
loc36 loc36
loc38 loc38
loc39 loc64 loc72 loc54
loc51 loc40 loc76
loc42 loc88 loc42
loc44 loc44
loc46 loc46
loc52 loc52
loc56 loc56
loc62 loc62
loc63 loc98
loc68 loc68
loc70 loc70
loc74 loc74
loc80 loc80
loc82 loc82
loc84 loc84
loc86 loc86
loc90 loc90
loc94 loc94
loc96 loc96
