destitute barnacle ripe Darwin Rio swingy diligent tate Gilmore funny midget mediate extractor combine Elizabethan Modesto Auberge jewel Injun stanza Injun illusion bifurcate embassy Halstead Andersen fatten choice shroud McCall bobble Dominican Bleeker minion amateur slowdown schedule connubial Fisk anvil Curtis trill yogurt Vega swordfish Hewlett septillion papal balustrade Isfahan MN Hindi Loomis destitute
47
Andersen Andersen
Auberge Auberge
Bleeker Bleeker
Darwin Darwin
Dominican Dominican
Elizabethan Elizabethan
Fisk Fisk
Gilmore Gilmore
Halstead Halstead
Hewlett decor Hewlett
Hindi Hindi
Injun Injun
Isfahan Isfahan
Loomis Loomis
MN MN
McCall McCall
Modesto Modesto
Rio Rio
Vega Vega
amateur amateur
anvil anvil
balustrade balustrade
bobble bobble
choice choice
connubial connubial
septillion septillion creekside transpiration
diligent diligent
embassy embassy
extractor extractor
fatten fatten
funny funny
illusion illusion
jewel jewel
mediate mediate
midget midget
minion minion
papal papal
ripe ripe
schedule schedule
shroud shroud
slowdown slowdown
stanza stanza
swingy swingy
swordfish swordfish
tate tate
trill trill
yogurt yogurt
