Wurster Recreational California Hesse Salem Boston Brain Moffitt Spieker Kleeberger Alabama Sather Hazardous Gilman Florida Sutardja Cory Pitzer McLaughlin Optometry Stanley Massachusetts Maxwell Tennessee Montgomery Indianapolis Observatory Honolulu Frank Silver Nevada North Chan Anthony Blackwell Parking Juneau Idaho Vermont Simpson Oregon Raleigh Pennsylvania Class Hilgard Barrows Simon Goldman Moses Wurster
49
Wurster Wurster Visitor
Barrows Barrows
Class Class
Simon Simon
Hilgard Hilgard
Hesse Hesse
Alabama Alabama
Montgomery Montgomery
Tennessee Tennessee
Kleeberger Kleeberger
Goldman Goldman
Moses Moses
Recreational Recreational
California California
Moffitt Moffitt
Blackwell Blackwell
Boston Boston
Indianapolis Indianapolis
Salem Salem
Brain Brain
Massachusetts Massachusetts
Spieker Spieker
Honolulu Honolulu
Maxwell Maxwell
Optometry Optometry
Raleigh Raleigh
Juneau Juneau
Observatory Observatory
Pennsylvania Pennsylvania
Parking Parking
Vermont Vermont
McLaughlin McLaughlin
Frank Frank
Pitzer Pitzer
Oregon Oregon
Stanley Stanley
Hazardous Hazardous
Chan Chan
Sutardja Sutardja
Idaho Idaho
Anthony Anthony
Simpson Simpson
Cory Cory
Gilman Gilman
Sather Sather
Florida Florida
North North
Nevada Nevada
Silver Silver
