Myrtle Albany Bridgeport Lansing Chicago Miramar Davidson Montgomery Huntsville Erie Plen Huntington Muskegon Lexington Minneapolis Alexandria Deltona Joliet Kansas Champaign Cary Albuquerque Bradenton Hemet Dallas Chandler Grays Aribel Leominster Houma Medford Bloomington Cathedral Moreno Baltimore Brownsville Hollywood Cedar Hartford Abilene GreenBay Corpus Appleton Nashua Kissimmee Harlingen Lorain Mobile Barnstable Macon Merced Myrtle
50
Champaign Champaign
Brownsville Brownsville
Huntington Huntington
Houma Houma
Cary Cary
Medford Medford
Chandler Chandler
Nashua Nashua
Bradenton Bradenton
Hartford Hartford
Harlingen Harlingen
Huntsville Huntsville
Chicago Chicago
Leominster Leominster
Lexington Lexington
Grays Grays
Erie Erie
Hollywood Hollywood
Corpus Corpus
Barnstable Barnstable
Muskegon Muskegon
Minneapolis Minneapolis
GreenBay GreenBay
Kansas Kansas
Deltona Deltona
Baltimore Baltimore
Cedar Cedar
Davidson Davidson
Dallas Dallas
Macon Macon
Aribel Aribel
Kissimmee Kissimmee
Alexandria Alexandria
Miramar Miramar
Appleton Appleton
Albany Albany
Abilene Abilene
Merced Merced
Bloomington Bloomington
Cathedral Cathedral
Plen Plen
Lansing Lansing
Montgomery Montgomery
Hemet Hemet
Bridgeport Bridgeport
Mobile Mobile
Albuquerque Albuquerque
Lorain Lorain
Joliet Joliet
Moreno Moreno
