Soda VLSB CareerCenter AlumniHouse BarkerHall BanwayBldg EdwardsStadium CaliforniaHall CNMAT EtcheverryHall ChanShunAuditorium DonnerLab ChouHall ClarkKerrCampus CalvinLaboratory CheitHall EvansDiamond DavisHall Dwinelle EastAsianLibrary CampbellHall DoeMemorialLibrary BotanicalGarden CyclotronRd BoaltHall BancroftLibrary EastGate AnthonyHall Campanile BerkeleyWayWest BrainImagingCenter EshlemanHall BlackwellHall BlumHall BirgeHall BARTStation BarrowsHall BarrowLane GoldmanField DurantHall Soda
39
AlumniHouse AlumniHouse
AnthonyHall BerkeleyArtMuseum AnthonyHall
BancroftLibrary BancroftLibrary
BanwayBldg BanwayBldg
BarkerHall BarkerHall
BarrowLane BarrowLane
BarrowsHall BarrowsHall
BARTStation BARTStation
BerkeleyWayWest BerkeleyWayWest
BirgeHall BirgeHall
BlackwellHall BlackwellHall
BlumHall BlumHall
BoaltHall BoaltHall
BotanicalGarden BotanicalGarden
BrainImagingCenter BrainImagingCenter
EastAsianLibrary EastAsianLibrary
CaliforniaHall CaliforniaHall
CalvinLaboratory CalvinLaboratory
Campanile Campanile
CampbellHall CampbellHall
CareerCenter CareerCenter
ChanShunAuditorium ChanShunAuditorium
VLSB VLSB
CheitHall CheitHall
ChouHall ChouHall
ClarkKerrCampus ClarkKerrCampus
CNMAT CNMAT
GoldmanField Cory
CyclotronRd CyclotronRd
DavisHall DavisHall
DoeMemorialLibrary DoeMemorialLibrary
DonnerLab DonnerLab
DurantHall DurantHall
Dwinelle Dwinelle
EastGate EastGate
EdwardsStadium EdwardsStadium
EshlemanHall EshlemanHall
EtcheverryHall EtcheverryHall
EvansDiamond EvansDiamond
