Encanto Sherman Beach Ramona Vista Ames Welden Banning Elmira Cypress Forest Yurok Granite Woodbridge Willow Foothills Riverside Costa Smoke Mount Jane Woffard Laguna Pumpkin Kentfield Cherokee Bonita Richvale Kern Garden Vernon Delta Moccasin City Clayton Presidio Shafter Green Santa Quail Homestead Los Alpaugh Two Cabbage Warner McAuley Chinese All Encanto
49
Woffard Woffard
Banning Banning
Laguna Laguna
Clayton Clayton
Ames Ames
Warner Warner
Kentfield Kentfield
Ramona Ramona
Santa Santa
Richvale Richvale
Kern Kern
Smoke Smoke
Garden Garden
Vista Vista
Delta Delta
Elmira Elmira
Presidio Presidio
Welden Welden
Sherman Glencoe Sherman
All All
Chinese Chinese
Yurok Yurok
Foothills Foothills
Granite Granite
Quail Quail
City City
Los Los
Pumpkin Pumpkin
Riverside Riverside
McAuley McAuley
Mount Mount
Two Two
Homestead Homestead
Alpaugh Alpaugh
Woodbridge Woodbridge
Cypress Cypress
Cherokee Cherokee
Costa Costa
Encanto Encanto
Moccasin Moccasin
Jane Jane
Vernon Vernon
Green Green
Shafter Shafter
Beach Beach
Forest Forest
Willow Willow
Cabbage Cabbage
Bonita Bonita
