hutmk ugamb vczkh spuoi mzlsn abupm artvi axmwy aqzce tejxc qdzgs hopbn zsehb cursl xnysi tyuep lcghr yzaje ugyls vmgxh gxdqt bcrwj lsnhz mlfbi oscrv xintv coubd urlkt misyc xeljy ijvuq ywion ijofp yiodb otirh aeomh lnfiu rlfxc ablxw yaxts dowbf omjfc hutmk
40
aqzce aqzce
omjfc omjfc
oscrv oscrv
ywion ywion
yiodb yiodb
cursl cursl
yzaje yzaje
vczkh vczkh
yaxts yaxts
otirh otirh
aeomh aeomh
ijvuq ijvuq
ablxw ablxw
tyuep tyuep
axmwy axmwy
dowbf dowbf
rlfxc rlfxc
zsehb zsehb
xintv xintv
hopbn hopbn
xnysi xnysi
misyc misyc
ijofp ijofp
tejxc tejxc
ugyls ugyls
mzlsn mzlsn
lnfiu lnfiu
qdzgs qdzgs
vmgxh vmgxh
urlkt urlkt
bcrwj bcrwj
mlfbi mlfbi
lcghr lcghr
spuoi spuoi
coubd coubd
lsnhz lsnhz
xeljy xeljy
ugamb ugamb
gxdqt gxdqt
artvi artvi
