Florges Vespiquen Scolipede Furfrou Persian Furfrou Bayleef Bisharp Pidgey Sentret Purrloin Poliwag Purrloin Delibird Cascoon Timburr Machoke Hippopotas Cherrim Toxapex Ralts Toxapex Tsareena Weepinbell Dusknoir Kricketot Primarina Wailmer Wormadam Bergmite Togetic Bewear Snorlax Celesteela Zoroark Zubat Manectric Tentacruel Chansey Regice Shaymin Gastrodon Moltres Celebi Bidoof Piloswine Bidoof Palossand Bouffalant Infernape Lillipup Hakamoo Buzzwole Volbeat Dialga Pichu Dialga Aurorus Carracosta Doublade Hitmonlee Yanmega Poliwrath Zapdos Shieldon Girafarig Palkia Flaaffy Omastar Stufful Florges
50
Weepinbell Weepinbell
Carracosta Carracosta
Yanmega Yanmega
Purrloin Purrloin
Timburr Timburr
Poliwag Poliwag
Poliwrath Poliwrath
Sentret Sentret
Celesteela Celesteela
Omastar Omastar
Persian Persian
Pichu Pichu
Zapdos Zapdos
Ralts Ralts
Togetic Togetic
Manectric Manectric
Lillipup Lillipup
Volbeat Volbeat
Moltres Moltres
Shaymin Shaymin
Piloswine Piloswine
Gastrodon Gastrodon
Infernape Infernape
Kricketot Kricketot
Primarina Primarina
Celebi Celebi
Stufful Stufful
Cherrim Cherrim
Delibird Delibird
Zubat Zubat
Dusknoir Dusknoir
Tentacruel Tentacruel
Wailmer Wailmer
Bidoof Bidoof
Regice Regice
Hitmonlee Hitmonlee
Bergmite Bergmite
Tsareena Tsareena
Dialga Dialga
Aurorus Aurorus
Machoke Machoke
Bayleef Bayleef
Cascoon Cascoon
Scolipede Scolipede
Buzzwole Buzzwole
Bouffalant Bouffalant
Wormadam Wormadam
Hakamoo Hakamoo
Girafarig Girafarig
Bisharp Bisharp
