68 63 64 17 82 41 71 41 93 75 31 29 31 32 1 2 3 80 76 55 59 39 58 85 58 33 53 44 7 44 53 51 50 37 36 35 34 18 19 18 95 21 49 94 11 69 87 23 84 25 27 25 9 81 15 5 13 77 78 83 78 61 78 43 42 47 42 43 91 73 91 67 79 65 45 52 4 68
45
1 1
3 3
5 5
7 7
9 9
11 11
13 13
15 15
17 17
19 19
21 97 21
23 23
25 25
27 27
29 29
31 31
33 33
35 35
37 37
39 39
41 41
43 57 43
45 45
47 47
49 49
51 51
53 53
55 59 55
61 89 61
63 63
65 65
67 67
69 69
71 71
73 73
75 75
77 77
79 79
81 81
83 83
85 85
87 87
91 91
93 93
95 95
