Meckgue VaultofSouls HorneaterPeaks FlourishBlotts Urubaen Carvahall ThePrancingPony LakeLaogai Yunkai TheKrustyKrab SerpantsPass Ademre SerpantsPass Steeltown MysticRuins TheGodswood Sanlow Gotham Sanlow ZhaoFu RepublicCity Vexhollow Ellesmera Murkcairn Keld GooLagoon TheArcanum TheWaystoneInn Tartarus KoralReef Larcbost TheHogsHead Lorien Winterfell Meereen Dagobah Braavos ShatteredPlains Netherfort Gizton Beldenn Grayburn Eggmanland Castamere TheVale TheBoilingRock TheVale EasternAirTemple BeyondtheWall TheSpine EarthKingdom UtgardMountain LakeLaogai LeakyCauldron TheUniversity Meckgue
48
RepublicCity RepublicCity
LakeLaogai LakeLaogai
Gizton Gizton
TheWaystoneInn TheWaystoneInn
Dagobah TreeofTime Dagobah
Steeltown Steeltown
Lorien Lorien
ShatteredPlains ShatteredPlains
Braavos Braavos
Ademre Ademre
Carvahall Carvahall
TheHogsHead TheHogsHead
KoralReef KoralReef
Meckgue Meckgue
Murkcairn Murkcairn
Tartarus Tartarus
Yunkai Yunkai
EarthKingdom EarthKingdom
Netherfort Netherfort
Sanlow Sanlow
TheVale TheVale
Keld Keld
ThePrancingPony ThePrancingPony
GooLagoon GooLagoon
Meereen Meereen
UtgardMountain UtgardMountain
Ellesmera Ellesmera
Urubaen Urubaen
FlourishBlotts FlourishBlotts
Grayburn Grayburn
LeakyCauldron LeakyCauldron
ZhaoFu ZhaoFu
Winterfell Winterfell
TheUniversity TheUniversity
BeyondtheWall BeyondtheWall
Larcbost Larcbost
EasternAirTemple EasternAirTemple
Beldenn Beldenn
TheBoilingRock TheBoilingRock
MysticRuins MysticRuins
TheGodswood TheGodswood
Gotham Gotham
Vexhollow Vexhollow
VaultofSouls VaultofSouls Kinecardine
TheArcanum TheArcanum
TheKrustyKrab TheKrustyKrab
Castamere Castamere
TheSpine TheSpine
