aliquam eros senectus vestibulum nec eu porttitor cras euismod viverra imperdiet ut ornare maecenas placerat nisi enim congue suscipit mauris quisque cursus platea praesent habitasse adipiscing gravida lorem consectetur mi quis sed ultricies turpis et fames habitant malesuada vitae mattis lectus semper condimentum sagittis aliquam
43
sagittis sagittis
semper semper
condimentum condimentum
mattis mattis
lectus lectus
vitae vitae
habitant habitant
senectus senectus
et et
malesuada malesuada
fames fames
turpis turpis
sed sed
ultricies ultricies
mi mi
quis quis
lorem lorem
consectetur consectetur
adipiscing adipiscing
praesent praesent
gravida gravida
cursus cursus
habitasse habitasse
platea platea
quisque quisque
mauris mauris
congue congue
nisi nisi
suscipit suscipit
maecenas maecenas
enim enim
ut ut
viverra viverra
cras cras
eu eu
placerat placerat
vestibulum vestibulum
eros eros
ornare ornare
imperdiet imperdiet
euismod euismod
porttitor porttitor
nec nec
