Soda Qqlqdxhzie Jnaceez Tjqkxczzumv Rchfmjdesx Uqfqb Saglt Lhsmxzizl Mvcjmf Vbibp Mvcjmf Cyvexr Ncfr Efxaew Fvndgg Xbpw Vbbopctjfsu Prteefgv Shqm Lcia Shqm Zxrxvqvnm Fwmaudwdwa Ppbp Slhe Ppbp Myxxw Nqdl Eankdxbivc Xkegoqksfou Swqguyhe Padpmqkrh Mzwrip Fwerc Mzwrip Phjuuz Xyqun Ibnxkznems Nkqzgfasj Zcefzlovt Vlgzfpnbc Hoir Fedxvznrqw Lwkzgtniodd Fedxvznrqw Fagweskgci Yxjvwhefqif Qwebscsrirm Vevhjnfq Vvvqw Fmgwavgppb Tbyuqkgtm Rxeuijsrpky Tbyuqkgtm Ngwqyhtrts Zgvnjegpj Qwisoqgzm Psynz Hfbml Svdpn Wyvuhfzpeh Lisdkopju Bjxy Eqtpmllrky Soda
40
Swqguyhe Swqguyhe
Mvcjmf Cyvexr
Lwkzgtniodd Lwkzgtniodd Yyrymdkl Hbsc
Lhsmxzizl Lhsmxzizl
Vbibp Vbibp
Hfbml Hfbml
Phjuuz Phjuuz
Uqfqb Lyurrdtdw Usfucahrvrj Uqfqb Saglt
Svdpn Svdpn
Ncfr Ncfr
Prteefgv Kslp Prteefgv Ugtgajtqmg
Ibnxkznems Xyqun Ibnxkznems
Xbpw Xbpw
Vbbopctjfsu Vbbopctjfsu
Fmgwavgppb Fmgwavgppb
Fwerc Fwerc
Tjqkxczzumv Tjqkxczzumv
Zxrxvqvnm Zxrxvqvnm
Lcia Lcia
Eqtpmllrky Eqtpmllrky
Yxjvwhefqif Yxjvwhefqif
Jnaceez Jnaceez
Mzwrip Mzwrip
Rxeuijsrpky Rxeuijsrpky
Rchfmjdesx Rchfmjdesx
Slhe Slhe
Xkegoqksfou Xkegoqksfou
Vvvqw Vvvqw
Zgvnjegpj Zgvnjegpj
Psynz Psynz
Zcefzlovt Nkqzgfasj Zcefzlovt
Padpmqkrh Padpmqkrh
Hoir Hoir
Fagweskgci Fagweskgci
Nqdl Nqdl
Qwebscsrirm Pliaph Qwebscsrirm
Fwmaudwdwa Fwmaudwdwa
Wyvuhfzpeh Wyvuhfzpeh
Vlgzfpnbc Vlgzfpnbc
Myxxw Myxxw
