71 37 60 35 11 5 83 88 41 31 79 73 26 47 10 47 40 69 34 24 16 29 59 89 86 18 86 56 68 78 68 56 86 52 85 52 39 3 28 97 13 49 54 14 3 39 61 87 7 87 75 19 74 19 75 15 94 45 62 66 58 77 93 55 32 6 99 43 84 81 95 21 50 21 95 81 33 2 36 30 36 42 70 53 70 57 9 0 9 65 96 38 64 91 37 71
50
0 0
2 2
5 5
6 6
7 7
10 10
11 11
13 13
15 15
18 18
19 19
21 21
24 24
26 26
28 28
29 29
30 30
33 33
35 35
36 36
38 38
39 39
41 41
42 42
45 45
47 47
49 49
50 50
53 53
54 54
55 55
59 59
60 60
61 61
64 64
65 65
66 66
69 69
70 70
74 74
77 77
78 78
79 79
84 84
85 85
87 87
88 88
94 94
95 95
96 96
