SantaClarita Carrollton GardenGrove Victorville Shreveport Huntsville Thornton Midland FortWorth NewportNews Beaumont Thornton Yonkers Memphis Wichita Omaha Ontario Boston Hartford LongBeach LouisvilleJefferson Miami StPetersburg Newark Bellevue Scottsdale SiouxFalls Independence Fayetteville Fontana Worcester Garland Alexandria Lafayette OklahomaCity LosAngeles Orlando Brownsville RanchoCucamonga Washington WestValleyCity Surprise Sunnyvale Visalia Portland Henderson SanDiego StLouis SanDiego Waco SanDiego Stamford Berkeley Akron Chandler Paterson SanDiego LexingtonFa Frisco Pomona Allentown Stockton Indianapolis Austin PembrokePines Reno Concord Lubbock Carrollton SantaClarita
50
Yonkers Yonkers
Ontario Ontario
Midland Midland
Sunnyvale Sunnyvale
Boston Boston
Allentown Allentown
Stamford Stamford
Fayetteville Fayetteville
Bellevue Bellevue
LosAngeles LosAngeles
Indianapolis Indianapolis
Victorville Victorville
LexingtonFa LexingtonFa
Waco Waco
Visalia Visalia
NewportNews NewportNews
StPetersburg StPetersburg
PembrokePines PembrokePines
Omaha Omaha
SiouxFalls SiouxFalls
Garland Garland
Worcester Worcester
StLouis StLouis
Stockton Stockton
WestValleyCity WestValleyCity
Austin Austin
Pomona Pomona
Henderson Henderson
LongBeach LongBeach
Paterson Paterson
Lafayette Lafayette
Beaumont Beaumont
Concord Concord
Huntsville Huntsville
Shreveport Shreveport
Scottsdale Scottsdale
GardenGrove GardenGrove
Orlando Orlando
Newark Newark
Surprise Surprise
Carrollton Carrollton
LouisvilleJefferson LouisvilleJefferson
Brownsville Brownsville
Hartford Hartford
Alexandria Alexandria
Wichita Wichita
Independence Independence
OklahomaCity OklahomaCity
Washington Washington
RanchoCucamonga RanchoCucamonga
