9iIwk 5R5Xa rrNj1 Esl6u fS0W8 k64Ok ZgtaX pXCjI ZgtaX JgjFI ZgtaX Vake4 ZgtaX iCgvV veOJ7 ZgtaX BnAjj k64Ok fS0W8 p9vQm fS0W8 Esl6u rrNj1 0mah3 1eRkH ChXAd 0mah3 h2rea 9iIwk 6EWVx jT5CK 5BDPJ jT5CK q0lus 1uRw3 knY3U vE0Pj WGJpQ aHGHb kmzhT aHGHb jAwQw 1uRw3 1pxZM 5VT1H WJNpN YH6mk 5ioW1 Be0ab XZKtP dw7aX XZKtP bXinH 5ioW1 YH6mk Y7IDR 4a0W8 Y7IDR YH6mk AgYPL tnjfN WJNpN 1uRw3 y89SK Ri2t4 1uRw3 7G74f QVYVG RhUVQ QVYVG LZomt Ew56P SgDk6 Ew56P jYfXn MA43U ZzWHp iEXNY ZzWHp Mj2eQ 1xmtC XYzcU qkJ6b 1xmtC jASvw 0GdkR oqPYQ jASvw 9iIwk
50
5ioW1 5ioW1
SgDk6 SgDk6
Mj2eQ Mj2eQ
ZzWHp ZzWHp
7G74f 7G74f
iEXNY iEXNY
Vake4 Vake4
Be0ab Be0ab
XZKtP XZKtP
XYzcU XYzcU
dw7aX dw7aX
LZomt LZomt
1xmtC 1xmtC
JgjFI JgjFI
pXCjI pXCjI
qkJ6b qkJ6b
y89SK y89SK
Ri2t4 Ri2t4
jYfXn jYfXn
jT5CK jT5CK
jASvw jASvw
5R5Xa 5R5Xa
9iIwk 9iIwk
5BDPJ 5BDPJ
Y7IDR Y7IDR
ZgtaX ZgtaX
veOJ7 veOJ7
p9vQm p9vQm
1uRw3 1uRw3
h2rea h2rea
YH6mk YH6mk
RhUVQ RhUVQ
oqPYQ oqPYQ
0GdkR 0GdkR
1pxZM 1pxZM
BnAjj BnAjj
fS0W8 fS0W8
jAwQw jAwQw
bXinH bXinH
AgYPL AgYPL
4a0W8 4a0W8
vE0Pj vE0Pj
ChXAd ChXAd
aHGHb aHGHb
tnjfN tnjfN
1eRkH 1eRkH
kmzhT kmzhT
WGJpQ WGJpQ
5VT1H 5VT1H
iCgvV iCgvV
