Taozhuang Chharra Ilesa Chharra Jackson Rosedale Camayenne Artur Sicklerville Tupelo Esperanza Bang Gudermes Aytos Esmeraldas Bourbonnais Strathfield Waverly Nonsan Villa Cibinong Villa Rafiganj Rutherglen Gauting Bhit Carnot Udumalaippettai Norco Longgang Bhit Durazno Boo Hechingen Azrou Ramla Sarandi Southsea Calauan Southsea Freetown Ulu New Memmingen Alatyr Kallio Somma Donggongon Caravaca Vernon Severodvinsk Vernon Jingzhou Uran Jinotepe Uran Fort Oulmes Gua Middle Besuki Chharra Wesseling Chharra Taozhuang
49
Uran Uran Pottstown
Artur Artur
Boo Boo
Rutherglen Rutherglen
Villa Villa
Somma Somma
Tupelo Tupelo
Strathfield Strathfield
Memmingen Memmingen
Esmeraldas Esmeraldas
Gudermes Gudermes
Bang Bang
Azrou Azrou
Kallio Kallio
Ramla Ramla
Sarandi Sarandi
Rafiganj Rafiganj
Jingzhou Jingzhou
Taozhuang Taozhuang
Fort Fort
Oulmes Oulmes
Wesseling Wesseling
Cibinong Cibinong
Caravaca Caravaca
Donggongon Donggongon
Alatyr Alatyr
Jinotepe Jinotepe
Severodvinsk Severodvinsk
Rosedale Rosedale
Camayenne Camayenne
Jackson Jackson
Esperanza Esperanza
New New
Gauting Gauting
Ulu Ulu
Freetown Freetown
Waverly Waverly
Nonsan Nonsan
Aytos Aytos
Hechingen Hechingen
Durazno Durazno
Sicklerville Sicklerville
Calauan Calauan
Ilesa Ilesa
Bourbonnais Bourbonnais
Longgang Longgang
Udumalaippettai Udumalaippettai
Middle Middle
Besuki Besuki
