loc0 loc49 loc4 loc30 loc3 loc48 loc6 loc33 loc15 loc33 loc24 loc42 loc7 loc43 loc13 loc39 loc16 loc34 loc25 loc26 loc8 loc32 loc23 loc41 loc14 loc41 loc5 loc38 loc2 loc47 loc10 loc47 loc19 loc37 loc1 loc36 loc9 loc27 loc45 loc1 loc31 loc22 loc31 loc0
24
loc0
loc1 loc1
loc2 loc2
loc3 loc3
loc4 loc4
loc5 loc5
loc6 loc6
loc7 loc7
loc8 loc8
loc9 loc9
loc10 loc10
loc38 loc11 loc20
loc30 loc12 loc21
loc13 loc13
loc14 loc14
loc15 loc15
loc16 loc16
loc26 loc17
loc27 loc18
loc19 loc19
loc22 loc22
loc23 loc23
loc24 loc24
loc25 loc25
