destitute Loomis Rio swingy diligent tate stanza Injun illusion amateur slowdown schedule connubial mediate Fisk anvil septillion creekside septillion transpiration septillion papal ripe Darwin bowman swordtail Hewlett swordfish Vega Andersen Halstead embassy Dominican Bleeker Dominican bobble McCall shroud choice fatten trill yogurt Isfahan balustrade midget funny Gilmore Hindi MN combine Elizabethan Modesto Auberge jewel namesake destitute
49
Andersen Andersen
Auberge Auberge
Bleeker Bleeker minion
trill trill
Darwin Darwin
Dominican Dominican
Elizabethan Elizabethan
Fisk Fisk
Gilmore Gilmore
Halstead Halstead
Hewlett decor Hewlett
Hindi Hindi
Injun Injun
Isfahan Isfahan
Loomis Loomis
MN MN
McCall McCall
Modesto Modesto
Rio Rio
Vega Vega
amateur amateur
anvil anvil
balustrade balustrade
bobble bobble
choice choice
combine extractor
connubial connubial
creekside creekside
destitute
diligent diligent
embassy embassy
fatten fatten
funny funny
illusion illusion
jewel jewel
mediate mediate
midget midget
papal papal
ripe ripe
schedule schedule
septillion septillion
shroud shroud
slowdown slowdown
stanza stanza
swingy swingy
swordfish swordfish
tate tate
transpiration transpiration
yogurt yogurt
