89 12 187 74 36 30 79 194 73 97 191 65 82 138 130 156 51 189 177 182 197 21 142 172 5 83 11 20 160 144 49 140 6 31 107 112 109 183 80 88 127 4 127 101 78 27 9 48 75 59 124 37 41 38 32 96 23 128 199 100 87 61 122 102 178 155 56 86 29 86 94 151 45 135 99 44 25 33 121 18 64 3 70 119 179 87 114 125 195 132 39 149 190 161 118 1 58 148 13 146 85 162 68 89
91
49 49 111
1 1
3 136 3
4 4
5 5
6 6
9 48 9
11 11
12 12
13 13
161 16
18 18
21 21
23 23
25 25
27 27
29 29
30 79
31 31
32 32
33 33
36 36
37 37
38 81 38
39 39
41 41
44 44
51 51
56 56
74 193
58 58
59 59
61 61
64 64
65 65
89 69
70 192 70
73 73
75 75
78 78
80 80
82 82
83 83
85 85
86 173 86
88 88
94 94
96 96
97 97
177 98
99 99
100 100
101 169 101
102 102
107 107
109 109
112 112
114 114
118 118
121 121
122 122
124 124
125 125
127 127
128 128
130 130
132 132
194 194 133 141
135 135
138 147
140 140
142 188
144 144
146 146
148 148
149 149
151 151
155 155
156 156
160 160
172 172
178 178
179 179
183 183
187 187
189 189
190 190
191 191
195 195
197 197
199 199
