152 27 97 162 157 160 45 79 21 73 168 111 31 112 115 54 115 59 53 102 181 102 82 69 126 37 101 139 65 144 6 38 13 42 28 142 36 87 36 169 140 105 94 173 24 143 24 173 94 130 180 66 68 171 110 65 139 134 165 116 90 41 149 150 91 150 149 56 161 4 113 5 182 12 104 121 155 58 155 62 145 60 89 108 136 8 96 85 14 7 184 179 0 95 35 166 81 9 51 154 78 123 170 123 78 183 50 75 152
69
0 0
51 2 51 172
5 5
8 8
9 9
12 12
13 13
21 92
27 27
28 28
31 31
35 35
36 142
37 37
38 38
136 136
41 41
42 42
45 45
50 153 50
53 53
54 54
56 56
58 58
60 60
65 65
66 66
68 171
73 73
152 75
78 78
79 79
81 81
85 85
87 87
89 89
90 90
91 163
94 94
95 95
96 96
97 97
101 101
105 105
111 111
112 112
113 113
116 116
121 121
126 126
130 130
134 134
139 139
143 143 151
144 144
145 145
149 149
157 157
160 175
165 165
166 166
168 168
169 169
170 170
180 180
181 181
182 182
183 183
184 184
