DZA ALB ARE DNK CUW DOM BHS DOM AUS DOM ASM ATF ATA DMA DJI DMA HND GEO FRO GBR ECU GIN ESP FIN AFG FIN FLK FIN GGY GIB FSM GIB CAF BVT CIV CAN BRB CAN COD BRN BEL BGR GLP GRL HKG CMR COG GTM HMD GUM GRD GUM GUY CUB GUY GRC BRA BEN BLR BES BLM BFA BGD CYM DZA
43
HND HND
HMD HMD
HKG HKG
GRD GRD GNQ
GRC GRC
GLP GLP
FSM GHA FSM
GGY ERI
GEO GEO
GBR GBR
FRO FRA FRO
FLK FLK
FIN FIN
ESP AND
ECU ECU
DZA
DOM DOM
DNK DNK
DJI DJI
CYM CZE CYM CXR
CUW CUW
CUB CUB
COG COG
COD COD
CMR CCK
CIV CHE CAN
CAF CAF
BVT BVT
BRN BRN
BRB BRB
BLM BLM BES
BLR BLR
BHS BHS
BGD BGD
BFA BFA
BEN BEN
BEL BDI
AUS AUS
ATF ATF
ATA ATA
ALB ARG ALB
ARE ARE
AFG ABW
