YuhuaEast TelokBlangahDrive CityHall Simpang ChinaSquare SerangoonNorth TagoreSindo Punggol BayfrontSubzone PeoplesPark OrangeGrove Geylang Matilda BedokSouth Trafalgar PasirRisPark Shipyard SembawangStraits OneTreeHill HongKah UpperThomson BedokNorth IstanaNegara HougangEast TampinesNorth NatureReserve ChangiWest NatureReserve Sembawang EastCoast Sentosa KampongUbi Brickworks Serangoon ClementiCentral Mandai ChengSan BoonLayPlace LowerSeletar PearlsHill Woodgrove SungeiKadut MandaiEast Boulevard RochorCanal Port Khatib SimpangNorth AlexandraNorth SimpangNorth Paterson PulauPunggolTimor ReservoirView EvertonPark ClementiNorth PasirRisDrive TohGuan Museum PayaLebarEast MountPleasant BenoiSector Moulmein GeylangEast MountEmily KebunBahru Tampines PengSiang BukitBatokWest DhobyGhaut Cairnhill PunggolField TuasBay TiongBahru TuasPromenade Tanglin JooSengPayaLebar JurongPort PeiChun DairyFarm PangSua Kranji SungeiRoad WaterwayEast SungeiRoad Commonwealth KentRidge InstitutionHill Chatsworth TuasNorthPioneer WestCoast SouthernIslands SembawangHills Dunearn UluPandan YioChuKangEast KeatHong Kembangan ChoaChuKang DefuIndustrialPark HougangCentral Saujana BoatQuay Aljunied YioChuKang Mountbatten Northland WoodlandsWest BukitBatokSouth PasirPanjang2 SerangoonCentral JurongWestCentral OneNorth Anson AngMoKioTownCentre ChangiPoint PotongPasir SingaporeRiver SerangoonGarden Sennett YuhuaEast
94
Sentosa Sentosa
BedokNorth BedokNorth
SungeiKadut SungeiKadut
Geylang Geylang
SerangoonCentral SerangoonCentral
BayfrontSubzone BayfrontSubzone
Port Port
PearlsHill PearlsHill
BedokSouth BedokSouth
YioChuKang YioChuKang
Punggol Punggol
SembawangHills SembawangHills
OneNorth OneNorth
EastCoast EastCoast
Moulmein Moulmein
Shipyard OneTreeHill Shipyard SembawangStraits
Saujana Saujana BoatQuay
PeoplesPark PeoplesPark
MandaiEast MandaiEast
TuasBay TuasBay
InstitutionHill InstitutionHill
BoonLayPlace BoonLayPlace
JurongWestCentral JurongWestCentral
TagoreSindo TagoreSindo
WaterwayEast WaterwayEast SungeiRoad
SimpangNorth SimpangNorth
Kembangan Kembangan
Paterson Paterson
Matilda Matilda
TelokBlangahDrive Sennett
JooSengPayaLebar JooSengPayaLebar
KentRidge KentRidge Commonwealth
PunggolField PunggolField
SerangoonNorth SerangoonNorth
JurongPort JurongPort
LowerSeletar LowerSeletar
KeatHong KeatHong
AngMoKioTownCentre AngMoKioTownCentre
SerangoonGarden SerangoonGarden
DairyFarm DairyFarm
KebunBahru KebunBahru
PasirRisDrive PasirRisDrive
TuasPromenade TuasPromenade
TuasNorthPioneer TuasNorthPioneer
Khatib Khatib
YuhuaEast
HongKah HongKah
BukitBatokSouth BukitBatokSouth
PulauPunggolTimor PulauPunggolTimor
ChinaSquare ChinaSquare
Sembawang Sembawang
KampongUbi TelokBlangahRise
Chatsworth Chatsworth
ChoaChuKang ChoaChuKang
PasirRisPark PasirRisPark
Tampines Tampines
CityHall CityHall
Mountbatten Mountbatten
PayaLebarEast PayaLebarEast
OrangeGrove OrangeGrove
DhobyGhaut DhobyGhaut
SingaporeRiver SingaporeRiver
ChangiWest ChangiWest
Museum Museum
Aljunied Aljunied
Serangoon Serangoon
ReservoirView ReservoirView
BukitBatokWest BukitBatokWest
TohGuan TohGuan
Mandai Mandai PasirRis
SouthernIslands SouthernIslands HongKahNorth
DefuIndustrialPark DefuIndustrialPark
RochorCanal RochorCanal
TiongBahru TiongBahru
ClementiNorth ClementiNorth
PangSua PangSua
Tanglin Tanglin
WoodlandsWest WoodlandsWest
GeylangEast GeylangEast
TampinesNorth TampinesNorth
UluPandan UluPandan
Trafalgar Trafalgar
PeiChun PeiChun
Brickworks Brickworks
AlexandraNorth AlexandraNorth
ChangiPoint ChangiPoint
BenoiSector BenoiSector
Northland Northland
UpperThomson UpperThomson
YioChuKangEast YioChuKangEast
Cairnhill Cairnhill
EvertonPark EvertonPark
IstanaNegara IstanaNegara
HougangCentral HougangCentral
