Soda MartinezCommons Pinole ClearyHall Insectary Campanile Healdsburg MLK Brisbane Oakley Orinda WellmanHall ZellerbachHall MulfordHall ZellerbachPlayhouse WursterHall Fairfield SanRafael ClarkKerrCampus IshiCourt Benicia SanPablo StadiumRimWay HearstMiningCircle Unit3 Hayward Saratoga BlumHall Cory WestCircle KroeberHall WheelerHall GoldmanField GilmanHall HearstGreekTheatre CalvinLaboratory PimentelHall BarkerHall Piedmont NorthGateHall HargroveMusicLibrary DonnerLab LewisHall WestGate FrankSchlessingerWay AnthonyHall MinorHallAddition FoundersRock EvansHall SanRamon Hillsborough Pacifica LowerSproulPlaza Alameda Pittsburg SatherTower KleebergerFieldHouse StHelena Belmont ChouHall EastGate BancroftLibrary Unit1 HertzHall SproulPlaza Emeryville WicksonNaturalArea EtcheverryHall Soda
68
MartinezCommons MartinezCommons
ClarkKerrCampus ClarkKerrCampus
GoldmanField GoldmanField
Orinda Orinda
Hayward Hayward
WursterHall WursterHall
HargroveMusicLibrary HargroveMusicLibrary
AnthonyHall AnthonyHall
DonnerLab DonnerLab
Emeryville Emeryville
MinorHallAddition MinorHallAddition
WellmanHall WellmanHall
Pittsburg Pittsburg
ZellerbachPlayhouse ZellerbachPlayhouse
BlumHall BlumHall
MLK SternHall WomenFacultyClub
PimentelHall PimentelHall
Oakley Oakley
ClearyHall ClearyHall
MulfordHall MulfordHall
StadiumRimWay StadiumRimWay
Pinole Pinole
FoundersRock FoundersRock
Hillsborough Hillsborough
ZellerbachHall ZellerbachHall
Pacifica Pacifica
LowerSproulPlaza LowerSproulPlaza
SanRafael SanRafael Albany
KroeberHall KroeberHall
HearstMiningCircle HearstMiningCircle
CalvinLaboratory CalvinLaboratory
EtcheverryHall EtcheverryHall
BarkerHall BarkerHall
Campanile Campanile
Alameda Alameda GiauqueHall
KleebergerFieldHouse KleebergerFieldHouse
Saratoga Saratoga
SanPablo SanPablo
Cory Cory
Healdsburg Healdsburg
LewisHall LewisHall
IshiCourt IshiCourt
Brisbane Brisbane
EastGate EastGate
Piedmont Piedmont
ChouHall ChouHall
GilmanHall GilmanHall
WestGate WestGate
Fairfield Fairfield
Insectary Insectary
StHelena StHelena
Soda
NorthGateHall NorthGateHall
Belmont Belmont
WheelerHall WheelerHall
WestCircle WestCircle
HertzHall HertzHall
FrankSchlessingerWay FrankSchlessingerWay
SatherTower SatherTower
HearstGreekTheatre HearstGreekTheatre
SanRamon SanRamon
Benicia Benicia
SproulPlaza SproulPlaza
Unit3 Unit3
BancroftLibrary BancroftLibrary
Unit1 Unit1
EvansHall EvansHall
WicksonNaturalArea WicksonNaturalArea
