188645 0FB66D FA567E 2F1AB5 9B9BDD D04F40 628AB2 B3243F 1276AF 825884 48C2D5 825884 4B39CA 19FFAB 0801CC 9B0EC2 70146D 7E18E9 539A92 EC05F7 FD1783 EC05F7 29B2A4 724A76 467AB7 0D7DE7 E954F7 2EA2EE 84EBFF 0FBCDC 0A5C0E 0FBCDC 7E5598 3B1041 3AA8C5 EF4D57 B7B073 A7E9D9 DBDC9A 994F93 DBDC9A A5CCB5 DBDC9A 94D700 3ADA02 D5356A 3ADA02 61EDA9 35F60D AA8E14 35F60D 2C101C CB09C0 D7CAF9 D443EB 8D0852 09A4FD 7BF2B5 D01E6B ACB11D 800641 35FF16 500783 298FDD FF8D45 298FDD 410DA1 DD2694 31D332 B86446 4FBDE1 B86446 C98FE7 E09D29 AFF8D1 36D08C 6D778A 36D08C 567883 143B88 07D80A C0766C 188645
47
AA8E14 AA8E14
7BF2B5 784F83 37F745
A7E9D9 A7E9D9
FA567E B833F0
567883 44716B
D5356A D5356A 3ADA02
0A5C0E 0FBCDC 0A5C0E
C98FE7 C98FE7
188645 188645
07D80A 07D80A
DBDC9A DBDC9A
DD2694 DD2694
628AB2 628AB2
9B9BDD 9B9BDD
D443EB D443EB
539A92 539A92
994F93 994F93
FD1783 FD1783
CB09C0 CB09C0
94D700 94D700
EF4D57 EF4D57
800641 800641
724A76 724A76
84EBFF 84EBFF
D7CAF9 D7CAF9
48C2D5 48C2D5
D04F40 D04F40
E954F7 E954F7
29B2A4 29B2A4
6D778A 6D778A
7E18E9 7E18E9
AFF8D1 AFF8D1
3B1041 3B1041
8D0852 8D0852
9B0EC2 9B0EC2
1276AF 1276AF
A5CCB5 A5CCB5
4FBDE1 4FBDE1
B7B073 B7B073
E09D29 E09D29
D01E6B D01E6B
2C101C 2C101C
467AB7 467AB7
500783 500783
19FFAB 19FFAB
FF8D45 FF8D45
0FB66D 0FB66D
