3 6 10 7 48 8 97 27 78 52 35 57 80 53 69 63 83 58 83 67 3 60 20 42 82 41 18 68 2 40 2 36 95 87 48 100 65 98 35 94 54 76 97 90 38 70 11 66 55 85 93 88 93 85 55 43 5 50 4 75 64 46 80 73 80 29 80 19 4 22 81 15 84 45 84 31 86 24 91 33 69 96 69 14 35 23 3
48
78 1 9 12 17
3
5 32
6 6
7 7
8 8
10 21
14 14
15 15
97 56
19 19
22 22
23 23
24 24
88 25
27 27
29 29
31 31
33 33
36 36
40 40
41 41
42 42
43 43
45 45
46 46
48 49
50 50
52 52
53 53
57 57
58 58
60 60
63 63
64 71
66 66
67 67
68 68
70 70
73 73
75 75
76 76
87 87
90 90
94 94
96 96
98 98
100 100
