state peacock begot mortgagor wrack McDonald Cinderella McDonald scriptwriter McDonald border McDonald driveway peacock Calkins voltmeter motet Jennifer Zellerbach catnip dumpling voltmeter jackass voltmeter value catnip whirligig catnip octane catnip rocky catnip Evans mortgagor infuse peacock anatomy peacock Waterbury voltmeter lonesome carouse Adler limbic Darwin actinic cocaine mortgagor knurl purple hyphen catnip gun catnip omicron McDonald Arden peacock complacent kitty pairwise maidservant supremum servile rent mortgagor registrant kitty cache servile bald McDonald uptown voltmeter hypothetic carouse ash McDonald fireplace McDonald Eva catnip backgammon Jennifer shrugging versatec charcoal McDonald hallelujah voltmeter Yaounde peacock athletic purple curbside McDonald cohere McDonald foursome peacock regal peacock flexural catnip trivium catnip opossum catnip Lizzie catnip monk purple compunction purple Whelan purple Della purple circumstantial McDonald firebug Jennifer retardation impure harrow servile debenture catnip Ridgway catnip hungry catnip fleawort catnip presto catnip bibliophile voltmeter exhortation voltmeter state
71
state
peacock controversial knick watery eidetic scaup serge joke texture bloc stingy Albert his sanatoria sepulchral lobby stereography Protista heifer grade gavotte whatsoever dame Augean turnout Steiner clasp Edmonds eggplant Adamson freehold huge
begot begot
wrack wrack
Cinderella Cinderella
scriptwriter scriptwriter
border border
driveway driveway
Calkins Calkins
motet motet
Zellerbach Zellerbach
dumpling dumpling
jackass jackass
value value
whirligig whirligig
octane octane
rocky rocky
Evans Evans
infuse infuse
anatomy anatomy
Waterbury Waterbury
lonesome lonesome
Adler Adler
Darwin Darwin
cocaine cocaine
knurl knurl
hyphen hyphen
gun gun
omicron omicron
Arden Arden
complacent complacent
pairwise pairwise
supremum supremum
rent rent
registrant registrant
cache cache
bald bald
uptown uptown
hypothetic hypothetic
ash ash
fireplace fireplace
Eva Eva
backgammon backgammon
shrugging shrugging
charcoal charcoal
hallelujah hallelujah
Yaounde Yaounde
athletic athletic
curbside curbside
cohere cohere
foursome foursome
regal regal
flexural flexural
trivium trivium
opossum opossum
Lizzie Lizzie
monk monk
compunction compunction
Whelan Whelan
Della Della
circumstantial circumstantial
firebug firebug
retardation retardation
harrow harrow
debenture debenture
Ridgway Ridgway
hungry hungry
fleawort fleawort
presto presto
bibliophile bibliophile
exhortation exhortation
