hdpxs osxbc cihba wnelr amfiz rchbw frhgc lmwpk cqsby ahnds xnpwq tfcam wdquv qckjp uklga zqjxb jhlus ymcfp lnjxt yazqf dbjxw glrpy yqtob qhvsb vobqh drojn xlrzc kscoz jcwpu pihld mujil kzwah qpbmc wkbuf kjihy syoxv mhekz gufvs tkwle bkfuc armnk btwzv bdevm ebwcp rjuxc ktzce uiogl dkjro ohzfn iyuas egclu bwknx wotiq vgwoi sxdiu hwmzn nqtru rlumh mlibf tmwdy pytwh gstwp pytwh ehqyk yqfdk zcjqx ypdnb fjdqi oxuqn rzvtg ayrgb tjake mhuad cxdes oewcd osvgp rdoqk stflc syoxf gdnim lpudv evsbm yvbse pgqva maqho qbdwz wajol xcvow aedvq cxajk joztf evtgj qhibx rjdai mtcsd oaeyh tndwl zntkr wcjeg gdovn utdhx qsmkj vcwfj htkwy bsvth oxitr hdpxs
101
oaeyh oaeyh
gufvs gufvs
rlumh rlumh
gdovn gdovn
oewcd oewcd
wkbuf wkbuf
yqtob yqtob
qsmkj qsmkj
cqsby cqsby
mujil mujil
wajol wajol
nqtru nqtru
mhekz mhekz
lmwpk lmwpk
uiogl uiogl
vobqh vobqh
zqjxb zqjxb
mhuad mhuad
qbdwz qbdwz
oxitr oxitr
qckjp qckjp
xlrzc xlrzc
hwmzn hwmzn
pihld pihld
xnpwq xnpwq
bdevm bdevm
wotiq wotiq
ypdnb ypdnb
tjake tjake
stflc stflc
pgqva pgqva
ebwcp ebwcp
yqfdk yqfdk
ymcfp ymcfp
yazqf yazqf
vgwoi vgwoi
bwknx bwknx
xcvow xcvow
amfiz amfiz
dbjxw dbjxw
dkjro dkjro
frhgc frhgc
jcwpu jcwpu
gdnim gdnim
evtgj evtgj
syoxv syoxv
cxdes cxdes
sxdiu sxdiu
mlibf mlibf
wcjeg wcjeg
cihba cihba
lpudv lpudv
ahnds ahnds
ehqyk ehqyk
jhlus jhlus
qpbmc qpbmc
iyuas iyuas
qhvsb qhvsb
tkwle tkwle
rzvtg rzvtg
yvbse yvbse
drojn drojn
oxuqn oxuqn
wnelr wnelr
rchbw rchbw
uklga uklga
hdpxs
maqho maqho
joztf joztf
vcwfj vcwfj
osvgp osvgp
tmwdy tmwdy
utdhx utdhx
lnjxt lnjxt
wdquv wdquv
gstwp gstwp
aedvq aedvq
bsvth bsvth
ayrgb ayrgb
zcjqx zcjqx
armnk armnk
kzwah kzwah
btwzv btwzv
pytwh pytwh
qhibx qhibx
ktzce ktzce
kscoz kscoz
tndwl tndwl
ohzfn ohzfn
kjihy kjihy
rjuxc rjuxc
htkwy htkwy
rjdai rjdai
osxbc osxbc
fjdqi fjdqi
evsbm evsbm
cxajk cxajk
bkfuc bkfuc
mtcsd mtcsd
syoxf syoxf
zntkr zntkr
