Hayward Shreveport Hartford NorthLasVegas SterlingHeights Springfield Harlingen Springfield Spartanburg LakeCharles Boulder Hemet PuntaGorda Hemet Mobile SanBernardino Pueblo SanBernardino PembrokePines VeroBeach PembrokePines LasVegas Stamford Marysville Layton Marysville Boise Eugene Anaheim Columbus SantaClara Aberdeen SimiValley NewportNews Cincinnati Independence RoundLakeBeach Lorain Scottsdale Omaha Champaign Charlotte Lubbock Melbourne Torrance Brighton Oxnard SanBuenaventura Norwich Utica Anchorage Fresno SouthBend Bakersfield SouthBend Youngstown Barnstable Birmingham Bryan HavredeGrace JohnsonCity SanAntonio ElPaso SaintPaul GrandRapids Vancouver Henderson NewYorkCity Henderson Topeka Downey Olympia PortSaintLucie ThousandOaks Huntsville Kissimmee Marina Frederick Marina Hialeah Albuquerque Burlington Worcester Kalamazoo NewYork Monroe Escondido Mesquite Escondido Sacramento StLouis Norwalk SouthLyon NewBedford Orem Bethlehem Orem Nashua Tyler Arvada Scranton Sarasota HuntingtonBeach Sarasota Ogden Reno York Tucson Deltona Salem Hampton Newark Hampton Gastonia Laredo GreenBay Lafayette Waterbury Newburgh Carrollton SiouxFalls RichmondCounty PortArthur Lacey Savannah StPaul CathedralCity StPaul CorpusChristi PalmBay Hagerstown Plano Greenville Modesto Elkhart McAllen ElMonte Merced Detroit Duluth Fullerton Flint Trenton Louisville Bloomington CapeCoral Seaside Shreveport Hayward
97
PuntaGorda PuntaGorda
Tyler Tyler
Cincinnati Cincinnati
ThousandOaks ThousandOaks
Norwich SanBuenaventura Norwich
PalmBay PalmBay
Tucson Tucson
Utica Utica
Pueblo Pueblo
Albuquerque Albuquerque
Laredo Laredo
NewportNews NewportNews
Barnstable Barnstable
JohnsonCity JohnsonCity
Greenville Greenville OverlandPark
Eugene Eugene
VeroBeach Racine SantaClara
Nashua Nashua
RoundLakeBeach RoundLakeBeach
Harlingen Harlingen
Newburgh Newburgh
HavredeGrace HavredeGrace
Charlotte Charlotte
Omaha Omaha
Topeka Topeka
CapeCoral CapeCoral
Deltona Deltona
Anchorage Anchorage
Marina Marina
Salem Salem
LasVegas LasVegas
Downey Downey
Hagerstown Hagerstown
Birmingham Birmingham
Mesquite Mesquite
Flint Flint
McAllen McAllen
Lubbock Lubbock
CorpusChristi CorpusChristi
Layton Marysville Layton
Fullerton Fullerton
Bethlehem Bethlehem
NorthLasVegas NorthLasVegas
StLouis StLouis
GrandRapids GrandRapids
Frederick Frederick
Boise Boise
Arvada Arvada
Oxnard Oxnard
Hemet Hemet
Scranton Scranton
Fresno Fresno
Waterbury Waterbury
LakeCharles LakeCharles
Stamford Stamford
Olympia Olympia
RichmondCounty RichmondCounty
Duluth Duluth
Modesto Modesto
Henderson Henderson
HuntingtonBeach HuntingtonBeach
Huntsville Huntsville
Lacey Lacey
Burlington Burlington
Columbus Columbus
Savannah Savannah
Vancouver Vancouver
Detroit Detroit
Hialeah Hialeah
CathedralCity CathedralCity
NewYorkCity NewYorkCity
GreenBay GreenBay
Bakersfield Bakersfield
Monroe Monroe
Louisville Louisville
ElPaso ElPaso
Kissimmee Kissimmee
Newark Newark
Torrance Torrance
Hartford Hartford
Plano Plano
Bloomington Bloomington
Kalamazoo Kalamazoo
NewBedford NewBedford
SiouxFalls SiouxFalls
Elkhart Elkhart
Champaign Champaign
Anaheim Anaheim
SaintPaul SaintPaul
York York
Spartanburg Spartanburg
Scottsdale Scottsdale
Aberdeen Aberdeen
Mobile Mobile
Melbourne Melbourne
Ogden Ogden
Hayward
