FleaBottom Bobbingbourne Urubaen Trebon Dagobah Westopolis Arkham MinistryofMagic Accrington Carvahall TheVale Lorien Glimthain UtgardMountain Toperhagen Vintas HighGarden Batcave TheBoilingRock Ademre SatishVille Ebonfall GringottsBank TheAturanEmpire TheSpine ShriekingShack IronIslands Yll TheBurningPlains Olivanders RockofKuthian FleaBottom
24
Olivanders Olivanders
Vintas Vintas
Yll Yll
TheBoilingRock TheBoilingRock
TheBurningPlains TheGreatDivide TheBurningPlains
Batcave Batcave
SatishVille SatishVille Eggmanland
TheVale TheVale
Trebon Trebon
TheSpine Coalwatch
ShriekingShack ShriekingShack
UtgardMountain UtgardMountain
Glimthain Glimthain
Bobbingbourne Bobbingbourne
Accrington Accrington
FleaBottom
MinistryofMagic MinistryofMagic
HighGarden HighGarden
Westopolis Westopolis
Ademre Ademre
Urubaen Urubaen
Arkham Arkham
Ebonfall Ebonfall
GringottsBank GringottsBank
