140 135 108 28 123 176 55 2 148 77 18 124 47 16 107 50 107 102 13 122 51 122 115 130 79 11 5 45 127 25 104 182 36 162 103 4 160 158 95 149 128 149 179 7 175 84 57 83 184 85 14 112 22 180 41 101 139 19 21 19 53 169 6 154 24 151 29 168 69 100 40 80 133 185 133 114 62 59 134 42 134 34 61 177 32 177 61 9 167 62 117 49 1 196 10 188 178 145 44 174 65 23 125 76 12 166 8 150 27 150 56 159 195 94 146 190 93 39 93 173 93 97 197 120 35 89 82 73 147 123 153 140
96
1 196
2 186
4 4
5 5
6 6
7 7
8 8
9 9
10 10
11 11
12 193 12
13 13
14 14
77 77
18 96 18
19 19
21 21
22 22
25 25 132
27 27
29 29
32 32
35 35
36 36
39 39
40 40
41 41
42 42
44 44
45 45
47 47
49 49
50 50
51 51
53 53
55 55
56 56
57 57
59 59
61 61
62 62
65 65
69 168
73 73
76 76
79 79
80 80
82 82
83 83 142
84 84
85 85
89 89
93 93
94 94
95 95
97 97
101 101
102 102
103 103
104 104
108 108
112 112
114 114
115 115
117 117
123 123
125 125
127 127
128 128
130 130
133 133
134 134
135 135
139 139
140
146 170 146
150 150
151 151
153 153
154 154
158 158
159 159
160 160
166 166
167 167
169 169
173 173
175 175
176 176
177 177
178 178
179 179
182 182
185 185
190 190
197 197
