a0 a97 a32 a25 a88 a60 a13 a52 a75 a89 a44 a64 a30 a33 a30 a64 a47 a59 a74 a59 a11 a81 a11 a86 a11 a10 a7 a22 a28 a9 a1 a18 a23 a94 a87 a94 a53 a51 a98 a4 a2 a77 a49 a27 a6 a57 a15 a71 a82 a38 a5 a24 a78 a8 a41 a3 a56 a3 a50 a3 a41 a83 a99 a17 a0
37
a0 a65 a21
a1 a9 a12 a48 a80 a18 a93
a2 a2 a43
a5 a79
a6 a42 a55
a7 a37 a39
a8 a8
a11 a11 a59
a15 a46
a17 a17
a23 a94 a23
a24 a73
a25 a25
a28 a28
a33 a33
a44 a44
a47 a47
a50 a50
a51 a51
a52 a52
a53 a53
a56 a56
a60 a60
a71 a71
a74 a74
a75 a75
a77 a77
a78 a78
a81 a81
a82 a82
a83 a90 a83
a86 a86
a87 a87
a88 a88
a97 a97
a98 a98
a99 a99
