Gastre Bovec Kyrenia Triesen Destrnik Cumming Polevskoy Coatzacoalcos Chepes Sambava Allahabad Visby Dongola Punakha Absecon Aasiaat Forteau Hope Tukchi Scottsdale Juliaca Cocieri Kalgoorlie Winters Taungoo Polatsk Gwadar Charlestown Derby Sholapur Kindu Bell Coronel Luganville Daloa Branson Channahon Clay Malolos Neryungri Bungoma Narva Maidenhead Bosilovo Baicheng Woodinville Scranton Caen Benha Pingtung Leo Gastre
51
Allahabad Allahabad
Benha Benha
Cumming Cumming
Maidenhead Maidenhead
Kalgoorlie Kalgoorlie
Malolos Malolos
Bovec Bovec
Woodinville Woodinville
Tukchi Tukchi
Polevskoy Polevskoy
Scranton Scranton
Destrnik Destrnik
Charlestown Charlestown
Baicheng Baicheng
Clay Clay
Luganville Luganville
Coronel Coronel
Kindu Kindu
Chepes Chepes
Taungoo Taungoo
Channahon Channahon
Neryungri Neryungri
Narva Narva
Sambava Sambava
Winters Winters
Cocieri Cocieri
Kyrenia Kyrenia
Derby Derby
Visby Visby
Bosilovo Bosilovo
Dongola Dongola
Coatzacoalcos Coatzacoalcos
Bungoma Bungoma
Polatsk Polatsk
Aasiaat Aasiaat
Hope Hope
Branson Branson
Absecon Absecon
Gwadar Gwadar
Triesen Triesen
Juliaca Juliaca
Pingtung Pingtung
Scottsdale Scottsdale
Sholapur Sholapur
Daloa Daloa
Gastre
Bell Bell
Caen Caen
Punakha Punakha
Leo Leo
Forteau Forteau
