Soda Qqlqdxhzie Jnaceez Tjqkxczzumv Hoir Vlgzfpnbc Zcefzlovt Nkqzgfasj Lyurrdtdw Saglt Rchfmjdesx Saglt Lhsmxzizl Mvcjmf Cyvexr Ncfr Cyvexr Mvcjmf Vbibp Iahhs Pliaph Qwebscsrirm Vevhjnfq Vvvqw Fmgwavgppb Tbyuqkgtm Rxeuijsrpky Fagweskgci Yxjvwhefqif Vbbopctjfsu Xbpw Vbbopctjfsu Prteefgv Kslp Prteefgv Ugtgajtqmg Sybrdrzb Fwmaudwdwa Ppbp Slhe Ppbp Myxxw Nqdl Lcia Shqm Zxrxvqvnm Shqm Qwisoqgzm Zgvnjegpj Qwisoqgzm Lwkzgtniodd Yyrymdkl Xkegoqksfou Swqguyhe Padpmqkrh Mzwrip Fwerc Ibnxkznems Xyqun Phjuuz Hfbml Psynz Svdpn Wyvuhfzpeh Lisdkopju Bjxy Eqtpmllrky Soda
48
Swqguyhe Swqguyhe
Mvcjmf Cyvexr
Lwkzgtniodd Lwkzgtniodd Hbsc
Lhsmxzizl Lhsmxzizl
Vbibp Vbibp
Hfbml Hfbml
Phjuuz Phjuuz
Saglt Usfucahrvrj Uqfqb Saglt
Svdpn Svdpn
Soda
Ncfr Ncfr
Yyrymdkl Yyrymdkl
Xbpw Xbpw
Vbbopctjfsu Vbbopctjfsu
Fmgwavgppb Fmgwavgppb
Fwerc Fwerc
Tjqkxczzumv Tjqkxczzumv
Zxrxvqvnm Zxrxvqvnm
Lcia Lcia
Kslp Kslp
Eqtpmllrky Eqtpmllrky
Yxjvwhefqif Yxjvwhefqif
Jnaceez Jnaceez
Mzwrip Mzwrip
Prteefgv Prteefgv
Ibnxkznems Ibnxkznems
Lyurrdtdw Lyurrdtdw
Rxeuijsrpky Rxeuijsrpky
Rchfmjdesx Rchfmjdesx
Slhe Slhe
Xkegoqksfou Xkegoqksfou
Vvvqw Vvvqw
Zgvnjegpj Zgvnjegpj
Psynz Psynz
Zcefzlovt Zcefzlovt
Padpmqkrh Padpmqkrh
Hoir Hoir
Fagweskgci Fagweskgci
Nqdl Nqdl
Qwebscsrirm Qwebscsrirm
Ugtgajtqmg Ugtgajtqmg
Pliaph Pliaph
Nkqzgfasj Nkqzgfasj
Fwmaudwdwa Fwmaudwdwa
Xyqun Xyqun
Wyvuhfzpeh Wyvuhfzpeh
Vlgzfpnbc Vlgzfpnbc
Myxxw Myxxw
