FD BG AU AF GO HB HD AW DE AG BO DP GK EE HH CM BT CM CG CK BV AC FU AC GH CA FG DU DM DZ BC GQ CL GA AZ BN BE EJ DC FP EL ET GJ BQ EW HF GC FA FM CW GF CI HP FR GZ CT FB GR ED DH ED EO FX HR AK BZ AD DK EY FT BM AJ DB DQ CE AX FS FQ EX FN HM FY EZ FJ HC DV BF EG DA ER DN CF EN BA GN CC CB CO EK AM BK GS GX CS GD ES FI EM HO AV EQ AT DF GP DI CU FD
99
AD AD
AF AF
AG AG
AJ AJ
AK AK
AM AM
AT AT
AU AU
AV AV
AW AW
AX AX
AZ AZ
BA BA
BC BC
BE BE
BF BF
BG BG
BK BK
BM BM
BN BN
BO BO
BQ BQ
BT BT
BV BV
BZ BZ
CA CA
CB CB
CC CC
CF CF
CG CG
CI CI
CK CK
CL CL
CO CO
CS CS
CT CT
CU CU
CW CW
DA DA
DB DB
DC DC
DE DE
DF DF
DH DH
DI DI
DK DK
DM DM
DN DN
DP DP
DQ DQ
DU DU
DZ DZ
EE EE
EG EG
EJ EJ
EK FO EK
EL EL
EM EM
EN EN FV
EO EO
ER ER
ES ES
ET ET
EW EW
EX EX
EY EY
EZ EZ
FD
FI FI
FJ FJ
FM FM
FN FN
FP FP
FR FR
FS FS
FT FT
FU FU
FY FY
GA GA
GC GC
GD GD
GF GF
GK GK
GN GN
GO GO
GP GP
GQ GQ
GR GR
GS GS
GX GX
GZ GZ
HB HB
HC HC
HD HD
HF HF
HH HH
HO HO
HP HP
HR HR
