SantaClarita Carrollton GardenGrove Victorville Shreveport Huntsville Thornton Midland FortWorth NewportNews Thornton Yonkers Memphis Modesto Independence SiouxFalls Scottsdale HuntingtonBeach Irvine Bellevue Alexandria Worcester Richmond Alexandria Newark Milwaukee OklahomaCity Brownsville Madison RanchoCucamonga Washington WestValleyCity Surprise Sunnyvale Visalia Portland Henderson FortWayne Torrance Hartford LongBeach LouisvilleJefferson Hartford Boston Ontario Omaha Wichita Peoria Allentown Pomona Stockton Indianapolis Austin PembrokePines Frisco LexingtonFa SanDiego Waco SanDiego Chandler Akron Berkeley Stamford FortCollins Reno Concord Lubbock Carrollton SantaClarita
47
Milwaukee Lafayette
Richmond Garland
Yonkers Yonkers
Ontario Ontario
Midland Midland
Sunnyvale Sunnyvale
Boston Boston
Allentown Allentown
Stamford Stamford
HuntingtonBeach Scottsdale Fayetteville
Bellevue Bellevue
OklahomaCity OklahomaCity StPetersburg LosAngeles
Indianapolis Indianapolis
Victorville Victorville
LexingtonFa LexingtonFa
Waco Waco
Visalia Visalia
NewportNews NewportNews Beaumont
PembrokePines PembrokePines
Omaha Omaha
Chandler Paterson
SiouxFalls SiouxFalls
Worcester Worcester
SanDiego StLouis
Stockton Stockton
WestValleyCity WestValleyCity
Austin Austin
Pomona Pomona
Henderson Henderson
LongBeach LongBeach
SantaClarita
Concord Concord
Huntsville Huntsville
Shreveport Shreveport
GardenGrove GardenGrove
Madison Orlando
Newark Newark
Surprise Surprise
Carrollton Carrollton
LouisvilleJefferson LouisvilleJefferson
Brownsville Brownsville
Hartford Hartford
Alexandria Alexandria
Wichita Wichita
Independence Independence
Washington Washington
RanchoCucamonga RanchoCucamonga
