Jingzhou Ghugus Manduria Ghugus Veenendaal Ouarzazat Ketrzyn SanJosedeOcoa Tottori Thamaga Carouge Kheri LondonderryCountyBor Radnor RioFormoso AzZuwaytinah Ronse Frosinone JabalosSaraj Sanaa Sarzedo Jeypore Entroncamento Srinagar Malnate CoonRapids Sagalo BurgbeiMagdeburg Kabarnet Tabatinga Gangtok BeneBeraq Ibri Colachel FortLauderdale Depok Bejucal TanahMerah Shizunaifurukawacho Shumen elCampello NiagaraFalls Chittaranjan SmederevskaPalanka Kirovsk Sapele Ermelo Geilenkirchen Shively Rangae SaintMichael Rembangan Crespo Khabarovsk Chegem Lysva Jingzhou
50
Jingzhou
Sagalo Sagalo
Ghugus Ghugus
Sarzedo Sarzedo
Khabarovsk Khabarovsk
JabalosSaraj JabalosSaraj
SanJosedeOcoa SanJosedeOcoa
elCampello elCampello
Chegem Chegem
Manduria Manduria
Tottori Tottori
Sanaa Sanaa
SaintMichael SaintMichael
RioFormoso RioFormoso
Ketrzyn Ketrzyn
Crespo Crespo
AzZuwaytinah AzZuwaytinah
Kirovsk Kirovsk
Ermelo Ermelo
Thamaga Thamaga
Srinagar Srinagar
Shively Shively
Rembangan Rembangan
Ronse Ronse
LondonderryCountyBor LondonderryCountyBor
Radnor Radnor
Ouarzazat Ouarzazat
CoonRapids CoonRapids
Lysva Lysva
Entroncamento Entroncamento
Colachel Colachel
Rangae Rangae
Tabatinga Tabatinga
BeneBeraq BeneBeraq
Ibri Ibri
Gangtok Gangtok
Carouge Carmichael Carouge
Shumen Shumen
Chittaranjan Chittaranjan
Jeypore Jeypore
Malnate Malnate
BurgbeiMagdeburg BurgbeiMagdeburg
Kabarnet Kabarnet
FortLauderdale FortLauderdale
Shizunaifurukawacho Shizunaifurukawacho
Veenendaal Veenendaal
Depok Depok
TanahMerah TanahMerah
Bejucal Bejucal
Kheri Kheri
