6 195 193 195 194 195 188 186 188 187 188 181 180 181 179 181 174 172 174 167 165 167 166 167 160 153 151 153 152 153 146 144 146 145 146 139 137 139 138 139 132 131 132 130 132 125 124 125 123 125 118 116 118 111 104 103 104 97 96 97 95 97 90 89 90 88 90 83 76 69 62 55 48 41 34 27 20 19 20 13 11 13 12 13 6 4 1 4 6
43
1 1
6 2 6
11 11
12 10 12
27 25 18 27 22
19 17 19
34 32 30 31
41 41 38 39
48 43 44 47
55 50 51 53
62 60 61 62
69 64 65 69
76 74 75 76
83 80 83 77
88 88
89 90 87
95 91
96 96 94
103 100 101 103
111 105 106 115 110
116 112 116
123 120
124 122 124
130 126
131 128 129
137 133 134
138 136
144 140
145 145 142
151 148
152 149 150
160 160 154 155
165 161 165
166 166
172 169 172
174 174
179 179
180 177
181 181
186 186 182
187 184
193 189 190
194 194
