9iIwk 5R5Xa 9iIwk jASvw 0GdkR jASvw 9iIwk h2rea 0mah3 1eRkH 0mah3 rrNj1 Esl6u fS0W8 k64Ok ZgtaX veOJ7 ZgtaX TI54i k6V9L vrNke 5ioW1 XZKtP 5ioW1 YH6mk nctzP YH6mk Y7IDR YH6mk AgYPL WJNpN 5VT1H 1pxZM 1uRw3 7G74f 1uRw3 y89SK Ri2t4 jAwQw aHGHb RhUVQ QVYVG LZomt Ew56P jYfXn MA43U ZzWHp iEXNY Mj2eQ 1xmtC qkJ6b Nceu2 jT5CK 6EWVx 9iIwk
31
XZKtP 5ioW1 bXinH Be0ab XZKtP dw7aX
Ew56P SgDk6
Mj2eQ Mj2eQ ZzWHp
7G74f 7G74f
TI54i pXCjI
iEXNY iEXNY
ZgtaX JgjFI Vake4 ZgtaX
1xmtC XYzcU 1xmtC
LZomt LZomt
Nceu2 qkJ6b
y89SK Ri2t4 y89SK
jYfXn jYfXn
Y7IDR 4a0W8 Y7IDR
jT5CK 5BDPJ jT5CK
jASvw jASvw
fS0W8 BnAjj fS0W8 p9vQm
5R5Xa 5R5Xa
9iIwk 9iIwk
veOJ7 veOJ7 iCgvV
nctzP YH6mk
1uRw3 1uRw3
h2rea h2rea
RhUVQ RhUVQ
0GdkR oqPYQ 0GdkR
1pxZM 1pxZM
jAwQw jAwQw vE0Pj
AgYPL tnjfN AgYPL
0mah3 ChXAd
aHGHb WGJpQ kmzhT aHGHb
1eRkH 1eRkH
5VT1H 5VT1H
