Abbey Jordin Avni Eden Harley Ayanna Alexia Beatrice Jamiya Carlee Lana Karma Helen Kiera Dana Yoselin Tara Ruth Presley Shannon Mira Mckinley Lillie Kayley Matilda Haven Kristina Lisa Riley Vivian Tanya Kimberly Rayna Rebecca Marisol Maeve Sophia Liberty Nora Lilia Isabella Abbey
41
Abbey
Isabella Isabella
Alexia Alexia
Avni Avni
Ayanna Ayanna
Beatrice Beatrice
Carlee Carlee
Dana Dana
Eden Eden
Harley Harley
Haven Haven
Helen Helen
Jamiya Jamiya
Jordin Jordin
Karma Karma
Kayley Kayley
Kiera Kiera
Kimberly Kimberly
Kristina Kristina
Lana Lana
Liberty Liberty
Lilia Lilia
Lillie Lillie
Lisa Lisa
Maeve Maeve
Marisol Marisol
Matilda Matilda
Mckinley Mckinley
Mira Mira
Nora Nora
Presley Presley
Rayna Rayna
Rebecca Rebecca
Riley Riley
Ruth Ruth
Shannon Shannon
Sophia Sophia
Tanya Tanya
Tara Tara
Vivian Vivian
Yoselin Yoselin
